[0.048s] DEBUG:colcon:Command line arguments: ['/usr/bin/colcon', 'build', '--symlink-install', '--event-handlers', 'console_direct+']
[0.048s] DEBUG:colcon:Parsed command line arguments: Namespace(log_base=None, log_level=None, verb_name='build', build_base='build', install_base='install', merge_install=False, symlink_install=True, test_result_base=None, continue_on_error=False, executor='parallel', parallel_workers=10, event_handlers=['console_direct+'], ignore_user_meta=False, metas=['./colcon.meta'], base_paths=['.'], packages_ignore=None, packages_ignore_regex=None, paths=None, packages_up_to=None, packages_up_to_regex=None, packages_above=None, packages_above_and_dependencies=None, packages_above_depth=None, packages_select_by_dep=None, packages_skip_by_dep=None, packages_skip_up_to=None, packages_select_build_failed=False, packages_skip_build_finished=False, packages_select_test_failures=False, packages_skip_test_passed=False, packages_select=None, packages_skip=None, packages_select_regex=None, packages_skip_regex=None, packages_start=None, packages_end=None, allow_overriding=[], cmake_args=None, cmake_target=None, cmake_target_skip_unavailable=False, cmake_clean_cache=False, cmake_clean_first=False, cmake_force_configure=False, ament_cmake_args=None, catkin_cmake_args=None, catkin_skip_building_tests=False, verb_parser=<colcon_defaults.argument_parser.defaults.DefaultArgumentsDecorator object at 0xffff98511660>, verb_extension=<colcon_core.verb.build.BuildVerb object at 0xffff98511060>, main=<bound method BuildVerb.main of <colcon_core.verb.build.BuildVerb object at 0xffff98511060>>)
[0.111s] Level 1:colcon.colcon_core.package_discovery:discover_packages(colcon_meta) check parameters
[0.111s] Level 1:colcon.colcon_core.package_discovery:discover_packages(recursive) check parameters
[0.111s] Level 1:colcon.colcon_core.package_discovery:discover_packages(ignore) check parameters
[0.111s] Level 1:colcon.colcon_core.package_discovery:discover_packages(path) check parameters
[0.111s] Level 1:colcon.colcon_core.package_discovery:discover_packages(colcon_meta) discover
[0.111s] Level 1:colcon.colcon_core.package_discovery:discover_packages(recursive) discover
[0.111s] INFO:colcon.colcon_core.package_discovery:Crawling recursively for packages in '/root/workspace/vehicle_control_ws'
[0.111s] Level 1:colcon.colcon_core.package_identification:_identify(.) by extensions ['ignore', 'ignore_ament_install']
[0.111s] Level 1:colcon.colcon_core.package_identification:_identify(.) by extension 'ignore'
[0.111s] Level 1:colcon.colcon_core.package_identification:_identify(.) by extension 'ignore_ament_install'
[0.111s] Level 1:colcon.colcon_core.package_identification:_identify(.) by extensions ['colcon_pkg']
[0.111s] Level 1:colcon.colcon_core.package_identification:_identify(.) by extension 'colcon_pkg'
[0.111s] Level 1:colcon.colcon_core.package_identification:_identify(.) by extensions ['colcon_meta']
[0.111s] Level 1:colcon.colcon_core.package_identification:_identify(.) by extension 'colcon_meta'
[0.111s] Level 1:colcon.colcon_core.package_identification:_identify(.) by extensions ['ros']
[0.111s] Level 1:colcon.colcon_core.package_identification:_identify(.) by extension 'ros'
[0.116s] Level 1:colcon.colcon_core.package_identification:_identify(.) by extensions ['cmake', 'python']
[0.116s] Level 1:colcon.colcon_core.package_identification:_identify(.) by extension 'cmake'
[0.116s] Level 1:colcon.colcon_core.package_identification:_identify(.) by extension 'python'
[0.116s] Level 1:colcon.colcon_core.package_identification:_identify(.) by extensions ['python_setup_py']
[0.116s] Level 1:colcon.colcon_core.package_identification:_identify(.) by extension 'python_setup_py'
[0.117s] Level 1:colcon.colcon_core.package_identification:_identify(build) by extensions ['ignore', 'ignore_ament_install']
[0.117s] Level 1:colcon.colcon_core.package_identification:_identify(build) by extension 'ignore'
[0.117s] Level 1:colcon.colcon_core.package_identification:_identify(build) ignored
[0.117s] Level 1:colcon.colcon_core.package_identification:_identify(install) by extensions ['ignore', 'ignore_ament_install']
[0.117s] Level 1:colcon.colcon_core.package_identification:_identify(install) by extension 'ignore'
[0.117s] Level 1:colcon.colcon_core.package_identification:_identify(install) ignored
[0.117s] Level 1:colcon.colcon_core.package_identification:_identify(log) by extensions ['ignore', 'ignore_ament_install']
[0.117s] Level 1:colcon.colcon_core.package_identification:_identify(log) by extension 'ignore'
[0.117s] Level 1:colcon.colcon_core.package_identification:_identify(log) ignored
[0.117s] Level 1:colcon.colcon_core.package_identification:_identify(src) by extensions ['ignore', 'ignore_ament_install']
[0.117s] Level 1:colcon.colcon_core.package_identification:_identify(src) by extension 'ignore'
[0.117s] Level 1:colcon.colcon_core.package_identification:_identify(src) by extension 'ignore_ament_install'
[0.117s] Level 1:colcon.colcon_core.package_identification:_identify(src) by extensions ['colcon_pkg']
[0.117s] Level 1:colcon.colcon_core.package_identification:_identify(src) by extension 'colcon_pkg'
[0.117s] Level 1:colcon.colcon_core.package_identification:_identify(src) by extensions ['colcon_meta']
[0.117s] Level 1:colcon.colcon_core.package_identification:_identify(src) by extension 'colcon_meta'
[0.117s] Level 1:colcon.colcon_core.package_identification:_identify(src) by extensions ['ros']
[0.117s] Level 1:colcon.colcon_core.package_identification:_identify(src) by extension 'ros'
[0.117s] Level 1:colcon.colcon_core.package_identification:_identify(src) by extensions ['cmake', 'python']
[0.117s] Level 1:colcon.colcon_core.package_identification:_identify(src) by extension 'cmake'
[0.117s] Level 1:colcon.colcon_core.package_identification:_identify(src) by extension 'python'
[0.117s] Level 1:colcon.colcon_core.package_identification:_identify(src) by extensions ['python_setup_py']
[0.117s] Level 1:colcon.colcon_core.package_identification:_identify(src) by extension 'python_setup_py'
[0.117s] Level 1:colcon.colcon_core.package_identification:_identify(src/jw_interface_awiv_adapter) by extensions ['ignore', 'ignore_ament_install']
[0.117s] Level 1:colcon.colcon_core.package_identification:_identify(src/jw_interface_awiv_adapter) by extension 'ignore'
[0.117s] Level 1:colcon.colcon_core.package_identification:_identify(src/jw_interface_awiv_adapter) by extension 'ignore_ament_install'
[0.117s] Level 1:colcon.colcon_core.package_identification:_identify(src/jw_interface_awiv_adapter) by extensions ['colcon_pkg']
[0.117s] Level 1:colcon.colcon_core.package_identification:_identify(src/jw_interface_awiv_adapter) by extension 'colcon_pkg'
[0.117s] Level 1:colcon.colcon_core.package_identification:_identify(src/jw_interface_awiv_adapter) by extensions ['colcon_meta']
[0.117s] Level 1:colcon.colcon_core.package_identification:_identify(src/jw_interface_awiv_adapter) by extension 'colcon_meta'
[0.117s] Level 1:colcon.colcon_core.package_identification:_identify(src/jw_interface_awiv_adapter) by extensions ['ros']
[0.117s] Level 1:colcon.colcon_core.package_identification:_identify(src/jw_interface_awiv_adapter) by extension 'ros'
[0.119s] DEBUG:colcon.colcon_core.package_identification:Package 'src/jw_interface_awiv_adapter' with type 'ros.ament_cmake' and name 'jw_interface_awiv_adapter'
[0.119s] Level 1:colcon.colcon_core.package_identification:_identify(src/jw_interface_msgs) by extensions ['ignore', 'ignore_ament_install']
[0.119s] Level 1:colcon.colcon_core.package_identification:_identify(src/jw_interface_msgs) by extension 'ignore'
[0.119s] Level 1:colcon.colcon_core.package_identification:_identify(src/jw_interface_msgs) by extension 'ignore_ament_install'
[0.119s] Level 1:colcon.colcon_core.package_identification:_identify(src/jw_interface_msgs) by extensions ['colcon_pkg']
[0.119s] Level 1:colcon.colcon_core.package_identification:_identify(src/jw_interface_msgs) by extension 'colcon_pkg'
[0.119s] Level 1:colcon.colcon_core.package_identification:_identify(src/jw_interface_msgs) by extensions ['colcon_meta']
[0.119s] Level 1:colcon.colcon_core.package_identification:_identify(src/jw_interface_msgs) by extension 'colcon_meta'
[0.119s] Level 1:colcon.colcon_core.package_identification:_identify(src/jw_interface_msgs) by extensions ['ros']
[0.119s] Level 1:colcon.colcon_core.package_identification:_identify(src/jw_interface_msgs) by extension 'ros'
[0.120s] DEBUG:colcon.colcon_core.package_identification:Package 'src/jw_interface_msgs' with type 'ros.ament_cmake' and name 'jw_interface_msgs'
[0.120s] Level 1:colcon.colcon_core.package_identification:_identify(src/jw_interface_serial) by extensions ['ignore', 'ignore_ament_install']
[0.120s] Level 1:colcon.colcon_core.package_identification:_identify(src/jw_interface_serial) by extension 'ignore'
[0.120s] Level 1:colcon.colcon_core.package_identification:_identify(src/jw_interface_serial) by extension 'ignore_ament_install'
[0.120s] Level 1:colcon.colcon_core.package_identification:_identify(src/jw_interface_serial) by extensions ['colcon_pkg']
[0.120s] Level 1:colcon.colcon_core.package_identification:_identify(src/jw_interface_serial) by extension 'colcon_pkg'
[0.120s] Level 1:colcon.colcon_core.package_identification:_identify(src/jw_interface_serial) by extensions ['colcon_meta']
[0.120s] Level 1:colcon.colcon_core.package_identification:_identify(src/jw_interface_serial) by extension 'colcon_meta'
[0.120s] Level 1:colcon.colcon_core.package_identification:_identify(src/jw_interface_serial) by extensions ['ros']
[0.120s] Level 1:colcon.colcon_core.package_identification:_identify(src/jw_interface_serial) by extension 'ros'
[0.120s] DEBUG:colcon.colcon_core.package_identification:Package 'src/jw_interface_serial' with type 'ros.ament_cmake' and name 'jw_interface_serial'
[0.120s] Level 1:colcon.colcon_core.package_identification:_identify(src/vehicle_control) by extensions ['ignore', 'ignore_ament_install']
[0.120s] Level 1:colcon.colcon_core.package_identification:_identify(src/vehicle_control) by extension 'ignore'
[0.120s] Level 1:colcon.colcon_core.package_identification:_identify(src/vehicle_control) by extension 'ignore_ament_install'
[0.120s] Level 1:colcon.colcon_core.package_identification:_identify(src/vehicle_control) by extensions ['colcon_pkg']
[0.120s] Level 1:colcon.colcon_core.package_identification:_identify(src/vehicle_control) by extension 'colcon_pkg'
[0.120s] Level 1:colcon.colcon_core.package_identification:_identify(src/vehicle_control) by extensions ['colcon_meta']
[0.120s] Level 1:colcon.colcon_core.package_identification:_identify(src/vehicle_control) by extension 'colcon_meta'
[0.120s] Level 1:colcon.colcon_core.package_identification:_identify(src/vehicle_control) by extensions ['ros']
[0.120s] Level 1:colcon.colcon_core.package_identification:_identify(src/vehicle_control) by extension 'ros'
[0.121s] DEBUG:colcon.colcon_core.package_identification:Package 'src/vehicle_control' with type 'ros.ament_python' and name 'vehicle_control'
[0.121s] Level 1:colcon.colcon_core.package_identification:_identify(src/vehicle_interface) by extensions ['ignore', 'ignore_ament_install']
[0.121s] Level 1:colcon.colcon_core.package_identification:_identify(src/vehicle_interface) by extension 'ignore'
[0.121s] Level 1:colcon.colcon_core.package_identification:_identify(src/vehicle_interface) by extension 'ignore_ament_install'
[0.121s] Level 1:colcon.colcon_core.package_identification:_identify(src/vehicle_interface) by extensions ['colcon_pkg']
[0.121s] Level 1:colcon.colcon_core.package_identification:_identify(src/vehicle_interface) by extension 'colcon_pkg'
[0.121s] Level 1:colcon.colcon_core.package_identification:_identify(src/vehicle_interface) by extensions ['colcon_meta']
[0.121s] Level 1:colcon.colcon_core.package_identification:_identify(src/vehicle_interface) by extension 'colcon_meta'
[0.121s] Level 1:colcon.colcon_core.package_identification:_identify(src/vehicle_interface) by extensions ['ros']
[0.121s] Level 1:colcon.colcon_core.package_identification:_identify(src/vehicle_interface) by extension 'ros'
[0.121s] DEBUG:colcon.colcon_core.package_identification:Package 'src/vehicle_interface' with type 'ros.ament_cmake' and name 'vehicle_interface'
[0.121s] Level 1:colcon.colcon_core.package_discovery:discover_packages(recursive) using defaults
[0.121s] Level 1:colcon.colcon_core.package_discovery:discover_packages(ignore) discover
[0.121s] Level 1:colcon.colcon_core.package_discovery:discover_packages(ignore) using defaults
[0.121s] Level 1:colcon.colcon_core.package_discovery:discover_packages(path) discover
[0.121s] Level 1:colcon.colcon_core.package_discovery:discover_packages(path) using defaults
[0.131s] Level 1:colcon.colcon_core.package_discovery:discover_packages(prefix_path) check parameters
[0.131s] Level 1:colcon.colcon_core.package_discovery:discover_packages(prefix_path) discover
[0.131s] WARNING:colcon.colcon_core.prefix_path.colcon:The path '/root/workspace/vehicle_control/install' in the environment variable COLCON_PREFIX_PATH doesn't exist
[0.132s] WARNING:colcon.colcon_ros.prefix_path.ament:The path '/root/workspace/vehicle_control/install/vehicle_control' in the environment variable AMENT_PREFIX_PATH doesn't exist
[0.132s] DEBUG:colcon.colcon_installed_package_information.package_discovery:Found 272 installed packages in /opt/ros/humble
[0.133s] Level 1:colcon.colcon_core.package_discovery:discover_packages(prefix_path) using defaults
[0.158s] Level 5:colcon.colcon_core.verb:set package 'jw_interface_msgs' build argument 'cmake_args' from command line to 'None'
[0.158s] Level 5:colcon.colcon_core.verb:set package 'jw_interface_msgs' build argument 'cmake_target' from command line to 'None'
[0.158s] Level 5:colcon.colcon_core.verb:set package 'jw_interface_msgs' build argument 'cmake_target_skip_unavailable' from command line to 'False'
[0.158s] Level 5:colcon.colcon_core.verb:set package 'jw_interface_msgs' build argument 'cmake_clean_cache' from command line to 'False'
[0.158s] Level 5:colcon.colcon_core.verb:set package 'jw_interface_msgs' build argument 'cmake_clean_first' from command line to 'False'
[0.158s] Level 5:colcon.colcon_core.verb:set package 'jw_interface_msgs' build argument 'cmake_force_configure' from command line to 'False'
[0.158s] Level 5:colcon.colcon_core.verb:set package 'jw_interface_msgs' build argument 'ament_cmake_args' from command line to 'None'
[0.158s] Level 5:colcon.colcon_core.verb:set package 'jw_interface_msgs' build argument 'catkin_cmake_args' from command line to 'None'
[0.158s] Level 5:colcon.colcon_core.verb:set package 'jw_interface_msgs' build argument 'catkin_skip_building_tests' from command line to 'False'
[0.158s] DEBUG:colcon.colcon_core.verb:Building package 'jw_interface_msgs' with the following arguments: {'ament_cmake_args': None, 'build_base': '/root/workspace/vehicle_control_ws/build/jw_interface_msgs', 'catkin_cmake_args': None, 'catkin_skip_building_tests': False, 'cmake_args': None, 'cmake_clean_cache': False, 'cmake_clean_first': False, 'cmake_force_configure': False, 'cmake_target': None, 'cmake_target_skip_unavailable': False, 'install_base': '/root/workspace/vehicle_control_ws/install/jw_interface_msgs', 'merge_install': False, 'path': '/root/workspace/vehicle_control_ws/src/jw_interface_msgs', 'symlink_install': True, 'test_result_base': None}
[0.158s] Level 5:colcon.colcon_core.verb:set package 'vehicle_interface' build argument 'cmake_args' from command line to 'None'
[0.158s] Level 5:colcon.colcon_core.verb:set package 'vehicle_interface' build argument 'cmake_target' from command line to 'None'
[0.158s] Level 5:colcon.colcon_core.verb:set package 'vehicle_interface' build argument 'cmake_target_skip_unavailable' from command line to 'False'
[0.158s] Level 5:colcon.colcon_core.verb:set package 'vehicle_interface' build argument 'cmake_clean_cache' from command line to 'False'
[0.158s] Level 5:colcon.colcon_core.verb:set package 'vehicle_interface' build argument 'cmake_clean_first' from command line to 'False'
[0.158s] Level 5:colcon.colcon_core.verb:set package 'vehicle_interface' build argument 'cmake_force_configure' from command line to 'False'
[0.158s] Level 5:colcon.colcon_core.verb:set package 'vehicle_interface' build argument 'ament_cmake_args' from command line to 'None'
[0.158s] Level 5:colcon.colcon_core.verb:set package 'vehicle_interface' build argument 'catkin_cmake_args' from command line to 'None'
[0.158s] Level 5:colcon.colcon_core.verb:set package 'vehicle_interface' build argument 'catkin_skip_building_tests' from command line to 'False'
[0.158s] DEBUG:colcon.colcon_core.verb:Building package 'vehicle_interface' with the following arguments: {'ament_cmake_args': None, 'build_base': '/root/workspace/vehicle_control_ws/build/vehicle_interface', 'catkin_cmake_args': None, 'catkin_skip_building_tests': False, 'cmake_args': None, 'cmake_clean_cache': False, 'cmake_clean_first': False, 'cmake_force_configure': False, 'cmake_target': None, 'cmake_target_skip_unavailable': False, 'install_base': '/root/workspace/vehicle_control_ws/install/vehicle_interface', 'merge_install': False, 'path': '/root/workspace/vehicle_control_ws/src/vehicle_interface', 'symlink_install': True, 'test_result_base': None}
[0.159s] Level 5:colcon.colcon_core.verb:set package 'jw_interface_awiv_adapter' build argument 'cmake_args' from command line to 'None'
[0.159s] Level 5:colcon.colcon_core.verb:set package 'jw_interface_awiv_adapter' build argument 'cmake_target' from command line to 'None'
[0.159s] Level 5:colcon.colcon_core.verb:set package 'jw_interface_awiv_adapter' build argument 'cmake_target_skip_unavailable' from command line to 'False'
[0.159s] Level 5:colcon.colcon_core.verb:set package 'jw_interface_awiv_adapter' build argument 'cmake_clean_cache' from command line to 'False'
[0.159s] Level 5:colcon.colcon_core.verb:set package 'jw_interface_awiv_adapter' build argument 'cmake_clean_first' from command line to 'False'
[0.159s] Level 5:colcon.colcon_core.verb:set package 'jw_interface_awiv_adapter' build argument 'cmake_force_configure' from command line to 'False'
[0.159s] Level 5:colcon.colcon_core.verb:set package 'jw_interface_awiv_adapter' build argument 'ament_cmake_args' from command line to 'None'
[0.159s] Level 5:colcon.colcon_core.verb:set package 'jw_interface_awiv_adapter' build argument 'catkin_cmake_args' from command line to 'None'
[0.159s] Level 5:colcon.colcon_core.verb:set package 'jw_interface_awiv_adapter' build argument 'catkin_skip_building_tests' from command line to 'False'
[0.159s] DEBUG:colcon.colcon_core.verb:Building package 'jw_interface_awiv_adapter' with the following arguments: {'ament_cmake_args': None, 'build_base': '/root/workspace/vehicle_control_ws/build/jw_interface_awiv_adapter', 'catkin_cmake_args': None, 'catkin_skip_building_tests': False, 'cmake_args': None, 'cmake_clean_cache': False, 'cmake_clean_first': False, 'cmake_force_configure': False, 'cmake_target': None, 'cmake_target_skip_unavailable': False, 'install_base': '/root/workspace/vehicle_control_ws/install/jw_interface_awiv_adapter', 'merge_install': False, 'path': '/root/workspace/vehicle_control_ws/src/jw_interface_awiv_adapter', 'symlink_install': True, 'test_result_base': None}
[0.159s] Level 5:colcon.colcon_core.verb:set package 'jw_interface_serial' build argument 'cmake_args' from command line to 'None'
[0.159s] Level 5:colcon.colcon_core.verb:set package 'jw_interface_serial' build argument 'cmake_target' from command line to 'None'
[0.159s] Level 5:colcon.colcon_core.verb:set package 'jw_interface_serial' build argument 'cmake_target_skip_unavailable' from command line to 'False'
[0.159s] Level 5:colcon.colcon_core.verb:set package 'jw_interface_serial' build argument 'cmake_clean_cache' from command line to 'False'
[0.159s] Level 5:colcon.colcon_core.verb:set package 'jw_interface_serial' build argument 'cmake_clean_first' from command line to 'False'
[0.159s] Level 5:colcon.colcon_core.verb:set package 'jw_interface_serial' build argument 'cmake_force_configure' from command line to 'False'
[0.159s] Level 5:colcon.colcon_core.verb:set package 'jw_interface_serial' build argument 'ament_cmake_args' from command line to 'None'
[0.159s] Level 5:colcon.colcon_core.verb:set package 'jw_interface_serial' build argument 'catkin_cmake_args' from command line to 'None'
[0.159s] Level 5:colcon.colcon_core.verb:set package 'jw_interface_serial' build argument 'catkin_skip_building_tests' from command line to 'False'
[0.159s] DEBUG:colcon.colcon_core.verb:Building package 'jw_interface_serial' with the following arguments: {'ament_cmake_args': None, 'build_base': '/root/workspace/vehicle_control_ws/build/jw_interface_serial', 'catkin_cmake_args': None, 'catkin_skip_building_tests': False, 'cmake_args': None, 'cmake_clean_cache': False, 'cmake_clean_first': False, 'cmake_force_configure': False, 'cmake_target': None, 'cmake_target_skip_unavailable': False, 'install_base': '/root/workspace/vehicle_control_ws/install/jw_interface_serial', 'merge_install': False, 'path': '/root/workspace/vehicle_control_ws/src/jw_interface_serial', 'symlink_install': True, 'test_result_base': None}
[0.159s] Level 5:colcon.colcon_core.verb:set package 'vehicle_control' build argument 'cmake_args' from command line to 'None'
[0.159s] Level 5:colcon.colcon_core.verb:set package 'vehicle_control' build argument 'cmake_target' from command line to 'None'
[0.159s] Level 5:colcon.colcon_core.verb:set package 'vehicle_control' build argument 'cmake_target_skip_unavailable' from command line to 'False'
[0.159s] Level 5:colcon.colcon_core.verb:set package 'vehicle_control' build argument 'cmake_clean_cache' from command line to 'False'
[0.159s] Level 5:colcon.colcon_core.verb:set package 'vehicle_control' build argument 'cmake_clean_first' from command line to 'False'
[0.159s] Level 5:colcon.colcon_core.verb:set package 'vehicle_control' build argument 'cmake_force_configure' from command line to 'False'
[0.159s] Level 5:colcon.colcon_core.verb:set package 'vehicle_control' build argument 'ament_cmake_args' from command line to 'None'
[0.159s] Level 5:colcon.colcon_core.verb:set package 'vehicle_control' build argument 'catkin_cmake_args' from command line to 'None'
[0.159s] Level 5:colcon.colcon_core.verb:set package 'vehicle_control' build argument 'catkin_skip_building_tests' from command line to 'False'
[0.159s] DEBUG:colcon.colcon_core.verb:Building package 'vehicle_control' with the following arguments: {'ament_cmake_args': None, 'build_base': '/root/workspace/vehicle_control_ws/build/vehicle_control', 'catkin_cmake_args': None, 'catkin_skip_building_tests': False, 'cmake_args': None, 'cmake_clean_cache': False, 'cmake_clean_first': False, 'cmake_force_configure': False, 'cmake_target': None, 'cmake_target_skip_unavailable': False, 'install_base': '/root/workspace/vehicle_control_ws/install/vehicle_control', 'merge_install': False, 'path': '/root/workspace/vehicle_control_ws/src/vehicle_control', 'symlink_install': True, 'test_result_base': None}
[0.159s] INFO:colcon.colcon_core.executor:Executing jobs using 'parallel' executor
[0.160s] DEBUG:colcon.colcon_parallel_executor.executor.parallel:run_until_complete
[0.160s] INFO:colcon.colcon_ros.task.ament_cmake.build:Building ROS package in '/root/workspace/vehicle_control_ws/src/jw_interface_msgs' with build type 'ament_cmake'
[0.160s] INFO:colcon.colcon_cmake.task.cmake.build:Building CMake package in '/root/workspace/vehicle_control_ws/src/jw_interface_msgs'
[0.161s] INFO:colcon.colcon_core.plugin_system:Skipping extension 'colcon_core.shell.bat': Not used on non-Windows systems
[0.161s] INFO:colcon.colcon_core.shell:Skip shell extension 'powershell' for command environment: Not usable outside of PowerShell
[0.161s] DEBUG:colcon.colcon_core.shell:Skip shell extension 'dsv' for command environment
[0.163s] INFO:colcon.colcon_ros.task.ament_cmake.build:Building ROS package in '/root/workspace/vehicle_control_ws/src/vehicle_interface' with build type 'ament_cmake'
[0.163s] INFO:colcon.colcon_cmake.task.cmake.build:Building CMake package in '/root/workspace/vehicle_control_ws/src/vehicle_interface'
[0.163s] INFO:colcon.colcon_core.shell:Skip shell extension 'powershell' for command environment: Not usable outside of PowerShell
[0.163s] DEBUG:colcon.colcon_core.shell:Skip shell extension 'dsv' for command environment
[0.166s] DEBUG:colcon.colcon_core.event_handler.log_command:Invoking command in '/root/workspace/vehicle_control_ws/build/jw_interface_msgs': CMAKE_PREFIX_PATH=/root/workspace/vehicle_control/install/vehicle_control:/opt/ros/humble /usr/bin/cmake /root/workspace/vehicle_control_ws/src/jw_interface_msgs -DAMENT_CMAKE_SYMLINK_INSTALL=1 -DCMAKE_INSTALL_PREFIX=/root/workspace/vehicle_control_ws/install/jw_interface_msgs
[0.169s] DEBUG:colcon.colcon_core.event_handler.log_command:Invoking command in '/root/workspace/vehicle_control_ws/build/vehicle_interface': CMAKE_PREFIX_PATH=/root/workspace/vehicle_control/install/vehicle_control:/opt/ros/humble /usr/bin/cmake /root/workspace/vehicle_control_ws/src/vehicle_interface -DAMENT_CMAKE_SYMLINK_INSTALL=1 -DCMAKE_INSTALL_PREFIX=/root/workspace/vehicle_control_ws/install/vehicle_interface
[0.779s] DEBUG:colcon.colcon_core.event_handler.log_command:Invoked command in '/root/workspace/vehicle_control_ws/build/vehicle_interface' returned '0': CMAKE_PREFIX_PATH=/root/workspace/vehicle_control/install/vehicle_control:/opt/ros/humble /usr/bin/cmake /root/workspace/vehicle_control_ws/src/vehicle_interface -DAMENT_CMAKE_SYMLINK_INSTALL=1 -DCMAKE_INSTALL_PREFIX=/root/workspace/vehicle_control_ws/install/vehicle_interface
[0.780s] DEBUG:colcon.colcon_core.event_handler.log_command:Invoking command in '/root/workspace/vehicle_control_ws/build/vehicle_interface': CMAKE_PREFIX_PATH=/root/workspace/vehicle_control/install/vehicle_control:/opt/ros/humble /usr/bin/cmake --build /root/workspace/vehicle_control_ws/build/vehicle_interface -- -j10 -l10
[1.092s] DEBUG:colcon.colcon_core.event_handler.log_command:Invoked command in '/root/workspace/vehicle_control_ws/build/jw_interface_msgs' returned '0': CMAKE_PREFIX_PATH=/root/workspace/vehicle_control/install/vehicle_control:/opt/ros/humble /usr/bin/cmake /root/workspace/vehicle_control_ws/src/jw_interface_msgs -DAMENT_CMAKE_SYMLINK_INSTALL=1 -DCMAKE_INSTALL_PREFIX=/root/workspace/vehicle_control_ws/install/jw_interface_msgs
[1.093s] DEBUG:colcon.colcon_core.event_handler.log_command:Invoking command in '/root/workspace/vehicle_control_ws/build/jw_interface_msgs': CMAKE_PREFIX_PATH=/root/workspace/vehicle_control/install/vehicle_control:/opt/ros/humble /usr/bin/cmake --build /root/workspace/vehicle_control_ws/build/jw_interface_msgs -- -j10 -l10
[4.185s] DEBUG:colcon.colcon_core.event_handler.log_command:Invoked command in '/root/workspace/vehicle_control_ws/build/jw_interface_msgs' returned '0': CMAKE_PREFIX_PATH=/root/workspace/vehicle_control/install/vehicle_control:/opt/ros/humble /usr/bin/cmake --build /root/workspace/vehicle_control_ws/build/jw_interface_msgs -- -j10 -l10
[4.189s] DEBUG:colcon.colcon_core.event_handler.log_command:Invoking command in '/root/workspace/vehicle_control_ws/build/jw_interface_msgs': CMAKE_PREFIX_PATH=/root/workspace/vehicle_control/install/vehicle_control:/opt/ros/humble /usr/bin/cmake --install /root/workspace/vehicle_control_ws/build/jw_interface_msgs
[5.181s] Level 1:colcon.colcon_core.environment:create_environment_scripts_only(jw_interface_msgs)
[5.181s] DEBUG:colcon.colcon_core.event_handler.log_command:Invoked command in '/root/workspace/vehicle_control_ws/build/jw_interface_msgs' returned '0': CMAKE_PREFIX_PATH=/root/workspace/vehicle_control/install/vehicle_control:/opt/ros/humble /usr/bin/cmake --install /root/workspace/vehicle_control_ws/build/jw_interface_msgs
[5.182s] Level 1:colcon.colcon_core.environment:checking '/root/workspace/vehicle_control_ws/install/jw_interface_msgs' for CMake module files
[5.183s] Level 1:colcon.colcon_core.environment:checking '/root/workspace/vehicle_control_ws/install/jw_interface_msgs' for CMake config files
[5.184s] Level 1:colcon.colcon_core.shell:create_environment_hook('jw_interface_msgs', 'cmake_prefix_path')
[5.184s] INFO:colcon.colcon_core.shell:Creating environment hook '/root/workspace/vehicle_control_ws/install/jw_interface_msgs/share/jw_interface_msgs/hook/cmake_prefix_path.ps1'
[5.185s] INFO:colcon.colcon_core.shell:Creating environment descriptor '/root/workspace/vehicle_control_ws/install/jw_interface_msgs/share/jw_interface_msgs/hook/cmake_prefix_path.dsv'
[5.185s] INFO:colcon.colcon_core.shell:Creating environment hook '/root/workspace/vehicle_control_ws/install/jw_interface_msgs/share/jw_interface_msgs/hook/cmake_prefix_path.sh'
[5.185s] Level 1:colcon.colcon_core.environment:checking '/root/workspace/vehicle_control_ws/install/jw_interface_msgs/lib'
[5.185s] Level 1:colcon.colcon_core.shell:create_environment_hook('jw_interface_msgs', 'ld_library_path_lib')
[5.185s] INFO:colcon.colcon_core.shell:Creating environment hook '/root/workspace/vehicle_control_ws/install/jw_interface_msgs/share/jw_interface_msgs/hook/ld_library_path_lib.ps1'
[5.186s] INFO:colcon.colcon_core.shell:Creating environment descriptor '/root/workspace/vehicle_control_ws/install/jw_interface_msgs/share/jw_interface_msgs/hook/ld_library_path_lib.dsv'
[5.186s] INFO:colcon.colcon_core.shell:Creating environment hook '/root/workspace/vehicle_control_ws/install/jw_interface_msgs/share/jw_interface_msgs/hook/ld_library_path_lib.sh'
[5.186s] Level 1:colcon.colcon_core.environment:checking '/root/workspace/vehicle_control_ws/install/jw_interface_msgs/bin'
[5.186s] Level 1:colcon.colcon_core.environment:checking '/root/workspace/vehicle_control_ws/install/jw_interface_msgs/lib/pkgconfig/jw_interface_msgs.pc'
[5.186s] Level 1:colcon.colcon_core.environment:checking '/root/workspace/vehicle_control_ws/install/jw_interface_msgs/lib/python3.10/site-packages'
[5.186s] Level 1:colcon.colcon_core.environment:checking '/root/workspace/vehicle_control_ws/install/jw_interface_msgs/bin'
[5.186s] INFO:colcon.colcon_core.shell:Creating package script '/root/workspace/vehicle_control_ws/install/jw_interface_msgs/share/jw_interface_msgs/package.ps1'
[5.187s] INFO:colcon.colcon_core.shell:Creating package descriptor '/root/workspace/vehicle_control_ws/install/jw_interface_msgs/share/jw_interface_msgs/package.dsv'
[5.187s] INFO:colcon.colcon_core.shell:Creating package script '/root/workspace/vehicle_control_ws/install/jw_interface_msgs/share/jw_interface_msgs/package.sh'
[5.187s] INFO:colcon.colcon_core.shell:Creating package script '/root/workspace/vehicle_control_ws/install/jw_interface_msgs/share/jw_interface_msgs/package.bash'
[5.188s] INFO:colcon.colcon_core.shell:Creating package script '/root/workspace/vehicle_control_ws/install/jw_interface_msgs/share/jw_interface_msgs/package.zsh'
[5.188s] Level 1:colcon.colcon_core.environment:create_file_with_runtime_dependencies(/root/workspace/vehicle_control_ws/install/jw_interface_msgs/share/colcon-core/packages/jw_interface_msgs)
[5.188s] Level 1:colcon.colcon_core.environment:create_environment_scripts_only(jw_interface_msgs)
[5.189s] Level 1:colcon.colcon_core.environment:checking '/root/workspace/vehicle_control_ws/install/jw_interface_msgs' for CMake module files
[5.189s] Level 1:colcon.colcon_core.environment:checking '/root/workspace/vehicle_control_ws/install/jw_interface_msgs' for CMake config files
[5.190s] Level 1:colcon.colcon_core.shell:create_environment_hook('jw_interface_msgs', 'cmake_prefix_path')
[5.190s] INFO:colcon.colcon_core.shell:Creating environment hook '/root/workspace/vehicle_control_ws/install/jw_interface_msgs/share/jw_interface_msgs/hook/cmake_prefix_path.ps1'
[5.190s] INFO:colcon.colcon_core.shell:Creating environment descriptor '/root/workspace/vehicle_control_ws/install/jw_interface_msgs/share/jw_interface_msgs/hook/cmake_prefix_path.dsv'
[5.190s] INFO:colcon.colcon_core.shell:Creating environment hook '/root/workspace/vehicle_control_ws/install/jw_interface_msgs/share/jw_interface_msgs/hook/cmake_prefix_path.sh'
[5.191s] Level 1:colcon.colcon_core.environment:checking '/root/workspace/vehicle_control_ws/install/jw_interface_msgs/lib'
[5.191s] Level 1:colcon.colcon_core.shell:create_environment_hook('jw_interface_msgs', 'ld_library_path_lib')
[5.191s] INFO:colcon.colcon_core.shell:Creating environment hook '/root/workspace/vehicle_control_ws/install/jw_interface_msgs/share/jw_interface_msgs/hook/ld_library_path_lib.ps1'
[5.191s] INFO:colcon.colcon_core.shell:Creating environment descriptor '/root/workspace/vehicle_control_ws/install/jw_interface_msgs/share/jw_interface_msgs/hook/ld_library_path_lib.dsv'
[5.191s] INFO:colcon.colcon_core.shell:Creating environment hook '/root/workspace/vehicle_control_ws/install/jw_interface_msgs/share/jw_interface_msgs/hook/ld_library_path_lib.sh'
[5.191s] Level 1:colcon.colcon_core.environment:checking '/root/workspace/vehicle_control_ws/install/jw_interface_msgs/bin'
[5.191s] Level 1:colcon.colcon_core.environment:checking '/root/workspace/vehicle_control_ws/install/jw_interface_msgs/lib/pkgconfig/jw_interface_msgs.pc'
[5.191s] Level 1:colcon.colcon_core.environment:checking '/root/workspace/vehicle_control_ws/install/jw_interface_msgs/lib/python3.10/site-packages'
[5.191s] Level 1:colcon.colcon_core.environment:checking '/root/workspace/vehicle_control_ws/install/jw_interface_msgs/bin'
[5.192s] INFO:colcon.colcon_core.shell:Creating package script '/root/workspace/vehicle_control_ws/install/jw_interface_msgs/share/jw_interface_msgs/package.ps1'
[5.192s] INFO:colcon.colcon_core.shell:Creating package descriptor '/root/workspace/vehicle_control_ws/install/jw_interface_msgs/share/jw_interface_msgs/package.dsv'
[5.192s] INFO:colcon.colcon_core.shell:Creating package script '/root/workspace/vehicle_control_ws/install/jw_interface_msgs/share/jw_interface_msgs/package.sh'
[5.192s] INFO:colcon.colcon_core.shell:Creating package script '/root/workspace/vehicle_control_ws/install/jw_interface_msgs/share/jw_interface_msgs/package.bash'
[5.192s] INFO:colcon.colcon_core.shell:Creating package script '/root/workspace/vehicle_control_ws/install/jw_interface_msgs/share/jw_interface_msgs/package.zsh'
[5.192s] Level 1:colcon.colcon_core.environment:create_file_with_runtime_dependencies(/root/workspace/vehicle_control_ws/install/jw_interface_msgs/share/colcon-core/packages/jw_interface_msgs)
[5.193s] INFO:colcon.colcon_ros.task.ament_cmake.build:Building ROS package in '/root/workspace/vehicle_control_ws/src/jw_interface_awiv_adapter' with build type 'ament_cmake'
[5.193s] INFO:colcon.colcon_cmake.task.cmake.build:Building CMake package in '/root/workspace/vehicle_control_ws/src/jw_interface_awiv_adapter'
[5.193s] INFO:colcon.colcon_core.shell:Skip shell extension 'powershell' for command environment: Not usable outside of PowerShell
[5.193s] DEBUG:colcon.colcon_core.shell:Skip shell extension 'dsv' for command environment
[5.195s] INFO:colcon.colcon_ros.task.ament_cmake.build:Building ROS package in '/root/workspace/vehicle_control_ws/src/jw_interface_serial' with build type 'ament_cmake'
[5.195s] INFO:colcon.colcon_cmake.task.cmake.build:Building CMake package in '/root/workspace/vehicle_control_ws/src/jw_interface_serial'
[5.195s] INFO:colcon.colcon_core.shell:Skip shell extension 'powershell' for command environment: Not usable outside of PowerShell
[5.195s] DEBUG:colcon.colcon_core.shell:Skip shell extension 'dsv' for command environment
[5.199s] DEBUG:colcon.colcon_core.event_handler.log_command:Invoking command in '/root/workspace/vehicle_control_ws/build/jw_interface_awiv_adapter': AMENT_PREFIX_PATH=/root/workspace/vehicle_control_ws/install/jw_interface_msgs:${AMENT_PREFIX_PATH} CMAKE_PREFIX_PATH=/root/workspace/vehicle_control_ws/install/jw_interface_msgs:/root/workspace/vehicle_control/install/vehicle_control:/opt/ros/humble LD_LIBRARY_PATH=/root/workspace/vehicle_control_ws/install/jw_interface_msgs/lib:${LD_LIBRARY_PATH} PYTHONPATH=/root/workspace/vehicle_control_ws/install/jw_interface_msgs/local/lib/python3.10/dist-packages:${PYTHONPATH} /usr/bin/cmake /root/workspace/vehicle_control_ws/src/jw_interface_awiv_adapter -DAMENT_CMAKE_SYMLINK_INSTALL=1 -DCMAKE_INSTALL_PREFIX=/root/workspace/vehicle_control_ws/install/jw_interface_awiv_adapter
[5.200s] DEBUG:colcon.colcon_core.event_handler.log_command:Invoking command in '/root/workspace/vehicle_control_ws/build/jw_interface_serial': AMENT_PREFIX_PATH=/root/workspace/vehicle_control_ws/install/jw_interface_msgs:${AMENT_PREFIX_PATH} CMAKE_PREFIX_PATH=/root/workspace/vehicle_control_ws/install/jw_interface_msgs:/root/workspace/vehicle_control/install/vehicle_control:/opt/ros/humble LD_LIBRARY_PATH=/root/workspace/vehicle_control_ws/install/jw_interface_msgs/lib:${LD_LIBRARY_PATH} PYTHONPATH=/root/workspace/vehicle_control_ws/install/jw_interface_msgs/local/lib/python3.10/dist-packages:${PYTHONPATH} /usr/bin/cmake /root/workspace/vehicle_control_ws/src/jw_interface_serial -DAMENT_CMAKE_SYMLINK_INSTALL=1 -DCMAKE_INSTALL_PREFIX=/root/workspace/vehicle_control_ws/install/jw_interface_serial
[5.263s] DEBUG:colcon.colcon_core.event_handler.log_command:Invoked command in '/root/workspace/vehicle_control_ws/build/vehicle_interface' returned '0': CMAKE_PREFIX_PATH=/root/workspace/vehicle_control/install/vehicle_control:/opt/ros/humble /usr/bin/cmake --build /root/workspace/vehicle_control_ws/build/vehicle_interface -- -j10 -l10
[5.264s] DEBUG:colcon.colcon_core.event_handler.log_command:Invoking command in '/root/workspace/vehicle_control_ws/build/vehicle_interface': CMAKE_PREFIX_PATH=/root/workspace/vehicle_control/install/vehicle_control:/opt/ros/humble /usr/bin/cmake --install /root/workspace/vehicle_control_ws/build/vehicle_interface
[5.333s] Level 1:colcon.colcon_core.environment:create_environment_scripts_only(vehicle_interface)
[5.333s] Level 1:colcon.colcon_core.environment:checking '/root/workspace/vehicle_control_ws/install/vehicle_interface' for CMake module files
[5.334s] DEBUG:colcon.colcon_core.event_handler.log_command:Invoked command in '/root/workspace/vehicle_control_ws/build/vehicle_interface' returned '0': CMAKE_PREFIX_PATH=/root/workspace/vehicle_control/install/vehicle_control:/opt/ros/humble /usr/bin/cmake --install /root/workspace/vehicle_control_ws/build/vehicle_interface
[5.334s] Level 1:colcon.colcon_core.environment:checking '/root/workspace/vehicle_control_ws/install/vehicle_interface' for CMake config files
[5.334s] Level 1:colcon.colcon_core.shell:create_environment_hook('vehicle_interface', 'cmake_prefix_path')
[5.334s] INFO:colcon.colcon_core.shell:Creating environment hook '/root/workspace/vehicle_control_ws/install/vehicle_interface/share/vehicle_interface/hook/cmake_prefix_path.ps1'
[5.335s] INFO:colcon.colcon_core.shell:Creating environment descriptor '/root/workspace/vehicle_control_ws/install/vehicle_interface/share/vehicle_interface/hook/cmake_prefix_path.dsv'
[5.335s] INFO:colcon.colcon_core.shell:Creating environment hook '/root/workspace/vehicle_control_ws/install/vehicle_interface/share/vehicle_interface/hook/cmake_prefix_path.sh'
[5.335s] Level 1:colcon.colcon_core.environment:checking '/root/workspace/vehicle_control_ws/install/vehicle_interface/lib'
[5.335s] Level 1:colcon.colcon_core.environment:checking '/root/workspace/vehicle_control_ws/install/vehicle_interface/bin'
[5.335s] Level 1:colcon.colcon_core.environment:checking '/root/workspace/vehicle_control_ws/install/vehicle_interface/lib/pkgconfig/vehicle_interface.pc'
[5.335s] Level 1:colcon.colcon_core.environment:checking '/root/workspace/vehicle_control_ws/install/vehicle_interface/lib/python3.10/site-packages'
[5.335s] Level 1:colcon.colcon_core.environment:checking '/root/workspace/vehicle_control_ws/install/vehicle_interface/bin'
[5.335s] INFO:colcon.colcon_core.shell:Creating package script '/root/workspace/vehicle_control_ws/install/vehicle_interface/share/vehicle_interface/package.ps1'
[5.336s] INFO:colcon.colcon_core.shell:Creating package descriptor '/root/workspace/vehicle_control_ws/install/vehicle_interface/share/vehicle_interface/package.dsv'
[5.336s] INFO:colcon.colcon_core.shell:Creating package script '/root/workspace/vehicle_control_ws/install/vehicle_interface/share/vehicle_interface/package.sh'
[5.336s] INFO:colcon.colcon_core.shell:Creating package script '/root/workspace/vehicle_control_ws/install/vehicle_interface/share/vehicle_interface/package.bash'
[5.336s] INFO:colcon.colcon_core.shell:Creating package script '/root/workspace/vehicle_control_ws/install/vehicle_interface/share/vehicle_interface/package.zsh'
[5.336s] Level 1:colcon.colcon_core.environment:create_file_with_runtime_dependencies(/root/workspace/vehicle_control_ws/install/vehicle_interface/share/colcon-core/packages/vehicle_interface)
[5.337s] Level 1:colcon.colcon_core.environment:create_environment_scripts_only(vehicle_interface)
[5.337s] Level 1:colcon.colcon_core.environment:checking '/root/workspace/vehicle_control_ws/install/vehicle_interface' for CMake module files
[5.337s] Level 1:colcon.colcon_core.environment:checking '/root/workspace/vehicle_control_ws/install/vehicle_interface' for CMake config files
[5.337s] Level 1:colcon.colcon_core.shell:create_environment_hook('vehicle_interface', 'cmake_prefix_path')
[5.338s] INFO:colcon.colcon_core.shell:Creating environment hook '/root/workspace/vehicle_control_ws/install/vehicle_interface/share/vehicle_interface/hook/cmake_prefix_path.ps1'
[5.338s] INFO:colcon.colcon_core.shell:Creating environment descriptor '/root/workspace/vehicle_control_ws/install/vehicle_interface/share/vehicle_interface/hook/cmake_prefix_path.dsv'
[5.338s] INFO:colcon.colcon_core.shell:Creating environment hook '/root/workspace/vehicle_control_ws/install/vehicle_interface/share/vehicle_interface/hook/cmake_prefix_path.sh'
[5.338s] Level 1:colcon.colcon_core.environment:checking '/root/workspace/vehicle_control_ws/install/vehicle_interface/lib'
[5.338s] Level 1:colcon.colcon_core.environment:checking '/root/workspace/vehicle_control_ws/install/vehicle_interface/bin'
[5.338s] Level 1:colcon.colcon_core.environment:checking '/root/workspace/vehicle_control_ws/install/vehicle_interface/lib/pkgconfig/vehicle_interface.pc'
[5.339s] Level 1:colcon.colcon_core.environment:checking '/root/workspace/vehicle_control_ws/install/vehicle_interface/lib/python3.10/site-packages'
[5.339s] Level 1:colcon.colcon_core.environment:checking '/root/workspace/vehicle_control_ws/install/vehicle_interface/bin'
[5.339s] INFO:colcon.colcon_core.shell:Creating package script '/root/workspace/vehicle_control_ws/install/vehicle_interface/share/vehicle_interface/package.ps1'
[5.339s] INFO:colcon.colcon_core.shell:Creating package descriptor '/root/workspace/vehicle_control_ws/install/vehicle_interface/share/vehicle_interface/package.dsv'
[5.339s] INFO:colcon.colcon_core.shell:Creating package script '/root/workspace/vehicle_control_ws/install/vehicle_interface/share/vehicle_interface/package.sh'
[5.339s] INFO:colcon.colcon_core.shell:Creating package script '/root/workspace/vehicle_control_ws/install/vehicle_interface/share/vehicle_interface/package.bash'
[5.340s] INFO:colcon.colcon_core.shell:Creating package script '/root/workspace/vehicle_control_ws/install/vehicle_interface/share/vehicle_interface/package.zsh'
[5.340s] Level 1:colcon.colcon_core.environment:create_file_with_runtime_dependencies(/root/workspace/vehicle_control_ws/install/vehicle_interface/share/colcon-core/packages/vehicle_interface)
[5.340s] INFO:colcon.colcon_ros.task.ament_python.build:Building ROS package in '/root/workspace/vehicle_control_ws/src/vehicle_control' with build type 'ament_python'
[5.340s] Level 1:colcon.colcon_core.shell:create_environment_hook('vehicle_control', 'ament_prefix_path')
[5.340s] INFO:colcon.colcon_core.shell:Creating environment hook '/root/workspace/vehicle_control_ws/install/vehicle_control/share/vehicle_control/hook/ament_prefix_path.ps1'
[5.341s] INFO:colcon.colcon_core.shell:Creating environment descriptor '/root/workspace/vehicle_control_ws/install/vehicle_control/share/vehicle_control/hook/ament_prefix_path.dsv'
[5.341s] INFO:colcon.colcon_core.shell:Creating environment hook '/root/workspace/vehicle_control_ws/install/vehicle_control/share/vehicle_control/hook/ament_prefix_path.sh'
[5.341s] INFO:colcon.colcon_core.shell:Skip shell extension 'powershell' for command environment: Not usable outside of PowerShell
[5.341s] DEBUG:colcon.colcon_core.shell:Skip shell extension 'dsv' for command environment
[5.449s] WARNING:colcon.colcon_ros.task.ament_python.build:Package 'vehicle_control' doesn't explicitly install a marker in the package index (colcon-ros currently does it implicitly but that fallback will be removed in the future)
[5.449s] INFO:colcon.colcon_core.task.python.build:Building Python package in '/root/workspace/vehicle_control_ws/src/vehicle_control'
[5.449s] INFO:colcon.colcon_core.shell:Skip shell extension 'powershell' for command environment: Not usable outside of PowerShell
[5.449s] DEBUG:colcon.colcon_core.shell:Skip shell extension 'dsv' for command environment
[5.497s] DEBUG:colcon.colcon_core.event_handler.log_command:Invoked command in '/root/workspace/vehicle_control_ws/build/jw_interface_awiv_adapter' returned '1': AMENT_PREFIX_PATH=/root/workspace/vehicle_control_ws/install/jw_interface_msgs:${AMENT_PREFIX_PATH} CMAKE_PREFIX_PATH=/root/workspace/vehicle_control_ws/install/jw_interface_msgs:/root/workspace/vehicle_control/install/vehicle_control:/opt/ros/humble LD_LIBRARY_PATH=/root/workspace/vehicle_control_ws/install/jw_interface_msgs/lib:${LD_LIBRARY_PATH} PYTHONPATH=/root/workspace/vehicle_control_ws/install/jw_interface_msgs/local/lib/python3.10/dist-packages:${PYTHONPATH} /usr/bin/cmake /root/workspace/vehicle_control_ws/src/jw_interface_awiv_adapter -DAMENT_CMAKE_SYMLINK_INSTALL=1 -DCMAKE_INSTALL_PREFIX=/root/workspace/vehicle_control_ws/install/jw_interface_awiv_adapter
[5.503s] Level 1:colcon.colcon_core.environment:create_environment_scripts_only(jw_interface_awiv_adapter)
[5.503s] Level 1:colcon.colcon_core.environment:checking '/root/workspace/vehicle_control_ws/install/jw_interface_awiv_adapter' for CMake module files
[5.503s] Level 1:colcon.colcon_core.environment:checking '/root/workspace/vehicle_control_ws/install/jw_interface_awiv_adapter' for CMake config files
[5.503s] Level 1:colcon.colcon_core.environment:checking '/root/workspace/vehicle_control_ws/install/jw_interface_awiv_adapter/bin'
[5.503s] Level 1:colcon.colcon_core.environment:checking '/root/workspace/vehicle_control_ws/install/jw_interface_awiv_adapter/lib/pkgconfig/jw_interface_awiv_adapter.pc'
[5.503s] Level 1:colcon.colcon_core.environment:checking '/root/workspace/vehicle_control_ws/install/jw_interface_awiv_adapter/lib/python3.10/site-packages'
[5.503s] Level 1:colcon.colcon_core.environment:checking '/root/workspace/vehicle_control_ws/install/jw_interface_awiv_adapter/bin'
[5.503s] INFO:colcon.colcon_core.shell:Creating package script '/root/workspace/vehicle_control_ws/install/jw_interface_awiv_adapter/share/jw_interface_awiv_adapter/package.ps1'
[5.504s] INFO:colcon.colcon_core.shell:Creating package descriptor '/root/workspace/vehicle_control_ws/install/jw_interface_awiv_adapter/share/jw_interface_awiv_adapter/package.dsv'
[5.504s] INFO:colcon.colcon_core.shell:Creating package script '/root/workspace/vehicle_control_ws/install/jw_interface_awiv_adapter/share/jw_interface_awiv_adapter/package.sh'
[5.504s] INFO:colcon.colcon_core.shell:Creating package script '/root/workspace/vehicle_control_ws/install/jw_interface_awiv_adapter/share/jw_interface_awiv_adapter/package.bash'
[5.504s] INFO:colcon.colcon_core.shell:Creating package script '/root/workspace/vehicle_control_ws/install/jw_interface_awiv_adapter/share/jw_interface_awiv_adapter/package.zsh'
[5.504s] Level 1:colcon.colcon_core.environment:create_file_with_runtime_dependencies(/root/workspace/vehicle_control_ws/install/jw_interface_awiv_adapter/share/colcon-core/packages/jw_interface_awiv_adapter)
[5.834s] DEBUG:colcon.colcon_parallel_executor.executor.parallel:closing loop
[5.834s] DEBUG:colcon.colcon_parallel_executor.executor.parallel:loop closed
[5.834s] DEBUG:colcon.colcon_parallel_executor.executor.parallel:run_until_complete finished with '1'
[5.834s] DEBUG:colcon.colcon_core.event_reactor:joining thread
[5.837s] INFO:colcon.colcon_core.plugin_system:Skipping extension 'colcon_notification.desktop_notification.notify_send': Could not find 'notify-send'
[5.837s] INFO:colcon.colcon_core.plugin_system:Skipping extension 'colcon_notification.desktop_notification.terminal_notifier': Not used on non-Darwin systems
[5.837s] INFO:colcon.colcon_core.plugin_system:Skipping extension 'colcon_notification.desktop_notification.win32': Not used on non-Windows systems
[5.837s] INFO:colcon.colcon_notification.desktop_notification:Sending desktop notification using 'notify2'
[5.837s] DEBUG:colcon.colcon_notification.desktop_notification.notify2:Failed to initialize notify2: org.freedesktop.DBus.Error.NotSupported: Unable to autolaunch a dbus-daemon without a $DISPLAY for X11
[5.837s] DEBUG:colcon.colcon_core.event_reactor:joined thread
[5.837s] INFO:colcon.colcon_core.shell:Creating prefix script '/root/workspace/vehicle_control_ws/install/local_setup.ps1'
[5.838s] INFO:colcon.colcon_core.shell:Creating prefix util module '/root/workspace/vehicle_control_ws/install/_local_setup_util_ps1.py'
[5.839s] INFO:colcon.colcon_core.shell:Creating prefix chain script '/root/workspace/vehicle_control_ws/install/setup.ps1'
[5.839s] INFO:colcon.colcon_core.shell:Creating prefix script '/root/workspace/vehicle_control_ws/install/local_setup.sh'
[5.839s] INFO:colcon.colcon_core.shell:Creating prefix util module '/root/workspace/vehicle_control_ws/install/_local_setup_util_sh.py'
[5.840s] INFO:colcon.colcon_core.shell:Creating prefix chain script '/root/workspace/vehicle_control_ws/install/setup.sh'
[5.840s] INFO:colcon.colcon_core.shell:Creating prefix script '/root/workspace/vehicle_control_ws/install/local_setup.bash'
[5.840s] INFO:colcon.colcon_core.shell:Creating prefix chain script '/root/workspace/vehicle_control_ws/install/setup.bash'
[5.841s] INFO:colcon.colcon_core.shell:Creating prefix script '/root/workspace/vehicle_control_ws/install/local_setup.zsh'
[5.841s] INFO:colcon.colcon_core.shell:Creating prefix chain script '/root/workspace/vehicle_control_ws/install/setup.zsh'
