[ 66%] [32mBuilding CXX object CMakeFiles/jw_interface_serial_node.dir/src/jw_interface_serial_node.cpp.o[0m
[ 66%] [32mBuilding CXX object CMakeFiles/jw_interface_serial_node.dir/src/jw_interface_serial_core.cpp.o[0m
[100%] [32m[1mLinking CXX executable jw_interface_serial_node[0m
[100%] Built target jw_interface_serial_node
-- Install configuration: ""
-- Execute custom install script
-- Symlinking: /root/workspace/vehicle_control_ws/install/jw_interface_serial/include/jw_interface_serial/jw_interface_serial_core.hpp
-- Symlinking: /root/workspace/vehicle_control_ws/install/jw_interface_serial/lib/jw_interface_serial/jw_interface_serial_node
-- Symlinking: /root/workspace/vehicle_control_ws/install/jw_interface_serial/share/jw_interface_serial/launch/jw_interface.launch.xml
-- Symlinking: /root/workspace/vehicle_control_ws/install/jw_interface_serial/share/ament_index/resource_index/package_run_dependencies/jw_interface_serial
-- Symlinking: /root/workspace/vehicle_control_ws/install/jw_interface_serial/share/ament_index/resource_index/parent_prefix_path/jw_interface_serial
-- Symlinking: /root/workspace/vehicle_control_ws/install/jw_interface_serial/share/jw_interface_serial/environment/ament_prefix_path.sh
-- Symlinking: /root/workspace/vehicle_control_ws/install/jw_interface_serial/share/jw_interface_serial/environment/ament_prefix_path.dsv
-- Symlinking: /root/workspace/vehicle_control_ws/install/jw_interface_serial/share/jw_interface_serial/environment/path.sh
-- Symlinking: /root/workspace/vehicle_control_ws/install/jw_interface_serial/share/jw_interface_serial/environment/path.dsv
-- Symlinking: /root/workspace/vehicle_control_ws/install/jw_interface_serial/share/jw_interface_serial/local_setup.bash
-- Symlinking: /root/workspace/vehicle_control_ws/install/jw_interface_serial/share/jw_interface_serial/local_setup.sh
-- Symlinking: /root/workspace/vehicle_control_ws/install/jw_interface_serial/share/jw_interface_serial/local_setup.zsh
-- Symlinking: /root/workspace/vehicle_control_ws/install/jw_interface_serial/share/jw_interface_serial/local_setup.dsv
-- Symlinking: /root/workspace/vehicle_control_ws/install/jw_interface_serial/share/jw_interface_serial/package.dsv
-- Symlinking: /root/workspace/vehicle_control_ws/install/jw_interface_serial/share/ament_index/resource_index/packages/jw_interface_serial
-- Symlinking: /root/workspace/vehicle_control_ws/install/jw_interface_serial/share/jw_interface_serial/cmake/ament_cmake_export_dependencies-extras.cmake
-- Symlinking: /root/workspace/vehicle_control_ws/install/jw_interface_serial/share/jw_interface_serial/cmake/ament_cmake_export_include_directories-extras.cmake
-- Symlinking: /root/workspace/vehicle_control_ws/install/jw_interface_serial/share/jw_interface_serial/cmake/jw_interface_serialConfig.cmake
-- Symlinking: /root/workspace/vehicle_control_ws/install/jw_interface_serial/share/jw_interface_serial/cmake/jw_interface_serialConfig-version.cmake
-- Symlinking: /root/workspace/vehicle_control_ws/install/jw_interface_serial/share/jw_interface_serial/package.xml
