[0.016s] Invoking command in '/root/workspace/vehicle_control_ws/build/autoware_auto_debug_msgs': CMAKE_PREFIX_PATH=${CMAKE_PREFIX_PATH}:/root/workspace/vehicle_control/install/vehicle_control /usr/bin/cmake /root/workspace/vehicle_control_ws/src/autoware_auto_msgs/autoware_auto_debug_msgs -DAMENT_CMAKE_SYMLINK_INSTALL=1 -DCMAKE_INSTALL_PREFIX=/root/workspace/vehicle_control_ws/install/autoware_auto_debug_msgs
[0.047s] -- The C compiler identification is GNU 11.4.0
[0.098s] -- The CXX compiler identification is GNU 11.4.0
[0.108s] -- Detecting C compiler ABI info
[0.156s] -- Detecting C compiler ABI info - done
[0.163s] -- Check for working C compiler: /usr/bin/cc - skipped
[0.163s] -- Detecting C compile features
[0.163s] -- Detecting C compile features - done
[0.166s] -- Detecting CXX compiler ABI info
[0.217s] -- Detecting CXX compiler ABI info - done
[0.222s] -- Check for working CXX compiler: /usr/bin/c++ - skipped
[0.222s] -- Detecting CXX compile features
[0.222s] -- Detecting CXX compile features - done
[0.224s] -- Found ament_cmake_auto: 1.3.11 (/opt/ros/humble/share/ament_cmake_auto/cmake)
[0.315s] -- Found Python3: /usr/bin/python3 (found version "3.10.12") found components: Interpreter 
[0.355s] -- Override CMake install command with custom implementation using symlinks instead of copying resources
[0.429s] -- Using all available rosidl_typesupport_c: rosidl_typesupport_fastrtps_c;rosidl_typesupport_introspection_c
[0.436s] -- Found rosidl_adapter: 3.1.6 (/opt/ros/humble/share/rosidl_adapter/cmake)
[0.468s] -- Using all available rosidl_typesupport_cpp: rosidl_typesupport_fastrtps_cpp;rosidl_typesupport_introspection_cpp
[0.551s] -- Found ament_cmake_cppcheck: 0.12.11 (/opt/ros/humble/share/ament_cmake_cppcheck/cmake)
[0.556s] -- Found ament_cmake_cpplint: 0.12.11 (/opt/ros/humble/share/ament_cmake_cpplint/cmake)
[0.559s] -- Found ament_cmake_uncrustify: 0.12.11 (/opt/ros/humble/share/ament_cmake_uncrustify/cmake)
[0.561s] -- Found ament_cmake_ros: 0.10.0 (/opt/ros/humble/share/ament_cmake_ros/cmake)
[0.687s] -- Using all available rosidl_typesupport_c: rosidl_typesupport_fastrtps_c;rosidl_typesupport_introspection_c
[0.842s] -- Using all available rosidl_typesupport_cpp: rosidl_typesupport_fastrtps_cpp;rosidl_typesupport_introspection_cpp
[0.857s] -- Found PythonInterp: /usr/bin/python3 (found suitable version "3.10.12", minimum required is "3.6") 
[0.857s] -- Found python_cmake_module: 0.10.0 (/opt/ros/humble/share/python_cmake_module/cmake)
[0.872s] -- Found PythonLibs: /usr/lib/aarch64-linux-gnu/libpython3.10.so (found suitable version "3.10.12", minimum required is "3.5") 
[0.872s] -- Using PYTHON_EXECUTABLE: /usr/bin/python3
[0.873s] -- Using PYTHON_INCLUDE_DIRS: /usr/include/python3.10
[0.873s] -- Using PYTHON_LIBRARIES: /usr/lib/aarch64-linux-gnu/libpython3.10.so
[0.884s] -- Found PythonExtra: .so  
[0.908s] -- Found ament_cmake_flake8: 0.12.11 (/opt/ros/humble/share/ament_cmake_flake8/cmake)
[0.911s] -- Found ament_cmake_pep257: 0.12.11 (/opt/ros/humble/share/ament_cmake_pep257/cmake)
[0.916s] -- Found ament_lint_auto: 0.12.11 (/opt/ros/humble/share/ament_lint_auto/cmake)
[0.929s] -- Added test 'copyright' to check source files copyright and LICENSE
[0.930s] -- Added test 'lint_cmake' to check CMake code style
[0.930s] -- Added test 'xmllint' to check XML markup files
[0.934s] -- Configuring done
[0.968s] -- Generating done
[0.977s] -- Build files have been written to: /root/workspace/vehicle_control_ws/build/autoware_auto_debug_msgs
[0.980s] Invoked command in '/root/workspace/vehicle_control_ws/build/autoware_auto_debug_msgs' returned '0': CMAKE_PREFIX_PATH=${CMAKE_PREFIX_PATH}:/root/workspace/vehicle_control/install/vehicle_control /usr/bin/cmake /root/workspace/vehicle_control_ws/src/autoware_auto_msgs/autoware_auto_debug_msgs -DAMENT_CMAKE_SYMLINK_INSTALL=1 -DCMAKE_INSTALL_PREFIX=/root/workspace/vehicle_control_ws/install/autoware_auto_debug_msgs
[0.981s] Invoking command in '/root/workspace/vehicle_control_ws/build/autoware_auto_debug_msgs': CMAKE_PREFIX_PATH=${CMAKE_PREFIX_PATH}:/root/workspace/vehicle_control/install/vehicle_control /usr/bin/cmake --build /root/workspace/vehicle_control_ws/build/autoware_auto_debug_msgs -- -j10 -l10
[1.015s] [  1%] [34m[1mGenerating C code for ROS interfaces[0m
[1.028s] [  1%] Built target ament_cmake_python_symlink_autoware_auto_debug_msgs
[1.029s] [  1%] [34m[1mGenerating C++ code for ROS interfaces[0m
[1.162s] running egg_info
[1.163s] creating autoware_auto_debug_msgs.egg-info
[1.163s] writing autoware_auto_debug_msgs.egg-info/PKG-INFO
[1.163s] writing dependency_links to autoware_auto_debug_msgs.egg-info/dependency_links.txt
[1.164s] writing top-level names to autoware_auto_debug_msgs.egg-info/top_level.txt
[1.164s] writing manifest file 'autoware_auto_debug_msgs.egg-info/SOURCES.txt'
[1.164s] reading manifest file 'autoware_auto_debug_msgs.egg-info/SOURCES.txt'
[1.167s] writing manifest file 'autoware_auto_debug_msgs.egg-info/SOURCES.txt'
[1.181s] [  1%] Built target ament_cmake_python_build_autoware_auto_debug_msgs_egg
[1.818s] [  2%] [32mBuilding C object CMakeFiles/autoware_auto_debug_msgs__rosidl_generator_c.dir/rosidl_generator_c/autoware_auto_debug_msgs/msg/detail/multi_array_layout__functions.c.o[0m
[1.818s] [  3%] [32mBuilding C object CMakeFiles/autoware_auto_debug_msgs__rosidl_generator_c.dir/rosidl_generator_c/autoware_auto_debug_msgs/msg/detail/multi_array_dimension__functions.c.o[0m
[1.818s] [  4%] [32mBuilding C object CMakeFiles/autoware_auto_debug_msgs__rosidl_generator_c.dir/rosidl_generator_c/autoware_auto_debug_msgs/msg/detail/bool_stamped__functions.c.o[0m
[1.819s] [  4%] [32mBuilding C object CMakeFiles/autoware_auto_debug_msgs__rosidl_generator_c.dir/rosidl_generator_c/autoware_auto_debug_msgs/msg/detail/float32_stamped__functions.c.o[0m
[1.823s] [  5%] [32mBuilding C object CMakeFiles/autoware_auto_debug_msgs__rosidl_generator_c.dir/rosidl_generator_c/autoware_auto_debug_msgs/msg/detail/float32_multi_array_stamped__functions.c.o[0m
[1.833s] [  6%] [32mBuilding C object CMakeFiles/autoware_auto_debug_msgs__rosidl_generator_c.dir/rosidl_generator_c/autoware_auto_debug_msgs/msg/detail/float64_stamped__functions.c.o[0m
[1.848s] [  7%] [32mBuilding C object CMakeFiles/autoware_auto_debug_msgs__rosidl_generator_c.dir/rosidl_generator_c/autoware_auto_debug_msgs/msg/detail/float64_multi_array_stamped__functions.c.o[0m
[1.877s] [  8%] [32mBuilding C object CMakeFiles/autoware_auto_debug_msgs__rosidl_generator_c.dir/rosidl_generator_c/autoware_auto_debug_msgs/msg/detail/int32_multi_array_stamped__functions.c.o[0m
[1.878s] [  9%] [32mBuilding C object CMakeFiles/autoware_auto_debug_msgs__rosidl_generator_c.dir/rosidl_generator_c/autoware_auto_debug_msgs/msg/detail/int32_stamped__functions.c.o[0m
[1.886s] [  9%] [32mBuilding C object CMakeFiles/autoware_auto_debug_msgs__rosidl_generator_c.dir/rosidl_generator_c/autoware_auto_debug_msgs/msg/detail/int64_stamped__functions.c.o[0m
[1.909s] [ 10%] [32mBuilding C object CMakeFiles/autoware_auto_debug_msgs__rosidl_generator_c.dir/rosidl_generator_c/autoware_auto_debug_msgs/msg/detail/int64_multi_array_stamped__functions.c.o[0m
[1.931s] [ 11%] [32mBuilding C object CMakeFiles/autoware_auto_debug_msgs__rosidl_generator_c.dir/rosidl_generator_c/autoware_auto_debug_msgs/msg/detail/string_stamped__functions.c.o[0m
[2.048s] [ 12%] [32m[1mLinking C shared library libautoware_auto_debug_msgs__rosidl_generator_c.so[0m
[2.115s] [ 12%] Built target autoware_auto_debug_msgs__cpp
[2.116s] [ 12%] Built target autoware_auto_debug_msgs__rosidl_generator_c
[2.142s] [ 13%] [34m[1mGenerating C introspection for ROS interfaces[0m
[2.143s] [ 14%] [34m[1mGenerating C type support dispatch for ROS interfaces[0m
[2.147s] [ 14%] [34m[1mGenerating C++ type support for eProsima Fast-RTPS[0m
[2.152s] [ 15%] [34m[1mGenerating C++ introspection for ROS interfaces[0m
[2.158s] [ 16%] [34m[1mGenerating C type support for eProsima Fast-RTPS[0m
[2.825s] [ 17%] [32mBuilding CXX object CMakeFiles/autoware_auto_debug_msgs__rosidl_typesupport_fastrtps_c.dir/rosidl_typesupport_fastrtps_c/autoware_auto_debug_msgs/msg/detail/multi_array_dimension__type_support_c.cpp.o[0m
[2.825s] [ 18%] [32mBuilding CXX object CMakeFiles/autoware_auto_debug_msgs__rosidl_typesupport_fastrtps_c.dir/rosidl_typesupport_fastrtps_c/autoware_auto_debug_msgs/msg/detail/multi_array_layout__type_support_c.cpp.o[0m
[2.826s] [ 18%] [32mBuilding CXX object CMakeFiles/autoware_auto_debug_msgs__rosidl_typesupport_fastrtps_c.dir/rosidl_typesupport_fastrtps_c/autoware_auto_debug_msgs/msg/detail/bool_stamped__type_support_c.cpp.o[0m
[2.836s] [ 19%] [32mBuilding CXX object CMakeFiles/autoware_auto_debug_msgs__rosidl_typesupport_fastrtps_c.dir/rosidl_typesupport_fastrtps_c/autoware_auto_debug_msgs/msg/detail/float32_multi_array_stamped__type_support_c.cpp.o[0m
[2.841s] [ 20%] [32mBuilding CXX object CMakeFiles/autoware_auto_debug_msgs__rosidl_typesupport_fastrtps_c.dir/rosidl_typesupport_fastrtps_c/autoware_auto_debug_msgs/msg/detail/float32_stamped__type_support_c.cpp.o[0m
[2.870s] [ 21%] [32mBuilding CXX object CMakeFiles/autoware_auto_debug_msgs__rosidl_typesupport_fastrtps_c.dir/rosidl_typesupport_fastrtps_c/autoware_auto_debug_msgs/msg/detail/float64_stamped__type_support_c.cpp.o[0m
[3.301s] [ 22%] [32mBuilding CXX object CMakeFiles/autoware_auto_debug_msgs__rosidl_typesupport_fastrtps_c.dir/rosidl_typesupport_fastrtps_c/autoware_auto_debug_msgs/msg/detail/float64_multi_array_stamped__type_support_c.cpp.o[0m
[3.398s] [ 23%] [32mBuilding CXX object CMakeFiles/autoware_auto_debug_msgs__rosidl_typesupport_fastrtps_c.dir/rosidl_typesupport_fastrtps_c/autoware_auto_debug_msgs/msg/detail/int32_stamped__type_support_c.cpp.o[0m
[3.406s] [ 23%] [32mBuilding CXX object CMakeFiles/autoware_auto_debug_msgs__rosidl_typesupport_fastrtps_c.dir/rosidl_typesupport_fastrtps_c/autoware_auto_debug_msgs/msg/detail/int32_multi_array_stamped__type_support_c.cpp.o[0m
[3.969s] [ 24%] [32mBuilding CXX object CMakeFiles/autoware_auto_debug_msgs__rosidl_typesupport_c.dir/rosidl_typesupport_c/autoware_auto_debug_msgs/msg/multi_array_dimension__type_support.cpp.o[0m
[4.014s] [ 24%] [32mBuilding CXX object CMakeFiles/autoware_auto_debug_msgs__rosidl_typesupport_c.dir/rosidl_typesupport_c/autoware_auto_debug_msgs/msg/multi_array_layout__type_support.cpp.o[0m
[4.075s] [ 25%] [32mBuilding CXX object CMakeFiles/autoware_auto_debug_msgs__rosidl_typesupport_c.dir/rosidl_typesupport_c/autoware_auto_debug_msgs/msg/bool_stamped__type_support.cpp.o[0m
[4.105s] [ 26%] [32mBuilding CXX object CMakeFiles/autoware_auto_debug_msgs__rosidl_typesupport_fastrtps_c.dir/rosidl_typesupport_fastrtps_c/autoware_auto_debug_msgs/msg/detail/int64_stamped__type_support_c.cpp.o[0m
[4.152s] [ 27%] [32mBuilding C object CMakeFiles/autoware_auto_debug_msgs__rosidl_typesupport_introspection_c.dir/rosidl_typesupport_introspection_c/autoware_auto_debug_msgs/msg/detail/multi_array_dimension__type_support.c.o[0m
[4.156s] [ 28%] [32mBuilding CXX object CMakeFiles/autoware_auto_debug_msgs__rosidl_typesupport_c.dir/rosidl_typesupport_c/autoware_auto_debug_msgs/msg/float32_stamped__type_support.cpp.o[0m
[4.189s] [ 28%] [32mBuilding CXX object CMakeFiles/autoware_auto_debug_msgs__rosidl_typesupport_introspection_cpp.dir/rosidl_typesupport_introspection_cpp/autoware_auto_debug_msgs/msg/detail/multi_array_dimension__type_support.cpp.o[0m
[4.197s] [ 29%] [32mBuilding CXX object CMakeFiles/autoware_auto_debug_msgs__rosidl_typesupport_fastrtps_c.dir/rosidl_typesupport_fastrtps_c/autoware_auto_debug_msgs/msg/detail/int64_multi_array_stamped__type_support_c.cpp.o[0m
[4.212s] [ 30%] [32mBuilding CXX object CMakeFiles/autoware_auto_debug_msgs__rosidl_typesupport_fastrtps_c.dir/rosidl_typesupport_fastrtps_c/autoware_auto_debug_msgs/msg/detail/string_stamped__type_support_c.cpp.o[0m
[4.212s] [ 31%] [32mBuilding CXX object CMakeFiles/autoware_auto_debug_msgs__rosidl_typesupport_c.dir/rosidl_typesupport_c/autoware_auto_debug_msgs/msg/float32_multi_array_stamped__type_support.cpp.o[0m
[4.223s] [ 32%] [32mBuilding C object CMakeFiles/autoware_auto_debug_msgs__rosidl_typesupport_introspection_c.dir/rosidl_typesupport_introspection_c/autoware_auto_debug_msgs/msg/detail/multi_array_layout__type_support.c.o[0m
[4.240s] [ 33%] [32mBuilding CXX object CMakeFiles/autoware_auto_debug_msgs__rosidl_typesupport_c.dir/rosidl_typesupport_c/autoware_auto_debug_msgs/msg/float64_stamped__type_support.cpp.o[0m
[4.240s] [ 34%] [32mBuilding CXX object CMakeFiles/autoware_auto_debug_msgs__rosidl_typesupport_introspection_cpp.dir/rosidl_typesupport_introspection_cpp/autoware_auto_debug_msgs/msg/detail/multi_array_layout__type_support.cpp.o[0m
[4.265s] [ 35%] [32mBuilding CXX object CMakeFiles/autoware_auto_debug_msgs__rosidl_typesupport_c.dir/rosidl_typesupport_c/autoware_auto_debug_msgs/msg/float64_multi_array_stamped__type_support.cpp.o[0m
[4.290s] [ 36%] [32mBuilding CXX object CMakeFiles/autoware_auto_debug_msgs__rosidl_typesupport_introspection_cpp.dir/rosidl_typesupport_introspection_cpp/autoware_auto_debug_msgs/msg/detail/bool_stamped__type_support.cpp.o[0m
[4.292s] [ 37%] [32mBuilding C object CMakeFiles/autoware_auto_debug_msgs__rosidl_typesupport_introspection_c.dir/rosidl_typesupport_introspection_c/autoware_auto_debug_msgs/msg/detail/bool_stamped__type_support.c.o[0m
[4.310s] [ 37%] [32mBuilding CXX object CMakeFiles/autoware_auto_debug_msgs__rosidl_typesupport_c.dir/rosidl_typesupport_c/autoware_auto_debug_msgs/msg/int32_stamped__type_support.cpp.o[0m
[4.350s] [ 37%] [32mBuilding C object CMakeFiles/autoware_auto_debug_msgs__rosidl_typesupport_introspection_c.dir/rosidl_typesupport_introspection_c/autoware_auto_debug_msgs/msg/detail/float32_stamped__type_support.c.o[0m
[4.357s] [ 38%] [32mBuilding CXX object CMakeFiles/autoware_auto_debug_msgs__rosidl_typesupport_fastrtps_cpp.dir/rosidl_typesupport_fastrtps_cpp/autoware_auto_debug_msgs/msg/detail/dds_fastrtps/multi_array_dimension__type_support.cpp.o[0m
[4.360s] [ 39%] [32mBuilding CXX object CMakeFiles/autoware_auto_debug_msgs__rosidl_typesupport_c.dir/rosidl_typesupport_c/autoware_auto_debug_msgs/msg/int32_multi_array_stamped__type_support.cpp.o[0m
[4.391s] [ 40%] [32mBuilding C object CMakeFiles/autoware_auto_debug_msgs__rosidl_typesupport_introspection_c.dir/rosidl_typesupport_introspection_c/autoware_auto_debug_msgs/msg/detail/float32_multi_array_stamped__type_support.c.o[0m
[4.401s] [ 41%] [32mBuilding CXX object CMakeFiles/autoware_auto_debug_msgs__rosidl_typesupport_fastrtps_cpp.dir/rosidl_typesupport_fastrtps_cpp/autoware_auto_debug_msgs/msg/detail/dds_fastrtps/multi_array_layout__type_support.cpp.o[0m
[4.462s] [ 42%] [32mBuilding CXX object CMakeFiles/autoware_auto_debug_msgs__rosidl_typesupport_c.dir/rosidl_typesupport_c/autoware_auto_debug_msgs/msg/int64_stamped__type_support.cpp.o[0m
[4.478s] [ 43%] [32mBuilding C object CMakeFiles/autoware_auto_debug_msgs__rosidl_typesupport_introspection_c.dir/rosidl_typesupport_introspection_c/autoware_auto_debug_msgs/msg/detail/float64_stamped__type_support.c.o[0m
[4.496s] [ 44%] [32mBuilding CXX object CMakeFiles/autoware_auto_debug_msgs__rosidl_typesupport_introspection_cpp.dir/rosidl_typesupport_introspection_cpp/autoware_auto_debug_msgs/msg/detail/float32_stamped__type_support.cpp.o[0m
[4.532s] [ 45%] [32mBuilding CXX object CMakeFiles/autoware_auto_debug_msgs__rosidl_typesupport_c.dir/rosidl_typesupport_c/autoware_auto_debug_msgs/msg/int64_multi_array_stamped__type_support.cpp.o[0m
[4.560s] [ 46%] [32mBuilding C object CMakeFiles/autoware_auto_debug_msgs__rosidl_typesupport_introspection_c.dir/rosidl_typesupport_introspection_c/autoware_auto_debug_msgs/msg/detail/float64_multi_array_stamped__type_support.c.o[0m
[4.585s] [ 47%] [32mBuilding CXX object CMakeFiles/autoware_auto_debug_msgs__rosidl_typesupport_c.dir/rosidl_typesupport_c/autoware_auto_debug_msgs/msg/string_stamped__type_support.cpp.o[0m
[4.596s] [ 48%] [32mBuilding CXX object CMakeFiles/autoware_auto_debug_msgs__rosidl_typesupport_fastrtps_cpp.dir/rosidl_typesupport_fastrtps_cpp/autoware_auto_debug_msgs/msg/detail/dds_fastrtps/bool_stamped__type_support.cpp.o[0m
[4.627s] [ 49%] [32m[1mLinking CXX shared library libautoware_auto_debug_msgs__rosidl_typesupport_c.so[0m
[4.665s] [ 50%] [32mBuilding C object CMakeFiles/autoware_auto_debug_msgs__rosidl_typesupport_introspection_c.dir/rosidl_typesupport_introspection_c/autoware_auto_debug_msgs/msg/detail/int32_stamped__type_support.c.o[0m
[4.708s] [ 51%] [32mBuilding C object CMakeFiles/autoware_auto_debug_msgs__rosidl_typesupport_introspection_c.dir/rosidl_typesupport_introspection_c/autoware_auto_debug_msgs/msg/detail/int32_multi_array_stamped__type_support.c.o[0m
[4.737s] [ 51%] Built target autoware_auto_debug_msgs__rosidl_typesupport_c
[4.744s] [ 52%] [32mBuilding CXX object CMakeFiles/autoware_auto_debug_msgs__rosidl_typesupport_introspection_cpp.dir/rosidl_typesupport_introspection_cpp/autoware_auto_debug_msgs/msg/detail/float32_multi_array_stamped__type_support.cpp.o[0m
[4.774s] [ 53%] [32mBuilding C object CMakeFiles/autoware_auto_debug_msgs__rosidl_typesupport_introspection_c.dir/rosidl_typesupport_introspection_c/autoware_auto_debug_msgs/msg/detail/int64_stamped__type_support.c.o[0m
[4.831s] [ 53%] [32mBuilding C object CMakeFiles/autoware_auto_debug_msgs__rosidl_typesupport_introspection_c.dir/rosidl_typesupport_introspection_c/autoware_auto_debug_msgs/msg/detail/int64_multi_array_stamped__type_support.c.o[0m
[4.875s] [ 54%] [32mBuilding C object CMakeFiles/autoware_auto_debug_msgs__rosidl_typesupport_introspection_c.dir/rosidl_typesupport_introspection_c/autoware_auto_debug_msgs/msg/detail/string_stamped__type_support.c.o[0m
[4.903s] [ 55%] [32mBuilding CXX object CMakeFiles/autoware_auto_debug_msgs__rosidl_typesupport_fastrtps_cpp.dir/rosidl_typesupport_fastrtps_cpp/autoware_auto_debug_msgs/msg/detail/dds_fastrtps/float32_stamped__type_support.cpp.o[0m
[4.911s] [ 56%] [32mBuilding CXX object CMakeFiles/autoware_auto_debug_msgs__rosidl_typesupport_introspection_cpp.dir/rosidl_typesupport_introspection_cpp/autoware_auto_debug_msgs/msg/detail/float64_stamped__type_support.cpp.o[0m
[4.912s] [ 57%] [34m[1mGenerating C++ type support dispatch for ROS interfaces[0m
[4.942s] [ 58%] [32m[1mLinking C shared library libautoware_auto_debug_msgs__rosidl_typesupport_introspection_c.so[0m
[4.964s] [ 59%] [32mBuilding CXX object CMakeFiles/autoware_auto_debug_msgs__rosidl_typesupport_fastrtps_cpp.dir/rosidl_typesupport_fastrtps_cpp/autoware_auto_debug_msgs/msg/detail/dds_fastrtps/float32_multi_array_stamped__type_support.cpp.o[0m
[4.967s] [ 60%] [32m[1mLinking CXX shared library libautoware_auto_debug_msgs__rosidl_typesupport_fastrtps_c.so[0m
[5.011s] [ 60%] Built target autoware_auto_debug_msgs__rosidl_typesupport_introspection_c
[5.023s] [ 60%] [32mBuilding CXX object CMakeFiles/autoware_auto_debug_msgs__rosidl_typesupport_introspection_cpp.dir/rosidl_typesupport_introspection_cpp/autoware_auto_debug_msgs/msg/detail/float64_multi_array_stamped__type_support.cpp.o[0m
[5.053s] [ 61%] [32mBuilding CXX object CMakeFiles/autoware_auto_debug_msgs__rosidl_typesupport_introspection_cpp.dir/rosidl_typesupport_introspection_cpp/autoware_auto_debug_msgs/msg/detail/int32_stamped__type_support.cpp.o[0m
[5.079s] [ 61%] Built target autoware_auto_debug_msgs__rosidl_typesupport_fastrtps_c
[5.080s] [ 61%] [32mBuilding CXX object CMakeFiles/autoware_auto_debug_msgs__rosidl_typesupport_fastrtps_cpp.dir/rosidl_typesupport_fastrtps_cpp/autoware_auto_debug_msgs/msg/detail/dds_fastrtps/float64_stamped__type_support.cpp.o[0m
[5.363s] [ 62%] [32mBuilding CXX object CMakeFiles/autoware_auto_debug_msgs__rosidl_typesupport_fastrtps_cpp.dir/rosidl_typesupport_fastrtps_cpp/autoware_auto_debug_msgs/msg/detail/dds_fastrtps/float64_multi_array_stamped__type_support.cpp.o[0m
[5.407s] [ 63%] [32mBuilding CXX object CMakeFiles/autoware_auto_debug_msgs__rosidl_typesupport_introspection_cpp.dir/rosidl_typesupport_introspection_cpp/autoware_auto_debug_msgs/msg/detail/int32_multi_array_stamped__type_support.cpp.o[0m
[5.416s] [ 64%] [32mBuilding CXX object CMakeFiles/autoware_auto_debug_msgs__rosidl_typesupport_introspection_cpp.dir/rosidl_typesupport_introspection_cpp/autoware_auto_debug_msgs/msg/detail/int64_stamped__type_support.cpp.o[0m
[5.473s] [ 65%] [32mBuilding CXX object CMakeFiles/autoware_auto_debug_msgs__rosidl_typesupport_fastrtps_cpp.dir/rosidl_typesupport_fastrtps_cpp/autoware_auto_debug_msgs/msg/detail/dds_fastrtps/int32_stamped__type_support.cpp.o[0m
[5.518s] [ 66%] [32mBuilding CXX object CMakeFiles/autoware_auto_debug_msgs__rosidl_typesupport_cpp.dir/rosidl_typesupport_cpp/autoware_auto_debug_msgs/msg/multi_array_dimension__type_support.cpp.o[0m
[5.548s] [ 67%] [32mBuilding CXX object CMakeFiles/autoware_auto_debug_msgs__rosidl_typesupport_introspection_cpp.dir/rosidl_typesupport_introspection_cpp/autoware_auto_debug_msgs/msg/detail/int64_multi_array_stamped__type_support.cpp.o[0m
[5.672s] [ 68%] [32mBuilding CXX object CMakeFiles/autoware_auto_debug_msgs__rosidl_typesupport_fastrtps_cpp.dir/rosidl_typesupport_fastrtps_cpp/autoware_auto_debug_msgs/msg/detail/dds_fastrtps/int32_multi_array_stamped__type_support.cpp.o[0m
[5.859s] [ 69%] [32mBuilding CXX object CMakeFiles/autoware_auto_debug_msgs__rosidl_typesupport_fastrtps_cpp.dir/rosidl_typesupport_fastrtps_cpp/autoware_auto_debug_msgs/msg/detail/dds_fastrtps/int64_stamped__type_support.cpp.o[0m
[5.874s] [ 70%] [32mBuilding CXX object CMakeFiles/autoware_auto_debug_msgs__rosidl_typesupport_introspection_cpp.dir/rosidl_typesupport_introspection_cpp/autoware_auto_debug_msgs/msg/detail/string_stamped__type_support.cpp.o[0m
[5.931s] [ 71%] [32mBuilding CXX object CMakeFiles/autoware_auto_debug_msgs__rosidl_typesupport_cpp.dir/rosidl_typesupport_cpp/autoware_auto_debug_msgs/msg/multi_array_layout__type_support.cpp.o[0m
[5.979s] [ 72%] [32mBuilding CXX object CMakeFiles/autoware_auto_debug_msgs__rosidl_typesupport_cpp.dir/rosidl_typesupport_cpp/autoware_auto_debug_msgs/msg/bool_stamped__type_support.cpp.o[0m
[5.989s] [ 73%] [32mBuilding CXX object CMakeFiles/autoware_auto_debug_msgs__rosidl_typesupport_fastrtps_cpp.dir/rosidl_typesupport_fastrtps_cpp/autoware_auto_debug_msgs/msg/detail/dds_fastrtps/int64_multi_array_stamped__type_support.cpp.o[0m
[5.991s] [ 74%] [32mBuilding CXX object CMakeFiles/autoware_auto_debug_msgs__rosidl_typesupport_cpp.dir/rosidl_typesupport_cpp/autoware_auto_debug_msgs/msg/float32_stamped__type_support.cpp.o[0m
[5.997s] [ 74%] [32mBuilding CXX object CMakeFiles/autoware_auto_debug_msgs__rosidl_typesupport_cpp.dir/rosidl_typesupport_cpp/autoware_auto_debug_msgs/msg/float32_multi_array_stamped__type_support.cpp.o[0m
[6.068s] [ 75%] [32mBuilding CXX object CMakeFiles/autoware_auto_debug_msgs__rosidl_typesupport_cpp.dir/rosidl_typesupport_cpp/autoware_auto_debug_msgs/msg/float64_stamped__type_support.cpp.o[0m
[6.087s] [ 75%] [32mBuilding CXX object CMakeFiles/autoware_auto_debug_msgs__rosidl_typesupport_fastrtps_cpp.dir/rosidl_typesupport_fastrtps_cpp/autoware_auto_debug_msgs/msg/detail/dds_fastrtps/string_stamped__type_support.cpp.o[0m
[6.344s] [ 76%] [32mBuilding CXX object CMakeFiles/autoware_auto_debug_msgs__rosidl_typesupport_cpp.dir/rosidl_typesupport_cpp/autoware_auto_debug_msgs/msg/float64_multi_array_stamped__type_support.cpp.o[0m
[6.366s] [ 77%] [32mBuilding CXX object CMakeFiles/autoware_auto_debug_msgs__rosidl_typesupport_cpp.dir/rosidl_typesupport_cpp/autoware_auto_debug_msgs/msg/int32_stamped__type_support.cpp.o[0m
[6.443s] [ 78%] [32mBuilding CXX object CMakeFiles/autoware_auto_debug_msgs__rosidl_typesupport_cpp.dir/rosidl_typesupport_cpp/autoware_auto_debug_msgs/msg/int32_multi_array_stamped__type_support.cpp.o[0m
[6.561s] [ 79%] [32mBuilding CXX object CMakeFiles/autoware_auto_debug_msgs__rosidl_typesupport_cpp.dir/rosidl_typesupport_cpp/autoware_auto_debug_msgs/msg/int64_stamped__type_support.cpp.o[0m
[6.586s] [ 79%] [32mBuilding CXX object CMakeFiles/autoware_auto_debug_msgs__rosidl_typesupport_cpp.dir/rosidl_typesupport_cpp/autoware_auto_debug_msgs/msg/int64_multi_array_stamped__type_support.cpp.o[0m
[6.651s] [ 80%] [32m[1mLinking CXX shared library libautoware_auto_debug_msgs__rosidl_typesupport_introspection_cpp.so[0m
[6.662s] [ 81%] [32mBuilding CXX object CMakeFiles/autoware_auto_debug_msgs__rosidl_typesupport_cpp.dir/rosidl_typesupport_cpp/autoware_auto_debug_msgs/msg/string_stamped__type_support.cpp.o[0m
[6.782s] [ 81%] Built target autoware_auto_debug_msgs__rosidl_typesupport_introspection_cpp
[6.935s] [ 82%] [32m[1mLinking CXX shared library libautoware_auto_debug_msgs__rosidl_typesupport_cpp.so[0m
[6.942s] [ 83%] [32m[1mLinking CXX shared library libautoware_auto_debug_msgs__rosidl_typesupport_fastrtps_cpp.so[0m
[6.965s] [ 83%] Built target autoware_auto_debug_msgs__rosidl_typesupport_cpp
[6.992s] [ 83%] Built target autoware_auto_debug_msgs__rosidl_typesupport_fastrtps_cpp
[7.005s] [ 83%] Built target autoware_auto_debug_msgs
[7.017s] [ 84%] [34m[1mGenerating Python code for ROS interfaces[0m
[7.749s] [ 84%] Built target autoware_auto_debug_msgs__py
[7.759s] [ 86%] [32mBuilding C object CMakeFiles/autoware_auto_debug_msgs__rosidl_generator_py.dir/rosidl_generator_py/autoware_auto_debug_msgs/msg/_multi_array_dimension_s.c.o[0m
[7.759s] [ 86%] [32mBuilding C object CMakeFiles/autoware_auto_debug_msgs__rosidl_generator_py.dir/rosidl_generator_py/autoware_auto_debug_msgs/msg/_multi_array_layout_s.c.o[0m
[7.760s] [ 87%] [32mBuilding C object CMakeFiles/autoware_auto_debug_msgs__rosidl_generator_py.dir/rosidl_generator_py/autoware_auto_debug_msgs/msg/_float32_stamped_s.c.o[0m
[7.768s] [ 88%] [32mBuilding C object CMakeFiles/autoware_auto_debug_msgs__rosidl_generator_py.dir/rosidl_generator_py/autoware_auto_debug_msgs/msg/_float64_multi_array_stamped_s.c.o[0m
[7.768s] [ 89%] [32mBuilding C object CMakeFiles/autoware_auto_debug_msgs__rosidl_generator_py.dir/rosidl_generator_py/autoware_auto_debug_msgs/msg/_int32_stamped_s.c.o[0m
[7.768s] [ 90%] [32mBuilding C object CMakeFiles/autoware_auto_debug_msgs__rosidl_generator_py.dir/rosidl_generator_py/autoware_auto_debug_msgs/msg/_float64_stamped_s.c.o[0m
[7.768s] [ 91%] [32mBuilding C object CMakeFiles/autoware_auto_debug_msgs__rosidl_generator_py.dir/rosidl_generator_py/autoware_auto_debug_msgs/msg/_int32_multi_array_stamped_s.c.o[0m
[7.768s] [ 91%] [32mBuilding C object CMakeFiles/autoware_auto_debug_msgs__rosidl_generator_py.dir/rosidl_generator_py/autoware_auto_debug_msgs/msg/_bool_stamped_s.c.o[0m
[7.768s] [ 92%] [32mBuilding C object CMakeFiles/autoware_auto_debug_msgs__rosidl_generator_py.dir/rosidl_generator_py/autoware_auto_debug_msgs/msg/_float32_multi_array_stamped_s.c.o[0m
[7.773s] [ 92%] [32mBuilding C object CMakeFiles/autoware_auto_debug_msgs__rosidl_generator_py.dir/rosidl_generator_py/autoware_auto_debug_msgs/msg/_int64_stamped_s.c.o[0m
[7.849s] [ 93%] [32mBuilding C object CMakeFiles/autoware_auto_debug_msgs__rosidl_generator_py.dir/rosidl_generator_py/autoware_auto_debug_msgs/msg/_int64_multi_array_stamped_s.c.o[0m
[7.863s] [ 94%] [32mBuilding C object CMakeFiles/autoware_auto_debug_msgs__rosidl_generator_py.dir/rosidl_generator_py/autoware_auto_debug_msgs/msg/_string_stamped_s.c.o[0m
[7.923s] [ 95%] [32m[1mLinking C shared library rosidl_generator_py/autoware_auto_debug_msgs/libautoware_auto_debug_msgs__rosidl_generator_py.so[0m
[7.948s] [ 95%] Built target autoware_auto_debug_msgs__rosidl_generator_py
[7.959s] [ 97%] [32mBuilding C object CMakeFiles/autoware_auto_debug_msgs__rosidl_typesupport_fastrtps_c__pyext.dir/rosidl_generator_py/autoware_auto_debug_msgs/_autoware_auto_debug_msgs_s.ep.rosidl_typesupport_fastrtps_c.c.o[0m
[7.959s] [ 97%] [32mBuilding C object CMakeFiles/autoware_auto_debug_msgs__rosidl_typesupport_c__pyext.dir/rosidl_generator_py/autoware_auto_debug_msgs/_autoware_auto_debug_msgs_s.ep.rosidl_typesupport_c.c.o[0m
[7.959s] [ 97%] [32mBuilding C object CMakeFiles/autoware_auto_debug_msgs__rosidl_typesupport_introspection_c__pyext.dir/rosidl_generator_py/autoware_auto_debug_msgs/_autoware_auto_debug_msgs_s.ep.rosidl_typesupport_introspection_c.c.o[0m
[8.053s] [ 98%] [32m[1mLinking C shared library rosidl_generator_py/autoware_auto_debug_msgs/autoware_auto_debug_msgs_s__rosidl_typesupport_introspection_c.cpython-310-aarch64-linux-gnu.so[0m
[8.071s] [ 99%] [32m[1mLinking C shared library rosidl_generator_py/autoware_auto_debug_msgs/autoware_auto_debug_msgs_s__rosidl_typesupport_c.cpython-310-aarch64-linux-gnu.so[0m
[8.074s] [ 99%] Built target autoware_auto_debug_msgs__rosidl_typesupport_introspection_c__pyext
[8.091s] [ 99%] Built target autoware_auto_debug_msgs__rosidl_typesupport_c__pyext
[8.093s] [100%] [32m[1mLinking C shared library rosidl_generator_py/autoware_auto_debug_msgs/autoware_auto_debug_msgs_s__rosidl_typesupport_fastrtps_c.cpython-310-aarch64-linux-gnu.so[0m
[8.111s] [100%] Built target autoware_auto_debug_msgs__rosidl_typesupport_fastrtps_c__pyext
[8.120s] Invoked command in '/root/workspace/vehicle_control_ws/build/autoware_auto_debug_msgs' returned '0': CMAKE_PREFIX_PATH=${CMAKE_PREFIX_PATH}:/root/workspace/vehicle_control/install/vehicle_control /usr/bin/cmake --build /root/workspace/vehicle_control_ws/build/autoware_auto_debug_msgs -- -j10 -l10
[8.121s] Invoking command in '/root/workspace/vehicle_control_ws/build/autoware_auto_debug_msgs': CMAKE_PREFIX_PATH=${CMAKE_PREFIX_PATH}:/root/workspace/vehicle_control/install/vehicle_control /usr/bin/cmake --install /root/workspace/vehicle_control_ws/build/autoware_auto_debug_msgs
[8.123s] -- Install configuration: ""
[8.124s] -- Execute custom install script
[8.124s] -- Symlinking: /root/workspace/vehicle_control_ws/install/autoware_auto_debug_msgs/share/ament_index/resource_index/rosidl_interfaces/autoware_auto_debug_msgs
[8.131s] -- Symlinking: /root/workspace/vehicle_control_ws/install/autoware_auto_debug_msgs/include/autoware_auto_debug_msgs/autoware_auto_debug_msgs/msg/bool_stamped.h
[8.135s] -- Symlinking: /root/workspace/vehicle_control_ws/install/autoware_auto_debug_msgs/include/autoware_auto_debug_msgs/autoware_auto_debug_msgs/msg/detail/bool_stamped__functions.h
[8.141s] -- Symlinking: /root/workspace/vehicle_control_ws/install/autoware_auto_debug_msgs/include/autoware_auto_debug_msgs/autoware_auto_debug_msgs/msg/detail/bool_stamped__struct.h
[8.146s] -- Symlinking: /root/workspace/vehicle_control_ws/install/autoware_auto_debug_msgs/include/autoware_auto_debug_msgs/autoware_auto_debug_msgs/msg/detail/bool_stamped__type_support.h
[8.151s] -- Symlinking: /root/workspace/vehicle_control_ws/install/autoware_auto_debug_msgs/include/autoware_auto_debug_msgs/autoware_auto_debug_msgs/msg/detail/float32_multi_array_stamped__functions.h
[8.155s] -- Symlinking: /root/workspace/vehicle_control_ws/install/autoware_auto_debug_msgs/include/autoware_auto_debug_msgs/autoware_auto_debug_msgs/msg/detail/float32_multi_array_stamped__struct.h
[8.160s] -- Symlinking: /root/workspace/vehicle_control_ws/install/autoware_auto_debug_msgs/include/autoware_auto_debug_msgs/autoware_auto_debug_msgs/msg/detail/float32_multi_array_stamped__type_support.h
[8.164s] -- Symlinking: /root/workspace/vehicle_control_ws/install/autoware_auto_debug_msgs/include/autoware_auto_debug_msgs/autoware_auto_debug_msgs/msg/detail/float32_stamped__functions.h
[8.169s] -- Symlinking: /root/workspace/vehicle_control_ws/install/autoware_auto_debug_msgs/include/autoware_auto_debug_msgs/autoware_auto_debug_msgs/msg/detail/float32_stamped__struct.h
[8.173s] -- Symlinking: /root/workspace/vehicle_control_ws/install/autoware_auto_debug_msgs/include/autoware_auto_debug_msgs/autoware_auto_debug_msgs/msg/detail/float32_stamped__type_support.h
[8.178s] -- Symlinking: /root/workspace/vehicle_control_ws/install/autoware_auto_debug_msgs/include/autoware_auto_debug_msgs/autoware_auto_debug_msgs/msg/detail/float64_multi_array_stamped__functions.h
[8.183s] -- Symlinking: /root/workspace/vehicle_control_ws/install/autoware_auto_debug_msgs/include/autoware_auto_debug_msgs/autoware_auto_debug_msgs/msg/detail/float64_multi_array_stamped__struct.h
[8.187s] -- Symlinking: /root/workspace/vehicle_control_ws/install/autoware_auto_debug_msgs/include/autoware_auto_debug_msgs/autoware_auto_debug_msgs/msg/detail/float64_multi_array_stamped__type_support.h
[8.191s] -- Symlinking: /root/workspace/vehicle_control_ws/install/autoware_auto_debug_msgs/include/autoware_auto_debug_msgs/autoware_auto_debug_msgs/msg/detail/float64_stamped__functions.h
[8.198s] -- Symlinking: /root/workspace/vehicle_control_ws/install/autoware_auto_debug_msgs/include/autoware_auto_debug_msgs/autoware_auto_debug_msgs/msg/detail/float64_stamped__struct.h
[8.201s] -- Symlinking: /root/workspace/vehicle_control_ws/install/autoware_auto_debug_msgs/include/autoware_auto_debug_msgs/autoware_auto_debug_msgs/msg/detail/float64_stamped__type_support.h
[8.205s] -- Symlinking: /root/workspace/vehicle_control_ws/install/autoware_auto_debug_msgs/include/autoware_auto_debug_msgs/autoware_auto_debug_msgs/msg/detail/int32_multi_array_stamped__functions.h
[8.210s] -- Symlinking: /root/workspace/vehicle_control_ws/install/autoware_auto_debug_msgs/include/autoware_auto_debug_msgs/autoware_auto_debug_msgs/msg/detail/int32_multi_array_stamped__struct.h
[8.216s] -- Symlinking: /root/workspace/vehicle_control_ws/install/autoware_auto_debug_msgs/include/autoware_auto_debug_msgs/autoware_auto_debug_msgs/msg/detail/int32_multi_array_stamped__type_support.h
[8.224s] -- Symlinking: /root/workspace/vehicle_control_ws/install/autoware_auto_debug_msgs/include/autoware_auto_debug_msgs/autoware_auto_debug_msgs/msg/detail/int32_stamped__functions.h
[8.225s] -- Symlinking: /root/workspace/vehicle_control_ws/install/autoware_auto_debug_msgs/include/autoware_auto_debug_msgs/autoware_auto_debug_msgs/msg/detail/int32_stamped__struct.h
[8.230s] -- Symlinking: /root/workspace/vehicle_control_ws/install/autoware_auto_debug_msgs/include/autoware_auto_debug_msgs/autoware_auto_debug_msgs/msg/detail/int32_stamped__type_support.h
[8.235s] -- Symlinking: /root/workspace/vehicle_control_ws/install/autoware_auto_debug_msgs/include/autoware_auto_debug_msgs/autoware_auto_debug_msgs/msg/detail/int64_multi_array_stamped__functions.h
[8.239s] -- Symlinking: /root/workspace/vehicle_control_ws/install/autoware_auto_debug_msgs/include/autoware_auto_debug_msgs/autoware_auto_debug_msgs/msg/detail/int64_multi_array_stamped__struct.h
[8.244s] -- Symlinking: /root/workspace/vehicle_control_ws/install/autoware_auto_debug_msgs/include/autoware_auto_debug_msgs/autoware_auto_debug_msgs/msg/detail/int64_multi_array_stamped__type_support.h
[8.249s] -- Symlinking: /root/workspace/vehicle_control_ws/install/autoware_auto_debug_msgs/include/autoware_auto_debug_msgs/autoware_auto_debug_msgs/msg/detail/int64_stamped__functions.h
[8.253s] -- Symlinking: /root/workspace/vehicle_control_ws/install/autoware_auto_debug_msgs/include/autoware_auto_debug_msgs/autoware_auto_debug_msgs/msg/detail/int64_stamped__struct.h
[8.257s] -- Symlinking: /root/workspace/vehicle_control_ws/install/autoware_auto_debug_msgs/include/autoware_auto_debug_msgs/autoware_auto_debug_msgs/msg/detail/int64_stamped__type_support.h
[8.262s] -- Symlinking: /root/workspace/vehicle_control_ws/install/autoware_auto_debug_msgs/include/autoware_auto_debug_msgs/autoware_auto_debug_msgs/msg/detail/multi_array_dimension__functions.h
[8.267s] -- Symlinking: /root/workspace/vehicle_control_ws/install/autoware_auto_debug_msgs/include/autoware_auto_debug_msgs/autoware_auto_debug_msgs/msg/detail/multi_array_dimension__struct.h
[8.271s] -- Symlinking: /root/workspace/vehicle_control_ws/install/autoware_auto_debug_msgs/include/autoware_auto_debug_msgs/autoware_auto_debug_msgs/msg/detail/multi_array_dimension__type_support.h
[8.275s] -- Symlinking: /root/workspace/vehicle_control_ws/install/autoware_auto_debug_msgs/include/autoware_auto_debug_msgs/autoware_auto_debug_msgs/msg/detail/multi_array_layout__functions.h
[8.279s] -- Symlinking: /root/workspace/vehicle_control_ws/install/autoware_auto_debug_msgs/include/autoware_auto_debug_msgs/autoware_auto_debug_msgs/msg/detail/multi_array_layout__struct.h
[8.283s] -- Symlinking: /root/workspace/vehicle_control_ws/install/autoware_auto_debug_msgs/include/autoware_auto_debug_msgs/autoware_auto_debug_msgs/msg/detail/multi_array_layout__type_support.h
[8.287s] -- Symlinking: /root/workspace/vehicle_control_ws/install/autoware_auto_debug_msgs/include/autoware_auto_debug_msgs/autoware_auto_debug_msgs/msg/detail/string_stamped__functions.h
[8.292s] -- Symlinking: /root/workspace/vehicle_control_ws/install/autoware_auto_debug_msgs/include/autoware_auto_debug_msgs/autoware_auto_debug_msgs/msg/detail/string_stamped__struct.h
[8.297s] -- Symlinking: /root/workspace/vehicle_control_ws/install/autoware_auto_debug_msgs/include/autoware_auto_debug_msgs/autoware_auto_debug_msgs/msg/detail/string_stamped__type_support.h
[8.304s] -- Symlinking: /root/workspace/vehicle_control_ws/install/autoware_auto_debug_msgs/include/autoware_auto_debug_msgs/autoware_auto_debug_msgs/msg/float32_multi_array_stamped.h
[8.310s] -- Symlinking: /root/workspace/vehicle_control_ws/install/autoware_auto_debug_msgs/include/autoware_auto_debug_msgs/autoware_auto_debug_msgs/msg/float32_stamped.h
[8.315s] -- Symlinking: /root/workspace/vehicle_control_ws/install/autoware_auto_debug_msgs/include/autoware_auto_debug_msgs/autoware_auto_debug_msgs/msg/float64_multi_array_stamped.h
[8.319s] -- Symlinking: /root/workspace/vehicle_control_ws/install/autoware_auto_debug_msgs/include/autoware_auto_debug_msgs/autoware_auto_debug_msgs/msg/float64_stamped.h
[8.323s] -- Symlinking: /root/workspace/vehicle_control_ws/install/autoware_auto_debug_msgs/include/autoware_auto_debug_msgs/autoware_auto_debug_msgs/msg/int32_multi_array_stamped.h
[8.327s] -- Symlinking: /root/workspace/vehicle_control_ws/install/autoware_auto_debug_msgs/include/autoware_auto_debug_msgs/autoware_auto_debug_msgs/msg/int32_stamped.h
[8.331s] -- Symlinking: /root/workspace/vehicle_control_ws/install/autoware_auto_debug_msgs/include/autoware_auto_debug_msgs/autoware_auto_debug_msgs/msg/int64_multi_array_stamped.h
[8.336s] -- Symlinking: /root/workspace/vehicle_control_ws/install/autoware_auto_debug_msgs/include/autoware_auto_debug_msgs/autoware_auto_debug_msgs/msg/int64_stamped.h
[8.340s] -- Symlinking: /root/workspace/vehicle_control_ws/install/autoware_auto_debug_msgs/include/autoware_auto_debug_msgs/autoware_auto_debug_msgs/msg/multi_array_dimension.h
[8.345s] -- Symlinking: /root/workspace/vehicle_control_ws/install/autoware_auto_debug_msgs/include/autoware_auto_debug_msgs/autoware_auto_debug_msgs/msg/multi_array_layout.h
[8.349s] -- Symlinking: /root/workspace/vehicle_control_ws/install/autoware_auto_debug_msgs/include/autoware_auto_debug_msgs/autoware_auto_debug_msgs/msg/rosidl_generator_c__visibility_control.h
[8.355s] -- Symlinking: /root/workspace/vehicle_control_ws/install/autoware_auto_debug_msgs/include/autoware_auto_debug_msgs/autoware_auto_debug_msgs/msg/string_stamped.h
[8.360s] -- Symlinking: /root/workspace/vehicle_control_ws/install/autoware_auto_debug_msgs/share/autoware_auto_debug_msgs/environment/library_path.sh
[8.364s] -- Symlinking: /root/workspace/vehicle_control_ws/install/autoware_auto_debug_msgs/share/autoware_auto_debug_msgs/environment/library_path.dsv
[8.369s] -- Symlinking: /root/workspace/vehicle_control_ws/install/autoware_auto_debug_msgs/include/autoware_auto_debug_msgs/autoware_auto_debug_msgs/msg/detail/bool_stamped__rosidl_typesupport_fastrtps_c.h
[8.373s] -- Symlinking: /root/workspace/vehicle_control_ws/install/autoware_auto_debug_msgs/include/autoware_auto_debug_msgs/autoware_auto_debug_msgs/msg/detail/float32_multi_array_stamped__rosidl_typesupport_fastrtps_c.h
[8.378s] -- Symlinking: /root/workspace/vehicle_control_ws/install/autoware_auto_debug_msgs/include/autoware_auto_debug_msgs/autoware_auto_debug_msgs/msg/detail/float32_stamped__rosidl_typesupport_fastrtps_c.h
[8.382s] -- Symlinking: /root/workspace/vehicle_control_ws/install/autoware_auto_debug_msgs/include/autoware_auto_debug_msgs/autoware_auto_debug_msgs/msg/detail/float64_multi_array_stamped__rosidl_typesupport_fastrtps_c.h
[8.386s] -- Symlinking: /root/workspace/vehicle_control_ws/install/autoware_auto_debug_msgs/include/autoware_auto_debug_msgs/autoware_auto_debug_msgs/msg/detail/float64_stamped__rosidl_typesupport_fastrtps_c.h
[8.391s] -- Symlinking: /root/workspace/vehicle_control_ws/install/autoware_auto_debug_msgs/include/autoware_auto_debug_msgs/autoware_auto_debug_msgs/msg/detail/int32_multi_array_stamped__rosidl_typesupport_fastrtps_c.h
[8.395s] -- Symlinking: /root/workspace/vehicle_control_ws/install/autoware_auto_debug_msgs/include/autoware_auto_debug_msgs/autoware_auto_debug_msgs/msg/detail/int32_stamped__rosidl_typesupport_fastrtps_c.h
[8.399s] -- Symlinking: /root/workspace/vehicle_control_ws/install/autoware_auto_debug_msgs/include/autoware_auto_debug_msgs/autoware_auto_debug_msgs/msg/detail/int64_multi_array_stamped__rosidl_typesupport_fastrtps_c.h
[8.403s] -- Symlinking: /root/workspace/vehicle_control_ws/install/autoware_auto_debug_msgs/include/autoware_auto_debug_msgs/autoware_auto_debug_msgs/msg/detail/int64_stamped__rosidl_typesupport_fastrtps_c.h
[8.408s] -- Symlinking: /root/workspace/vehicle_control_ws/install/autoware_auto_debug_msgs/include/autoware_auto_debug_msgs/autoware_auto_debug_msgs/msg/detail/multi_array_dimension__rosidl_typesupport_fastrtps_c.h
[8.412s] -- Symlinking: /root/workspace/vehicle_control_ws/install/autoware_auto_debug_msgs/include/autoware_auto_debug_msgs/autoware_auto_debug_msgs/msg/detail/multi_array_layout__rosidl_typesupport_fastrtps_c.h
[8.416s] -- Symlinking: /root/workspace/vehicle_control_ws/install/autoware_auto_debug_msgs/include/autoware_auto_debug_msgs/autoware_auto_debug_msgs/msg/detail/string_stamped__rosidl_typesupport_fastrtps_c.h
[8.421s] -- Symlinking: /root/workspace/vehicle_control_ws/install/autoware_auto_debug_msgs/include/autoware_auto_debug_msgs/autoware_auto_debug_msgs/msg/rosidl_typesupport_fastrtps_c__visibility_control.h
[8.425s] -- Symlinking: /root/workspace/vehicle_control_ws/install/autoware_auto_debug_msgs/include/autoware_auto_debug_msgs/autoware_auto_debug_msgs/msg/detail/bool_stamped__rosidl_typesupport_introspection_c.h
[8.430s] -- Symlinking: /root/workspace/vehicle_control_ws/install/autoware_auto_debug_msgs/include/autoware_auto_debug_msgs/autoware_auto_debug_msgs/msg/detail/float32_multi_array_stamped__rosidl_typesupport_introspection_c.h
[8.434s] -- Symlinking: /root/workspace/vehicle_control_ws/install/autoware_auto_debug_msgs/include/autoware_auto_debug_msgs/autoware_auto_debug_msgs/msg/detail/float32_stamped__rosidl_typesupport_introspection_c.h
[8.438s] -- Symlinking: /root/workspace/vehicle_control_ws/install/autoware_auto_debug_msgs/include/autoware_auto_debug_msgs/autoware_auto_debug_msgs/msg/detail/float64_multi_array_stamped__rosidl_typesupport_introspection_c.h
[8.442s] -- Symlinking: /root/workspace/vehicle_control_ws/install/autoware_auto_debug_msgs/include/autoware_auto_debug_msgs/autoware_auto_debug_msgs/msg/detail/float64_stamped__rosidl_typesupport_introspection_c.h
[8.447s] -- Symlinking: /root/workspace/vehicle_control_ws/install/autoware_auto_debug_msgs/include/autoware_auto_debug_msgs/autoware_auto_debug_msgs/msg/detail/int32_multi_array_stamped__rosidl_typesupport_introspection_c.h
[8.451s] -- Symlinking: /root/workspace/vehicle_control_ws/install/autoware_auto_debug_msgs/include/autoware_auto_debug_msgs/autoware_auto_debug_msgs/msg/detail/int32_stamped__rosidl_typesupport_introspection_c.h
[8.455s] -- Symlinking: /root/workspace/vehicle_control_ws/install/autoware_auto_debug_msgs/include/autoware_auto_debug_msgs/autoware_auto_debug_msgs/msg/detail/int64_multi_array_stamped__rosidl_typesupport_introspection_c.h
[8.460s] -- Symlinking: /root/workspace/vehicle_control_ws/install/autoware_auto_debug_msgs/include/autoware_auto_debug_msgs/autoware_auto_debug_msgs/msg/detail/int64_stamped__rosidl_typesupport_introspection_c.h
[8.465s] -- Symlinking: /root/workspace/vehicle_control_ws/install/autoware_auto_debug_msgs/include/autoware_auto_debug_msgs/autoware_auto_debug_msgs/msg/detail/multi_array_dimension__rosidl_typesupport_introspection_c.h
[8.469s] -- Symlinking: /root/workspace/vehicle_control_ws/install/autoware_auto_debug_msgs/include/autoware_auto_debug_msgs/autoware_auto_debug_msgs/msg/detail/multi_array_layout__rosidl_typesupport_introspection_c.h
[8.473s] -- Symlinking: /root/workspace/vehicle_control_ws/install/autoware_auto_debug_msgs/include/autoware_auto_debug_msgs/autoware_auto_debug_msgs/msg/detail/string_stamped__rosidl_typesupport_introspection_c.h
[8.477s] -- Symlinking: /root/workspace/vehicle_control_ws/install/autoware_auto_debug_msgs/include/autoware_auto_debug_msgs/autoware_auto_debug_msgs/msg/rosidl_typesupport_introspection_c__visibility_control.h
[8.482s] -- Symlinking: /root/workspace/vehicle_control_ws/install/autoware_auto_debug_msgs/include/autoware_auto_debug_msgs/autoware_auto_debug_msgs/msg/bool_stamped.hpp
[8.486s] -- Symlinking: /root/workspace/vehicle_control_ws/install/autoware_auto_debug_msgs/include/autoware_auto_debug_msgs/autoware_auto_debug_msgs/msg/detail/bool_stamped__builder.hpp
[8.490s] -- Symlinking: /root/workspace/vehicle_control_ws/install/autoware_auto_debug_msgs/include/autoware_auto_debug_msgs/autoware_auto_debug_msgs/msg/detail/bool_stamped__struct.hpp
[8.495s] -- Symlinking: /root/workspace/vehicle_control_ws/install/autoware_auto_debug_msgs/include/autoware_auto_debug_msgs/autoware_auto_debug_msgs/msg/detail/bool_stamped__traits.hpp
[8.499s] -- Symlinking: /root/workspace/vehicle_control_ws/install/autoware_auto_debug_msgs/include/autoware_auto_debug_msgs/autoware_auto_debug_msgs/msg/detail/bool_stamped__type_support.hpp
[8.503s] -- Symlinking: /root/workspace/vehicle_control_ws/install/autoware_auto_debug_msgs/include/autoware_auto_debug_msgs/autoware_auto_debug_msgs/msg/detail/float32_multi_array_stamped__builder.hpp
[8.508s] -- Symlinking: /root/workspace/vehicle_control_ws/install/autoware_auto_debug_msgs/include/autoware_auto_debug_msgs/autoware_auto_debug_msgs/msg/detail/float32_multi_array_stamped__struct.hpp
[8.511s] -- Symlinking: /root/workspace/vehicle_control_ws/install/autoware_auto_debug_msgs/include/autoware_auto_debug_msgs/autoware_auto_debug_msgs/msg/detail/float32_multi_array_stamped__traits.hpp
[8.516s] -- Symlinking: /root/workspace/vehicle_control_ws/install/autoware_auto_debug_msgs/include/autoware_auto_debug_msgs/autoware_auto_debug_msgs/msg/detail/float32_multi_array_stamped__type_support.hpp
[8.519s] -- Symlinking: /root/workspace/vehicle_control_ws/install/autoware_auto_debug_msgs/include/autoware_auto_debug_msgs/autoware_auto_debug_msgs/msg/detail/float32_stamped__builder.hpp
[8.524s] -- Symlinking: /root/workspace/vehicle_control_ws/install/autoware_auto_debug_msgs/include/autoware_auto_debug_msgs/autoware_auto_debug_msgs/msg/detail/float32_stamped__struct.hpp
[8.528s] -- Symlinking: /root/workspace/vehicle_control_ws/install/autoware_auto_debug_msgs/include/autoware_auto_debug_msgs/autoware_auto_debug_msgs/msg/detail/float32_stamped__traits.hpp
[8.532s] -- Symlinking: /root/workspace/vehicle_control_ws/install/autoware_auto_debug_msgs/include/autoware_auto_debug_msgs/autoware_auto_debug_msgs/msg/detail/float32_stamped__type_support.hpp
[8.537s] -- Symlinking: /root/workspace/vehicle_control_ws/install/autoware_auto_debug_msgs/include/autoware_auto_debug_msgs/autoware_auto_debug_msgs/msg/detail/float64_multi_array_stamped__builder.hpp
[8.541s] -- Symlinking: /root/workspace/vehicle_control_ws/install/autoware_auto_debug_msgs/include/autoware_auto_debug_msgs/autoware_auto_debug_msgs/msg/detail/float64_multi_array_stamped__struct.hpp
[8.545s] -- Symlinking: /root/workspace/vehicle_control_ws/install/autoware_auto_debug_msgs/include/autoware_auto_debug_msgs/autoware_auto_debug_msgs/msg/detail/float64_multi_array_stamped__traits.hpp
[8.550s] -- Symlinking: /root/workspace/vehicle_control_ws/install/autoware_auto_debug_msgs/include/autoware_auto_debug_msgs/autoware_auto_debug_msgs/msg/detail/float64_multi_array_stamped__type_support.hpp
[8.554s] -- Symlinking: /root/workspace/vehicle_control_ws/install/autoware_auto_debug_msgs/include/autoware_auto_debug_msgs/autoware_auto_debug_msgs/msg/detail/float64_stamped__builder.hpp
[8.558s] -- Symlinking: /root/workspace/vehicle_control_ws/install/autoware_auto_debug_msgs/include/autoware_auto_debug_msgs/autoware_auto_debug_msgs/msg/detail/float64_stamped__struct.hpp
[8.562s] -- Symlinking: /root/workspace/vehicle_control_ws/install/autoware_auto_debug_msgs/include/autoware_auto_debug_msgs/autoware_auto_debug_msgs/msg/detail/float64_stamped__traits.hpp
[8.567s] -- Symlinking: /root/workspace/vehicle_control_ws/install/autoware_auto_debug_msgs/include/autoware_auto_debug_msgs/autoware_auto_debug_msgs/msg/detail/float64_stamped__type_support.hpp
[8.572s] -- Symlinking: /root/workspace/vehicle_control_ws/install/autoware_auto_debug_msgs/include/autoware_auto_debug_msgs/autoware_auto_debug_msgs/msg/detail/int32_multi_array_stamped__builder.hpp
[8.576s] -- Symlinking: /root/workspace/vehicle_control_ws/install/autoware_auto_debug_msgs/include/autoware_auto_debug_msgs/autoware_auto_debug_msgs/msg/detail/int32_multi_array_stamped__struct.hpp
[8.580s] -- Symlinking: /root/workspace/vehicle_control_ws/install/autoware_auto_debug_msgs/include/autoware_auto_debug_msgs/autoware_auto_debug_msgs/msg/detail/int32_multi_array_stamped__traits.hpp
[8.585s] -- Symlinking: /root/workspace/vehicle_control_ws/install/autoware_auto_debug_msgs/include/autoware_auto_debug_msgs/autoware_auto_debug_msgs/msg/detail/int32_multi_array_stamped__type_support.hpp
[8.589s] -- Symlinking: /root/workspace/vehicle_control_ws/install/autoware_auto_debug_msgs/include/autoware_auto_debug_msgs/autoware_auto_debug_msgs/msg/detail/int32_stamped__builder.hpp
[8.593s] -- Symlinking: /root/workspace/vehicle_control_ws/install/autoware_auto_debug_msgs/include/autoware_auto_debug_msgs/autoware_auto_debug_msgs/msg/detail/int32_stamped__struct.hpp
[8.597s] -- Symlinking: /root/workspace/vehicle_control_ws/install/autoware_auto_debug_msgs/include/autoware_auto_debug_msgs/autoware_auto_debug_msgs/msg/detail/int32_stamped__traits.hpp
[8.602s] -- Symlinking: /root/workspace/vehicle_control_ws/install/autoware_auto_debug_msgs/include/autoware_auto_debug_msgs/autoware_auto_debug_msgs/msg/detail/int32_stamped__type_support.hpp
[8.607s] -- Symlinking: /root/workspace/vehicle_control_ws/install/autoware_auto_debug_msgs/include/autoware_auto_debug_msgs/autoware_auto_debug_msgs/msg/detail/int64_multi_array_stamped__builder.hpp
[8.611s] -- Symlinking: /root/workspace/vehicle_control_ws/install/autoware_auto_debug_msgs/include/autoware_auto_debug_msgs/autoware_auto_debug_msgs/msg/detail/int64_multi_array_stamped__struct.hpp
[8.615s] -- Symlinking: /root/workspace/vehicle_control_ws/install/autoware_auto_debug_msgs/include/autoware_auto_debug_msgs/autoware_auto_debug_msgs/msg/detail/int64_multi_array_stamped__traits.hpp
[8.619s] -- Symlinking: /root/workspace/vehicle_control_ws/install/autoware_auto_debug_msgs/include/autoware_auto_debug_msgs/autoware_auto_debug_msgs/msg/detail/int64_multi_array_stamped__type_support.hpp
[8.624s] -- Symlinking: /root/workspace/vehicle_control_ws/install/autoware_auto_debug_msgs/include/autoware_auto_debug_msgs/autoware_auto_debug_msgs/msg/detail/int64_stamped__builder.hpp
[8.628s] -- Symlinking: /root/workspace/vehicle_control_ws/install/autoware_auto_debug_msgs/include/autoware_auto_debug_msgs/autoware_auto_debug_msgs/msg/detail/int64_stamped__struct.hpp
[8.633s] -- Symlinking: /root/workspace/vehicle_control_ws/install/autoware_auto_debug_msgs/include/autoware_auto_debug_msgs/autoware_auto_debug_msgs/msg/detail/int64_stamped__traits.hpp
[8.637s] -- Symlinking: /root/workspace/vehicle_control_ws/install/autoware_auto_debug_msgs/include/autoware_auto_debug_msgs/autoware_auto_debug_msgs/msg/detail/int64_stamped__type_support.hpp
[8.642s] -- Symlinking: /root/workspace/vehicle_control_ws/install/autoware_auto_debug_msgs/include/autoware_auto_debug_msgs/autoware_auto_debug_msgs/msg/detail/multi_array_dimension__builder.hpp
[8.646s] -- Symlinking: /root/workspace/vehicle_control_ws/install/autoware_auto_debug_msgs/include/autoware_auto_debug_msgs/autoware_auto_debug_msgs/msg/detail/multi_array_dimension__struct.hpp
[8.650s] -- Symlinking: /root/workspace/vehicle_control_ws/install/autoware_auto_debug_msgs/include/autoware_auto_debug_msgs/autoware_auto_debug_msgs/msg/detail/multi_array_dimension__traits.hpp
[8.655s] -- Symlinking: /root/workspace/vehicle_control_ws/install/autoware_auto_debug_msgs/include/autoware_auto_debug_msgs/autoware_auto_debug_msgs/msg/detail/multi_array_dimension__type_support.hpp
[8.659s] -- Symlinking: /root/workspace/vehicle_control_ws/install/autoware_auto_debug_msgs/include/autoware_auto_debug_msgs/autoware_auto_debug_msgs/msg/detail/multi_array_layout__builder.hpp
[8.663s] -- Symlinking: /root/workspace/vehicle_control_ws/install/autoware_auto_debug_msgs/include/autoware_auto_debug_msgs/autoware_auto_debug_msgs/msg/detail/multi_array_layout__struct.hpp
[8.668s] -- Symlinking: /root/workspace/vehicle_control_ws/install/autoware_auto_debug_msgs/include/autoware_auto_debug_msgs/autoware_auto_debug_msgs/msg/detail/multi_array_layout__traits.hpp
[8.672s] -- Symlinking: /root/workspace/vehicle_control_ws/install/autoware_auto_debug_msgs/include/autoware_auto_debug_msgs/autoware_auto_debug_msgs/msg/detail/multi_array_layout__type_support.hpp
[8.676s] -- Symlinking: /root/workspace/vehicle_control_ws/install/autoware_auto_debug_msgs/include/autoware_auto_debug_msgs/autoware_auto_debug_msgs/msg/detail/string_stamped__builder.hpp
[8.680s] -- Symlinking: /root/workspace/vehicle_control_ws/install/autoware_auto_debug_msgs/include/autoware_auto_debug_msgs/autoware_auto_debug_msgs/msg/detail/string_stamped__struct.hpp
[8.685s] -- Symlinking: /root/workspace/vehicle_control_ws/install/autoware_auto_debug_msgs/include/autoware_auto_debug_msgs/autoware_auto_debug_msgs/msg/detail/string_stamped__traits.hpp
[8.689s] -- Symlinking: /root/workspace/vehicle_control_ws/install/autoware_auto_debug_msgs/include/autoware_auto_debug_msgs/autoware_auto_debug_msgs/msg/detail/string_stamped__type_support.hpp
[8.694s] -- Symlinking: /root/workspace/vehicle_control_ws/install/autoware_auto_debug_msgs/include/autoware_auto_debug_msgs/autoware_auto_debug_msgs/msg/float32_multi_array_stamped.hpp
[8.698s] -- Symlinking: /root/workspace/vehicle_control_ws/install/autoware_auto_debug_msgs/include/autoware_auto_debug_msgs/autoware_auto_debug_msgs/msg/float32_stamped.hpp
[8.701s] -- Symlinking: /root/workspace/vehicle_control_ws/install/autoware_auto_debug_msgs/include/autoware_auto_debug_msgs/autoware_auto_debug_msgs/msg/float64_multi_array_stamped.hpp
[8.705s] -- Symlinking: /root/workspace/vehicle_control_ws/install/autoware_auto_debug_msgs/include/autoware_auto_debug_msgs/autoware_auto_debug_msgs/msg/float64_stamped.hpp
[8.709s] -- Symlinking: /root/workspace/vehicle_control_ws/install/autoware_auto_debug_msgs/include/autoware_auto_debug_msgs/autoware_auto_debug_msgs/msg/int32_multi_array_stamped.hpp
[8.713s] -- Symlinking: /root/workspace/vehicle_control_ws/install/autoware_auto_debug_msgs/include/autoware_auto_debug_msgs/autoware_auto_debug_msgs/msg/int32_stamped.hpp
[8.718s] -- Symlinking: /root/workspace/vehicle_control_ws/install/autoware_auto_debug_msgs/include/autoware_auto_debug_msgs/autoware_auto_debug_msgs/msg/int64_multi_array_stamped.hpp
[8.722s] -- Symlinking: /root/workspace/vehicle_control_ws/install/autoware_auto_debug_msgs/include/autoware_auto_debug_msgs/autoware_auto_debug_msgs/msg/int64_stamped.hpp
[8.728s] -- Symlinking: /root/workspace/vehicle_control_ws/install/autoware_auto_debug_msgs/include/autoware_auto_debug_msgs/autoware_auto_debug_msgs/msg/multi_array_dimension.hpp
[8.733s] -- Symlinking: /root/workspace/vehicle_control_ws/install/autoware_auto_debug_msgs/include/autoware_auto_debug_msgs/autoware_auto_debug_msgs/msg/multi_array_layout.hpp
[8.738s] -- Symlinking: /root/workspace/vehicle_control_ws/install/autoware_auto_debug_msgs/include/autoware_auto_debug_msgs/autoware_auto_debug_msgs/msg/rosidl_generator_cpp__visibility_control.hpp
[8.743s] -- Symlinking: /root/workspace/vehicle_control_ws/install/autoware_auto_debug_msgs/include/autoware_auto_debug_msgs/autoware_auto_debug_msgs/msg/string_stamped.hpp
[8.748s] -- Symlinking: /root/workspace/vehicle_control_ws/install/autoware_auto_debug_msgs/include/autoware_auto_debug_msgs/autoware_auto_debug_msgs/msg/detail/bool_stamped__rosidl_typesupport_fastrtps_cpp.hpp
[8.752s] -- Symlinking: /root/workspace/vehicle_control_ws/install/autoware_auto_debug_msgs/include/autoware_auto_debug_msgs/autoware_auto_debug_msgs/msg/detail/float32_multi_array_stamped__rosidl_typesupport_fastrtps_cpp.hpp
[8.757s] -- Symlinking: /root/workspace/vehicle_control_ws/install/autoware_auto_debug_msgs/include/autoware_auto_debug_msgs/autoware_auto_debug_msgs/msg/detail/float32_stamped__rosidl_typesupport_fastrtps_cpp.hpp
[8.761s] -- Symlinking: /root/workspace/vehicle_control_ws/install/autoware_auto_debug_msgs/include/autoware_auto_debug_msgs/autoware_auto_debug_msgs/msg/detail/float64_multi_array_stamped__rosidl_typesupport_fastrtps_cpp.hpp
[8.765s] -- Symlinking: /root/workspace/vehicle_control_ws/install/autoware_auto_debug_msgs/include/autoware_auto_debug_msgs/autoware_auto_debug_msgs/msg/detail/float64_stamped__rosidl_typesupport_fastrtps_cpp.hpp
[8.769s] -- Symlinking: /root/workspace/vehicle_control_ws/install/autoware_auto_debug_msgs/include/autoware_auto_debug_msgs/autoware_auto_debug_msgs/msg/detail/int32_multi_array_stamped__rosidl_typesupport_fastrtps_cpp.hpp
[8.774s] -- Symlinking: /root/workspace/vehicle_control_ws/install/autoware_auto_debug_msgs/include/autoware_auto_debug_msgs/autoware_auto_debug_msgs/msg/detail/int32_stamped__rosidl_typesupport_fastrtps_cpp.hpp
[8.777s] -- Symlinking: /root/workspace/vehicle_control_ws/install/autoware_auto_debug_msgs/include/autoware_auto_debug_msgs/autoware_auto_debug_msgs/msg/detail/int64_multi_array_stamped__rosidl_typesupport_fastrtps_cpp.hpp
[8.782s] -- Symlinking: /root/workspace/vehicle_control_ws/install/autoware_auto_debug_msgs/include/autoware_auto_debug_msgs/autoware_auto_debug_msgs/msg/detail/int64_stamped__rosidl_typesupport_fastrtps_cpp.hpp
[8.786s] -- Symlinking: /root/workspace/vehicle_control_ws/install/autoware_auto_debug_msgs/include/autoware_auto_debug_msgs/autoware_auto_debug_msgs/msg/detail/multi_array_dimension__rosidl_typesupport_fastrtps_cpp.hpp
[8.791s] -- Symlinking: /root/workspace/vehicle_control_ws/install/autoware_auto_debug_msgs/include/autoware_auto_debug_msgs/autoware_auto_debug_msgs/msg/detail/multi_array_layout__rosidl_typesupport_fastrtps_cpp.hpp
[8.795s] -- Symlinking: /root/workspace/vehicle_control_ws/install/autoware_auto_debug_msgs/include/autoware_auto_debug_msgs/autoware_auto_debug_msgs/msg/detail/string_stamped__rosidl_typesupport_fastrtps_cpp.hpp
[8.799s] -- Symlinking: /root/workspace/vehicle_control_ws/install/autoware_auto_debug_msgs/include/autoware_auto_debug_msgs/autoware_auto_debug_msgs/msg/rosidl_typesupport_fastrtps_cpp__visibility_control.h
[8.804s] -- Symlinking: /root/workspace/vehicle_control_ws/install/autoware_auto_debug_msgs/include/autoware_auto_debug_msgs/autoware_auto_debug_msgs/msg/detail/bool_stamped__rosidl_typesupport_introspection_cpp.hpp
[8.809s] -- Symlinking: /root/workspace/vehicle_control_ws/install/autoware_auto_debug_msgs/include/autoware_auto_debug_msgs/autoware_auto_debug_msgs/msg/detail/float32_multi_array_stamped__rosidl_typesupport_introspection_cpp.hpp
[8.813s] -- Symlinking: /root/workspace/vehicle_control_ws/install/autoware_auto_debug_msgs/include/autoware_auto_debug_msgs/autoware_auto_debug_msgs/msg/detail/float32_stamped__rosidl_typesupport_introspection_cpp.hpp
[8.817s] -- Symlinking: /root/workspace/vehicle_control_ws/install/autoware_auto_debug_msgs/include/autoware_auto_debug_msgs/autoware_auto_debug_msgs/msg/detail/float64_multi_array_stamped__rosidl_typesupport_introspection_cpp.hpp
[8.821s] -- Symlinking: /root/workspace/vehicle_control_ws/install/autoware_auto_debug_msgs/include/autoware_auto_debug_msgs/autoware_auto_debug_msgs/msg/detail/float64_stamped__rosidl_typesupport_introspection_cpp.hpp
[8.825s] -- Symlinking: /root/workspace/vehicle_control_ws/install/autoware_auto_debug_msgs/include/autoware_auto_debug_msgs/autoware_auto_debug_msgs/msg/detail/int32_multi_array_stamped__rosidl_typesupport_introspection_cpp.hpp
[8.829s] -- Symlinking: /root/workspace/vehicle_control_ws/install/autoware_auto_debug_msgs/include/autoware_auto_debug_msgs/autoware_auto_debug_msgs/msg/detail/int32_stamped__rosidl_typesupport_introspection_cpp.hpp
[8.834s] -- Symlinking: /root/workspace/vehicle_control_ws/install/autoware_auto_debug_msgs/include/autoware_auto_debug_msgs/autoware_auto_debug_msgs/msg/detail/int64_multi_array_stamped__rosidl_typesupport_introspection_cpp.hpp
[8.840s] -- Symlinking: /root/workspace/vehicle_control_ws/install/autoware_auto_debug_msgs/include/autoware_auto_debug_msgs/autoware_auto_debug_msgs/msg/detail/int64_stamped__rosidl_typesupport_introspection_cpp.hpp
[8.845s] -- Symlinking: /root/workspace/vehicle_control_ws/install/autoware_auto_debug_msgs/include/autoware_auto_debug_msgs/autoware_auto_debug_msgs/msg/detail/multi_array_dimension__rosidl_typesupport_introspection_cpp.hpp
[8.851s] -- Symlinking: /root/workspace/vehicle_control_ws/install/autoware_auto_debug_msgs/include/autoware_auto_debug_msgs/autoware_auto_debug_msgs/msg/detail/multi_array_layout__rosidl_typesupport_introspection_cpp.hpp
[8.855s] -- Symlinking: /root/workspace/vehicle_control_ws/install/autoware_auto_debug_msgs/include/autoware_auto_debug_msgs/autoware_auto_debug_msgs/msg/detail/string_stamped__rosidl_typesupport_introspection_cpp.hpp
[8.862s] -- Symlinking: /root/workspace/vehicle_control_ws/install/autoware_auto_debug_msgs/share/autoware_auto_debug_msgs/environment/pythonpath.sh
[8.867s] -- Symlinking: /root/workspace/vehicle_control_ws/install/autoware_auto_debug_msgs/share/autoware_auto_debug_msgs/environment/pythonpath.dsv
[8.874s] -- Symlinking: /root/workspace/vehicle_control_ws/install/autoware_auto_debug_msgs/local/lib/python3.10/dist-packages/autoware_auto_debug_msgs-0.1.0-py3.10.egg-info/PKG-INFO
[8.879s] -- Symlinking: /root/workspace/vehicle_control_ws/install/autoware_auto_debug_msgs/local/lib/python3.10/dist-packages/autoware_auto_debug_msgs-0.1.0-py3.10.egg-info/SOURCES.txt
[8.884s] -- Symlinking: /root/workspace/vehicle_control_ws/install/autoware_auto_debug_msgs/local/lib/python3.10/dist-packages/autoware_auto_debug_msgs-0.1.0-py3.10.egg-info/dependency_links.txt
[8.887s] -- Symlinking: /root/workspace/vehicle_control_ws/install/autoware_auto_debug_msgs/local/lib/python3.10/dist-packages/autoware_auto_debug_msgs-0.1.0-py3.10.egg-info/top_level.txt
[8.893s] -- Symlinking: /root/workspace/vehicle_control_ws/install/autoware_auto_debug_msgs/local/lib/python3.10/dist-packages/autoware_auto_debug_msgs/__init__.py
[8.898s] -- Symlinking: /root/workspace/vehicle_control_ws/install/autoware_auto_debug_msgs/local/lib/python3.10/dist-packages/autoware_auto_debug_msgs/_autoware_auto_debug_msgs_s.ep.rosidl_typesupport_c.c
[8.901s] -- Symlinking: /root/workspace/vehicle_control_ws/install/autoware_auto_debug_msgs/local/lib/python3.10/dist-packages/autoware_auto_debug_msgs/_autoware_auto_debug_msgs_s.ep.rosidl_typesupport_fastrtps_c.c
[8.906s] -- Symlinking: /root/workspace/vehicle_control_ws/install/autoware_auto_debug_msgs/local/lib/python3.10/dist-packages/autoware_auto_debug_msgs/_autoware_auto_debug_msgs_s.ep.rosidl_typesupport_introspection_c.c
[8.912s] -- Symlinking: /root/workspace/vehicle_control_ws/install/autoware_auto_debug_msgs/local/lib/python3.10/dist-packages/autoware_auto_debug_msgs/autoware_auto_debug_msgs_s__rosidl_typesupport_c.cpython-310-aarch64-linux-gnu.so
[8.919s] -- Symlinking: /root/workspace/vehicle_control_ws/install/autoware_auto_debug_msgs/local/lib/python3.10/dist-packages/autoware_auto_debug_msgs/autoware_auto_debug_msgs_s__rosidl_typesupport_fastrtps_c.cpython-310-aarch64-linux-gnu.so
[8.927s] -- Symlinking: /root/workspace/vehicle_control_ws/install/autoware_auto_debug_msgs/local/lib/python3.10/dist-packages/autoware_auto_debug_msgs/autoware_auto_debug_msgs_s__rosidl_typesupport_introspection_c.cpython-310-aarch64-linux-gnu.so
[8.932s] -- Symlinking: /root/workspace/vehicle_control_ws/install/autoware_auto_debug_msgs/local/lib/python3.10/dist-packages/autoware_auto_debug_msgs/libautoware_auto_debug_msgs__rosidl_generator_py.so
[8.936s] -- Symlinking: /root/workspace/vehicle_control_ws/install/autoware_auto_debug_msgs/local/lib/python3.10/dist-packages/autoware_auto_debug_msgs/msg/__init__.py
[8.941s] -- Symlinking: /root/workspace/vehicle_control_ws/install/autoware_auto_debug_msgs/local/lib/python3.10/dist-packages/autoware_auto_debug_msgs/msg/_bool_stamped.py
[8.948s] -- Symlinking: /root/workspace/vehicle_control_ws/install/autoware_auto_debug_msgs/local/lib/python3.10/dist-packages/autoware_auto_debug_msgs/msg/_bool_stamped_s.c
[8.952s] -- Symlinking: /root/workspace/vehicle_control_ws/install/autoware_auto_debug_msgs/local/lib/python3.10/dist-packages/autoware_auto_debug_msgs/msg/_float32_multi_array_stamped.py
[8.957s] -- Symlinking: /root/workspace/vehicle_control_ws/install/autoware_auto_debug_msgs/local/lib/python3.10/dist-packages/autoware_auto_debug_msgs/msg/_float32_multi_array_stamped_s.c
[8.965s] -- Symlinking: /root/workspace/vehicle_control_ws/install/autoware_auto_debug_msgs/local/lib/python3.10/dist-packages/autoware_auto_debug_msgs/msg/_float32_stamped.py
[8.969s] -- Symlinking: /root/workspace/vehicle_control_ws/install/autoware_auto_debug_msgs/local/lib/python3.10/dist-packages/autoware_auto_debug_msgs/msg/_float32_stamped_s.c
[8.973s] -- Symlinking: /root/workspace/vehicle_control_ws/install/autoware_auto_debug_msgs/local/lib/python3.10/dist-packages/autoware_auto_debug_msgs/msg/_float64_multi_array_stamped.py
[8.977s] -- Symlinking: /root/workspace/vehicle_control_ws/install/autoware_auto_debug_msgs/local/lib/python3.10/dist-packages/autoware_auto_debug_msgs/msg/_float64_multi_array_stamped_s.c
[8.982s] -- Symlinking: /root/workspace/vehicle_control_ws/install/autoware_auto_debug_msgs/local/lib/python3.10/dist-packages/autoware_auto_debug_msgs/msg/_float64_stamped.py
[8.986s] -- Symlinking: /root/workspace/vehicle_control_ws/install/autoware_auto_debug_msgs/local/lib/python3.10/dist-packages/autoware_auto_debug_msgs/msg/_float64_stamped_s.c
[8.989s] -- Symlinking: /root/workspace/vehicle_control_ws/install/autoware_auto_debug_msgs/local/lib/python3.10/dist-packages/autoware_auto_debug_msgs/msg/_int32_multi_array_stamped.py
[8.994s] -- Symlinking: /root/workspace/vehicle_control_ws/install/autoware_auto_debug_msgs/local/lib/python3.10/dist-packages/autoware_auto_debug_msgs/msg/_int32_multi_array_stamped_s.c
[8.998s] -- Symlinking: /root/workspace/vehicle_control_ws/install/autoware_auto_debug_msgs/local/lib/python3.10/dist-packages/autoware_auto_debug_msgs/msg/_int32_stamped.py
[9.002s] -- Symlinking: /root/workspace/vehicle_control_ws/install/autoware_auto_debug_msgs/local/lib/python3.10/dist-packages/autoware_auto_debug_msgs/msg/_int32_stamped_s.c
[9.006s] -- Symlinking: /root/workspace/vehicle_control_ws/install/autoware_auto_debug_msgs/local/lib/python3.10/dist-packages/autoware_auto_debug_msgs/msg/_int64_multi_array_stamped.py
[9.011s] -- Symlinking: /root/workspace/vehicle_control_ws/install/autoware_auto_debug_msgs/local/lib/python3.10/dist-packages/autoware_auto_debug_msgs/msg/_int64_multi_array_stamped_s.c
[9.014s] -- Symlinking: /root/workspace/vehicle_control_ws/install/autoware_auto_debug_msgs/local/lib/python3.10/dist-packages/autoware_auto_debug_msgs/msg/_int64_stamped.py
[9.018s] -- Symlinking: /root/workspace/vehicle_control_ws/install/autoware_auto_debug_msgs/local/lib/python3.10/dist-packages/autoware_auto_debug_msgs/msg/_int64_stamped_s.c
[9.022s] -- Symlinking: /root/workspace/vehicle_control_ws/install/autoware_auto_debug_msgs/local/lib/python3.10/dist-packages/autoware_auto_debug_msgs/msg/_multi_array_dimension.py
[9.027s] -- Symlinking: /root/workspace/vehicle_control_ws/install/autoware_auto_debug_msgs/local/lib/python3.10/dist-packages/autoware_auto_debug_msgs/msg/_multi_array_dimension_s.c
[9.031s] -- Symlinking: /root/workspace/vehicle_control_ws/install/autoware_auto_debug_msgs/local/lib/python3.10/dist-packages/autoware_auto_debug_msgs/msg/_multi_array_layout.py
[9.035s] -- Symlinking: /root/workspace/vehicle_control_ws/install/autoware_auto_debug_msgs/local/lib/python3.10/dist-packages/autoware_auto_debug_msgs/msg/_multi_array_layout_s.c
[9.041s] -- Symlinking: /root/workspace/vehicle_control_ws/install/autoware_auto_debug_msgs/local/lib/python3.10/dist-packages/autoware_auto_debug_msgs/msg/_string_stamped.py
[9.047s] -- Symlinking: /root/workspace/vehicle_control_ws/install/autoware_auto_debug_msgs/local/lib/python3.10/dist-packages/autoware_auto_debug_msgs/msg/_string_stamped_s.c
[9.050s] -- Up-to-date symlink: /root/workspace/vehicle_control_ws/install/autoware_auto_debug_msgs/local/lib/python3.10/dist-packages/autoware_auto_debug_msgs/autoware_auto_debug_msgs_s__rosidl_typesupport_fastrtps_c.cpython-310-aarch64-linux-gnu.so
[9.050s] -- Up-to-date symlink: /root/workspace/vehicle_control_ws/install/autoware_auto_debug_msgs/local/lib/python3.10/dist-packages/autoware_auto_debug_msgs/autoware_auto_debug_msgs_s__rosidl_typesupport_introspection_c.cpython-310-aarch64-linux-gnu.so
[9.051s] -- Up-to-date symlink: /root/workspace/vehicle_control_ws/install/autoware_auto_debug_msgs/local/lib/python3.10/dist-packages/autoware_auto_debug_msgs/autoware_auto_debug_msgs_s__rosidl_typesupport_c.cpython-310-aarch64-linux-gnu.so
[9.051s] -- Symlinking: /root/workspace/vehicle_control_ws/install/autoware_auto_debug_msgs/share/autoware_auto_debug_msgs/msg/MultiArrayDimension.idl
[9.056s] -- Symlinking: /root/workspace/vehicle_control_ws/install/autoware_auto_debug_msgs/share/autoware_auto_debug_msgs/msg/MultiArrayLayout.idl
[9.060s] -- Symlinking: /root/workspace/vehicle_control_ws/install/autoware_auto_debug_msgs/share/autoware_auto_debug_msgs/msg/BoolStamped.idl
[9.064s] -- Symlinking: /root/workspace/vehicle_control_ws/install/autoware_auto_debug_msgs/share/autoware_auto_debug_msgs/msg/Float32Stamped.idl
[9.068s] -- Symlinking: /root/workspace/vehicle_control_ws/install/autoware_auto_debug_msgs/share/autoware_auto_debug_msgs/msg/Float32MultiArrayStamped.idl
[9.073s] -- Symlinking: /root/workspace/vehicle_control_ws/install/autoware_auto_debug_msgs/share/autoware_auto_debug_msgs/msg/Float64Stamped.idl
[9.077s] -- Symlinking: /root/workspace/vehicle_control_ws/install/autoware_auto_debug_msgs/share/autoware_auto_debug_msgs/msg/Float64MultiArrayStamped.idl
[9.082s] -- Symlinking: /root/workspace/vehicle_control_ws/install/autoware_auto_debug_msgs/share/autoware_auto_debug_msgs/msg/Int32Stamped.idl
[9.087s] -- Symlinking: /root/workspace/vehicle_control_ws/install/autoware_auto_debug_msgs/share/autoware_auto_debug_msgs/msg/Int32MultiArrayStamped.idl
[9.092s] -- Symlinking: /root/workspace/vehicle_control_ws/install/autoware_auto_debug_msgs/share/autoware_auto_debug_msgs/msg/Int64Stamped.idl
[9.102s] -- Symlinking: /root/workspace/vehicle_control_ws/install/autoware_auto_debug_msgs/share/autoware_auto_debug_msgs/msg/Int64MultiArrayStamped.idl
[9.107s] -- Symlinking: /root/workspace/vehicle_control_ws/install/autoware_auto_debug_msgs/share/autoware_auto_debug_msgs/msg/StringStamped.idl
[9.116s] -- Symlinking: /root/workspace/vehicle_control_ws/install/autoware_auto_debug_msgs/share/ament_index/resource_index/package_run_dependencies/autoware_auto_debug_msgs
[9.121s] -- Symlinking: /root/workspace/vehicle_control_ws/install/autoware_auto_debug_msgs/share/ament_index/resource_index/parent_prefix_path/autoware_auto_debug_msgs
[9.126s] -- Symlinking: /root/workspace/vehicle_control_ws/install/autoware_auto_debug_msgs/share/autoware_auto_debug_msgs/environment/ament_prefix_path.sh
[9.131s] -- Symlinking: /root/workspace/vehicle_control_ws/install/autoware_auto_debug_msgs/share/autoware_auto_debug_msgs/environment/ament_prefix_path.dsv
[9.135s] -- Symlinking: /root/workspace/vehicle_control_ws/install/autoware_auto_debug_msgs/share/autoware_auto_debug_msgs/environment/path.sh
[9.143s] -- Symlinking: /root/workspace/vehicle_control_ws/install/autoware_auto_debug_msgs/share/autoware_auto_debug_msgs/environment/path.dsv
[9.148s] -- Symlinking: /root/workspace/vehicle_control_ws/install/autoware_auto_debug_msgs/share/autoware_auto_debug_msgs/local_setup.bash
[9.158s] -- Symlinking: /root/workspace/vehicle_control_ws/install/autoware_auto_debug_msgs/share/autoware_auto_debug_msgs/local_setup.sh
[9.163s] -- Symlinking: /root/workspace/vehicle_control_ws/install/autoware_auto_debug_msgs/share/autoware_auto_debug_msgs/local_setup.zsh
[9.169s] -- Symlinking: /root/workspace/vehicle_control_ws/install/autoware_auto_debug_msgs/share/autoware_auto_debug_msgs/local_setup.dsv
[9.175s] -- Symlinking: /root/workspace/vehicle_control_ws/install/autoware_auto_debug_msgs/share/autoware_auto_debug_msgs/package.dsv
[9.181s] -- Symlinking: /root/workspace/vehicle_control_ws/install/autoware_auto_debug_msgs/share/ament_index/resource_index/packages/autoware_auto_debug_msgs
[9.186s] -- Symlinking: /root/workspace/vehicle_control_ws/install/autoware_auto_debug_msgs/share/autoware_auto_debug_msgs/cmake/rosidl_cmake-extras.cmake
[9.191s] -- Symlinking: /root/workspace/vehicle_control_ws/install/autoware_auto_debug_msgs/share/autoware_auto_debug_msgs/cmake/ament_cmake_export_dependencies-extras.cmake
[9.203s] -- Symlinking: /root/workspace/vehicle_control_ws/install/autoware_auto_debug_msgs/share/autoware_auto_debug_msgs/cmake/ament_cmake_export_include_directories-extras.cmake
[9.207s] -- Symlinking: /root/workspace/vehicle_control_ws/install/autoware_auto_debug_msgs/share/autoware_auto_debug_msgs/cmake/ament_cmake_export_libraries-extras.cmake
[9.211s] -- Symlinking: /root/workspace/vehicle_control_ws/install/autoware_auto_debug_msgs/share/autoware_auto_debug_msgs/cmake/ament_cmake_export_targets-extras.cmake
[9.219s] -- Symlinking: /root/workspace/vehicle_control_ws/install/autoware_auto_debug_msgs/share/autoware_auto_debug_msgs/cmake/rosidl_cmake_export_typesupport_targets-extras.cmake
[9.224s] -- Symlinking: /root/workspace/vehicle_control_ws/install/autoware_auto_debug_msgs/share/autoware_auto_debug_msgs/cmake/rosidl_cmake_export_typesupport_libraries-extras.cmake
[9.228s] -- Symlinking: /root/workspace/vehicle_control_ws/install/autoware_auto_debug_msgs/share/autoware_auto_debug_msgs/cmake/autoware_auto_debug_msgsConfig.cmake
[9.236s] -- Symlinking: /root/workspace/vehicle_control_ws/install/autoware_auto_debug_msgs/share/autoware_auto_debug_msgs/cmake/autoware_auto_debug_msgsConfig-version.cmake
[9.242s] -- Symlinking: /root/workspace/vehicle_control_ws/install/autoware_auto_debug_msgs/share/autoware_auto_debug_msgs/package.xml
[9.248s] -- Installing: /root/workspace/vehicle_control_ws/install/autoware_auto_debug_msgs/lib/libautoware_auto_debug_msgs__rosidl_generator_c.so
[9.248s] -- Set runtime path of "/root/workspace/vehicle_control_ws/install/autoware_auto_debug_msgs/lib/libautoware_auto_debug_msgs__rosidl_generator_c.so" to ""
[9.248s] -- Installing: /root/workspace/vehicle_control_ws/install/autoware_auto_debug_msgs/lib/libautoware_auto_debug_msgs__rosidl_typesupport_fastrtps_c.so
[9.248s] -- Set runtime path of "/root/workspace/vehicle_control_ws/install/autoware_auto_debug_msgs/lib/libautoware_auto_debug_msgs__rosidl_typesupport_fastrtps_c.so" to ""
[9.248s] -- Installing: /root/workspace/vehicle_control_ws/install/autoware_auto_debug_msgs/lib/libautoware_auto_debug_msgs__rosidl_typesupport_introspection_c.so
[9.248s] -- Set runtime path of "/root/workspace/vehicle_control_ws/install/autoware_auto_debug_msgs/lib/libautoware_auto_debug_msgs__rosidl_typesupport_introspection_c.so" to ""
[9.248s] -- Installing: /root/workspace/vehicle_control_ws/install/autoware_auto_debug_msgs/lib/libautoware_auto_debug_msgs__rosidl_typesupport_c.so
[9.248s] -- Set runtime path of "/root/workspace/vehicle_control_ws/install/autoware_auto_debug_msgs/lib/libautoware_auto_debug_msgs__rosidl_typesupport_c.so" to ""
[9.248s] -- Installing: /root/workspace/vehicle_control_ws/install/autoware_auto_debug_msgs/lib/libautoware_auto_debug_msgs__rosidl_typesupport_fastrtps_cpp.so
[9.248s] -- Set runtime path of "/root/workspace/vehicle_control_ws/install/autoware_auto_debug_msgs/lib/libautoware_auto_debug_msgs__rosidl_typesupport_fastrtps_cpp.so" to ""
[9.248s] -- Installing: /root/workspace/vehicle_control_ws/install/autoware_auto_debug_msgs/lib/libautoware_auto_debug_msgs__rosidl_typesupport_introspection_cpp.so
[9.248s] -- Set runtime path of "/root/workspace/vehicle_control_ws/install/autoware_auto_debug_msgs/lib/libautoware_auto_debug_msgs__rosidl_typesupport_introspection_cpp.so" to ""
[9.248s] -- Installing: /root/workspace/vehicle_control_ws/install/autoware_auto_debug_msgs/lib/libautoware_auto_debug_msgs__rosidl_typesupport_cpp.so
[9.248s] -- Set runtime path of "/root/workspace/vehicle_control_ws/install/autoware_auto_debug_msgs/lib/libautoware_auto_debug_msgs__rosidl_typesupport_cpp.so" to ""
[9.281s] Listing '/root/workspace/vehicle_control_ws/install/autoware_auto_debug_msgs/local/lib/python3.10/dist-packages/autoware_auto_debug_msgs'...
[9.282s] Compiling '/root/workspace/vehicle_control_ws/install/autoware_auto_debug_msgs/local/lib/python3.10/dist-packages/autoware_auto_debug_msgs/__init__.py'...
[9.282s] Listing '/root/workspace/vehicle_control_ws/install/autoware_auto_debug_msgs/local/lib/python3.10/dist-packages/autoware_auto_debug_msgs/msg'...
[9.282s] Compiling '/root/workspace/vehicle_control_ws/install/autoware_auto_debug_msgs/local/lib/python3.10/dist-packages/autoware_auto_debug_msgs/msg/__init__.py'...
[9.285s] Compiling '/root/workspace/vehicle_control_ws/install/autoware_auto_debug_msgs/local/lib/python3.10/dist-packages/autoware_auto_debug_msgs/msg/_bool_stamped.py'...
[9.285s] Compiling '/root/workspace/vehicle_control_ws/install/autoware_auto_debug_msgs/local/lib/python3.10/dist-packages/autoware_auto_debug_msgs/msg/_float32_multi_array_stamped.py'...
[9.285s] Compiling '/root/workspace/vehicle_control_ws/install/autoware_auto_debug_msgs/local/lib/python3.10/dist-packages/autoware_auto_debug_msgs/msg/_float32_stamped.py'...
[9.285s] Compiling '/root/workspace/vehicle_control_ws/install/autoware_auto_debug_msgs/local/lib/python3.10/dist-packages/autoware_auto_debug_msgs/msg/_float64_multi_array_stamped.py'...
[9.286s] Compiling '/root/workspace/vehicle_control_ws/install/autoware_auto_debug_msgs/local/lib/python3.10/dist-packages/autoware_auto_debug_msgs/msg/_float64_stamped.py'...
[9.287s] Compiling '/root/workspace/vehicle_control_ws/install/autoware_auto_debug_msgs/local/lib/python3.10/dist-packages/autoware_auto_debug_msgs/msg/_int32_multi_array_stamped.py'...
[9.287s] Compiling '/root/workspace/vehicle_control_ws/install/autoware_auto_debug_msgs/local/lib/python3.10/dist-packages/autoware_auto_debug_msgs/msg/_int32_stamped.py'...
[9.287s] Compiling '/root/workspace/vehicle_control_ws/install/autoware_auto_debug_msgs/local/lib/python3.10/dist-packages/autoware_auto_debug_msgs/msg/_int64_multi_array_stamped.py'...
[9.287s] Compiling '/root/workspace/vehicle_control_ws/install/autoware_auto_debug_msgs/local/lib/python3.10/dist-packages/autoware_auto_debug_msgs/msg/_int64_stamped.py'...
[9.287s] Compiling '/root/workspace/vehicle_control_ws/install/autoware_auto_debug_msgs/local/lib/python3.10/dist-packages/autoware_auto_debug_msgs/msg/_multi_array_dimension.py'...
[9.287s] Compiling '/root/workspace/vehicle_control_ws/install/autoware_auto_debug_msgs/local/lib/python3.10/dist-packages/autoware_auto_debug_msgs/msg/_multi_array_layout.py'...
[9.287s] Compiling '/root/workspace/vehicle_control_ws/install/autoware_auto_debug_msgs/local/lib/python3.10/dist-packages/autoware_auto_debug_msgs/msg/_string_stamped.py'...
[9.287s] -- Installing: /root/workspace/vehicle_control_ws/install/autoware_auto_debug_msgs/lib/libautoware_auto_debug_msgs__rosidl_generator_py.so
[9.287s] -- Set runtime path of "/root/workspace/vehicle_control_ws/install/autoware_auto_debug_msgs/lib/libautoware_auto_debug_msgs__rosidl_generator_py.so" to ""
[9.287s] -- Installing: /root/workspace/vehicle_control_ws/install/autoware_auto_debug_msgs/share/autoware_auto_debug_msgs/cmake/export_autoware_auto_debug_msgs__rosidl_generator_cExport.cmake
[9.287s] -- Installing: /root/workspace/vehicle_control_ws/install/autoware_auto_debug_msgs/share/autoware_auto_debug_msgs/cmake/export_autoware_auto_debug_msgs__rosidl_generator_cExport-noconfig.cmake
[9.287s] -- Installing: /root/workspace/vehicle_control_ws/install/autoware_auto_debug_msgs/share/autoware_auto_debug_msgs/cmake/export_autoware_auto_debug_msgs__rosidl_typesupport_fastrtps_cExport.cmake
[9.287s] -- Installing: /root/workspace/vehicle_control_ws/install/autoware_auto_debug_msgs/share/autoware_auto_debug_msgs/cmake/export_autoware_auto_debug_msgs__rosidl_typesupport_fastrtps_cExport-noconfig.cmake
[9.288s] -- Installing: /root/workspace/vehicle_control_ws/install/autoware_auto_debug_msgs/share/autoware_auto_debug_msgs/cmake/autoware_auto_debug_msgs__rosidl_typesupport_introspection_cExport.cmake
[9.288s] -- Installing: /root/workspace/vehicle_control_ws/install/autoware_auto_debug_msgs/share/autoware_auto_debug_msgs/cmake/autoware_auto_debug_msgs__rosidl_typesupport_introspection_cExport-noconfig.cmake
[9.288s] -- Installing: /root/workspace/vehicle_control_ws/install/autoware_auto_debug_msgs/share/autoware_auto_debug_msgs/cmake/autoware_auto_debug_msgs__rosidl_typesupport_cExport.cmake
[9.288s] -- Installing: /root/workspace/vehicle_control_ws/install/autoware_auto_debug_msgs/share/autoware_auto_debug_msgs/cmake/autoware_auto_debug_msgs__rosidl_typesupport_cExport-noconfig.cmake
[9.290s] -- Installing: /root/workspace/vehicle_control_ws/install/autoware_auto_debug_msgs/share/autoware_auto_debug_msgs/cmake/export_autoware_auto_debug_msgs__rosidl_generator_cppExport.cmake
[9.290s] -- Installing: /root/workspace/vehicle_control_ws/install/autoware_auto_debug_msgs/share/autoware_auto_debug_msgs/cmake/export_autoware_auto_debug_msgs__rosidl_typesupport_fastrtps_cppExport.cmake
[9.291s] -- Installing: /root/workspace/vehicle_control_ws/install/autoware_auto_debug_msgs/share/autoware_auto_debug_msgs/cmake/export_autoware_auto_debug_msgs__rosidl_typesupport_fastrtps_cppExport-noconfig.cmake
[9.291s] -- Installing: /root/workspace/vehicle_control_ws/install/autoware_auto_debug_msgs/share/autoware_auto_debug_msgs/cmake/autoware_auto_debug_msgs__rosidl_typesupport_introspection_cppExport.cmake
[9.291s] -- Installing: /root/workspace/vehicle_control_ws/install/autoware_auto_debug_msgs/share/autoware_auto_debug_msgs/cmake/autoware_auto_debug_msgs__rosidl_typesupport_introspection_cppExport-noconfig.cmake
[9.291s] -- Installing: /root/workspace/vehicle_control_ws/install/autoware_auto_debug_msgs/share/autoware_auto_debug_msgs/cmake/autoware_auto_debug_msgs__rosidl_typesupport_cppExport.cmake
[9.291s] -- Installing: /root/workspace/vehicle_control_ws/install/autoware_auto_debug_msgs/share/autoware_auto_debug_msgs/cmake/autoware_auto_debug_msgs__rosidl_typesupport_cppExport-noconfig.cmake
[9.291s] -- Installing: /root/workspace/vehicle_control_ws/install/autoware_auto_debug_msgs/share/autoware_auto_debug_msgs/cmake/export_autoware_auto_debug_msgs__rosidl_generator_pyExport.cmake
[9.291s] -- Installing: /root/workspace/vehicle_control_ws/install/autoware_auto_debug_msgs/share/autoware_auto_debug_msgs/cmake/export_autoware_auto_debug_msgs__rosidl_generator_pyExport-noconfig.cmake
[9.292s] Invoked command in '/root/workspace/vehicle_control_ws/build/autoware_auto_debug_msgs' returned '0': CMAKE_PREFIX_PATH=${CMAKE_PREFIX_PATH}:/root/workspace/vehicle_control/install/vehicle_control /usr/bin/cmake --install /root/workspace/vehicle_control_ws/build/autoware_auto_debug_msgs
