[0.016s] Invoking command in '/root/workspace/vehicle_control_ws/build/autoware_auto_control_msgs': CMAKE_PREFIX_PATH=${CMAKE_PREFIX_PATH}:/root/workspace/vehicle_control/install/vehicle_control /usr/bin/cmake /root/workspace/vehicle_control_ws/src/autoware_auto_msgs/autoware_auto_control_msgs -DAMENT_CMAKE_SYMLINK_INSTALL=1 -DCMAKE_INSTALL_PREFIX=/root/workspace/vehicle_control_ws/install/autoware_auto_control_msgs
[0.047s] -- The C compiler identification is GNU 11.4.0
[0.098s] -- The CXX compiler identification is GNU 11.4.0
[0.101s] -- Detecting C compiler ABI info
[0.148s] -- Detecting C compiler ABI info - done
[0.162s] -- Check for working C compiler: /usr/bin/cc - skipped
[0.162s] -- Detecting C compile features
[0.162s] -- Detecting C compile features - done
[0.163s] -- Detecting CXX compiler ABI info
[0.212s] -- Detecting CXX compiler ABI info - done
[0.217s] -- Check for working CXX compiler: /usr/bin/c++ - skipped
[0.218s] -- Detecting CXX compile features
[0.218s] -- Detecting CXX compile features - done
[0.219s] -- Found ament_cmake_auto: 1.3.11 (/opt/ros/humble/share/ament_cmake_auto/cmake)
[0.310s] -- Found Python3: /usr/bin/python3 (found version "3.10.12") found components: Interpreter 
[0.349s] -- Override CMake install command with custom implementation using symlinks instead of copying resources
[0.431s] -- Using all available rosidl_typesupport_c: rosidl_typesupport_fastrtps_c;rosidl_typesupport_introspection_c
[0.437s] -- Found rosidl_adapter: 3.1.6 (/opt/ros/humble/share/rosidl_adapter/cmake)
[0.473s] -- Using all available rosidl_typesupport_cpp: rosidl_typesupport_fastrtps_cpp;rosidl_typesupport_introspection_cpp
[0.559s] -- Found ament_cmake_cppcheck: 0.12.11 (/opt/ros/humble/share/ament_cmake_cppcheck/cmake)
[0.563s] -- Found ament_cmake_cpplint: 0.12.11 (/opt/ros/humble/share/ament_cmake_cpplint/cmake)
[0.566s] -- Found ament_cmake_uncrustify: 0.12.11 (/opt/ros/humble/share/ament_cmake_uncrustify/cmake)
[0.568s] -- Found ament_cmake_ros: 0.10.0 (/opt/ros/humble/share/ament_cmake_ros/cmake)
[0.697s] -- Using all available rosidl_typesupport_c: rosidl_typesupport_fastrtps_c;rosidl_typesupport_introspection_c
[0.847s] -- Using all available rosidl_typesupport_cpp: rosidl_typesupport_fastrtps_cpp;rosidl_typesupport_introspection_cpp
[0.864s] -- Found PythonInterp: /usr/bin/python3 (found suitable version "3.10.12", minimum required is "3.6") 
[0.864s] -- Found python_cmake_module: 0.10.0 (/opt/ros/humble/share/python_cmake_module/cmake)
[0.878s] -- Found PythonLibs: /usr/lib/aarch64-linux-gnu/libpython3.10.so (found suitable version "3.10.12", minimum required is "3.5") 
[0.878s] -- Using PYTHON_EXECUTABLE: /usr/bin/python3
[0.878s] -- Using PYTHON_INCLUDE_DIRS: /usr/include/python3.10
[0.878s] -- Using PYTHON_LIBRARIES: /usr/lib/aarch64-linux-gnu/libpython3.10.so
[0.891s] -- Found PythonExtra: .so  
[0.916s] -- Found ament_cmake_flake8: 0.12.11 (/opt/ros/humble/share/ament_cmake_flake8/cmake)
[0.922s] -- Found ament_cmake_pep257: 0.12.11 (/opt/ros/humble/share/ament_cmake_pep257/cmake)
[0.922s] -- Found ament_lint_auto: 0.12.11 (/opt/ros/humble/share/ament_lint_auto/cmake)
[0.937s] -- Added test 'copyright' to check source files copyright and LICENSE
[0.937s] -- Added test 'lint_cmake' to check CMake code style
[0.942s] -- Added test 'xmllint' to check XML markup files
[0.942s] -- Configuring done
[0.965s] -- Generating done
[0.971s] -- Build files have been written to: /root/workspace/vehicle_control_ws/build/autoware_auto_control_msgs
[0.978s] Invoked command in '/root/workspace/vehicle_control_ws/build/autoware_auto_control_msgs' returned '0': CMAKE_PREFIX_PATH=${CMAKE_PREFIX_PATH}:/root/workspace/vehicle_control/install/vehicle_control /usr/bin/cmake /root/workspace/vehicle_control_ws/src/autoware_auto_msgs/autoware_auto_control_msgs -DAMENT_CMAKE_SYMLINK_INSTALL=1 -DCMAKE_INSTALL_PREFIX=/root/workspace/vehicle_control_ws/install/autoware_auto_control_msgs
[0.979s] Invoking command in '/root/workspace/vehicle_control_ws/build/autoware_auto_control_msgs': CMAKE_PREFIX_PATH=${CMAKE_PREFIX_PATH}:/root/workspace/vehicle_control/install/vehicle_control /usr/bin/cmake --build /root/workspace/vehicle_control_ws/build/autoware_auto_control_msgs -- -j10 -l10
[1.005s] [  1%] [34m[1mGenerating C code for ROS interfaces[0m
[1.011s] [  3%] [34m[1mGenerating C++ code for ROS interfaces[0m
[1.013s] [  3%] Built target ament_cmake_python_symlink_autoware_auto_control_msgs
[1.135s] running egg_info
[1.136s] creating autoware_auto_control_msgs.egg-info
[1.136s] writing autoware_auto_control_msgs.egg-info/PKG-INFO
[1.136s] writing dependency_links to autoware_auto_control_msgs.egg-info/dependency_links.txt
[1.137s] writing top-level names to autoware_auto_control_msgs.egg-info/top_level.txt
[1.137s] writing manifest file 'autoware_auto_control_msgs.egg-info/SOURCES.txt'
[1.141s] reading manifest file 'autoware_auto_control_msgs.egg-info/SOURCES.txt'
[1.141s] writing manifest file 'autoware_auto_control_msgs.egg-info/SOURCES.txt'
[1.181s] [  3%] Built target ament_cmake_python_build_autoware_auto_control_msgs_egg
[1.476s] [  7%] [32mBuilding C object CMakeFiles/autoware_auto_control_msgs__rosidl_generator_c.dir/rosidl_generator_c/autoware_auto_control_msgs/msg/detail/ackermann_control_command__functions.c.o[0m
[1.476s] [  7%] [32mBuilding C object CMakeFiles/autoware_auto_control_msgs__rosidl_generator_c.dir/rosidl_generator_c/autoware_auto_control_msgs/msg/detail/high_level_control_command__functions.c.o[0m
[1.476s] [  9%] [32mBuilding C object CMakeFiles/autoware_auto_control_msgs__rosidl_generator_c.dir/rosidl_generator_c/autoware_auto_control_msgs/msg/detail/longitudinal_command__functions.c.o[0m
[1.478s] [ 10%] [32mBuilding C object CMakeFiles/autoware_auto_control_msgs__rosidl_generator_c.dir/rosidl_generator_c/autoware_auto_control_msgs/msg/detail/ackermann_lateral_command__functions.c.o[0m
[1.527s] [ 10%] Built target autoware_auto_control_msgs__cpp
[1.570s] [ 14%] [34m[1mGenerating C++ type support for eProsima Fast-RTPS[0m
[1.570s] [ 14%] [34m[1mGenerating C++ type support dispatch for ROS interfaces[0m
[1.570s] [ 16%] [34m[1mGenerating C++ introspection for ROS interfaces[0m
[1.604s] [ 18%] [32m[1mLinking C shared library libautoware_auto_control_msgs__rosidl_generator_c.so[0m
[1.674s] [ 18%] Built target autoware_auto_control_msgs__rosidl_generator_c
[1.684s] [ 20%] [34m[1mGenerating C type support for eProsima Fast-RTPS[0m
[1.690s] [ 21%] [34m[1mGenerating C type support dispatch for ROS interfaces[0m
[1.691s] [ 23%] [34m[1mGenerating C introspection for ROS interfaces[0m
[2.073s] [ 25%] [32mBuilding CXX object CMakeFiles/autoware_auto_control_msgs__rosidl_typesupport_cpp.dir/rosidl_typesupport_cpp/autoware_auto_control_msgs/msg/ackermann_control_command__type_support.cpp.o[0m
[2.074s] [ 27%] [32mBuilding CXX object CMakeFiles/autoware_auto_control_msgs__rosidl_typesupport_cpp.dir/rosidl_typesupport_cpp/autoware_auto_control_msgs/msg/ackermann_lateral_command__type_support.cpp.o[0m
[2.086s] [ 29%] [32mBuilding CXX object CMakeFiles/autoware_auto_control_msgs__rosidl_typesupport_cpp.dir/rosidl_typesupport_cpp/autoware_auto_control_msgs/msg/high_level_control_command__type_support.cpp.o[0m
[2.088s] [ 30%] [32mBuilding CXX object CMakeFiles/autoware_auto_control_msgs__rosidl_typesupport_cpp.dir/rosidl_typesupport_cpp/autoware_auto_control_msgs/msg/longitudinal_command__type_support.cpp.o[0m
[2.684s] [ 32%] [32mBuilding CXX object CMakeFiles/autoware_auto_control_msgs__rosidl_typesupport_introspection_cpp.dir/rosidl_typesupport_introspection_cpp/autoware_auto_control_msgs/msg/detail/ackermann_control_command__type_support.cpp.o[0m
[2.721s] [ 34%] [32mBuilding CXX object CMakeFiles/autoware_auto_control_msgs__rosidl_typesupport_introspection_cpp.dir/rosidl_typesupport_introspection_cpp/autoware_auto_control_msgs/msg/detail/ackermann_lateral_command__type_support.cpp.o[0m
[2.726s] [ 36%] [32mBuilding CXX object CMakeFiles/autoware_auto_control_msgs__rosidl_typesupport_introspection_cpp.dir/rosidl_typesupport_introspection_cpp/autoware_auto_control_msgs/msg/detail/high_level_control_command__type_support.cpp.o[0m
[2.746s] [ 38%] [32mBuilding CXX object CMakeFiles/autoware_auto_control_msgs__rosidl_typesupport_fastrtps_cpp.dir/rosidl_typesupport_fastrtps_cpp/autoware_auto_control_msgs/msg/detail/dds_fastrtps/ackermann_control_command__type_support.cpp.o[0m
[2.785s] [ 40%] [32mBuilding CXX object CMakeFiles/autoware_auto_control_msgs__rosidl_typesupport_introspection_cpp.dir/rosidl_typesupport_introspection_cpp/autoware_auto_control_msgs/msg/detail/longitudinal_command__type_support.cpp.o[0m
[2.920s] [ 41%] [32mBuilding C object CMakeFiles/autoware_auto_control_msgs__rosidl_typesupport_introspection_c.dir/rosidl_typesupport_introspection_c/autoware_auto_control_msgs/msg/detail/ackermann_control_command__type_support.c.o[0m
[2.961s] [ 43%] [32mBuilding CXX object CMakeFiles/autoware_auto_control_msgs__rosidl_typesupport_fastrtps_cpp.dir/rosidl_typesupport_fastrtps_cpp/autoware_auto_control_msgs/msg/detail/dds_fastrtps/ackermann_lateral_command__type_support.cpp.o[0m
[2.986s] [ 45%] [32m[1mLinking CXX shared library libautoware_auto_control_msgs__rosidl_typesupport_cpp.so[0m
[3.087s] [ 47%] [32mBuilding C object CMakeFiles/autoware_auto_control_msgs__rosidl_typesupport_introspection_c.dir/rosidl_typesupport_introspection_c/autoware_auto_control_msgs/msg/detail/ackermann_lateral_command__type_support.c.o[0m
[3.118s] [ 49%] [32mBuilding CXX object CMakeFiles/autoware_auto_control_msgs__rosidl_typesupport_c.dir/rosidl_typesupport_c/autoware_auto_control_msgs/msg/ackermann_control_command__type_support.cpp.o[0m
[3.132s] [ 49%] Built target autoware_auto_control_msgs__rosidl_typesupport_cpp
[3.165s] [ 50%] [32mBuilding CXX object CMakeFiles/autoware_auto_control_msgs__rosidl_typesupport_c.dir/rosidl_typesupport_c/autoware_auto_control_msgs/msg/ackermann_lateral_command__type_support.cpp.o[0m
[3.194s] [ 52%] [32mBuilding CXX object CMakeFiles/autoware_auto_control_msgs__rosidl_typesupport_c.dir/rosidl_typesupport_c/autoware_auto_control_msgs/msg/high_level_control_command__type_support.cpp.o[0m
[3.239s] [ 54%] [32mBuilding C object CMakeFiles/autoware_auto_control_msgs__rosidl_typesupport_introspection_c.dir/rosidl_typesupport_introspection_c/autoware_auto_control_msgs/msg/detail/high_level_control_command__type_support.c.o[0m
[3.242s] [ 56%] [32mBuilding CXX object CMakeFiles/autoware_auto_control_msgs__rosidl_typesupport_c.dir/rosidl_typesupport_c/autoware_auto_control_msgs/msg/longitudinal_command__type_support.cpp.o[0m
[3.295s] [ 58%] [32mBuilding CXX object CMakeFiles/autoware_auto_control_msgs__rosidl_typesupport_fastrtps_cpp.dir/rosidl_typesupport_fastrtps_cpp/autoware_auto_control_msgs/msg/detail/dds_fastrtps/high_level_control_command__type_support.cpp.o[0m
[3.313s] [ 60%] [32mBuilding C object CMakeFiles/autoware_auto_control_msgs__rosidl_typesupport_introspection_c.dir/rosidl_typesupport_introspection_c/autoware_auto_control_msgs/msg/detail/longitudinal_command__type_support.c.o[0m
[3.383s] [ 61%] [32m[1mLinking CXX shared library libautoware_auto_control_msgs__rosidl_typesupport_c.so[0m
[3.437s] [ 63%] [32mBuilding CXX object CMakeFiles/autoware_auto_control_msgs__rosidl_typesupport_fastrtps_cpp.dir/rosidl_typesupport_fastrtps_cpp/autoware_auto_control_msgs/msg/detail/dds_fastrtps/longitudinal_command__type_support.cpp.o[0m
[3.565s] [ 65%] [32m[1mLinking C shared library libautoware_auto_control_msgs__rosidl_typesupport_introspection_c.so[0m
[3.590s] [ 65%] Built target autoware_auto_control_msgs__rosidl_typesupport_c
[3.701s] [ 65%] Built target autoware_auto_control_msgs__rosidl_typesupport_introspection_c
[3.701s] [ 67%] [32mBuilding CXX object CMakeFiles/autoware_auto_control_msgs__rosidl_typesupport_fastrtps_c.dir/rosidl_typesupport_fastrtps_c/autoware_auto_control_msgs/msg/detail/high_level_control_command__type_support_c.cpp.o[0m
[3.701s] [ 69%] [32mBuilding CXX object CMakeFiles/autoware_auto_control_msgs__rosidl_typesupport_fastrtps_c.dir/rosidl_typesupport_fastrtps_c/autoware_auto_control_msgs/msg/detail/ackermann_control_command__type_support_c.cpp.o[0m
[3.701s] [ 70%] [32mBuilding CXX object CMakeFiles/autoware_auto_control_msgs__rosidl_typesupport_fastrtps_c.dir/rosidl_typesupport_fastrtps_c/autoware_auto_control_msgs/msg/detail/ackermann_lateral_command__type_support_c.cpp.o[0m
[3.701s] [ 72%] [32mBuilding CXX object CMakeFiles/autoware_auto_control_msgs__rosidl_typesupport_fastrtps_c.dir/rosidl_typesupport_fastrtps_c/autoware_auto_control_msgs/msg/detail/longitudinal_command__type_support_c.cpp.o[0m
[4.373s] [ 74%] [32m[1mLinking CXX shared library libautoware_auto_control_msgs__rosidl_typesupport_introspection_cpp.so[0m
[4.520s] [ 76%] [32m[1mLinking CXX shared library libautoware_auto_control_msgs__rosidl_typesupport_fastrtps_c.so[0m
[4.539s] [ 76%] Built target autoware_auto_control_msgs__rosidl_typesupport_introspection_cpp
[4.681s] [ 76%] Built target autoware_auto_control_msgs__rosidl_typesupport_fastrtps_c
[4.725s] [ 78%] [32m[1mLinking CXX shared library libautoware_auto_control_msgs__rosidl_typesupport_fastrtps_cpp.so[0m
[4.827s] [ 78%] Built target autoware_auto_control_msgs__rosidl_typesupport_fastrtps_cpp
[4.855s] [ 78%] Built target autoware_auto_control_msgs
[4.880s] [ 80%] [34m[1mGenerating Python code for ROS interfaces[0m
[6.307s] [ 80%] Built target autoware_auto_control_msgs__py
[6.345s] [ 81%] [32mBuilding C object CMakeFiles/autoware_auto_control_msgs__rosidl_generator_py.dir/rosidl_generator_py/autoware_auto_control_msgs/msg/_ackermann_control_command_s.c.o[0m
[6.350s] [ 83%] [32mBuilding C object CMakeFiles/autoware_auto_control_msgs__rosidl_generator_py.dir/rosidl_generator_py/autoware_auto_control_msgs/msg/_ackermann_lateral_command_s.c.o[0m
[6.350s] [ 85%] [32mBuilding C object CMakeFiles/autoware_auto_control_msgs__rosidl_generator_py.dir/rosidl_generator_py/autoware_auto_control_msgs/msg/_high_level_control_command_s.c.o[0m
[6.357s] [ 87%] [32mBuilding C object CMakeFiles/autoware_auto_control_msgs__rosidl_generator_py.dir/rosidl_generator_py/autoware_auto_control_msgs/msg/_longitudinal_command_s.c.o[0m
[6.533s] [ 89%] [32m[1mLinking C shared library rosidl_generator_py/autoware_auto_control_msgs/libautoware_auto_control_msgs__rosidl_generator_py.so[0m
[6.585s] [ 89%] Built target autoware_auto_control_msgs__rosidl_generator_py
[6.628s] [ 90%] [32mBuilding C object CMakeFiles/autoware_auto_control_msgs__rosidl_typesupport_introspection_c__pyext.dir/rosidl_generator_py/autoware_auto_control_msgs/_autoware_auto_control_msgs_s.ep.rosidl_typesupport_introspection_c.c.o[0m
[6.628s] [ 92%] [32mBuilding C object CMakeFiles/autoware_auto_control_msgs__rosidl_typesupport_c__pyext.dir/rosidl_generator_py/autoware_auto_control_msgs/_autoware_auto_control_msgs_s.ep.rosidl_typesupport_c.c.o[0m
[6.657s] [ 94%] [32mBuilding C object CMakeFiles/autoware_auto_control_msgs__rosidl_typesupport_fastrtps_c__pyext.dir/rosidl_generator_py/autoware_auto_control_msgs/_autoware_auto_control_msgs_s.ep.rosidl_typesupport_fastrtps_c.c.o[0m
[6.737s] [ 96%] [32m[1mLinking C shared library rosidl_generator_py/autoware_auto_control_msgs/autoware_auto_control_msgs_s__rosidl_typesupport_introspection_c.cpython-310-aarch64-linux-gnu.so[0m
[6.768s] [ 98%] [32m[1mLinking C shared library rosidl_generator_py/autoware_auto_control_msgs/autoware_auto_control_msgs_s__rosidl_typesupport_c.cpython-310-aarch64-linux-gnu.so[0m
[6.797s] [ 98%] Built target autoware_auto_control_msgs__rosidl_typesupport_introspection_c__pyext
[6.803s] [100%] [32m[1mLinking C shared library rosidl_generator_py/autoware_auto_control_msgs/autoware_auto_control_msgs_s__rosidl_typesupport_fastrtps_c.cpython-310-aarch64-linux-gnu.so[0m
[6.823s] [100%] Built target autoware_auto_control_msgs__rosidl_typesupport_c__pyext
[6.828s] [100%] Built target autoware_auto_control_msgs__rosidl_typesupport_fastrtps_c__pyext
[6.850s] Invoked command in '/root/workspace/vehicle_control_ws/build/autoware_auto_control_msgs' returned '0': CMAKE_PREFIX_PATH=${CMAKE_PREFIX_PATH}:/root/workspace/vehicle_control/install/vehicle_control /usr/bin/cmake --build /root/workspace/vehicle_control_ws/build/autoware_auto_control_msgs -- -j10 -l10
[6.850s] Invoking command in '/root/workspace/vehicle_control_ws/build/autoware_auto_control_msgs': CMAKE_PREFIX_PATH=${CMAKE_PREFIX_PATH}:/root/workspace/vehicle_control/install/vehicle_control /usr/bin/cmake --install /root/workspace/vehicle_control_ws/build/autoware_auto_control_msgs
[6.860s] -- Install configuration: ""
[6.860s] -- Execute custom install script
[6.862s] -- Symlinking: /root/workspace/vehicle_control_ws/install/autoware_auto_control_msgs/share/ament_index/resource_index/rosidl_interfaces/autoware_auto_control_msgs
[6.874s] -- Symlinking: /root/workspace/vehicle_control_ws/install/autoware_auto_control_msgs/include/autoware_auto_control_msgs/autoware_auto_control_msgs/msg/ackermann_control_command.h
[6.884s] -- Symlinking: /root/workspace/vehicle_control_ws/install/autoware_auto_control_msgs/include/autoware_auto_control_msgs/autoware_auto_control_msgs/msg/ackermann_lateral_command.h
[6.891s] -- Symlinking: /root/workspace/vehicle_control_ws/install/autoware_auto_control_msgs/include/autoware_auto_control_msgs/autoware_auto_control_msgs/msg/detail/ackermann_control_command__functions.h
[6.896s] -- Symlinking: /root/workspace/vehicle_control_ws/install/autoware_auto_control_msgs/include/autoware_auto_control_msgs/autoware_auto_control_msgs/msg/detail/ackermann_control_command__struct.h
[6.902s] -- Symlinking: /root/workspace/vehicle_control_ws/install/autoware_auto_control_msgs/include/autoware_auto_control_msgs/autoware_auto_control_msgs/msg/detail/ackermann_control_command__type_support.h
[6.908s] -- Symlinking: /root/workspace/vehicle_control_ws/install/autoware_auto_control_msgs/include/autoware_auto_control_msgs/autoware_auto_control_msgs/msg/detail/ackermann_lateral_command__functions.h
[6.915s] -- Symlinking: /root/workspace/vehicle_control_ws/install/autoware_auto_control_msgs/include/autoware_auto_control_msgs/autoware_auto_control_msgs/msg/detail/ackermann_lateral_command__struct.h
[6.923s] -- Symlinking: /root/workspace/vehicle_control_ws/install/autoware_auto_control_msgs/include/autoware_auto_control_msgs/autoware_auto_control_msgs/msg/detail/ackermann_lateral_command__type_support.h
[6.927s] -- Symlinking: /root/workspace/vehicle_control_ws/install/autoware_auto_control_msgs/include/autoware_auto_control_msgs/autoware_auto_control_msgs/msg/detail/high_level_control_command__functions.h
[6.934s] -- Symlinking: /root/workspace/vehicle_control_ws/install/autoware_auto_control_msgs/include/autoware_auto_control_msgs/autoware_auto_control_msgs/msg/detail/high_level_control_command__struct.h
[6.940s] -- Symlinking: /root/workspace/vehicle_control_ws/install/autoware_auto_control_msgs/include/autoware_auto_control_msgs/autoware_auto_control_msgs/msg/detail/high_level_control_command__type_support.h
[6.946s] -- Symlinking: /root/workspace/vehicle_control_ws/install/autoware_auto_control_msgs/include/autoware_auto_control_msgs/autoware_auto_control_msgs/msg/detail/longitudinal_command__functions.h
[6.955s] -- Symlinking: /root/workspace/vehicle_control_ws/install/autoware_auto_control_msgs/include/autoware_auto_control_msgs/autoware_auto_control_msgs/msg/detail/longitudinal_command__struct.h
[6.966s] -- Symlinking: /root/workspace/vehicle_control_ws/install/autoware_auto_control_msgs/include/autoware_auto_control_msgs/autoware_auto_control_msgs/msg/detail/longitudinal_command__type_support.h
[6.971s] -- Symlinking: /root/workspace/vehicle_control_ws/install/autoware_auto_control_msgs/include/autoware_auto_control_msgs/autoware_auto_control_msgs/msg/high_level_control_command.h
[6.976s] -- Symlinking: /root/workspace/vehicle_control_ws/install/autoware_auto_control_msgs/include/autoware_auto_control_msgs/autoware_auto_control_msgs/msg/longitudinal_command.h
[6.980s] -- Symlinking: /root/workspace/vehicle_control_ws/install/autoware_auto_control_msgs/include/autoware_auto_control_msgs/autoware_auto_control_msgs/msg/rosidl_generator_c__visibility_control.h
[6.985s] -- Symlinking: /root/workspace/vehicle_control_ws/install/autoware_auto_control_msgs/share/autoware_auto_control_msgs/environment/library_path.sh
[6.990s] -- Symlinking: /root/workspace/vehicle_control_ws/install/autoware_auto_control_msgs/share/autoware_auto_control_msgs/environment/library_path.dsv
[6.995s] -- Symlinking: /root/workspace/vehicle_control_ws/install/autoware_auto_control_msgs/include/autoware_auto_control_msgs/autoware_auto_control_msgs/msg/detail/ackermann_control_command__rosidl_typesupport_fastrtps_c.h
[6.999s] -- Symlinking: /root/workspace/vehicle_control_ws/install/autoware_auto_control_msgs/include/autoware_auto_control_msgs/autoware_auto_control_msgs/msg/detail/ackermann_lateral_command__rosidl_typesupport_fastrtps_c.h
[7.004s] -- Symlinking: /root/workspace/vehicle_control_ws/install/autoware_auto_control_msgs/include/autoware_auto_control_msgs/autoware_auto_control_msgs/msg/detail/high_level_control_command__rosidl_typesupport_fastrtps_c.h
[7.012s] -- Symlinking: /root/workspace/vehicle_control_ws/install/autoware_auto_control_msgs/include/autoware_auto_control_msgs/autoware_auto_control_msgs/msg/detail/longitudinal_command__rosidl_typesupport_fastrtps_c.h
[7.013s] -- Symlinking: /root/workspace/vehicle_control_ws/install/autoware_auto_control_msgs/include/autoware_auto_control_msgs/autoware_auto_control_msgs/msg/rosidl_typesupport_fastrtps_c__visibility_control.h
[7.018s] -- Symlinking: /root/workspace/vehicle_control_ws/install/autoware_auto_control_msgs/include/autoware_auto_control_msgs/autoware_auto_control_msgs/msg/detail/ackermann_control_command__rosidl_typesupport_introspection_c.h
[7.025s] -- Symlinking: /root/workspace/vehicle_control_ws/install/autoware_auto_control_msgs/include/autoware_auto_control_msgs/autoware_auto_control_msgs/msg/detail/ackermann_lateral_command__rosidl_typesupport_introspection_c.h
[7.028s] -- Symlinking: /root/workspace/vehicle_control_ws/install/autoware_auto_control_msgs/include/autoware_auto_control_msgs/autoware_auto_control_msgs/msg/detail/high_level_control_command__rosidl_typesupport_introspection_c.h
[7.032s] -- Symlinking: /root/workspace/vehicle_control_ws/install/autoware_auto_control_msgs/include/autoware_auto_control_msgs/autoware_auto_control_msgs/msg/detail/longitudinal_command__rosidl_typesupport_introspection_c.h
[7.037s] -- Symlinking: /root/workspace/vehicle_control_ws/install/autoware_auto_control_msgs/include/autoware_auto_control_msgs/autoware_auto_control_msgs/msg/rosidl_typesupport_introspection_c__visibility_control.h
[7.042s] -- Symlinking: /root/workspace/vehicle_control_ws/install/autoware_auto_control_msgs/include/autoware_auto_control_msgs/autoware_auto_control_msgs/msg/ackermann_control_command.hpp
[7.046s] -- Symlinking: /root/workspace/vehicle_control_ws/install/autoware_auto_control_msgs/include/autoware_auto_control_msgs/autoware_auto_control_msgs/msg/ackermann_lateral_command.hpp
[7.051s] -- Symlinking: /root/workspace/vehicle_control_ws/install/autoware_auto_control_msgs/include/autoware_auto_control_msgs/autoware_auto_control_msgs/msg/detail/ackermann_control_command__builder.hpp
[7.056s] -- Symlinking: /root/workspace/vehicle_control_ws/install/autoware_auto_control_msgs/include/autoware_auto_control_msgs/autoware_auto_control_msgs/msg/detail/ackermann_control_command__struct.hpp
[7.061s] -- Symlinking: /root/workspace/vehicle_control_ws/install/autoware_auto_control_msgs/include/autoware_auto_control_msgs/autoware_auto_control_msgs/msg/detail/ackermann_control_command__traits.hpp
[7.066s] -- Symlinking: /root/workspace/vehicle_control_ws/install/autoware_auto_control_msgs/include/autoware_auto_control_msgs/autoware_auto_control_msgs/msg/detail/ackermann_control_command__type_support.hpp
[7.070s] -- Symlinking: /root/workspace/vehicle_control_ws/install/autoware_auto_control_msgs/include/autoware_auto_control_msgs/autoware_auto_control_msgs/msg/detail/ackermann_lateral_command__builder.hpp
[7.075s] -- Symlinking: /root/workspace/vehicle_control_ws/install/autoware_auto_control_msgs/include/autoware_auto_control_msgs/autoware_auto_control_msgs/msg/detail/ackermann_lateral_command__struct.hpp
[7.079s] -- Symlinking: /root/workspace/vehicle_control_ws/install/autoware_auto_control_msgs/include/autoware_auto_control_msgs/autoware_auto_control_msgs/msg/detail/ackermann_lateral_command__traits.hpp
[7.083s] -- Symlinking: /root/workspace/vehicle_control_ws/install/autoware_auto_control_msgs/include/autoware_auto_control_msgs/autoware_auto_control_msgs/msg/detail/ackermann_lateral_command__type_support.hpp
[7.088s] -- Symlinking: /root/workspace/vehicle_control_ws/install/autoware_auto_control_msgs/include/autoware_auto_control_msgs/autoware_auto_control_msgs/msg/detail/high_level_control_command__builder.hpp
[7.092s] -- Symlinking: /root/workspace/vehicle_control_ws/install/autoware_auto_control_msgs/include/autoware_auto_control_msgs/autoware_auto_control_msgs/msg/detail/high_level_control_command__struct.hpp
[7.096s] -- Symlinking: /root/workspace/vehicle_control_ws/install/autoware_auto_control_msgs/include/autoware_auto_control_msgs/autoware_auto_control_msgs/msg/detail/high_level_control_command__traits.hpp
[7.101s] -- Symlinking: /root/workspace/vehicle_control_ws/install/autoware_auto_control_msgs/include/autoware_auto_control_msgs/autoware_auto_control_msgs/msg/detail/high_level_control_command__type_support.hpp
[7.105s] -- Symlinking: /root/workspace/vehicle_control_ws/install/autoware_auto_control_msgs/include/autoware_auto_control_msgs/autoware_auto_control_msgs/msg/detail/longitudinal_command__builder.hpp
[7.110s] -- Symlinking: /root/workspace/vehicle_control_ws/install/autoware_auto_control_msgs/include/autoware_auto_control_msgs/autoware_auto_control_msgs/msg/detail/longitudinal_command__struct.hpp
[7.114s] -- Symlinking: /root/workspace/vehicle_control_ws/install/autoware_auto_control_msgs/include/autoware_auto_control_msgs/autoware_auto_control_msgs/msg/detail/longitudinal_command__traits.hpp
[7.118s] -- Symlinking: /root/workspace/vehicle_control_ws/install/autoware_auto_control_msgs/include/autoware_auto_control_msgs/autoware_auto_control_msgs/msg/detail/longitudinal_command__type_support.hpp
[7.123s] -- Symlinking: /root/workspace/vehicle_control_ws/install/autoware_auto_control_msgs/include/autoware_auto_control_msgs/autoware_auto_control_msgs/msg/high_level_control_command.hpp
[7.127s] -- Symlinking: /root/workspace/vehicle_control_ws/install/autoware_auto_control_msgs/include/autoware_auto_control_msgs/autoware_auto_control_msgs/msg/longitudinal_command.hpp
[7.134s] -- Symlinking: /root/workspace/vehicle_control_ws/install/autoware_auto_control_msgs/include/autoware_auto_control_msgs/autoware_auto_control_msgs/msg/rosidl_generator_cpp__visibility_control.hpp
[7.136s] -- Symlinking: /root/workspace/vehicle_control_ws/install/autoware_auto_control_msgs/include/autoware_auto_control_msgs/autoware_auto_control_msgs/msg/detail/ackermann_control_command__rosidl_typesupport_fastrtps_cpp.hpp
[7.141s] -- Symlinking: /root/workspace/vehicle_control_ws/install/autoware_auto_control_msgs/include/autoware_auto_control_msgs/autoware_auto_control_msgs/msg/detail/ackermann_lateral_command__rosidl_typesupport_fastrtps_cpp.hpp
[7.146s] -- Symlinking: /root/workspace/vehicle_control_ws/install/autoware_auto_control_msgs/include/autoware_auto_control_msgs/autoware_auto_control_msgs/msg/detail/high_level_control_command__rosidl_typesupport_fastrtps_cpp.hpp
[7.151s] -- Symlinking: /root/workspace/vehicle_control_ws/install/autoware_auto_control_msgs/include/autoware_auto_control_msgs/autoware_auto_control_msgs/msg/detail/longitudinal_command__rosidl_typesupport_fastrtps_cpp.hpp
[7.156s] -- Symlinking: /root/workspace/vehicle_control_ws/install/autoware_auto_control_msgs/include/autoware_auto_control_msgs/autoware_auto_control_msgs/msg/rosidl_typesupport_fastrtps_cpp__visibility_control.h
[7.160s] -- Symlinking: /root/workspace/vehicle_control_ws/install/autoware_auto_control_msgs/include/autoware_auto_control_msgs/autoware_auto_control_msgs/msg/detail/ackermann_control_command__rosidl_typesupport_introspection_cpp.hpp
[7.164s] -- Symlinking: /root/workspace/vehicle_control_ws/install/autoware_auto_control_msgs/include/autoware_auto_control_msgs/autoware_auto_control_msgs/msg/detail/ackermann_lateral_command__rosidl_typesupport_introspection_cpp.hpp
[7.170s] -- Symlinking: /root/workspace/vehicle_control_ws/install/autoware_auto_control_msgs/include/autoware_auto_control_msgs/autoware_auto_control_msgs/msg/detail/high_level_control_command__rosidl_typesupport_introspection_cpp.hpp
[7.173s] -- Symlinking: /root/workspace/vehicle_control_ws/install/autoware_auto_control_msgs/include/autoware_auto_control_msgs/autoware_auto_control_msgs/msg/detail/longitudinal_command__rosidl_typesupport_introspection_cpp.hpp
[7.177s] -- Symlinking: /root/workspace/vehicle_control_ws/install/autoware_auto_control_msgs/share/autoware_auto_control_msgs/environment/pythonpath.sh
[7.182s] -- Symlinking: /root/workspace/vehicle_control_ws/install/autoware_auto_control_msgs/share/autoware_auto_control_msgs/environment/pythonpath.dsv
[7.187s] -- Symlinking: /root/workspace/vehicle_control_ws/install/autoware_auto_control_msgs/local/lib/python3.10/dist-packages/autoware_auto_control_msgs-1.0.0-py3.10.egg-info/PKG-INFO
[7.191s] -- Symlinking: /root/workspace/vehicle_control_ws/install/autoware_auto_control_msgs/local/lib/python3.10/dist-packages/autoware_auto_control_msgs-1.0.0-py3.10.egg-info/SOURCES.txt
[7.195s] -- Symlinking: /root/workspace/vehicle_control_ws/install/autoware_auto_control_msgs/local/lib/python3.10/dist-packages/autoware_auto_control_msgs-1.0.0-py3.10.egg-info/dependency_links.txt
[7.199s] -- Symlinking: /root/workspace/vehicle_control_ws/install/autoware_auto_control_msgs/local/lib/python3.10/dist-packages/autoware_auto_control_msgs-1.0.0-py3.10.egg-info/top_level.txt
[7.204s] -- Symlinking: /root/workspace/vehicle_control_ws/install/autoware_auto_control_msgs/local/lib/python3.10/dist-packages/autoware_auto_control_msgs/__init__.py
[7.208s] -- Symlinking: /root/workspace/vehicle_control_ws/install/autoware_auto_control_msgs/local/lib/python3.10/dist-packages/autoware_auto_control_msgs/_autoware_auto_control_msgs_s.ep.rosidl_typesupport_c.c
[7.213s] -- Symlinking: /root/workspace/vehicle_control_ws/install/autoware_auto_control_msgs/local/lib/python3.10/dist-packages/autoware_auto_control_msgs/_autoware_auto_control_msgs_s.ep.rosidl_typesupport_fastrtps_c.c
[7.218s] -- Symlinking: /root/workspace/vehicle_control_ws/install/autoware_auto_control_msgs/local/lib/python3.10/dist-packages/autoware_auto_control_msgs/_autoware_auto_control_msgs_s.ep.rosidl_typesupport_introspection_c.c
[7.223s] -- Symlinking: /root/workspace/vehicle_control_ws/install/autoware_auto_control_msgs/local/lib/python3.10/dist-packages/autoware_auto_control_msgs/autoware_auto_control_msgs_s__rosidl_typesupport_c.cpython-310-aarch64-linux-gnu.so
[7.227s] -- Symlinking: /root/workspace/vehicle_control_ws/install/autoware_auto_control_msgs/local/lib/python3.10/dist-packages/autoware_auto_control_msgs/autoware_auto_control_msgs_s__rosidl_typesupport_fastrtps_c.cpython-310-aarch64-linux-gnu.so
[7.231s] -- Symlinking: /root/workspace/vehicle_control_ws/install/autoware_auto_control_msgs/local/lib/python3.10/dist-packages/autoware_auto_control_msgs/autoware_auto_control_msgs_s__rosidl_typesupport_introspection_c.cpython-310-aarch64-linux-gnu.so
[7.235s] -- Symlinking: /root/workspace/vehicle_control_ws/install/autoware_auto_control_msgs/local/lib/python3.10/dist-packages/autoware_auto_control_msgs/libautoware_auto_control_msgs__rosidl_generator_py.so
[7.239s] -- Symlinking: /root/workspace/vehicle_control_ws/install/autoware_auto_control_msgs/local/lib/python3.10/dist-packages/autoware_auto_control_msgs/msg/__init__.py
[7.244s] -- Symlinking: /root/workspace/vehicle_control_ws/install/autoware_auto_control_msgs/local/lib/python3.10/dist-packages/autoware_auto_control_msgs/msg/_ackermann_control_command.py
[7.249s] -- Symlinking: /root/workspace/vehicle_control_ws/install/autoware_auto_control_msgs/local/lib/python3.10/dist-packages/autoware_auto_control_msgs/msg/_ackermann_control_command_s.c
[7.254s] -- Symlinking: /root/workspace/vehicle_control_ws/install/autoware_auto_control_msgs/local/lib/python3.10/dist-packages/autoware_auto_control_msgs/msg/_ackermann_lateral_command.py
[7.258s] -- Symlinking: /root/workspace/vehicle_control_ws/install/autoware_auto_control_msgs/local/lib/python3.10/dist-packages/autoware_auto_control_msgs/msg/_ackermann_lateral_command_s.c
[7.263s] -- Symlinking: /root/workspace/vehicle_control_ws/install/autoware_auto_control_msgs/local/lib/python3.10/dist-packages/autoware_auto_control_msgs/msg/_high_level_control_command.py
[7.267s] -- Symlinking: /root/workspace/vehicle_control_ws/install/autoware_auto_control_msgs/local/lib/python3.10/dist-packages/autoware_auto_control_msgs/msg/_high_level_control_command_s.c
[7.272s] -- Symlinking: /root/workspace/vehicle_control_ws/install/autoware_auto_control_msgs/local/lib/python3.10/dist-packages/autoware_auto_control_msgs/msg/_longitudinal_command.py
[7.276s] -- Symlinking: /root/workspace/vehicle_control_ws/install/autoware_auto_control_msgs/local/lib/python3.10/dist-packages/autoware_auto_control_msgs/msg/_longitudinal_command_s.c
[7.281s] -- Up-to-date symlink: /root/workspace/vehicle_control_ws/install/autoware_auto_control_msgs/local/lib/python3.10/dist-packages/autoware_auto_control_msgs/autoware_auto_control_msgs_s__rosidl_typesupport_fastrtps_c.cpython-310-aarch64-linux-gnu.so
[7.281s] -- Up-to-date symlink: /root/workspace/vehicle_control_ws/install/autoware_auto_control_msgs/local/lib/python3.10/dist-packages/autoware_auto_control_msgs/autoware_auto_control_msgs_s__rosidl_typesupport_introspection_c.cpython-310-aarch64-linux-gnu.so
[7.281s] -- Up-to-date symlink: /root/workspace/vehicle_control_ws/install/autoware_auto_control_msgs/local/lib/python3.10/dist-packages/autoware_auto_control_msgs/autoware_auto_control_msgs_s__rosidl_typesupport_c.cpython-310-aarch64-linux-gnu.so
[7.281s] -- Symlinking: /root/workspace/vehicle_control_ws/install/autoware_auto_control_msgs/share/autoware_auto_control_msgs/msg/AckermannControlCommand.idl
[7.285s] -- Symlinking: /root/workspace/vehicle_control_ws/install/autoware_auto_control_msgs/share/autoware_auto_control_msgs/msg/AckermannLateralCommand.idl
[7.291s] -- Symlinking: /root/workspace/vehicle_control_ws/install/autoware_auto_control_msgs/share/autoware_auto_control_msgs/msg/HighLevelControlCommand.idl
[7.295s] -- Symlinking: /root/workspace/vehicle_control_ws/install/autoware_auto_control_msgs/share/autoware_auto_control_msgs/msg/LongitudinalCommand.idl
[7.300s] -- Symlinking: /root/workspace/vehicle_control_ws/install/autoware_auto_control_msgs/share/ament_index/resource_index/package_run_dependencies/autoware_auto_control_msgs
[7.305s] -- Symlinking: /root/workspace/vehicle_control_ws/install/autoware_auto_control_msgs/share/ament_index/resource_index/parent_prefix_path/autoware_auto_control_msgs
[7.310s] -- Symlinking: /root/workspace/vehicle_control_ws/install/autoware_auto_control_msgs/share/autoware_auto_control_msgs/environment/ament_prefix_path.sh
[7.314s] -- Symlinking: /root/workspace/vehicle_control_ws/install/autoware_auto_control_msgs/share/autoware_auto_control_msgs/environment/ament_prefix_path.dsv
[7.319s] -- Symlinking: /root/workspace/vehicle_control_ws/install/autoware_auto_control_msgs/share/autoware_auto_control_msgs/environment/path.sh
[7.323s] -- Symlinking: /root/workspace/vehicle_control_ws/install/autoware_auto_control_msgs/share/autoware_auto_control_msgs/environment/path.dsv
[7.328s] -- Symlinking: /root/workspace/vehicle_control_ws/install/autoware_auto_control_msgs/share/autoware_auto_control_msgs/local_setup.bash
[7.333s] -- Symlinking: /root/workspace/vehicle_control_ws/install/autoware_auto_control_msgs/share/autoware_auto_control_msgs/local_setup.sh
[7.337s] -- Symlinking: /root/workspace/vehicle_control_ws/install/autoware_auto_control_msgs/share/autoware_auto_control_msgs/local_setup.zsh
[7.342s] -- Symlinking: /root/workspace/vehicle_control_ws/install/autoware_auto_control_msgs/share/autoware_auto_control_msgs/local_setup.dsv
[7.346s] -- Symlinking: /root/workspace/vehicle_control_ws/install/autoware_auto_control_msgs/share/autoware_auto_control_msgs/package.dsv
[7.350s] -- Symlinking: /root/workspace/vehicle_control_ws/install/autoware_auto_control_msgs/share/ament_index/resource_index/packages/autoware_auto_control_msgs
[7.355s] -- Symlinking: /root/workspace/vehicle_control_ws/install/autoware_auto_control_msgs/share/autoware_auto_control_msgs/cmake/rosidl_cmake-extras.cmake
[7.359s] -- Symlinking: /root/workspace/vehicle_control_ws/install/autoware_auto_control_msgs/share/autoware_auto_control_msgs/cmake/ament_cmake_export_dependencies-extras.cmake
[7.364s] -- Symlinking: /root/workspace/vehicle_control_ws/install/autoware_auto_control_msgs/share/autoware_auto_control_msgs/cmake/ament_cmake_export_include_directories-extras.cmake
[7.368s] -- Symlinking: /root/workspace/vehicle_control_ws/install/autoware_auto_control_msgs/share/autoware_auto_control_msgs/cmake/ament_cmake_export_libraries-extras.cmake
[7.372s] -- Symlinking: /root/workspace/vehicle_control_ws/install/autoware_auto_control_msgs/share/autoware_auto_control_msgs/cmake/ament_cmake_export_targets-extras.cmake
[7.377s] -- Symlinking: /root/workspace/vehicle_control_ws/install/autoware_auto_control_msgs/share/autoware_auto_control_msgs/cmake/rosidl_cmake_export_typesupport_targets-extras.cmake
[7.382s] -- Symlinking: /root/workspace/vehicle_control_ws/install/autoware_auto_control_msgs/share/autoware_auto_control_msgs/cmake/rosidl_cmake_export_typesupport_libraries-extras.cmake
[7.387s] -- Symlinking: /root/workspace/vehicle_control_ws/install/autoware_auto_control_msgs/share/autoware_auto_control_msgs/cmake/autoware_auto_control_msgsConfig.cmake
[7.391s] -- Symlinking: /root/workspace/vehicle_control_ws/install/autoware_auto_control_msgs/share/autoware_auto_control_msgs/cmake/autoware_auto_control_msgsConfig-version.cmake
[7.396s] -- Symlinking: /root/workspace/vehicle_control_ws/install/autoware_auto_control_msgs/share/autoware_auto_control_msgs/package.xml
[7.400s] -- Installing: /root/workspace/vehicle_control_ws/install/autoware_auto_control_msgs/lib/libautoware_auto_control_msgs__rosidl_generator_c.so
[7.400s] -- Set runtime path of "/root/workspace/vehicle_control_ws/install/autoware_auto_control_msgs/lib/libautoware_auto_control_msgs__rosidl_generator_c.so" to ""
[7.400s] -- Installing: /root/workspace/vehicle_control_ws/install/autoware_auto_control_msgs/lib/libautoware_auto_control_msgs__rosidl_typesupport_fastrtps_c.so
[7.400s] -- Set runtime path of "/root/workspace/vehicle_control_ws/install/autoware_auto_control_msgs/lib/libautoware_auto_control_msgs__rosidl_typesupport_fastrtps_c.so" to ""
[7.400s] -- Installing: /root/workspace/vehicle_control_ws/install/autoware_auto_control_msgs/lib/libautoware_auto_control_msgs__rosidl_typesupport_introspection_c.so
[7.400s] -- Set runtime path of "/root/workspace/vehicle_control_ws/install/autoware_auto_control_msgs/lib/libautoware_auto_control_msgs__rosidl_typesupport_introspection_c.so" to ""
[7.401s] -- Installing: /root/workspace/vehicle_control_ws/install/autoware_auto_control_msgs/lib/libautoware_auto_control_msgs__rosidl_typesupport_c.so
[7.401s] -- Set runtime path of "/root/workspace/vehicle_control_ws/install/autoware_auto_control_msgs/lib/libautoware_auto_control_msgs__rosidl_typesupport_c.so" to ""
[7.401s] -- Installing: /root/workspace/vehicle_control_ws/install/autoware_auto_control_msgs/lib/libautoware_auto_control_msgs__rosidl_typesupport_fastrtps_cpp.so
[7.401s] -- Set runtime path of "/root/workspace/vehicle_control_ws/install/autoware_auto_control_msgs/lib/libautoware_auto_control_msgs__rosidl_typesupport_fastrtps_cpp.so" to ""
[7.401s] -- Installing: /root/workspace/vehicle_control_ws/install/autoware_auto_control_msgs/lib/libautoware_auto_control_msgs__rosidl_typesupport_introspection_cpp.so
[7.401s] -- Set runtime path of "/root/workspace/vehicle_control_ws/install/autoware_auto_control_msgs/lib/libautoware_auto_control_msgs__rosidl_typesupport_introspection_cpp.so" to ""
[7.401s] -- Installing: /root/workspace/vehicle_control_ws/install/autoware_auto_control_msgs/lib/libautoware_auto_control_msgs__rosidl_typesupport_cpp.so
[7.401s] -- Set runtime path of "/root/workspace/vehicle_control_ws/install/autoware_auto_control_msgs/lib/libautoware_auto_control_msgs__rosidl_typesupport_cpp.so" to ""
[7.423s] Listing '/root/workspace/vehicle_control_ws/install/autoware_auto_control_msgs/local/lib/python3.10/dist-packages/autoware_auto_control_msgs'...
[7.423s] Compiling '/root/workspace/vehicle_control_ws/install/autoware_auto_control_msgs/local/lib/python3.10/dist-packages/autoware_auto_control_msgs/__init__.py'...
[7.423s] Listing '/root/workspace/vehicle_control_ws/install/autoware_auto_control_msgs/local/lib/python3.10/dist-packages/autoware_auto_control_msgs/msg'...
[7.423s] Compiling '/root/workspace/vehicle_control_ws/install/autoware_auto_control_msgs/local/lib/python3.10/dist-packages/autoware_auto_control_msgs/msg/__init__.py'...
[7.423s] Compiling '/root/workspace/vehicle_control_ws/install/autoware_auto_control_msgs/local/lib/python3.10/dist-packages/autoware_auto_control_msgs/msg/_ackermann_control_command.py'...
[7.423s] Compiling '/root/workspace/vehicle_control_ws/install/autoware_auto_control_msgs/local/lib/python3.10/dist-packages/autoware_auto_control_msgs/msg/_ackermann_lateral_command.py'...
[7.423s] Compiling '/root/workspace/vehicle_control_ws/install/autoware_auto_control_msgs/local/lib/python3.10/dist-packages/autoware_auto_control_msgs/msg/_high_level_control_command.py'...
[7.423s] Compiling '/root/workspace/vehicle_control_ws/install/autoware_auto_control_msgs/local/lib/python3.10/dist-packages/autoware_auto_control_msgs/msg/_longitudinal_command.py'...
[7.426s] -- Installing: /root/workspace/vehicle_control_ws/install/autoware_auto_control_msgs/lib/libautoware_auto_control_msgs__rosidl_generator_py.so
[7.427s] -- Set runtime path of "/root/workspace/vehicle_control_ws/install/autoware_auto_control_msgs/lib/libautoware_auto_control_msgs__rosidl_generator_py.so" to ""
[7.427s] -- Installing: /root/workspace/vehicle_control_ws/install/autoware_auto_control_msgs/share/autoware_auto_control_msgs/cmake/export_autoware_auto_control_msgs__rosidl_generator_cExport.cmake
[7.427s] -- Installing: /root/workspace/vehicle_control_ws/install/autoware_auto_control_msgs/share/autoware_auto_control_msgs/cmake/export_autoware_auto_control_msgs__rosidl_generator_cExport-noconfig.cmake
[7.427s] -- Installing: /root/workspace/vehicle_control_ws/install/autoware_auto_control_msgs/share/autoware_auto_control_msgs/cmake/export_autoware_auto_control_msgs__rosidl_typesupport_fastrtps_cExport.cmake
[7.428s] -- Installing: /root/workspace/vehicle_control_ws/install/autoware_auto_control_msgs/share/autoware_auto_control_msgs/cmake/export_autoware_auto_control_msgs__rosidl_typesupport_fastrtps_cExport-noconfig.cmake
[7.428s] -- Installing: /root/workspace/vehicle_control_ws/install/autoware_auto_control_msgs/share/autoware_auto_control_msgs/cmake/autoware_auto_control_msgs__rosidl_typesupport_introspection_cExport.cmake
[7.428s] -- Installing: /root/workspace/vehicle_control_ws/install/autoware_auto_control_msgs/share/autoware_auto_control_msgs/cmake/autoware_auto_control_msgs__rosidl_typesupport_introspection_cExport-noconfig.cmake
[7.428s] -- Installing: /root/workspace/vehicle_control_ws/install/autoware_auto_control_msgs/share/autoware_auto_control_msgs/cmake/autoware_auto_control_msgs__rosidl_typesupport_cExport.cmake
[7.428s] -- Installing: /root/workspace/vehicle_control_ws/install/autoware_auto_control_msgs/share/autoware_auto_control_msgs/cmake/autoware_auto_control_msgs__rosidl_typesupport_cExport-noconfig.cmake
[7.428s] -- Installing: /root/workspace/vehicle_control_ws/install/autoware_auto_control_msgs/share/autoware_auto_control_msgs/cmake/export_autoware_auto_control_msgs__rosidl_generator_cppExport.cmake
[7.428s] -- Installing: /root/workspace/vehicle_control_ws/install/autoware_auto_control_msgs/share/autoware_auto_control_msgs/cmake/export_autoware_auto_control_msgs__rosidl_typesupport_fastrtps_cppExport.cmake
[7.429s] -- Installing: /root/workspace/vehicle_control_ws/install/autoware_auto_control_msgs/share/autoware_auto_control_msgs/cmake/export_autoware_auto_control_msgs__rosidl_typesupport_fastrtps_cppExport-noconfig.cmake
[7.429s] -- Installing: /root/workspace/vehicle_control_ws/install/autoware_auto_control_msgs/share/autoware_auto_control_msgs/cmake/autoware_auto_control_msgs__rosidl_typesupport_introspection_cppExport.cmake
[7.429s] -- Installing: /root/workspace/vehicle_control_ws/install/autoware_auto_control_msgs/share/autoware_auto_control_msgs/cmake/autoware_auto_control_msgs__rosidl_typesupport_introspection_cppExport-noconfig.cmake
[7.429s] -- Installing: /root/workspace/vehicle_control_ws/install/autoware_auto_control_msgs/share/autoware_auto_control_msgs/cmake/autoware_auto_control_msgs__rosidl_typesupport_cppExport.cmake
[7.429s] -- Installing: /root/workspace/vehicle_control_ws/install/autoware_auto_control_msgs/share/autoware_auto_control_msgs/cmake/autoware_auto_control_msgs__rosidl_typesupport_cppExport-noconfig.cmake
[7.429s] -- Installing: /root/workspace/vehicle_control_ws/install/autoware_auto_control_msgs/share/autoware_auto_control_msgs/cmake/export_autoware_auto_control_msgs__rosidl_generator_pyExport.cmake
[7.429s] -- Installing: /root/workspace/vehicle_control_ws/install/autoware_auto_control_msgs/share/autoware_auto_control_msgs/cmake/export_autoware_auto_control_msgs__rosidl_generator_pyExport-noconfig.cmake
[7.430s] Invoked command in '/root/workspace/vehicle_control_ws/build/autoware_auto_control_msgs' returned '0': CMAKE_PREFIX_PATH=${CMAKE_PREFIX_PATH}:/root/workspace/vehicle_control/install/vehicle_control /usr/bin/cmake --install /root/workspace/vehicle_control_ws/build/autoware_auto_control_msgs
