-- The C compiler identification is GNU 11.4.0
-- The CXX compiler identification is GNU 11.4.0
-- Detecting C compiler ABI info
-- Detecting C compiler ABI info - done
-- Check for working C compiler: /usr/bin/cc - skipped
-- Detecting C compile features
-- Detecting C compile features - done
-- Detecting CXX compiler ABI info
-- Detecting CXX compiler ABI info - done
-- Check for working CXX compiler: /usr/bin/c++ - skipped
-- Detecting CXX compile features
-- Detecting CXX compile features - done
-- Found ament_cmake: 1.3.11 (/opt/ros/humble/share/ament_cmake/cmake)
-- Found Python3: /usr/bin/python3 (found version "3.10.12") found components: Interpreter 
-- Override CMake install command with custom implementation using symlinks instead of copying resources
-- Found rosidl_default_generators: 1.2.0 (/opt/ros/humble/share/rosidl_default_generators/cmake)
-- Using all available rosidl_typesupport_c: rosidl_typesupport_fastrtps_c;rosidl_typesupport_introspection_c
-- Found rosidl_adapter: 3.1.6 (/opt/ros/humble/share/rosidl_adapter/cmake)
-- Using all available rosidl_typesupport_cpp: rosidl_typesupport_fastrtps_cpp;rosidl_typesupport_introspection_cpp
-- Found std_msgs: 4.2.4 (/opt/ros/humble/share/std_msgs/cmake)
-- Found ament_cmake_ros: 0.10.0 (/opt/ros/humble/share/ament_cmake_ros/cmake)
-- Using all available rosidl_typesupport_c: rosidl_typesupport_fastrtps_c;rosidl_typesupport_introspection_c
-- Using all available rosidl_typesupport_cpp: rosidl_typesupport_fastrtps_cpp;rosidl_typesupport_introspection_cpp
-- Found PythonInterp: /usr/bin/python3 (found suitable version "3.10.12", minimum required is "3.6") 
-- Found python_cmake_module: 0.10.0 (/opt/ros/humble/share/python_cmake_module/cmake)
-- Found PythonLibs: /usr/lib/aarch64-linux-gnu/libpython3.10.so (found suitable version "3.10.12", minimum required is "3.5") 
-- Using PYTHON_EXECUTABLE: /usr/bin/python3
-- Using PYTHON_INCLUDE_DIRS: /usr/include/python3.10
-- Using PYTHON_LIBRARIES: /usr/lib/aarch64-linux-gnu/libpython3.10.so
-- Found PythonExtra: .so  
-- Configuring done
-- Generating done
-- Build files have been written to: /root/workspace/vehicle_control_ws/build/jw_interface_msgs
[  1%] [34m[1mGenerating C code for ROS interfaces[0m
[  1%] [34m[1mGenerating C++ code for ROS interfaces[0m
[  1%] Built target ament_cmake_python_symlink_jw_interface_msgs
running egg_info
creating jw_interface_msgs.egg-info
writing jw_interface_msgs.egg-info/PKG-INFO
writing dependency_links to jw_interface_msgs.egg-info/dependency_links.txt
writing top-level names to jw_interface_msgs.egg-info/top_level.txt
writing manifest file 'jw_interface_msgs.egg-info/SOURCES.txt'
reading manifest file 'jw_interface_msgs.egg-info/SOURCES.txt'
writing manifest file 'jw_interface_msgs.egg-info/SOURCES.txt'
[  1%] Built target ament_cmake_python_build_jw_interface_msgs_egg
[  1%] Built target jw_interface_msgs__cpp
[  2%] [34m[1mGenerating C++ type support dispatch for ROS interfaces[0m
[  2%] [34m[1mGenerating C++ type support for eProsima Fast-RTPS[0m
[  3%] [34m[1mGenerating C++ introspection for ROS interfaces[0m
[  3%] [32mBuilding C object CMakeFiles/jw_interface_msgs__rosidl_generator_c.dir/rosidl_generator_c/jw_interface_msgs/msg/detail/command_stamped__functions.c.o[0m
[  5%] [32mBuilding C object CMakeFiles/jw_interface_msgs__rosidl_generator_c.dir/rosidl_generator_c/jw_interface_msgs/msg/detail/motor_rpm_command__functions.c.o[0m
[  5%] [32mBuilding C object CMakeFiles/jw_interface_msgs__rosidl_generator_c.dir/rosidl_generator_c/jw_interface_msgs/msg/detail/command__functions.c.o[0m
[  6%] [32mBuilding C object CMakeFiles/jw_interface_msgs__rosidl_generator_c.dir/rosidl_generator_c/jw_interface_msgs/msg/detail/mode_command__functions.c.o[0m
[  7%] [32mBuilding C object CMakeFiles/jw_interface_msgs__rosidl_generator_c.dir/rosidl_generator_c/jw_interface_msgs/msg/detail/time_stamp_status__functions.c.o[0m
[  8%] [32mBuilding C object CMakeFiles/jw_interface_msgs__rosidl_generator_c.dir/rosidl_generator_c/jw_interface_msgs/msg/detail/motor_rpm_status__functions.c.o[0m
[  9%] [32mBuilding C object CMakeFiles/jw_interface_msgs__rosidl_generator_c.dir/rosidl_generator_c/jw_interface_msgs/msg/detail/battery_status__functions.c.o[0m
[ 10%] [32mBuilding C object CMakeFiles/jw_interface_msgs__rosidl_generator_c.dir/rosidl_generator_c/jw_interface_msgs/msg/detail/speed_setting_status__functions.c.o[0m
[ 11%] [32mBuilding C object CMakeFiles/jw_interface_msgs__rosidl_generator_c.dir/rosidl_generator_c/jw_interface_msgs/msg/detail/jsad_command__functions.c.o[0m
[ 12%] [32mBuilding C object CMakeFiles/jw_interface_msgs__rosidl_generator_c.dir/rosidl_generator_c/jw_interface_msgs/msg/detail/status_stamped__functions.c.o[0m
[ 12%] [32mBuilding C object CMakeFiles/jw_interface_msgs__rosidl_generator_c.dir/rosidl_generator_c/jw_interface_msgs/msg/detail/jsad_status__functions.c.o[0m
[ 13%] [32mBuilding C object CMakeFiles/jw_interface_msgs__rosidl_generator_c.dir/rosidl_generator_c/jw_interface_msgs/msg/detail/status__functions.c.o[0m
[ 14%] [32m[1mLinking C shared library libjw_interface_msgs__rosidl_generator_c.so[0m
[ 14%] Built target jw_interface_msgs__rosidl_generator_c
[ 17%] [34m[1mGenerating C type support for eProsima Fast-RTPS[0m
[ 17%] [34m[1mGenerating C introspection for ROS interfaces[0m
[ 17%] [34m[1mGenerating C type support dispatch for ROS interfaces[0m
[ 18%] [32mBuilding CXX object CMakeFiles/jw_interface_msgs__rosidl_typesupport_cpp.dir/rosidl_typesupport_cpp/jw_interface_msgs/msg/mode_command__type_support.cpp.o[0m
[ 19%] [32mBuilding CXX object CMakeFiles/jw_interface_msgs__rosidl_typesupport_cpp.dir/rosidl_typesupport_cpp/jw_interface_msgs/msg/motor_rpm_command__type_support.cpp.o[0m
[ 20%] [32mBuilding CXX object CMakeFiles/jw_interface_msgs__rosidl_typesupport_cpp.dir/rosidl_typesupport_cpp/jw_interface_msgs/msg/command__type_support.cpp.o[0m
[ 20%] [32mBuilding CXX object CMakeFiles/jw_interface_msgs__rosidl_typesupport_cpp.dir/rosidl_typesupport_cpp/jw_interface_msgs/msg/time_stamp_status__type_support.cpp.o[0m
[ 21%] [32mBuilding CXX object CMakeFiles/jw_interface_msgs__rosidl_typesupport_cpp.dir/rosidl_typesupport_cpp/jw_interface_msgs/msg/command_stamped__type_support.cpp.o[0m
[ 22%] [32mBuilding CXX object CMakeFiles/jw_interface_msgs__rosidl_typesupport_c.dir/rosidl_typesupport_c/jw_interface_msgs/msg/mode_command__type_support.cpp.o[0m
[ 23%] [32mBuilding CXX object CMakeFiles/jw_interface_msgs__rosidl_typesupport_cpp.dir/rosidl_typesupport_cpp/jw_interface_msgs/msg/battery_status__type_support.cpp.o[0m
[ 24%] [32mBuilding CXX object CMakeFiles/jw_interface_msgs__rosidl_typesupport_cpp.dir/rosidl_typesupport_cpp/jw_interface_msgs/msg/motor_rpm_status__type_support.cpp.o[0m
[ 24%] [32mBuilding CXX object CMakeFiles/jw_interface_msgs__rosidl_typesupport_c.dir/rosidl_typesupport_c/jw_interface_msgs/msg/motor_rpm_command__type_support.cpp.o[0m
[ 25%] [32mBuilding CXX object CMakeFiles/jw_interface_msgs__rosidl_typesupport_cpp.dir/rosidl_typesupport_cpp/jw_interface_msgs/msg/speed_setting_status__type_support.cpp.o[0m
[ 26%] [32mBuilding CXX object CMakeFiles/jw_interface_msgs__rosidl_typesupport_cpp.dir/rosidl_typesupport_cpp/jw_interface_msgs/msg/jsad_command__type_support.cpp.o[0m
[ 27%] [32mBuilding CXX object CMakeFiles/jw_interface_msgs__rosidl_typesupport_c.dir/rosidl_typesupport_c/jw_interface_msgs/msg/command__type_support.cpp.o[0m
[ 28%] [32mBuilding CXX object CMakeFiles/jw_interface_msgs__rosidl_typesupport_cpp.dir/rosidl_typesupport_cpp/jw_interface_msgs/msg/jsad_status__type_support.cpp.o[0m
[ 28%] [32mBuilding CXX object CMakeFiles/jw_interface_msgs__rosidl_typesupport_introspection_cpp.dir/rosidl_typesupport_introspection_cpp/jw_interface_msgs/msg/detail/mode_command__type_support.cpp.o[0m
[ 29%] [32mBuilding CXX object CMakeFiles/jw_interface_msgs__rosidl_typesupport_c.dir/rosidl_typesupport_c/jw_interface_msgs/msg/command_stamped__type_support.cpp.o[0m
[ 30%] [32mBuilding CXX object CMakeFiles/jw_interface_msgs__rosidl_typesupport_c.dir/rosidl_typesupport_c/jw_interface_msgs/msg/time_stamp_status__type_support.cpp.o[0m
[ 31%] [32mBuilding CXX object CMakeFiles/jw_interface_msgs__rosidl_typesupport_c.dir/rosidl_typesupport_c/jw_interface_msgs/msg/motor_rpm_status__type_support.cpp.o[0m
[ 32%] [32mBuilding CXX object CMakeFiles/jw_interface_msgs__rosidl_typesupport_fastrtps_cpp.dir/rosidl_typesupport_fastrtps_cpp/jw_interface_msgs/msg/detail/dds_fastrtps/mode_command__type_support.cpp.o[0m
[ 33%] [32mBuilding CXX object CMakeFiles/jw_interface_msgs__rosidl_typesupport_c.dir/rosidl_typesupport_c/jw_interface_msgs/msg/battery_status__type_support.cpp.o[0m
[ 33%] [32mBuilding CXX object CMakeFiles/jw_interface_msgs__rosidl_typesupport_c.dir/rosidl_typesupport_c/jw_interface_msgs/msg/speed_setting_status__type_support.cpp.o[0m
[ 34%] [32mBuilding CXX object CMakeFiles/jw_interface_msgs__rosidl_typesupport_cpp.dir/rosidl_typesupport_cpp/jw_interface_msgs/msg/status_stamped__type_support.cpp.o[0m
[ 34%] [32mBuilding CXX object CMakeFiles/jw_interface_msgs__rosidl_typesupport_cpp.dir/rosidl_typesupport_cpp/jw_interface_msgs/msg/status__type_support.cpp.o[0m
[ 35%] [32mBuilding CXX object CMakeFiles/jw_interface_msgs__rosidl_typesupport_introspection_cpp.dir/rosidl_typesupport_introspection_cpp/jw_interface_msgs/msg/detail/motor_rpm_command__type_support.cpp.o[0m
[ 36%] [32mBuilding CXX object CMakeFiles/jw_interface_msgs__rosidl_typesupport_c.dir/rosidl_typesupport_c/jw_interface_msgs/msg/jsad_status__type_support.cpp.o[0m
[ 37%] [32mBuilding CXX object CMakeFiles/jw_interface_msgs__rosidl_typesupport_c.dir/rosidl_typesupport_c/jw_interface_msgs/msg/jsad_command__type_support.cpp.o[0m
[ 38%] [32mBuilding CXX object CMakeFiles/jw_interface_msgs__rosidl_typesupport_fastrtps_cpp.dir/rosidl_typesupport_fastrtps_cpp/jw_interface_msgs/msg/detail/dds_fastrtps/motor_rpm_command__type_support.cpp.o[0m
[ 39%] [32mBuilding CXX object CMakeFiles/jw_interface_msgs__rosidl_typesupport_fastrtps_cpp.dir/rosidl_typesupport_fastrtps_cpp/jw_interface_msgs/msg/detail/dds_fastrtps/command__type_support.cpp.o[0m
[ 40%] [32mBuilding C object CMakeFiles/jw_interface_msgs__rosidl_typesupport_introspection_c.dir/rosidl_typesupport_introspection_c/jw_interface_msgs/msg/detail/mode_command__type_support.c.o[0m
[ 41%] [32mBuilding CXX object CMakeFiles/jw_interface_msgs__rosidl_typesupport_c.dir/rosidl_typesupport_c/jw_interface_msgs/msg/status__type_support.cpp.o[0m
[ 42%] [32mBuilding CXX object CMakeFiles/jw_interface_msgs__rosidl_typesupport_c.dir/rosidl_typesupport_c/jw_interface_msgs/msg/status_stamped__type_support.cpp.o[0m
[ 43%] [32mBuilding CXX object CMakeFiles/jw_interface_msgs__rosidl_typesupport_introspection_cpp.dir/rosidl_typesupport_introspection_cpp/jw_interface_msgs/msg/detail/command__type_support.cpp.o[0m
[ 44%] [32mBuilding C object CMakeFiles/jw_interface_msgs__rosidl_typesupport_introspection_c.dir/rosidl_typesupport_introspection_c/jw_interface_msgs/msg/detail/motor_rpm_command__type_support.c.o[0m
[ 45%] [32m[1mLinking CXX shared library libjw_interface_msgs__rosidl_typesupport_c.so[0m
[ 46%] [32mBuilding CXX object CMakeFiles/jw_interface_msgs__rosidl_typesupport_fastrtps_c.dir/rosidl_typesupport_fastrtps_c/jw_interface_msgs/msg/detail/mode_command__type_support_c.cpp.o[0m
[ 47%] [32mBuilding C object CMakeFiles/jw_interface_msgs__rosidl_typesupport_introspection_c.dir/rosidl_typesupport_introspection_c/jw_interface_msgs/msg/detail/command__type_support.c.o[0m
[ 47%] [32mBuilding C object CMakeFiles/jw_interface_msgs__rosidl_typesupport_introspection_c.dir/rosidl_typesupport_introspection_c/jw_interface_msgs/msg/detail/command_stamped__type_support.c.o[0m
[ 48%] [32mBuilding CXX object CMakeFiles/jw_interface_msgs__rosidl_typesupport_fastrtps_cpp.dir/rosidl_typesupport_fastrtps_cpp/jw_interface_msgs/msg/detail/dds_fastrtps/command_stamped__type_support.cpp.o[0m
[ 48%] Built target jw_interface_msgs__rosidl_typesupport_c
[ 49%] [32mBuilding CXX object CMakeFiles/jw_interface_msgs__rosidl_typesupport_introspection_cpp.dir/rosidl_typesupport_introspection_cpp/jw_interface_msgs/msg/detail/command_stamped__type_support.cpp.o[0m
[ 50%] [32mBuilding CXX object CMakeFiles/jw_interface_msgs__rosidl_typesupport_introspection_cpp.dir/rosidl_typesupport_introspection_cpp/jw_interface_msgs/msg/detail/time_stamp_status__type_support.cpp.o[0m
[ 51%] [32mBuilding C object CMakeFiles/jw_interface_msgs__rosidl_typesupport_introspection_c.dir/rosidl_typesupport_introspection_c/jw_interface_msgs/msg/detail/time_stamp_status__type_support.c.o[0m
[ 52%] [32m[1mLinking CXX shared library libjw_interface_msgs__rosidl_typesupport_cpp.so[0m
[ 52%] Built target jw_interface_msgs__rosidl_typesupport_cpp
[ 53%] [32mBuilding CXX object CMakeFiles/jw_interface_msgs__rosidl_typesupport_fastrtps_cpp.dir/rosidl_typesupport_fastrtps_cpp/jw_interface_msgs/msg/detail/dds_fastrtps/time_stamp_status__type_support.cpp.o[0m
[ 54%] [32mBuilding C object CMakeFiles/jw_interface_msgs__rosidl_typesupport_introspection_c.dir/rosidl_typesupport_introspection_c/jw_interface_msgs/msg/detail/motor_rpm_status__type_support.c.o[0m
[ 55%] [32mBuilding CXX object CMakeFiles/jw_interface_msgs__rosidl_typesupport_fastrtps_c.dir/rosidl_typesupport_fastrtps_c/jw_interface_msgs/msg/detail/motor_rpm_command__type_support_c.cpp.o[0m
[ 56%] [32mBuilding C object CMakeFiles/jw_interface_msgs__rosidl_typesupport_introspection_c.dir/rosidl_typesupport_introspection_c/jw_interface_msgs/msg/detail/battery_status__type_support.c.o[0m
[ 56%] [32mBuilding CXX object CMakeFiles/jw_interface_msgs__rosidl_typesupport_fastrtps_cpp.dir/rosidl_typesupport_fastrtps_cpp/jw_interface_msgs/msg/detail/dds_fastrtps/motor_rpm_status__type_support.cpp.o[0m
[ 57%] [32mBuilding CXX object CMakeFiles/jw_interface_msgs__rosidl_typesupport_introspection_cpp.dir/rosidl_typesupport_introspection_cpp/jw_interface_msgs/msg/detail/motor_rpm_status__type_support.cpp.o[0m
[ 58%] [32mBuilding C object CMakeFiles/jw_interface_msgs__rosidl_typesupport_introspection_c.dir/rosidl_typesupport_introspection_c/jw_interface_msgs/msg/detail/jsad_command__type_support.c.o[0m
[ 59%] [32mBuilding C object CMakeFiles/jw_interface_msgs__rosidl_typesupport_introspection_c.dir/rosidl_typesupport_introspection_c/jw_interface_msgs/msg/detail/speed_setting_status__type_support.c.o[0m
[ 60%] [32mBuilding C object CMakeFiles/jw_interface_msgs__rosidl_typesupport_introspection_c.dir/rosidl_typesupport_introspection_c/jw_interface_msgs/msg/detail/jsad_status__type_support.c.o[0m
[ 60%] [32mBuilding CXX object CMakeFiles/jw_interface_msgs__rosidl_typesupport_introspection_cpp.dir/rosidl_typesupport_introspection_cpp/jw_interface_msgs/msg/detail/battery_status__type_support.cpp.o[0m
[ 60%] [32mBuilding C object CMakeFiles/jw_interface_msgs__rosidl_typesupport_introspection_c.dir/rosidl_typesupport_introspection_c/jw_interface_msgs/msg/detail/status__type_support.c.o[0m
[ 61%] [32mBuilding CXX object CMakeFiles/jw_interface_msgs__rosidl_typesupport_fastrtps_cpp.dir/rosidl_typesupport_fastrtps_cpp/jw_interface_msgs/msg/detail/dds_fastrtps/battery_status__type_support.cpp.o[0m
[ 61%] [32mBuilding CXX object CMakeFiles/jw_interface_msgs__rosidl_typesupport_fastrtps_c.dir/rosidl_typesupport_fastrtps_c/jw_interface_msgs/msg/detail/command__type_support_c.cpp.o[0m
[ 62%] [32mBuilding C object CMakeFiles/jw_interface_msgs__rosidl_typesupport_introspection_c.dir/rosidl_typesupport_introspection_c/jw_interface_msgs/msg/detail/status_stamped__type_support.c.o[0m
[ 63%] [32mBuilding CXX object CMakeFiles/jw_interface_msgs__rosidl_typesupport_fastrtps_cpp.dir/rosidl_typesupport_fastrtps_cpp/jw_interface_msgs/msg/detail/dds_fastrtps/speed_setting_status__type_support.cpp.o[0m
[ 64%] [32m[1mLinking C shared library libjw_interface_msgs__rosidl_typesupport_introspection_c.so[0m
[ 65%] [32mBuilding CXX object CMakeFiles/jw_interface_msgs__rosidl_typesupport_fastrtps_cpp.dir/rosidl_typesupport_fastrtps_cpp/jw_interface_msgs/msg/detail/dds_fastrtps/jsad_command__type_support.cpp.o[0m
[ 66%] [32mBuilding CXX object CMakeFiles/jw_interface_msgs__rosidl_typesupport_fastrtps_c.dir/rosidl_typesupport_fastrtps_c/jw_interface_msgs/msg/detail/command_stamped__type_support_c.cpp.o[0m
[ 66%] Built target jw_interface_msgs__rosidl_typesupport_introspection_c
[ 67%] [32mBuilding CXX object CMakeFiles/jw_interface_msgs__rosidl_typesupport_fastrtps_c.dir/rosidl_typesupport_fastrtps_c/jw_interface_msgs/msg/detail/time_stamp_status__type_support_c.cpp.o[0m
[ 68%] [32mBuilding CXX object CMakeFiles/jw_interface_msgs__rosidl_typesupport_fastrtps_c.dir/rosidl_typesupport_fastrtps_c/jw_interface_msgs/msg/detail/motor_rpm_status__type_support_c.cpp.o[0m
[ 69%] [32mBuilding CXX object CMakeFiles/jw_interface_msgs__rosidl_typesupport_introspection_cpp.dir/rosidl_typesupport_introspection_cpp/jw_interface_msgs/msg/detail/speed_setting_status__type_support.cpp.o[0m
[ 70%] [32mBuilding CXX object CMakeFiles/jw_interface_msgs__rosidl_typesupport_introspection_cpp.dir/rosidl_typesupport_introspection_cpp/jw_interface_msgs/msg/detail/jsad_command__type_support.cpp.o[0m
[ 71%] [32mBuilding CXX object CMakeFiles/jw_interface_msgs__rosidl_typesupport_introspection_cpp.dir/rosidl_typesupport_introspection_cpp/jw_interface_msgs/msg/detail/jsad_status__type_support.cpp.o[0m
[ 72%] [32mBuilding CXX object CMakeFiles/jw_interface_msgs__rosidl_typesupport_fastrtps_cpp.dir/rosidl_typesupport_fastrtps_cpp/jw_interface_msgs/msg/detail/dds_fastrtps/jsad_status__type_support.cpp.o[0m
[ 73%] [32mBuilding CXX object CMakeFiles/jw_interface_msgs__rosidl_typesupport_fastrtps_cpp.dir/rosidl_typesupport_fastrtps_cpp/jw_interface_msgs/msg/detail/dds_fastrtps/status__type_support.cpp.o[0m
[ 74%] [32mBuilding CXX object CMakeFiles/jw_interface_msgs__rosidl_typesupport_fastrtps_c.dir/rosidl_typesupport_fastrtps_c/jw_interface_msgs/msg/detail/battery_status__type_support_c.cpp.o[0m
[ 75%] [32mBuilding CXX object CMakeFiles/jw_interface_msgs__rosidl_typesupport_introspection_cpp.dir/rosidl_typesupport_introspection_cpp/jw_interface_msgs/msg/detail/status__type_support.cpp.o[0m
[ 75%] [32mBuilding CXX object CMakeFiles/jw_interface_msgs__rosidl_typesupport_fastrtps_cpp.dir/rosidl_typesupport_fastrtps_cpp/jw_interface_msgs/msg/detail/dds_fastrtps/status_stamped__type_support.cpp.o[0m
[ 76%] [32mBuilding CXX object CMakeFiles/jw_interface_msgs__rosidl_typesupport_introspection_cpp.dir/rosidl_typesupport_introspection_cpp/jw_interface_msgs/msg/detail/status_stamped__type_support.cpp.o[0m
[ 77%] [32mBuilding CXX object CMakeFiles/jw_interface_msgs__rosidl_typesupport_fastrtps_c.dir/rosidl_typesupport_fastrtps_c/jw_interface_msgs/msg/detail/speed_setting_status__type_support_c.cpp.o[0m
[ 77%] [32mBuilding CXX object CMakeFiles/jw_interface_msgs__rosidl_typesupport_fastrtps_c.dir/rosidl_typesupport_fastrtps_c/jw_interface_msgs/msg/detail/jsad_command__type_support_c.cpp.o[0m
[ 78%] [32mBuilding CXX object CMakeFiles/jw_interface_msgs__rosidl_typesupport_fastrtps_c.dir/rosidl_typesupport_fastrtps_c/jw_interface_msgs/msg/detail/jsad_status__type_support_c.cpp.o[0m
[ 79%] [32mBuilding CXX object CMakeFiles/jw_interface_msgs__rosidl_typesupport_fastrtps_c.dir/rosidl_typesupport_fastrtps_c/jw_interface_msgs/msg/detail/status__type_support_c.cpp.o[0m
[ 80%] [32mBuilding CXX object CMakeFiles/jw_interface_msgs__rosidl_typesupport_fastrtps_c.dir/rosidl_typesupport_fastrtps_c/jw_interface_msgs/msg/detail/status_stamped__type_support_c.cpp.o[0m
[ 81%] [32m[1mLinking CXX shared library libjw_interface_msgs__rosidl_typesupport_fastrtps_cpp.so[0m
[ 82%] [32m[1mLinking CXX shared library libjw_interface_msgs__rosidl_typesupport_introspection_cpp.so[0m
[ 82%] Built target jw_interface_msgs__rosidl_typesupport_fastrtps_cpp
[ 82%] Built target jw_interface_msgs__rosidl_typesupport_introspection_cpp
[ 83%] [32m[1mLinking CXX shared library libjw_interface_msgs__rosidl_typesupport_fastrtps_c.so[0m
[ 83%] Built target jw_interface_msgs__rosidl_typesupport_fastrtps_c
[ 83%] Built target jw_interface_msgs
[ 84%] [34m[1mGenerating Python code for ROS interfaces[0m
[ 84%] Built target jw_interface_msgs__py
[ 85%] [32mBuilding C object CMakeFiles/jw_interface_msgs__rosidl_generator_py.dir/rosidl_generator_py/jw_interface_msgs/msg/_mode_command_s.c.o[0m
[ 87%] [32mBuilding C object CMakeFiles/jw_interface_msgs__rosidl_generator_py.dir/rosidl_generator_py/jw_interface_msgs/msg/_motor_rpm_status_s.c.o[0m
[ 89%] [32mBuilding C object CMakeFiles/jw_interface_msgs__rosidl_generator_py.dir/rosidl_generator_py/jw_interface_msgs/msg/_battery_status_s.c.o[0m
[ 87%] [32mBuilding C object CMakeFiles/jw_interface_msgs__rosidl_generator_py.dir/rosidl_generator_py/jw_interface_msgs/msg/_time_stamp_status_s.c.o[0m
[ 89%] [32mBuilding C object CMakeFiles/jw_interface_msgs__rosidl_generator_py.dir/rosidl_generator_py/jw_interface_msgs/msg/_motor_rpm_command_s.c.o[0m
[ 89%] [32mBuilding C object CMakeFiles/jw_interface_msgs__rosidl_generator_py.dir/rosidl_generator_py/jw_interface_msgs/msg/_command_s.c.o[0m
[ 90%] [32mBuilding C object CMakeFiles/jw_interface_msgs__rosidl_generator_py.dir/rosidl_generator_py/jw_interface_msgs/msg/_command_stamped_s.c.o[0m
[ 90%] [32mBuilding C object CMakeFiles/jw_interface_msgs__rosidl_generator_py.dir/rosidl_generator_py/jw_interface_msgs/msg/_jsad_status_s.c.o[0m
[ 91%] [32mBuilding C object CMakeFiles/jw_interface_msgs__rosidl_generator_py.dir/rosidl_generator_py/jw_interface_msgs/msg/_speed_setting_status_s.c.o[0m
[ 92%] [32mBuilding C object CMakeFiles/jw_interface_msgs__rosidl_generator_py.dir/rosidl_generator_py/jw_interface_msgs/msg/_jsad_command_s.c.o[0m
[ 94%] [32mBuilding C object CMakeFiles/jw_interface_msgs__rosidl_generator_py.dir/rosidl_generator_py/jw_interface_msgs/msg/_status_s.c.o[0m
[ 94%] [32mBuilding C object CMakeFiles/jw_interface_msgs__rosidl_generator_py.dir/rosidl_generator_py/jw_interface_msgs/msg/_status_stamped_s.c.o[0m
[ 95%] [32m[1mLinking C shared library rosidl_generator_py/jw_interface_msgs/libjw_interface_msgs__rosidl_generator_py.so[0m
[ 95%] Built target jw_interface_msgs__rosidl_generator_py
[ 96%] [32mBuilding C object CMakeFiles/jw_interface_msgs__rosidl_typesupport_c__pyext.dir/rosidl_generator_py/jw_interface_msgs/_jw_interface_msgs_s.ep.rosidl_typesupport_c.c.o[0m
[ 97%] [32mBuilding C object CMakeFiles/jw_interface_msgs__rosidl_typesupport_introspection_c__pyext.dir/rosidl_generator_py/jw_interface_msgs/_jw_interface_msgs_s.ep.rosidl_typesupport_introspection_c.c.o[0m
[ 97%] [32mBuilding C object CMakeFiles/jw_interface_msgs__rosidl_typesupport_fastrtps_c__pyext.dir/rosidl_generator_py/jw_interface_msgs/_jw_interface_msgs_s.ep.rosidl_typesupport_fastrtps_c.c.o[0m
[100%] [32m[1mLinking C shared library rosidl_generator_py/jw_interface_msgs/jw_interface_msgs_s__rosidl_typesupport_introspection_c.cpython-310-aarch64-linux-gnu.so[0m
[100%] [32m[1mLinking C shared library rosidl_generator_py/jw_interface_msgs/jw_interface_msgs_s__rosidl_typesupport_fastrtps_c.cpython-310-aarch64-linux-gnu.so[0m
[100%] [32m[1mLinking C shared library rosidl_generator_py/jw_interface_msgs/jw_interface_msgs_s__rosidl_typesupport_c.cpython-310-aarch64-linux-gnu.so[0m
[100%] Built target jw_interface_msgs__rosidl_typesupport_introspection_c__pyext
[100%] Built target jw_interface_msgs__rosidl_typesupport_c__pyext
[100%] Built target jw_interface_msgs__rosidl_typesupport_fastrtps_c__pyext
-- Install configuration: ""
-- Execute custom install script
-- Symlinking: /root/workspace/vehicle_control_ws/install/jw_interface_msgs/share/ament_index/resource_index/rosidl_interfaces/jw_interface_msgs
-- Symlinking: /root/workspace/vehicle_control_ws/install/jw_interface_msgs/include/jw_interface_msgs/jw_interface_msgs/msg/battery_status.h
-- Symlinking: /root/workspace/vehicle_control_ws/install/jw_interface_msgs/include/jw_interface_msgs/jw_interface_msgs/msg/command.h
-- Symlinking: /root/workspace/vehicle_control_ws/install/jw_interface_msgs/include/jw_interface_msgs/jw_interface_msgs/msg/command_stamped.h
-- Symlinking: /root/workspace/vehicle_control_ws/install/jw_interface_msgs/include/jw_interface_msgs/jw_interface_msgs/msg/detail/battery_status__functions.h
-- Symlinking: /root/workspace/vehicle_control_ws/install/jw_interface_msgs/include/jw_interface_msgs/jw_interface_msgs/msg/detail/battery_status__struct.h
-- Symlinking: /root/workspace/vehicle_control_ws/install/jw_interface_msgs/include/jw_interface_msgs/jw_interface_msgs/msg/detail/battery_status__type_support.h
-- Symlinking: /root/workspace/vehicle_control_ws/install/jw_interface_msgs/include/jw_interface_msgs/jw_interface_msgs/msg/detail/command__functions.h
-- Symlinking: /root/workspace/vehicle_control_ws/install/jw_interface_msgs/include/jw_interface_msgs/jw_interface_msgs/msg/detail/command__struct.h
-- Symlinking: /root/workspace/vehicle_control_ws/install/jw_interface_msgs/include/jw_interface_msgs/jw_interface_msgs/msg/detail/command__type_support.h
-- Symlinking: /root/workspace/vehicle_control_ws/install/jw_interface_msgs/include/jw_interface_msgs/jw_interface_msgs/msg/detail/command_stamped__functions.h
-- Symlinking: /root/workspace/vehicle_control_ws/install/jw_interface_msgs/include/jw_interface_msgs/jw_interface_msgs/msg/detail/command_stamped__struct.h
-- Symlinking: /root/workspace/vehicle_control_ws/install/jw_interface_msgs/include/jw_interface_msgs/jw_interface_msgs/msg/detail/command_stamped__type_support.h
-- Symlinking: /root/workspace/vehicle_control_ws/install/jw_interface_msgs/include/jw_interface_msgs/jw_interface_msgs/msg/detail/jsad_command__functions.h
-- Symlinking: /root/workspace/vehicle_control_ws/install/jw_interface_msgs/include/jw_interface_msgs/jw_interface_msgs/msg/detail/jsad_command__struct.h
-- Symlinking: /root/workspace/vehicle_control_ws/install/jw_interface_msgs/include/jw_interface_msgs/jw_interface_msgs/msg/detail/jsad_command__type_support.h
-- Symlinking: /root/workspace/vehicle_control_ws/install/jw_interface_msgs/include/jw_interface_msgs/jw_interface_msgs/msg/detail/jsad_status__functions.h
-- Symlinking: /root/workspace/vehicle_control_ws/install/jw_interface_msgs/include/jw_interface_msgs/jw_interface_msgs/msg/detail/jsad_status__struct.h
-- Symlinking: /root/workspace/vehicle_control_ws/install/jw_interface_msgs/include/jw_interface_msgs/jw_interface_msgs/msg/detail/jsad_status__type_support.h
-- Symlinking: /root/workspace/vehicle_control_ws/install/jw_interface_msgs/include/jw_interface_msgs/jw_interface_msgs/msg/detail/mode_command__functions.h
-- Symlinking: /root/workspace/vehicle_control_ws/install/jw_interface_msgs/include/jw_interface_msgs/jw_interface_msgs/msg/detail/mode_command__struct.h
-- Symlinking: /root/workspace/vehicle_control_ws/install/jw_interface_msgs/include/jw_interface_msgs/jw_interface_msgs/msg/detail/mode_command__type_support.h
-- Symlinking: /root/workspace/vehicle_control_ws/install/jw_interface_msgs/include/jw_interface_msgs/jw_interface_msgs/msg/detail/motor_rpm_command__functions.h
-- Symlinking: /root/workspace/vehicle_control_ws/install/jw_interface_msgs/include/jw_interface_msgs/jw_interface_msgs/msg/detail/motor_rpm_command__struct.h
-- Symlinking: /root/workspace/vehicle_control_ws/install/jw_interface_msgs/include/jw_interface_msgs/jw_interface_msgs/msg/detail/motor_rpm_command__type_support.h
-- Symlinking: /root/workspace/vehicle_control_ws/install/jw_interface_msgs/include/jw_interface_msgs/jw_interface_msgs/msg/detail/motor_rpm_status__functions.h
-- Symlinking: /root/workspace/vehicle_control_ws/install/jw_interface_msgs/include/jw_interface_msgs/jw_interface_msgs/msg/detail/motor_rpm_status__struct.h
-- Symlinking: /root/workspace/vehicle_control_ws/install/jw_interface_msgs/include/jw_interface_msgs/jw_interface_msgs/msg/detail/motor_rpm_status__type_support.h
-- Symlinking: /root/workspace/vehicle_control_ws/install/jw_interface_msgs/include/jw_interface_msgs/jw_interface_msgs/msg/detail/speed_setting_status__functions.h
-- Symlinking: /root/workspace/vehicle_control_ws/install/jw_interface_msgs/include/jw_interface_msgs/jw_interface_msgs/msg/detail/speed_setting_status__struct.h
-- Symlinking: /root/workspace/vehicle_control_ws/install/jw_interface_msgs/include/jw_interface_msgs/jw_interface_msgs/msg/detail/speed_setting_status__type_support.h
-- Symlinking: /root/workspace/vehicle_control_ws/install/jw_interface_msgs/include/jw_interface_msgs/jw_interface_msgs/msg/detail/status__functions.h
-- Symlinking: /root/workspace/vehicle_control_ws/install/jw_interface_msgs/include/jw_interface_msgs/jw_interface_msgs/msg/detail/status__struct.h
-- Symlinking: /root/workspace/vehicle_control_ws/install/jw_interface_msgs/include/jw_interface_msgs/jw_interface_msgs/msg/detail/status__type_support.h
-- Symlinking: /root/workspace/vehicle_control_ws/install/jw_interface_msgs/include/jw_interface_msgs/jw_interface_msgs/msg/detail/status_stamped__functions.h
-- Symlinking: /root/workspace/vehicle_control_ws/install/jw_interface_msgs/include/jw_interface_msgs/jw_interface_msgs/msg/detail/status_stamped__struct.h
-- Symlinking: /root/workspace/vehicle_control_ws/install/jw_interface_msgs/include/jw_interface_msgs/jw_interface_msgs/msg/detail/status_stamped__type_support.h
-- Symlinking: /root/workspace/vehicle_control_ws/install/jw_interface_msgs/include/jw_interface_msgs/jw_interface_msgs/msg/detail/time_stamp_status__functions.h
-- Symlinking: /root/workspace/vehicle_control_ws/install/jw_interface_msgs/include/jw_interface_msgs/jw_interface_msgs/msg/detail/time_stamp_status__struct.h
-- Symlinking: /root/workspace/vehicle_control_ws/install/jw_interface_msgs/include/jw_interface_msgs/jw_interface_msgs/msg/detail/time_stamp_status__type_support.h
-- Symlinking: /root/workspace/vehicle_control_ws/install/jw_interface_msgs/include/jw_interface_msgs/jw_interface_msgs/msg/jsad_command.h
-- Symlinking: /root/workspace/vehicle_control_ws/install/jw_interface_msgs/include/jw_interface_msgs/jw_interface_msgs/msg/jsad_status.h
-- Symlinking: /root/workspace/vehicle_control_ws/install/jw_interface_msgs/include/jw_interface_msgs/jw_interface_msgs/msg/mode_command.h
-- Symlinking: /root/workspace/vehicle_control_ws/install/jw_interface_msgs/include/jw_interface_msgs/jw_interface_msgs/msg/motor_rpm_command.h
-- Symlinking: /root/workspace/vehicle_control_ws/install/jw_interface_msgs/include/jw_interface_msgs/jw_interface_msgs/msg/motor_rpm_status.h
-- Symlinking: /root/workspace/vehicle_control_ws/install/jw_interface_msgs/include/jw_interface_msgs/jw_interface_msgs/msg/rosidl_generator_c__visibility_control.h
-- Symlinking: /root/workspace/vehicle_control_ws/install/jw_interface_msgs/include/jw_interface_msgs/jw_interface_msgs/msg/speed_setting_status.h
-- Symlinking: /root/workspace/vehicle_control_ws/install/jw_interface_msgs/include/jw_interface_msgs/jw_interface_msgs/msg/status.h
-- Symlinking: /root/workspace/vehicle_control_ws/install/jw_interface_msgs/include/jw_interface_msgs/jw_interface_msgs/msg/status_stamped.h
-- Symlinking: /root/workspace/vehicle_control_ws/install/jw_interface_msgs/include/jw_interface_msgs/jw_interface_msgs/msg/time_stamp_status.h
-- Symlinking: /root/workspace/vehicle_control_ws/install/jw_interface_msgs/share/jw_interface_msgs/environment/library_path.sh
-- Symlinking: /root/workspace/vehicle_control_ws/install/jw_interface_msgs/share/jw_interface_msgs/environment/library_path.dsv
-- Symlinking: /root/workspace/vehicle_control_ws/install/jw_interface_msgs/include/jw_interface_msgs/jw_interface_msgs/msg/detail/battery_status__rosidl_typesupport_fastrtps_c.h
-- Symlinking: /root/workspace/vehicle_control_ws/install/jw_interface_msgs/include/jw_interface_msgs/jw_interface_msgs/msg/detail/command__rosidl_typesupport_fastrtps_c.h
-- Symlinking: /root/workspace/vehicle_control_ws/install/jw_interface_msgs/include/jw_interface_msgs/jw_interface_msgs/msg/detail/command_stamped__rosidl_typesupport_fastrtps_c.h
-- Symlinking: /root/workspace/vehicle_control_ws/install/jw_interface_msgs/include/jw_interface_msgs/jw_interface_msgs/msg/detail/jsad_command__rosidl_typesupport_fastrtps_c.h
-- Symlinking: /root/workspace/vehicle_control_ws/install/jw_interface_msgs/include/jw_interface_msgs/jw_interface_msgs/msg/detail/jsad_status__rosidl_typesupport_fastrtps_c.h
-- Symlinking: /root/workspace/vehicle_control_ws/install/jw_interface_msgs/include/jw_interface_msgs/jw_interface_msgs/msg/detail/mode_command__rosidl_typesupport_fastrtps_c.h
-- Symlinking: /root/workspace/vehicle_control_ws/install/jw_interface_msgs/include/jw_interface_msgs/jw_interface_msgs/msg/detail/motor_rpm_command__rosidl_typesupport_fastrtps_c.h
-- Symlinking: /root/workspace/vehicle_control_ws/install/jw_interface_msgs/include/jw_interface_msgs/jw_interface_msgs/msg/detail/motor_rpm_status__rosidl_typesupport_fastrtps_c.h
-- Symlinking: /root/workspace/vehicle_control_ws/install/jw_interface_msgs/include/jw_interface_msgs/jw_interface_msgs/msg/detail/speed_setting_status__rosidl_typesupport_fastrtps_c.h
-- Symlinking: /root/workspace/vehicle_control_ws/install/jw_interface_msgs/include/jw_interface_msgs/jw_interface_msgs/msg/detail/status__rosidl_typesupport_fastrtps_c.h
-- Symlinking: /root/workspace/vehicle_control_ws/install/jw_interface_msgs/include/jw_interface_msgs/jw_interface_msgs/msg/detail/status_stamped__rosidl_typesupport_fastrtps_c.h
-- Symlinking: /root/workspace/vehicle_control_ws/install/jw_interface_msgs/include/jw_interface_msgs/jw_interface_msgs/msg/detail/time_stamp_status__rosidl_typesupport_fastrtps_c.h
-- Symlinking: /root/workspace/vehicle_control_ws/install/jw_interface_msgs/include/jw_interface_msgs/jw_interface_msgs/msg/rosidl_typesupport_fastrtps_c__visibility_control.h
-- Symlinking: /root/workspace/vehicle_control_ws/install/jw_interface_msgs/include/jw_interface_msgs/jw_interface_msgs/msg/detail/battery_status__rosidl_typesupport_introspection_c.h
-- Symlinking: /root/workspace/vehicle_control_ws/install/jw_interface_msgs/include/jw_interface_msgs/jw_interface_msgs/msg/detail/command__rosidl_typesupport_introspection_c.h
-- Symlinking: /root/workspace/vehicle_control_ws/install/jw_interface_msgs/include/jw_interface_msgs/jw_interface_msgs/msg/detail/command_stamped__rosidl_typesupport_introspection_c.h
-- Symlinking: /root/workspace/vehicle_control_ws/install/jw_interface_msgs/include/jw_interface_msgs/jw_interface_msgs/msg/detail/jsad_command__rosidl_typesupport_introspection_c.h
-- Symlinking: /root/workspace/vehicle_control_ws/install/jw_interface_msgs/include/jw_interface_msgs/jw_interface_msgs/msg/detail/jsad_status__rosidl_typesupport_introspection_c.h
-- Symlinking: /root/workspace/vehicle_control_ws/install/jw_interface_msgs/include/jw_interface_msgs/jw_interface_msgs/msg/detail/mode_command__rosidl_typesupport_introspection_c.h
-- Symlinking: /root/workspace/vehicle_control_ws/install/jw_interface_msgs/include/jw_interface_msgs/jw_interface_msgs/msg/detail/motor_rpm_command__rosidl_typesupport_introspection_c.h
-- Symlinking: /root/workspace/vehicle_control_ws/install/jw_interface_msgs/include/jw_interface_msgs/jw_interface_msgs/msg/detail/motor_rpm_status__rosidl_typesupport_introspection_c.h
-- Symlinking: /root/workspace/vehicle_control_ws/install/jw_interface_msgs/include/jw_interface_msgs/jw_interface_msgs/msg/detail/speed_setting_status__rosidl_typesupport_introspection_c.h
-- Symlinking: /root/workspace/vehicle_control_ws/install/jw_interface_msgs/include/jw_interface_msgs/jw_interface_msgs/msg/detail/status__rosidl_typesupport_introspection_c.h
-- Symlinking: /root/workspace/vehicle_control_ws/install/jw_interface_msgs/include/jw_interface_msgs/jw_interface_msgs/msg/detail/status_stamped__rosidl_typesupport_introspection_c.h
-- Symlinking: /root/workspace/vehicle_control_ws/install/jw_interface_msgs/include/jw_interface_msgs/jw_interface_msgs/msg/detail/time_stamp_status__rosidl_typesupport_introspection_c.h
-- Symlinking: /root/workspace/vehicle_control_ws/install/jw_interface_msgs/include/jw_interface_msgs/jw_interface_msgs/msg/rosidl_typesupport_introspection_c__visibility_control.h
-- Symlinking: /root/workspace/vehicle_control_ws/install/jw_interface_msgs/include/jw_interface_msgs/jw_interface_msgs/msg/battery_status.hpp
-- Symlinking: /root/workspace/vehicle_control_ws/install/jw_interface_msgs/include/jw_interface_msgs/jw_interface_msgs/msg/command.hpp
-- Symlinking: /root/workspace/vehicle_control_ws/install/jw_interface_msgs/include/jw_interface_msgs/jw_interface_msgs/msg/command_stamped.hpp
-- Symlinking: /root/workspace/vehicle_control_ws/install/jw_interface_msgs/include/jw_interface_msgs/jw_interface_msgs/msg/detail/battery_status__builder.hpp
-- Symlinking: /root/workspace/vehicle_control_ws/install/jw_interface_msgs/include/jw_interface_msgs/jw_interface_msgs/msg/detail/battery_status__struct.hpp
-- Symlinking: /root/workspace/vehicle_control_ws/install/jw_interface_msgs/include/jw_interface_msgs/jw_interface_msgs/msg/detail/battery_status__traits.hpp
-- Symlinking: /root/workspace/vehicle_control_ws/install/jw_interface_msgs/include/jw_interface_msgs/jw_interface_msgs/msg/detail/battery_status__type_support.hpp
-- Symlinking: /root/workspace/vehicle_control_ws/install/jw_interface_msgs/include/jw_interface_msgs/jw_interface_msgs/msg/detail/command__builder.hpp
-- Symlinking: /root/workspace/vehicle_control_ws/install/jw_interface_msgs/include/jw_interface_msgs/jw_interface_msgs/msg/detail/command__struct.hpp
-- Symlinking: /root/workspace/vehicle_control_ws/install/jw_interface_msgs/include/jw_interface_msgs/jw_interface_msgs/msg/detail/command__traits.hpp
-- Symlinking: /root/workspace/vehicle_control_ws/install/jw_interface_msgs/include/jw_interface_msgs/jw_interface_msgs/msg/detail/command__type_support.hpp
-- Symlinking: /root/workspace/vehicle_control_ws/install/jw_interface_msgs/include/jw_interface_msgs/jw_interface_msgs/msg/detail/command_stamped__builder.hpp
-- Symlinking: /root/workspace/vehicle_control_ws/install/jw_interface_msgs/include/jw_interface_msgs/jw_interface_msgs/msg/detail/command_stamped__struct.hpp
-- Symlinking: /root/workspace/vehicle_control_ws/install/jw_interface_msgs/include/jw_interface_msgs/jw_interface_msgs/msg/detail/command_stamped__traits.hpp
-- Symlinking: /root/workspace/vehicle_control_ws/install/jw_interface_msgs/include/jw_interface_msgs/jw_interface_msgs/msg/detail/command_stamped__type_support.hpp
-- Symlinking: /root/workspace/vehicle_control_ws/install/jw_interface_msgs/include/jw_interface_msgs/jw_interface_msgs/msg/detail/jsad_command__builder.hpp
-- Symlinking: /root/workspace/vehicle_control_ws/install/jw_interface_msgs/include/jw_interface_msgs/jw_interface_msgs/msg/detail/jsad_command__struct.hpp
-- Symlinking: /root/workspace/vehicle_control_ws/install/jw_interface_msgs/include/jw_interface_msgs/jw_interface_msgs/msg/detail/jsad_command__traits.hpp
-- Symlinking: /root/workspace/vehicle_control_ws/install/jw_interface_msgs/include/jw_interface_msgs/jw_interface_msgs/msg/detail/jsad_command__type_support.hpp
-- Symlinking: /root/workspace/vehicle_control_ws/install/jw_interface_msgs/include/jw_interface_msgs/jw_interface_msgs/msg/detail/jsad_status__builder.hpp
-- Symlinking: /root/workspace/vehicle_control_ws/install/jw_interface_msgs/include/jw_interface_msgs/jw_interface_msgs/msg/detail/jsad_status__struct.hpp
-- Symlinking: /root/workspace/vehicle_control_ws/install/jw_interface_msgs/include/jw_interface_msgs/jw_interface_msgs/msg/detail/jsad_status__traits.hpp
-- Symlinking: /root/workspace/vehicle_control_ws/install/jw_interface_msgs/include/jw_interface_msgs/jw_interface_msgs/msg/detail/jsad_status__type_support.hpp
-- Symlinking: /root/workspace/vehicle_control_ws/install/jw_interface_msgs/include/jw_interface_msgs/jw_interface_msgs/msg/detail/mode_command__builder.hpp
-- Symlinking: /root/workspace/vehicle_control_ws/install/jw_interface_msgs/include/jw_interface_msgs/jw_interface_msgs/msg/detail/mode_command__struct.hpp
-- Symlinking: /root/workspace/vehicle_control_ws/install/jw_interface_msgs/include/jw_interface_msgs/jw_interface_msgs/msg/detail/mode_command__traits.hpp
-- Symlinking: /root/workspace/vehicle_control_ws/install/jw_interface_msgs/include/jw_interface_msgs/jw_interface_msgs/msg/detail/mode_command__type_support.hpp
-- Symlinking: /root/workspace/vehicle_control_ws/install/jw_interface_msgs/include/jw_interface_msgs/jw_interface_msgs/msg/detail/motor_rpm_command__builder.hpp
-- Symlinking: /root/workspace/vehicle_control_ws/install/jw_interface_msgs/include/jw_interface_msgs/jw_interface_msgs/msg/detail/motor_rpm_command__struct.hpp
-- Symlinking: /root/workspace/vehicle_control_ws/install/jw_interface_msgs/include/jw_interface_msgs/jw_interface_msgs/msg/detail/motor_rpm_command__traits.hpp
-- Symlinking: /root/workspace/vehicle_control_ws/install/jw_interface_msgs/include/jw_interface_msgs/jw_interface_msgs/msg/detail/motor_rpm_command__type_support.hpp
-- Symlinking: /root/workspace/vehicle_control_ws/install/jw_interface_msgs/include/jw_interface_msgs/jw_interface_msgs/msg/detail/motor_rpm_status__builder.hpp
-- Symlinking: /root/workspace/vehicle_control_ws/install/jw_interface_msgs/include/jw_interface_msgs/jw_interface_msgs/msg/detail/motor_rpm_status__struct.hpp
-- Symlinking: /root/workspace/vehicle_control_ws/install/jw_interface_msgs/include/jw_interface_msgs/jw_interface_msgs/msg/detail/motor_rpm_status__traits.hpp
-- Symlinking: /root/workspace/vehicle_control_ws/install/jw_interface_msgs/include/jw_interface_msgs/jw_interface_msgs/msg/detail/motor_rpm_status__type_support.hpp
-- Symlinking: /root/workspace/vehicle_control_ws/install/jw_interface_msgs/include/jw_interface_msgs/jw_interface_msgs/msg/detail/speed_setting_status__builder.hpp
-- Symlinking: /root/workspace/vehicle_control_ws/install/jw_interface_msgs/include/jw_interface_msgs/jw_interface_msgs/msg/detail/speed_setting_status__struct.hpp
-- Symlinking: /root/workspace/vehicle_control_ws/install/jw_interface_msgs/include/jw_interface_msgs/jw_interface_msgs/msg/detail/speed_setting_status__traits.hpp
-- Symlinking: /root/workspace/vehicle_control_ws/install/jw_interface_msgs/include/jw_interface_msgs/jw_interface_msgs/msg/detail/speed_setting_status__type_support.hpp
-- Symlinking: /root/workspace/vehicle_control_ws/install/jw_interface_msgs/include/jw_interface_msgs/jw_interface_msgs/msg/detail/status__builder.hpp
-- Symlinking: /root/workspace/vehicle_control_ws/install/jw_interface_msgs/include/jw_interface_msgs/jw_interface_msgs/msg/detail/status__struct.hpp
-- Symlinking: /root/workspace/vehicle_control_ws/install/jw_interface_msgs/include/jw_interface_msgs/jw_interface_msgs/msg/detail/status__traits.hpp
-- Symlinking: /root/workspace/vehicle_control_ws/install/jw_interface_msgs/include/jw_interface_msgs/jw_interface_msgs/msg/detail/status__type_support.hpp
-- Symlinking: /root/workspace/vehicle_control_ws/install/jw_interface_msgs/include/jw_interface_msgs/jw_interface_msgs/msg/detail/status_stamped__builder.hpp
-- Symlinking: /root/workspace/vehicle_control_ws/install/jw_interface_msgs/include/jw_interface_msgs/jw_interface_msgs/msg/detail/status_stamped__struct.hpp
-- Symlinking: /root/workspace/vehicle_control_ws/install/jw_interface_msgs/include/jw_interface_msgs/jw_interface_msgs/msg/detail/status_stamped__traits.hpp
-- Symlinking: /root/workspace/vehicle_control_ws/install/jw_interface_msgs/include/jw_interface_msgs/jw_interface_msgs/msg/detail/status_stamped__type_support.hpp
-- Symlinking: /root/workspace/vehicle_control_ws/install/jw_interface_msgs/include/jw_interface_msgs/jw_interface_msgs/msg/detail/time_stamp_status__builder.hpp
-- Symlinking: /root/workspace/vehicle_control_ws/install/jw_interface_msgs/include/jw_interface_msgs/jw_interface_msgs/msg/detail/time_stamp_status__struct.hpp
-- Symlinking: /root/workspace/vehicle_control_ws/install/jw_interface_msgs/include/jw_interface_msgs/jw_interface_msgs/msg/detail/time_stamp_status__traits.hpp
-- Symlinking: /root/workspace/vehicle_control_ws/install/jw_interface_msgs/include/jw_interface_msgs/jw_interface_msgs/msg/detail/time_stamp_status__type_support.hpp
-- Symlinking: /root/workspace/vehicle_control_ws/install/jw_interface_msgs/include/jw_interface_msgs/jw_interface_msgs/msg/jsad_command.hpp
-- Symlinking: /root/workspace/vehicle_control_ws/install/jw_interface_msgs/include/jw_interface_msgs/jw_interface_msgs/msg/jsad_status.hpp
-- Symlinking: /root/workspace/vehicle_control_ws/install/jw_interface_msgs/include/jw_interface_msgs/jw_interface_msgs/msg/mode_command.hpp
-- Symlinking: /root/workspace/vehicle_control_ws/install/jw_interface_msgs/include/jw_interface_msgs/jw_interface_msgs/msg/motor_rpm_command.hpp
-- Symlinking: /root/workspace/vehicle_control_ws/install/jw_interface_msgs/include/jw_interface_msgs/jw_interface_msgs/msg/motor_rpm_status.hpp
-- Symlinking: /root/workspace/vehicle_control_ws/install/jw_interface_msgs/include/jw_interface_msgs/jw_interface_msgs/msg/rosidl_generator_cpp__visibility_control.hpp
-- Symlinking: /root/workspace/vehicle_control_ws/install/jw_interface_msgs/include/jw_interface_msgs/jw_interface_msgs/msg/speed_setting_status.hpp
-- Symlinking: /root/workspace/vehicle_control_ws/install/jw_interface_msgs/include/jw_interface_msgs/jw_interface_msgs/msg/status.hpp
-- Symlinking: /root/workspace/vehicle_control_ws/install/jw_interface_msgs/include/jw_interface_msgs/jw_interface_msgs/msg/status_stamped.hpp
-- Symlinking: /root/workspace/vehicle_control_ws/install/jw_interface_msgs/include/jw_interface_msgs/jw_interface_msgs/msg/time_stamp_status.hpp
-- Symlinking: /root/workspace/vehicle_control_ws/install/jw_interface_msgs/include/jw_interface_msgs/jw_interface_msgs/msg/detail/battery_status__rosidl_typesupport_fastrtps_cpp.hpp
-- Symlinking: /root/workspace/vehicle_control_ws/install/jw_interface_msgs/include/jw_interface_msgs/jw_interface_msgs/msg/detail/command__rosidl_typesupport_fastrtps_cpp.hpp
-- Symlinking: /root/workspace/vehicle_control_ws/install/jw_interface_msgs/include/jw_interface_msgs/jw_interface_msgs/msg/detail/command_stamped__rosidl_typesupport_fastrtps_cpp.hpp
-- Symlinking: /root/workspace/vehicle_control_ws/install/jw_interface_msgs/include/jw_interface_msgs/jw_interface_msgs/msg/detail/jsad_command__rosidl_typesupport_fastrtps_cpp.hpp
-- Symlinking: /root/workspace/vehicle_control_ws/install/jw_interface_msgs/include/jw_interface_msgs/jw_interface_msgs/msg/detail/jsad_status__rosidl_typesupport_fastrtps_cpp.hpp
-- Symlinking: /root/workspace/vehicle_control_ws/install/jw_interface_msgs/include/jw_interface_msgs/jw_interface_msgs/msg/detail/mode_command__rosidl_typesupport_fastrtps_cpp.hpp
-- Symlinking: /root/workspace/vehicle_control_ws/install/jw_interface_msgs/include/jw_interface_msgs/jw_interface_msgs/msg/detail/motor_rpm_command__rosidl_typesupport_fastrtps_cpp.hpp
-- Symlinking: /root/workspace/vehicle_control_ws/install/jw_interface_msgs/include/jw_interface_msgs/jw_interface_msgs/msg/detail/motor_rpm_status__rosidl_typesupport_fastrtps_cpp.hpp
-- Symlinking: /root/workspace/vehicle_control_ws/install/jw_interface_msgs/include/jw_interface_msgs/jw_interface_msgs/msg/detail/speed_setting_status__rosidl_typesupport_fastrtps_cpp.hpp
-- Symlinking: /root/workspace/vehicle_control_ws/install/jw_interface_msgs/include/jw_interface_msgs/jw_interface_msgs/msg/detail/status__rosidl_typesupport_fastrtps_cpp.hpp
-- Symlinking: /root/workspace/vehicle_control_ws/install/jw_interface_msgs/include/jw_interface_msgs/jw_interface_msgs/msg/detail/status_stamped__rosidl_typesupport_fastrtps_cpp.hpp
-- Symlinking: /root/workspace/vehicle_control_ws/install/jw_interface_msgs/include/jw_interface_msgs/jw_interface_msgs/msg/detail/time_stamp_status__rosidl_typesupport_fastrtps_cpp.hpp
-- Symlinking: /root/workspace/vehicle_control_ws/install/jw_interface_msgs/include/jw_interface_msgs/jw_interface_msgs/msg/rosidl_typesupport_fastrtps_cpp__visibility_control.h
-- Symlinking: /root/workspace/vehicle_control_ws/install/jw_interface_msgs/include/jw_interface_msgs/jw_interface_msgs/msg/detail/battery_status__rosidl_typesupport_introspection_cpp.hpp
-- Symlinking: /root/workspace/vehicle_control_ws/install/jw_interface_msgs/include/jw_interface_msgs/jw_interface_msgs/msg/detail/command__rosidl_typesupport_introspection_cpp.hpp
-- Symlinking: /root/workspace/vehicle_control_ws/install/jw_interface_msgs/include/jw_interface_msgs/jw_interface_msgs/msg/detail/command_stamped__rosidl_typesupport_introspection_cpp.hpp
-- Symlinking: /root/workspace/vehicle_control_ws/install/jw_interface_msgs/include/jw_interface_msgs/jw_interface_msgs/msg/detail/jsad_command__rosidl_typesupport_introspection_cpp.hpp
-- Symlinking: /root/workspace/vehicle_control_ws/install/jw_interface_msgs/include/jw_interface_msgs/jw_interface_msgs/msg/detail/jsad_status__rosidl_typesupport_introspection_cpp.hpp
-- Symlinking: /root/workspace/vehicle_control_ws/install/jw_interface_msgs/include/jw_interface_msgs/jw_interface_msgs/msg/detail/mode_command__rosidl_typesupport_introspection_cpp.hpp
-- Symlinking: /root/workspace/vehicle_control_ws/install/jw_interface_msgs/include/jw_interface_msgs/jw_interface_msgs/msg/detail/motor_rpm_command__rosidl_typesupport_introspection_cpp.hpp
-- Symlinking: /root/workspace/vehicle_control_ws/install/jw_interface_msgs/include/jw_interface_msgs/jw_interface_msgs/msg/detail/motor_rpm_status__rosidl_typesupport_introspection_cpp.hpp
-- Symlinking: /root/workspace/vehicle_control_ws/install/jw_interface_msgs/include/jw_interface_msgs/jw_interface_msgs/msg/detail/speed_setting_status__rosidl_typesupport_introspection_cpp.hpp
-- Symlinking: /root/workspace/vehicle_control_ws/install/jw_interface_msgs/include/jw_interface_msgs/jw_interface_msgs/msg/detail/status__rosidl_typesupport_introspection_cpp.hpp
-- Symlinking: /root/workspace/vehicle_control_ws/install/jw_interface_msgs/include/jw_interface_msgs/jw_interface_msgs/msg/detail/status_stamped__rosidl_typesupport_introspection_cpp.hpp
-- Symlinking: /root/workspace/vehicle_control_ws/install/jw_interface_msgs/include/jw_interface_msgs/jw_interface_msgs/msg/detail/time_stamp_status__rosidl_typesupport_introspection_cpp.hpp
-- Symlinking: /root/workspace/vehicle_control_ws/install/jw_interface_msgs/share/jw_interface_msgs/environment/pythonpath.sh
-- Symlinking: /root/workspace/vehicle_control_ws/install/jw_interface_msgs/share/jw_interface_msgs/environment/pythonpath.dsv
-- Symlinking: /root/workspace/vehicle_control_ws/install/jw_interface_msgs/local/lib/python3.10/dist-packages/jw_interface_msgs-0.0.0-py3.10.egg-info/PKG-INFO
-- Symlinking: /root/workspace/vehicle_control_ws/install/jw_interface_msgs/local/lib/python3.10/dist-packages/jw_interface_msgs-0.0.0-py3.10.egg-info/SOURCES.txt
-- Symlinking: /root/workspace/vehicle_control_ws/install/jw_interface_msgs/local/lib/python3.10/dist-packages/jw_interface_msgs-0.0.0-py3.10.egg-info/dependency_links.txt
-- Symlinking: /root/workspace/vehicle_control_ws/install/jw_interface_msgs/local/lib/python3.10/dist-packages/jw_interface_msgs-0.0.0-py3.10.egg-info/top_level.txt
-- Symlinking: /root/workspace/vehicle_control_ws/install/jw_interface_msgs/local/lib/python3.10/dist-packages/jw_interface_msgs/__init__.py
-- Symlinking: /root/workspace/vehicle_control_ws/install/jw_interface_msgs/local/lib/python3.10/dist-packages/jw_interface_msgs/_jw_interface_msgs_s.ep.rosidl_typesupport_c.c
-- Symlinking: /root/workspace/vehicle_control_ws/install/jw_interface_msgs/local/lib/python3.10/dist-packages/jw_interface_msgs/_jw_interface_msgs_s.ep.rosidl_typesupport_fastrtps_c.c
-- Symlinking: /root/workspace/vehicle_control_ws/install/jw_interface_msgs/local/lib/python3.10/dist-packages/jw_interface_msgs/_jw_interface_msgs_s.ep.rosidl_typesupport_introspection_c.c
-- Symlinking: /root/workspace/vehicle_control_ws/install/jw_interface_msgs/local/lib/python3.10/dist-packages/jw_interface_msgs/jw_interface_msgs_s__rosidl_typesupport_c.cpython-310-aarch64-linux-gnu.so
-- Symlinking: /root/workspace/vehicle_control_ws/install/jw_interface_msgs/local/lib/python3.10/dist-packages/jw_interface_msgs/jw_interface_msgs_s__rosidl_typesupport_fastrtps_c.cpython-310-aarch64-linux-gnu.so
-- Symlinking: /root/workspace/vehicle_control_ws/install/jw_interface_msgs/local/lib/python3.10/dist-packages/jw_interface_msgs/jw_interface_msgs_s__rosidl_typesupport_introspection_c.cpython-310-aarch64-linux-gnu.so
-- Symlinking: /root/workspace/vehicle_control_ws/install/jw_interface_msgs/local/lib/python3.10/dist-packages/jw_interface_msgs/libjw_interface_msgs__rosidl_generator_py.so
-- Symlinking: /root/workspace/vehicle_control_ws/install/jw_interface_msgs/local/lib/python3.10/dist-packages/jw_interface_msgs/msg/__init__.py
-- Symlinking: /root/workspace/vehicle_control_ws/install/jw_interface_msgs/local/lib/python3.10/dist-packages/jw_interface_msgs/msg/_battery_status.py
-- Symlinking: /root/workspace/vehicle_control_ws/install/jw_interface_msgs/local/lib/python3.10/dist-packages/jw_interface_msgs/msg/_battery_status_s.c
-- Symlinking: /root/workspace/vehicle_control_ws/install/jw_interface_msgs/local/lib/python3.10/dist-packages/jw_interface_msgs/msg/_command.py
-- Symlinking: /root/workspace/vehicle_control_ws/install/jw_interface_msgs/local/lib/python3.10/dist-packages/jw_interface_msgs/msg/_command_s.c
-- Symlinking: /root/workspace/vehicle_control_ws/install/jw_interface_msgs/local/lib/python3.10/dist-packages/jw_interface_msgs/msg/_command_stamped.py
-- Symlinking: /root/workspace/vehicle_control_ws/install/jw_interface_msgs/local/lib/python3.10/dist-packages/jw_interface_msgs/msg/_command_stamped_s.c
-- Symlinking: /root/workspace/vehicle_control_ws/install/jw_interface_msgs/local/lib/python3.10/dist-packages/jw_interface_msgs/msg/_jsad_command.py
-- Symlinking: /root/workspace/vehicle_control_ws/install/jw_interface_msgs/local/lib/python3.10/dist-packages/jw_interface_msgs/msg/_jsad_command_s.c
-- Symlinking: /root/workspace/vehicle_control_ws/install/jw_interface_msgs/local/lib/python3.10/dist-packages/jw_interface_msgs/msg/_jsad_status.py
-- Symlinking: /root/workspace/vehicle_control_ws/install/jw_interface_msgs/local/lib/python3.10/dist-packages/jw_interface_msgs/msg/_jsad_status_s.c
-- Symlinking: /root/workspace/vehicle_control_ws/install/jw_interface_msgs/local/lib/python3.10/dist-packages/jw_interface_msgs/msg/_mode_command.py
-- Symlinking: /root/workspace/vehicle_control_ws/install/jw_interface_msgs/local/lib/python3.10/dist-packages/jw_interface_msgs/msg/_mode_command_s.c
-- Symlinking: /root/workspace/vehicle_control_ws/install/jw_interface_msgs/local/lib/python3.10/dist-packages/jw_interface_msgs/msg/_motor_rpm_command.py
-- Symlinking: /root/workspace/vehicle_control_ws/install/jw_interface_msgs/local/lib/python3.10/dist-packages/jw_interface_msgs/msg/_motor_rpm_command_s.c
-- Symlinking: /root/workspace/vehicle_control_ws/install/jw_interface_msgs/local/lib/python3.10/dist-packages/jw_interface_msgs/msg/_motor_rpm_status.py
-- Symlinking: /root/workspace/vehicle_control_ws/install/jw_interface_msgs/local/lib/python3.10/dist-packages/jw_interface_msgs/msg/_motor_rpm_status_s.c
-- Symlinking: /root/workspace/vehicle_control_ws/install/jw_interface_msgs/local/lib/python3.10/dist-packages/jw_interface_msgs/msg/_speed_setting_status.py
-- Symlinking: /root/workspace/vehicle_control_ws/install/jw_interface_msgs/local/lib/python3.10/dist-packages/jw_interface_msgs/msg/_speed_setting_status_s.c
-- Symlinking: /root/workspace/vehicle_control_ws/install/jw_interface_msgs/local/lib/python3.10/dist-packages/jw_interface_msgs/msg/_status.py
-- Symlinking: /root/workspace/vehicle_control_ws/install/jw_interface_msgs/local/lib/python3.10/dist-packages/jw_interface_msgs/msg/_status_s.c
-- Symlinking: /root/workspace/vehicle_control_ws/install/jw_interface_msgs/local/lib/python3.10/dist-packages/jw_interface_msgs/msg/_status_stamped.py
-- Symlinking: /root/workspace/vehicle_control_ws/install/jw_interface_msgs/local/lib/python3.10/dist-packages/jw_interface_msgs/msg/_status_stamped_s.c
-- Symlinking: /root/workspace/vehicle_control_ws/install/jw_interface_msgs/local/lib/python3.10/dist-packages/jw_interface_msgs/msg/_time_stamp_status.py
-- Symlinking: /root/workspace/vehicle_control_ws/install/jw_interface_msgs/local/lib/python3.10/dist-packages/jw_interface_msgs/msg/_time_stamp_status_s.c
-- Up-to-date symlink: /root/workspace/vehicle_control_ws/install/jw_interface_msgs/local/lib/python3.10/dist-packages/jw_interface_msgs/jw_interface_msgs_s__rosidl_typesupport_fastrtps_c.cpython-310-aarch64-linux-gnu.so
-- Up-to-date symlink: /root/workspace/vehicle_control_ws/install/jw_interface_msgs/local/lib/python3.10/dist-packages/jw_interface_msgs/jw_interface_msgs_s__rosidl_typesupport_introspection_c.cpython-310-aarch64-linux-gnu.so
-- Up-to-date symlink: /root/workspace/vehicle_control_ws/install/jw_interface_msgs/local/lib/python3.10/dist-packages/jw_interface_msgs/jw_interface_msgs_s__rosidl_typesupport_c.cpython-310-aarch64-linux-gnu.so
-- Symlinking: /root/workspace/vehicle_control_ws/install/jw_interface_msgs/share/jw_interface_msgs/msg/ModeCommand.idl
-- Symlinking: /root/workspace/vehicle_control_ws/install/jw_interface_msgs/share/jw_interface_msgs/msg/MotorRPMCommand.idl
-- Symlinking: /root/workspace/vehicle_control_ws/install/jw_interface_msgs/share/jw_interface_msgs/msg/Command.idl
-- Symlinking: /root/workspace/vehicle_control_ws/install/jw_interface_msgs/share/jw_interface_msgs/msg/CommandStamped.idl
-- Symlinking: /root/workspace/vehicle_control_ws/install/jw_interface_msgs/share/jw_interface_msgs/msg/TimeStampStatus.idl
-- Symlinking: /root/workspace/vehicle_control_ws/install/jw_interface_msgs/share/jw_interface_msgs/msg/MotorRPMStatus.idl
-- Symlinking: /root/workspace/vehicle_control_ws/install/jw_interface_msgs/share/jw_interface_msgs/msg/BatteryStatus.idl
-- Symlinking: /root/workspace/vehicle_control_ws/install/jw_interface_msgs/share/jw_interface_msgs/msg/SpeedSettingStatus.idl
-- Symlinking: /root/workspace/vehicle_control_ws/install/jw_interface_msgs/share/jw_interface_msgs/msg/JSADCommand.idl
-- Symlinking: /root/workspace/vehicle_control_ws/install/jw_interface_msgs/share/jw_interface_msgs/msg/JSADStatus.idl
-- Symlinking: /root/workspace/vehicle_control_ws/install/jw_interface_msgs/share/jw_interface_msgs/msg/Status.idl
-- Symlinking: /root/workspace/vehicle_control_ws/install/jw_interface_msgs/share/jw_interface_msgs/msg/StatusStamped.idl
-- Symlinking: /root/workspace/vehicle_control_ws/install/jw_interface_msgs/share/jw_interface_msgs/msg/ModeCommand.msg
-- Symlinking: /root/workspace/vehicle_control_ws/install/jw_interface_msgs/share/jw_interface_msgs/msg/MotorRPMCommand.msg
-- Symlinking: /root/workspace/vehicle_control_ws/install/jw_interface_msgs/share/jw_interface_msgs/msg/Command.msg
-- Symlinking: /root/workspace/vehicle_control_ws/install/jw_interface_msgs/share/jw_interface_msgs/msg/CommandStamped.msg
-- Symlinking: /root/workspace/vehicle_control_ws/install/jw_interface_msgs/share/jw_interface_msgs/msg/TimeStampStatus.msg
-- Symlinking: /root/workspace/vehicle_control_ws/install/jw_interface_msgs/share/jw_interface_msgs/msg/MotorRPMStatus.msg
-- Symlinking: /root/workspace/vehicle_control_ws/install/jw_interface_msgs/share/jw_interface_msgs/msg/BatteryStatus.msg
-- Symlinking: /root/workspace/vehicle_control_ws/install/jw_interface_msgs/share/jw_interface_msgs/msg/SpeedSettingStatus.msg
-- Symlinking: /root/workspace/vehicle_control_ws/install/jw_interface_msgs/share/jw_interface_msgs/msg/JSADCommand.msg
-- Symlinking: /root/workspace/vehicle_control_ws/install/jw_interface_msgs/share/jw_interface_msgs/msg/JSADStatus.msg
-- Symlinking: /root/workspace/vehicle_control_ws/install/jw_interface_msgs/share/jw_interface_msgs/msg/Status.msg
-- Symlinking: /root/workspace/vehicle_control_ws/install/jw_interface_msgs/share/jw_interface_msgs/msg/StatusStamped.msg
-- Symlinking: /root/workspace/vehicle_control_ws/install/jw_interface_msgs/share/ament_index/resource_index/package_run_dependencies/jw_interface_msgs
-- Symlinking: /root/workspace/vehicle_control_ws/install/jw_interface_msgs/share/ament_index/resource_index/parent_prefix_path/jw_interface_msgs
-- Symlinking: /root/workspace/vehicle_control_ws/install/jw_interface_msgs/share/jw_interface_msgs/environment/ament_prefix_path.sh
-- Symlinking: /root/workspace/vehicle_control_ws/install/jw_interface_msgs/share/jw_interface_msgs/environment/ament_prefix_path.dsv
-- Symlinking: /root/workspace/vehicle_control_ws/install/jw_interface_msgs/share/jw_interface_msgs/environment/path.sh
-- Symlinking: /root/workspace/vehicle_control_ws/install/jw_interface_msgs/share/jw_interface_msgs/environment/path.dsv
-- Symlinking: /root/workspace/vehicle_control_ws/install/jw_interface_msgs/share/jw_interface_msgs/local_setup.bash
-- Symlinking: /root/workspace/vehicle_control_ws/install/jw_interface_msgs/share/jw_interface_msgs/local_setup.sh
-- Symlinking: /root/workspace/vehicle_control_ws/install/jw_interface_msgs/share/jw_interface_msgs/local_setup.zsh
-- Symlinking: /root/workspace/vehicle_control_ws/install/jw_interface_msgs/share/jw_interface_msgs/local_setup.dsv
-- Symlinking: /root/workspace/vehicle_control_ws/install/jw_interface_msgs/share/jw_interface_msgs/package.dsv
-- Symlinking: /root/workspace/vehicle_control_ws/install/jw_interface_msgs/share/ament_index/resource_index/packages/jw_interface_msgs
-- Symlinking: /root/workspace/vehicle_control_ws/install/jw_interface_msgs/share/jw_interface_msgs/cmake/rosidl_cmake-extras.cmake
-- Symlinking: /root/workspace/vehicle_control_ws/install/jw_interface_msgs/share/jw_interface_msgs/cmake/ament_cmake_export_dependencies-extras.cmake
-- Symlinking: /root/workspace/vehicle_control_ws/install/jw_interface_msgs/share/jw_interface_msgs/cmake/ament_cmake_export_include_directories-extras.cmake
-- Symlinking: /root/workspace/vehicle_control_ws/install/jw_interface_msgs/share/jw_interface_msgs/cmake/ament_cmake_export_libraries-extras.cmake
-- Symlinking: /root/workspace/vehicle_control_ws/install/jw_interface_msgs/share/jw_interface_msgs/cmake/ament_cmake_export_targets-extras.cmake
-- Symlinking: /root/workspace/vehicle_control_ws/install/jw_interface_msgs/share/jw_interface_msgs/cmake/rosidl_cmake_export_typesupport_targets-extras.cmake
-- Symlinking: /root/workspace/vehicle_control_ws/install/jw_interface_msgs/share/jw_interface_msgs/cmake/rosidl_cmake_export_typesupport_libraries-extras.cmake
-- Symlinking: /root/workspace/vehicle_control_ws/install/jw_interface_msgs/share/jw_interface_msgs/cmake/jw_interface_msgsConfig.cmake
-- Symlinking: /root/workspace/vehicle_control_ws/install/jw_interface_msgs/share/jw_interface_msgs/cmake/jw_interface_msgsConfig-version.cmake
-- Symlinking: /root/workspace/vehicle_control_ws/install/jw_interface_msgs/share/jw_interface_msgs/package.xml
-- Installing: /root/workspace/vehicle_control_ws/install/jw_interface_msgs/lib/libjw_interface_msgs__rosidl_generator_c.so
-- Set runtime path of "/root/workspace/vehicle_control_ws/install/jw_interface_msgs/lib/libjw_interface_msgs__rosidl_generator_c.so" to ""
-- Installing: /root/workspace/vehicle_control_ws/install/jw_interface_msgs/lib/libjw_interface_msgs__rosidl_typesupport_fastrtps_c.so
-- Set runtime path of "/root/workspace/vehicle_control_ws/install/jw_interface_msgs/lib/libjw_interface_msgs__rosidl_typesupport_fastrtps_c.so" to ""
-- Installing: /root/workspace/vehicle_control_ws/install/jw_interface_msgs/lib/libjw_interface_msgs__rosidl_typesupport_introspection_c.so
-- Set runtime path of "/root/workspace/vehicle_control_ws/install/jw_interface_msgs/lib/libjw_interface_msgs__rosidl_typesupport_introspection_c.so" to ""
-- Installing: /root/workspace/vehicle_control_ws/install/jw_interface_msgs/lib/libjw_interface_msgs__rosidl_typesupport_c.so
-- Set runtime path of "/root/workspace/vehicle_control_ws/install/jw_interface_msgs/lib/libjw_interface_msgs__rosidl_typesupport_c.so" to ""
-- Installing: /root/workspace/vehicle_control_ws/install/jw_interface_msgs/lib/libjw_interface_msgs__rosidl_typesupport_fastrtps_cpp.so
-- Set runtime path of "/root/workspace/vehicle_control_ws/install/jw_interface_msgs/lib/libjw_interface_msgs__rosidl_typesupport_fastrtps_cpp.so" to ""
-- Installing: /root/workspace/vehicle_control_ws/install/jw_interface_msgs/lib/libjw_interface_msgs__rosidl_typesupport_introspection_cpp.so
-- Set runtime path of "/root/workspace/vehicle_control_ws/install/jw_interface_msgs/lib/libjw_interface_msgs__rosidl_typesupport_introspection_cpp.so" to ""
-- Installing: /root/workspace/vehicle_control_ws/install/jw_interface_msgs/lib/libjw_interface_msgs__rosidl_typesupport_cpp.so
-- Set runtime path of "/root/workspace/vehicle_control_ws/install/jw_interface_msgs/lib/libjw_interface_msgs__rosidl_typesupport_cpp.so" to ""
Listing '/root/workspace/vehicle_control_ws/install/jw_interface_msgs/local/lib/python3.10/dist-packages/jw_interface_msgs'...
Compiling '/root/workspace/vehicle_control_ws/install/jw_interface_msgs/local/lib/python3.10/dist-packages/jw_interface_msgs/__init__.py'...
Listing '/root/workspace/vehicle_control_ws/install/jw_interface_msgs/local/lib/python3.10/dist-packages/jw_interface_msgs/msg'...
Compiling '/root/workspace/vehicle_control_ws/install/jw_interface_msgs/local/lib/python3.10/dist-packages/jw_interface_msgs/msg/__init__.py'...
Compiling '/root/workspace/vehicle_control_ws/install/jw_interface_msgs/local/lib/python3.10/dist-packages/jw_interface_msgs/msg/_battery_status.py'...
Compiling '/root/workspace/vehicle_control_ws/install/jw_interface_msgs/local/lib/python3.10/dist-packages/jw_interface_msgs/msg/_command.py'...
Compiling '/root/workspace/vehicle_control_ws/install/jw_interface_msgs/local/lib/python3.10/dist-packages/jw_interface_msgs/msg/_command_stamped.py'...
Compiling '/root/workspace/vehicle_control_ws/install/jw_interface_msgs/local/lib/python3.10/dist-packages/jw_interface_msgs/msg/_jsad_command.py'...
Compiling '/root/workspace/vehicle_control_ws/install/jw_interface_msgs/local/lib/python3.10/dist-packages/jw_interface_msgs/msg/_jsad_status.py'...
Compiling '/root/workspace/vehicle_control_ws/install/jw_interface_msgs/local/lib/python3.10/dist-packages/jw_interface_msgs/msg/_mode_command.py'...
Compiling '/root/workspace/vehicle_control_ws/install/jw_interface_msgs/local/lib/python3.10/dist-packages/jw_interface_msgs/msg/_motor_rpm_command.py'...
Compiling '/root/workspace/vehicle_control_ws/install/jw_interface_msgs/local/lib/python3.10/dist-packages/jw_interface_msgs/msg/_motor_rpm_status.py'...
Compiling '/root/workspace/vehicle_control_ws/install/jw_interface_msgs/local/lib/python3.10/dist-packages/jw_interface_msgs/msg/_speed_setting_status.py'...
Compiling '/root/workspace/vehicle_control_ws/install/jw_interface_msgs/local/lib/python3.10/dist-packages/jw_interface_msgs/msg/_status.py'...
Compiling '/root/workspace/vehicle_control_ws/install/jw_interface_msgs/local/lib/python3.10/dist-packages/jw_interface_msgs/msg/_status_stamped.py'...
Compiling '/root/workspace/vehicle_control_ws/install/jw_interface_msgs/local/lib/python3.10/dist-packages/jw_interface_msgs/msg/_time_stamp_status.py'...
-- Installing: /root/workspace/vehicle_control_ws/install/jw_interface_msgs/lib/libjw_interface_msgs__rosidl_generator_py.so
-- Set runtime path of "/root/workspace/vehicle_control_ws/install/jw_interface_msgs/lib/libjw_interface_msgs__rosidl_generator_py.so" to ""
-- Installing: /root/workspace/vehicle_control_ws/install/jw_interface_msgs/share/jw_interface_msgs/cmake/export_jw_interface_msgs__rosidl_generator_cExport.cmake
-- Installing: /root/workspace/vehicle_control_ws/install/jw_interface_msgs/share/jw_interface_msgs/cmake/export_jw_interface_msgs__rosidl_generator_cExport-noconfig.cmake
-- Installing: /root/workspace/vehicle_control_ws/install/jw_interface_msgs/share/jw_interface_msgs/cmake/export_jw_interface_msgs__rosidl_typesupport_fastrtps_cExport.cmake
-- Installing: /root/workspace/vehicle_control_ws/install/jw_interface_msgs/share/jw_interface_msgs/cmake/export_jw_interface_msgs__rosidl_typesupport_fastrtps_cExport-noconfig.cmake
-- Installing: /root/workspace/vehicle_control_ws/install/jw_interface_msgs/share/jw_interface_msgs/cmake/jw_interface_msgs__rosidl_typesupport_introspection_cExport.cmake
-- Installing: /root/workspace/vehicle_control_ws/install/jw_interface_msgs/share/jw_interface_msgs/cmake/jw_interface_msgs__rosidl_typesupport_introspection_cExport-noconfig.cmake
-- Installing: /root/workspace/vehicle_control_ws/install/jw_interface_msgs/share/jw_interface_msgs/cmake/jw_interface_msgs__rosidl_typesupport_cExport.cmake
-- Installing: /root/workspace/vehicle_control_ws/install/jw_interface_msgs/share/jw_interface_msgs/cmake/jw_interface_msgs__rosidl_typesupport_cExport-noconfig.cmake
-- Installing: /root/workspace/vehicle_control_ws/install/jw_interface_msgs/share/jw_interface_msgs/cmake/export_jw_interface_msgs__rosidl_generator_cppExport.cmake
-- Installing: /root/workspace/vehicle_control_ws/install/jw_interface_msgs/share/jw_interface_msgs/cmake/export_jw_interface_msgs__rosidl_typesupport_fastrtps_cppExport.cmake
-- Installing: /root/workspace/vehicle_control_ws/install/jw_interface_msgs/share/jw_interface_msgs/cmake/export_jw_interface_msgs__rosidl_typesupport_fastrtps_cppExport-noconfig.cmake
-- Installing: /root/workspace/vehicle_control_ws/install/jw_interface_msgs/share/jw_interface_msgs/cmake/jw_interface_msgs__rosidl_typesupport_introspection_cppExport.cmake
-- Installing: /root/workspace/vehicle_control_ws/install/jw_interface_msgs/share/jw_interface_msgs/cmake/jw_interface_msgs__rosidl_typesupport_introspection_cppExport-noconfig.cmake
-- Installing: /root/workspace/vehicle_control_ws/install/jw_interface_msgs/share/jw_interface_msgs/cmake/jw_interface_msgs__rosidl_typesupport_cppExport.cmake
-- Installing: /root/workspace/vehicle_control_ws/install/jw_interface_msgs/share/jw_interface_msgs/cmake/jw_interface_msgs__rosidl_typesupport_cppExport-noconfig.cmake
-- Installing: /root/workspace/vehicle_control_ws/install/jw_interface_msgs/share/jw_interface_msgs/cmake/export_jw_interface_msgs__rosidl_generator_pyExport.cmake
-- Installing: /root/workspace/vehicle_control_ws/install/jw_interface_msgs/share/jw_interface_msgs/cmake/export_jw_interface_msgs__rosidl_generator_pyExport-noconfig.cmake
