[0.006s] Invoking command in '/root/workspace/vehicle_control_ws/build/jw_interface_msgs': CMAKE_PREFIX_PATH=/root/workspace/vehicle_control/install/vehicle_control:/opt/ros/humble /usr/bin/cmake /root/workspace/vehicle_control_ws/src/jw_interface_msgs -DAMENT_CMAKE_SYMLINK_INSTALL=1 -DCMAKE_INSTALL_PREFIX=/root/workspace/vehicle_control_ws/install/jw_interface_msgs
[0.035s] -- The C compiler identification is GNU 11.4.0
[0.067s] -- The CXX compiler identification is GNU 11.4.0
[0.071s] -- Detecting C compiler ABI info
[0.105s] -- Detecting C compiler ABI info - done
[0.110s] -- Check for working C compiler: /usr/bin/cc - skipped
[0.111s] -- Detecting C compile features
[0.111s] -- Detecting C compile features - done
[0.113s] -- Detecting CXX compiler ABI info
[0.155s] -- Detecting CXX compiler ABI info - done
[0.160s] -- Check for working CXX compiler: /usr/bin/c++ - skipped
[0.160s] -- Detecting CXX compile features
[0.160s] -- Detecting CXX compile features - done
[0.162s] -- Found ament_cmake: 1.3.11 (/opt/ros/humble/share/ament_cmake/cmake)
[0.239s] -- Found Python3: /usr/bin/python3 (found version "3.10.12") found components: Interpreter 
[0.273s] -- Override CMake install command with custom implementation using symlinks instead of copying resources
[0.289s] -- Found rosidl_default_generators: 1.2.0 (/opt/ros/humble/share/rosidl_default_generators/cmake)
[0.291s] -- Using all available rosidl_typesupport_c: rosidl_typesupport_fastrtps_c;rosidl_typesupport_introspection_c
[0.294s] -- Found rosidl_adapter: 3.1.6 (/opt/ros/humble/share/rosidl_adapter/cmake)
[0.317s] -- Using all available rosidl_typesupport_cpp: rosidl_typesupport_fastrtps_cpp;rosidl_typesupport_introspection_cpp
[0.337s] -- Found std_msgs: 4.2.4 (/opt/ros/humble/share/std_msgs/cmake)
[0.525s] -- Found ament_cmake_ros: 0.10.0 (/opt/ros/humble/share/ament_cmake_ros/cmake)
[0.649s] -- Using all available rosidl_typesupport_c: rosidl_typesupport_fastrtps_c;rosidl_typesupport_introspection_c
[0.814s] -- Using all available rosidl_typesupport_cpp: rosidl_typesupport_fastrtps_cpp;rosidl_typesupport_introspection_cpp
[0.826s] -- Found PythonInterp: /usr/bin/python3 (found suitable version "3.10.12", minimum required is "3.6") 
[0.826s] -- Found python_cmake_module: 0.10.0 (/opt/ros/humble/share/python_cmake_module/cmake)
[0.840s] -- Found PythonLibs: /usr/lib/aarch64-linux-gnu/libpython3.10.so (found suitable version "3.10.12", minimum required is "3.5") 
[0.841s] -- Using PYTHON_EXECUTABLE: /usr/bin/python3
[0.841s] -- Using PYTHON_INCLUDE_DIRS: /usr/include/python3.10
[0.841s] -- Using PYTHON_LIBRARIES: /usr/lib/aarch64-linux-gnu/libpython3.10.so
[0.851s] -- Found PythonExtra: .so  
[0.886s] -- Configuring done
[0.922s] -- Generating done
[0.929s] -- Build files have been written to: /root/workspace/vehicle_control_ws/build/jw_interface_msgs
[0.932s] Invoked command in '/root/workspace/vehicle_control_ws/build/jw_interface_msgs' returned '0': CMAKE_PREFIX_PATH=/root/workspace/vehicle_control/install/vehicle_control:/opt/ros/humble /usr/bin/cmake /root/workspace/vehicle_control_ws/src/jw_interface_msgs -DAMENT_CMAKE_SYMLINK_INSTALL=1 -DCMAKE_INSTALL_PREFIX=/root/workspace/vehicle_control_ws/install/jw_interface_msgs
[0.933s] Invoking command in '/root/workspace/vehicle_control_ws/build/jw_interface_msgs': CMAKE_PREFIX_PATH=/root/workspace/vehicle_control/install/vehicle_control:/opt/ros/humble /usr/bin/cmake --build /root/workspace/vehicle_control_ws/build/jw_interface_msgs -- -j10 -l10
[0.955s] [  1%] [34m[1mGenerating C code for ROS interfaces[0m
[0.960s] [  1%] [34m[1mGenerating C++ code for ROS interfaces[0m
[0.963s] [  1%] Built target ament_cmake_python_symlink_jw_interface_msgs
[1.066s] running egg_info
[1.067s] creating jw_interface_msgs.egg-info
[1.067s] writing jw_interface_msgs.egg-info/PKG-INFO
[1.067s] writing dependency_links to jw_interface_msgs.egg-info/dependency_links.txt
[1.067s] writing top-level names to jw_interface_msgs.egg-info/top_level.txt
[1.067s] writing manifest file 'jw_interface_msgs.egg-info/SOURCES.txt'
[1.069s] reading manifest file 'jw_interface_msgs.egg-info/SOURCES.txt'
[1.069s] writing manifest file 'jw_interface_msgs.egg-info/SOURCES.txt'
[1.083s] [  1%] Built target ament_cmake_python_build_jw_interface_msgs_egg
[1.414s] [  1%] Built target jw_interface_msgs__cpp
[1.421s] [  2%] [34m[1mGenerating C++ type support dispatch for ROS interfaces[0m
[1.421s] [  2%] [34m[1mGenerating C++ type support for eProsima Fast-RTPS[0m
[1.421s] [  3%] [34m[1mGenerating C++ introspection for ROS interfaces[0m
[1.435s] [  3%] [32mBuilding C object CMakeFiles/jw_interface_msgs__rosidl_generator_c.dir/rosidl_generator_c/jw_interface_msgs/msg/detail/command_stamped__functions.c.o[0m
[1.435s] [  5%] [32mBuilding C object CMakeFiles/jw_interface_msgs__rosidl_generator_c.dir/rosidl_generator_c/jw_interface_msgs/msg/detail/motor_rpm_command__functions.c.o[0m
[1.435s] [  5%] [32mBuilding C object CMakeFiles/jw_interface_msgs__rosidl_generator_c.dir/rosidl_generator_c/jw_interface_msgs/msg/detail/command__functions.c.o[0m
[1.436s] [  6%] [32mBuilding C object CMakeFiles/jw_interface_msgs__rosidl_generator_c.dir/rosidl_generator_c/jw_interface_msgs/msg/detail/mode_command__functions.c.o[0m
[1.437s] [  7%] [32mBuilding C object CMakeFiles/jw_interface_msgs__rosidl_generator_c.dir/rosidl_generator_c/jw_interface_msgs/msg/detail/time_stamp_status__functions.c.o[0m
[1.439s] [  8%] [32mBuilding C object CMakeFiles/jw_interface_msgs__rosidl_generator_c.dir/rosidl_generator_c/jw_interface_msgs/msg/detail/motor_rpm_status__functions.c.o[0m
[1.451s] [  9%] [32mBuilding C object CMakeFiles/jw_interface_msgs__rosidl_generator_c.dir/rosidl_generator_c/jw_interface_msgs/msg/detail/battery_status__functions.c.o[0m
[1.467s] [ 10%] [32mBuilding C object CMakeFiles/jw_interface_msgs__rosidl_generator_c.dir/rosidl_generator_c/jw_interface_msgs/msg/detail/speed_setting_status__functions.c.o[0m
[1.476s] [ 11%] [32mBuilding C object CMakeFiles/jw_interface_msgs__rosidl_generator_c.dir/rosidl_generator_c/jw_interface_msgs/msg/detail/jsad_command__functions.c.o[0m
[1.478s] [ 12%] [32mBuilding C object CMakeFiles/jw_interface_msgs__rosidl_generator_c.dir/rosidl_generator_c/jw_interface_msgs/msg/detail/status_stamped__functions.c.o[0m
[1.478s] [ 12%] [32mBuilding C object CMakeFiles/jw_interface_msgs__rosidl_generator_c.dir/rosidl_generator_c/jw_interface_msgs/msg/detail/jsad_status__functions.c.o[0m
[1.484s] [ 13%] [32mBuilding C object CMakeFiles/jw_interface_msgs__rosidl_generator_c.dir/rosidl_generator_c/jw_interface_msgs/msg/detail/status__functions.c.o[0m
[1.513s] [ 14%] [32m[1mLinking C shared library libjw_interface_msgs__rosidl_generator_c.so[0m
[1.533s] [ 14%] Built target jw_interface_msgs__rosidl_generator_c
[1.539s] [ 17%] [34m[1mGenerating C type support for eProsima Fast-RTPS[0m
[1.539s] [ 17%] [34m[1mGenerating C introspection for ROS interfaces[0m
[1.539s] [ 17%] [34m[1mGenerating C type support dispatch for ROS interfaces[0m
[1.681s] [ 18%] [32mBuilding CXX object CMakeFiles/jw_interface_msgs__rosidl_typesupport_cpp.dir/rosidl_typesupport_cpp/jw_interface_msgs/msg/mode_command__type_support.cpp.o[0m
[1.683s] [ 19%] [32mBuilding CXX object CMakeFiles/jw_interface_msgs__rosidl_typesupport_cpp.dir/rosidl_typesupport_cpp/jw_interface_msgs/msg/motor_rpm_command__type_support.cpp.o[0m
[1.683s] [ 20%] [32mBuilding CXX object CMakeFiles/jw_interface_msgs__rosidl_typesupport_cpp.dir/rosidl_typesupport_cpp/jw_interface_msgs/msg/command__type_support.cpp.o[0m
[1.683s] [ 20%] [32mBuilding CXX object CMakeFiles/jw_interface_msgs__rosidl_typesupport_cpp.dir/rosidl_typesupport_cpp/jw_interface_msgs/msg/time_stamp_status__type_support.cpp.o[0m
[1.684s] [ 21%] [32mBuilding CXX object CMakeFiles/jw_interface_msgs__rosidl_typesupport_cpp.dir/rosidl_typesupport_cpp/jw_interface_msgs/msg/command_stamped__type_support.cpp.o[0m
[1.851s] [ 22%] [32mBuilding CXX object CMakeFiles/jw_interface_msgs__rosidl_typesupport_c.dir/rosidl_typesupport_c/jw_interface_msgs/msg/mode_command__type_support.cpp.o[0m
[1.852s] [ 23%] [32mBuilding CXX object CMakeFiles/jw_interface_msgs__rosidl_typesupport_cpp.dir/rosidl_typesupport_cpp/jw_interface_msgs/msg/battery_status__type_support.cpp.o[0m
[1.854s] [ 24%] [32mBuilding CXX object CMakeFiles/jw_interface_msgs__rosidl_typesupport_cpp.dir/rosidl_typesupport_cpp/jw_interface_msgs/msg/motor_rpm_status__type_support.cpp.o[0m
[1.856s] [ 24%] [32mBuilding CXX object CMakeFiles/jw_interface_msgs__rosidl_typesupport_c.dir/rosidl_typesupport_c/jw_interface_msgs/msg/motor_rpm_command__type_support.cpp.o[0m
[1.859s] [ 25%] [32mBuilding CXX object CMakeFiles/jw_interface_msgs__rosidl_typesupport_cpp.dir/rosidl_typesupport_cpp/jw_interface_msgs/msg/speed_setting_status__type_support.cpp.o[0m
[1.860s] [ 26%] [32mBuilding CXX object CMakeFiles/jw_interface_msgs__rosidl_typesupport_cpp.dir/rosidl_typesupport_cpp/jw_interface_msgs/msg/jsad_command__type_support.cpp.o[0m
[1.876s] [ 27%] [32mBuilding CXX object CMakeFiles/jw_interface_msgs__rosidl_typesupport_c.dir/rosidl_typesupport_c/jw_interface_msgs/msg/command__type_support.cpp.o[0m
[1.898s] [ 28%] [32mBuilding CXX object CMakeFiles/jw_interface_msgs__rosidl_typesupport_cpp.dir/rosidl_typesupport_cpp/jw_interface_msgs/msg/jsad_status__type_support.cpp.o[0m
[1.901s] [ 28%] [32mBuilding CXX object CMakeFiles/jw_interface_msgs__rosidl_typesupport_introspection_cpp.dir/rosidl_typesupport_introspection_cpp/jw_interface_msgs/msg/detail/mode_command__type_support.cpp.o[0m
[1.906s] [ 29%] [32mBuilding CXX object CMakeFiles/jw_interface_msgs__rosidl_typesupport_c.dir/rosidl_typesupport_c/jw_interface_msgs/msg/command_stamped__type_support.cpp.o[0m
[1.923s] [ 30%] [32mBuilding CXX object CMakeFiles/jw_interface_msgs__rosidl_typesupport_c.dir/rosidl_typesupport_c/jw_interface_msgs/msg/time_stamp_status__type_support.cpp.o[0m
[1.940s] [ 31%] [32mBuilding CXX object CMakeFiles/jw_interface_msgs__rosidl_typesupport_c.dir/rosidl_typesupport_c/jw_interface_msgs/msg/motor_rpm_status__type_support.cpp.o[0m
[1.946s] [ 32%] [32mBuilding CXX object CMakeFiles/jw_interface_msgs__rosidl_typesupport_fastrtps_cpp.dir/rosidl_typesupport_fastrtps_cpp/jw_interface_msgs/msg/detail/dds_fastrtps/mode_command__type_support.cpp.o[0m
[1.974s] [ 33%] [32mBuilding CXX object CMakeFiles/jw_interface_msgs__rosidl_typesupport_c.dir/rosidl_typesupport_c/jw_interface_msgs/msg/battery_status__type_support.cpp.o[0m
[2.007s] [ 33%] [32mBuilding CXX object CMakeFiles/jw_interface_msgs__rosidl_typesupport_c.dir/rosidl_typesupport_c/jw_interface_msgs/msg/speed_setting_status__type_support.cpp.o[0m
[2.023s] [ 34%] [32mBuilding CXX object CMakeFiles/jw_interface_msgs__rosidl_typesupport_cpp.dir/rosidl_typesupport_cpp/jw_interface_msgs/msg/status_stamped__type_support.cpp.o[0m
[2.032s] [ 34%] [32mBuilding CXX object CMakeFiles/jw_interface_msgs__rosidl_typesupport_cpp.dir/rosidl_typesupport_cpp/jw_interface_msgs/msg/status__type_support.cpp.o[0m
[2.038s] [ 35%] [32mBuilding CXX object CMakeFiles/jw_interface_msgs__rosidl_typesupport_introspection_cpp.dir/rosidl_typesupport_introspection_cpp/jw_interface_msgs/msg/detail/motor_rpm_command__type_support.cpp.o[0m
[2.042s] [ 36%] [32mBuilding CXX object CMakeFiles/jw_interface_msgs__rosidl_typesupport_c.dir/rosidl_typesupport_c/jw_interface_msgs/msg/jsad_status__type_support.cpp.o[0m
[2.043s] [ 37%] [32mBuilding CXX object CMakeFiles/jw_interface_msgs__rosidl_typesupport_c.dir/rosidl_typesupport_c/jw_interface_msgs/msg/jsad_command__type_support.cpp.o[0m
[2.052s] [ 38%] [32mBuilding CXX object CMakeFiles/jw_interface_msgs__rosidl_typesupport_fastrtps_cpp.dir/rosidl_typesupport_fastrtps_cpp/jw_interface_msgs/msg/detail/dds_fastrtps/motor_rpm_command__type_support.cpp.o[0m
[2.064s] [ 39%] [32mBuilding CXX object CMakeFiles/jw_interface_msgs__rosidl_typesupport_fastrtps_cpp.dir/rosidl_typesupport_fastrtps_cpp/jw_interface_msgs/msg/detail/dds_fastrtps/command__type_support.cpp.o[0m
[2.073s] [ 40%] [32mBuilding C object CMakeFiles/jw_interface_msgs__rosidl_typesupport_introspection_c.dir/rosidl_typesupport_introspection_c/jw_interface_msgs/msg/detail/mode_command__type_support.c.o[0m
[2.076s] [ 41%] [32mBuilding CXX object CMakeFiles/jw_interface_msgs__rosidl_typesupport_c.dir/rosidl_typesupport_c/jw_interface_msgs/msg/status__type_support.cpp.o[0m
[2.102s] [ 42%] [32mBuilding CXX object CMakeFiles/jw_interface_msgs__rosidl_typesupport_c.dir/rosidl_typesupport_c/jw_interface_msgs/msg/status_stamped__type_support.cpp.o[0m
[2.102s] [ 43%] [32mBuilding CXX object CMakeFiles/jw_interface_msgs__rosidl_typesupport_introspection_cpp.dir/rosidl_typesupport_introspection_cpp/jw_interface_msgs/msg/detail/command__type_support.cpp.o[0m
[2.106s] [ 44%] [32mBuilding C object CMakeFiles/jw_interface_msgs__rosidl_typesupport_introspection_c.dir/rosidl_typesupport_introspection_c/jw_interface_msgs/msg/detail/motor_rpm_command__type_support.c.o[0m
[2.121s] [ 45%] [32m[1mLinking CXX shared library libjw_interface_msgs__rosidl_typesupport_c.so[0m
[2.130s] [ 46%] [32mBuilding CXX object CMakeFiles/jw_interface_msgs__rosidl_typesupport_fastrtps_c.dir/rosidl_typesupport_fastrtps_c/jw_interface_msgs/msg/detail/mode_command__type_support_c.cpp.o[0m
[2.143s] [ 47%] [32mBuilding C object CMakeFiles/jw_interface_msgs__rosidl_typesupport_introspection_c.dir/rosidl_typesupport_introspection_c/jw_interface_msgs/msg/detail/command__type_support.c.o[0m
[2.168s] [ 47%] [32mBuilding C object CMakeFiles/jw_interface_msgs__rosidl_typesupport_introspection_c.dir/rosidl_typesupport_introspection_c/jw_interface_msgs/msg/detail/command_stamped__type_support.c.o[0m
[2.171s] [ 48%] [32mBuilding CXX object CMakeFiles/jw_interface_msgs__rosidl_typesupport_fastrtps_cpp.dir/rosidl_typesupport_fastrtps_cpp/jw_interface_msgs/msg/detail/dds_fastrtps/command_stamped__type_support.cpp.o[0m
[2.175s] [ 48%] Built target jw_interface_msgs__rosidl_typesupport_c
[2.181s] [ 49%] [32mBuilding CXX object CMakeFiles/jw_interface_msgs__rosidl_typesupport_introspection_cpp.dir/rosidl_typesupport_introspection_cpp/jw_interface_msgs/msg/detail/command_stamped__type_support.cpp.o[0m
[2.194s] [ 50%] [32mBuilding CXX object CMakeFiles/jw_interface_msgs__rosidl_typesupport_introspection_cpp.dir/rosidl_typesupport_introspection_cpp/jw_interface_msgs/msg/detail/time_stamp_status__type_support.cpp.o[0m
[2.204s] [ 51%] [32mBuilding C object CMakeFiles/jw_interface_msgs__rosidl_typesupport_introspection_c.dir/rosidl_typesupport_introspection_c/jw_interface_msgs/msg/detail/time_stamp_status__type_support.c.o[0m
[2.207s] [ 52%] [32m[1mLinking CXX shared library libjw_interface_msgs__rosidl_typesupport_cpp.so[0m
[2.229s] [ 52%] Built target jw_interface_msgs__rosidl_typesupport_cpp
[2.233s] [ 53%] [32mBuilding CXX object CMakeFiles/jw_interface_msgs__rosidl_typesupport_fastrtps_cpp.dir/rosidl_typesupport_fastrtps_cpp/jw_interface_msgs/msg/detail/dds_fastrtps/time_stamp_status__type_support.cpp.o[0m
[2.253s] [ 54%] [32mBuilding C object CMakeFiles/jw_interface_msgs__rosidl_typesupport_introspection_c.dir/rosidl_typesupport_introspection_c/jw_interface_msgs/msg/detail/motor_rpm_status__type_support.c.o[0m
[2.261s] [ 55%] [32mBuilding CXX object CMakeFiles/jw_interface_msgs__rosidl_typesupport_fastrtps_c.dir/rosidl_typesupport_fastrtps_c/jw_interface_msgs/msg/detail/motor_rpm_command__type_support_c.cpp.o[0m
[2.280s] [ 56%] [32mBuilding C object CMakeFiles/jw_interface_msgs__rosidl_typesupport_introspection_c.dir/rosidl_typesupport_introspection_c/jw_interface_msgs/msg/detail/battery_status__type_support.c.o[0m
[2.288s] [ 56%] [32mBuilding CXX object CMakeFiles/jw_interface_msgs__rosidl_typesupport_fastrtps_cpp.dir/rosidl_typesupport_fastrtps_cpp/jw_interface_msgs/msg/detail/dds_fastrtps/motor_rpm_status__type_support.cpp.o[0m
[2.296s] [ 57%] [32mBuilding CXX object CMakeFiles/jw_interface_msgs__rosidl_typesupport_introspection_cpp.dir/rosidl_typesupport_introspection_cpp/jw_interface_msgs/msg/detail/motor_rpm_status__type_support.cpp.o[0m
[2.311s] [ 58%] [32mBuilding C object CMakeFiles/jw_interface_msgs__rosidl_typesupport_introspection_c.dir/rosidl_typesupport_introspection_c/jw_interface_msgs/msg/detail/jsad_command__type_support.c.o[0m
[2.315s] [ 59%] [32mBuilding C object CMakeFiles/jw_interface_msgs__rosidl_typesupport_introspection_c.dir/rosidl_typesupport_introspection_c/jw_interface_msgs/msg/detail/speed_setting_status__type_support.c.o[0m
[2.342s] [ 60%] [32mBuilding C object CMakeFiles/jw_interface_msgs__rosidl_typesupport_introspection_c.dir/rosidl_typesupport_introspection_c/jw_interface_msgs/msg/detail/jsad_status__type_support.c.o[0m
[2.360s] [ 60%] [32mBuilding CXX object CMakeFiles/jw_interface_msgs__rosidl_typesupport_introspection_cpp.dir/rosidl_typesupport_introspection_cpp/jw_interface_msgs/msg/detail/battery_status__type_support.cpp.o[0m
[2.363s] [ 60%] [32mBuilding C object CMakeFiles/jw_interface_msgs__rosidl_typesupport_introspection_c.dir/rosidl_typesupport_introspection_c/jw_interface_msgs/msg/detail/status__type_support.c.o[0m
[2.391s] [ 61%] [32mBuilding CXX object CMakeFiles/jw_interface_msgs__rosidl_typesupport_fastrtps_cpp.dir/rosidl_typesupport_fastrtps_cpp/jw_interface_msgs/msg/detail/dds_fastrtps/battery_status__type_support.cpp.o[0m
[2.410s] [ 61%] [32mBuilding CXX object CMakeFiles/jw_interface_msgs__rosidl_typesupport_fastrtps_c.dir/rosidl_typesupport_fastrtps_c/jw_interface_msgs/msg/detail/command__type_support_c.cpp.o[0m
[2.414s] [ 62%] [32mBuilding C object CMakeFiles/jw_interface_msgs__rosidl_typesupport_introspection_c.dir/rosidl_typesupport_introspection_c/jw_interface_msgs/msg/detail/status_stamped__type_support.c.o[0m
[2.433s] [ 63%] [32mBuilding CXX object CMakeFiles/jw_interface_msgs__rosidl_typesupport_fastrtps_cpp.dir/rosidl_typesupport_fastrtps_cpp/jw_interface_msgs/msg/detail/dds_fastrtps/speed_setting_status__type_support.cpp.o[0m
[2.440s] [ 64%] [32m[1mLinking C shared library libjw_interface_msgs__rosidl_typesupport_introspection_c.so[0m
[2.463s] [ 65%] [32mBuilding CXX object CMakeFiles/jw_interface_msgs__rosidl_typesupport_fastrtps_cpp.dir/rosidl_typesupport_fastrtps_cpp/jw_interface_msgs/msg/detail/dds_fastrtps/jsad_command__type_support.cpp.o[0m
[2.468s] [ 66%] [32mBuilding CXX object CMakeFiles/jw_interface_msgs__rosidl_typesupport_fastrtps_c.dir/rosidl_typesupport_fastrtps_c/jw_interface_msgs/msg/detail/command_stamped__type_support_c.cpp.o[0m
[2.475s] [ 66%] Built target jw_interface_msgs__rosidl_typesupport_introspection_c
[2.482s] [ 67%] [32mBuilding CXX object CMakeFiles/jw_interface_msgs__rosidl_typesupport_fastrtps_c.dir/rosidl_typesupport_fastrtps_c/jw_interface_msgs/msg/detail/time_stamp_status__type_support_c.cpp.o[0m
[2.507s] [ 68%] [32mBuilding CXX object CMakeFiles/jw_interface_msgs__rosidl_typesupport_fastrtps_c.dir/rosidl_typesupport_fastrtps_c/jw_interface_msgs/msg/detail/motor_rpm_status__type_support_c.cpp.o[0m
[2.521s] [ 69%] [32mBuilding CXX object CMakeFiles/jw_interface_msgs__rosidl_typesupport_introspection_cpp.dir/rosidl_typesupport_introspection_cpp/jw_interface_msgs/msg/detail/speed_setting_status__type_support.cpp.o[0m
[2.528s] [ 70%] [32mBuilding CXX object CMakeFiles/jw_interface_msgs__rosidl_typesupport_introspection_cpp.dir/rosidl_typesupport_introspection_cpp/jw_interface_msgs/msg/detail/jsad_command__type_support.cpp.o[0m
[2.598s] [ 71%] [32mBuilding CXX object CMakeFiles/jw_interface_msgs__rosidl_typesupport_introspection_cpp.dir/rosidl_typesupport_introspection_cpp/jw_interface_msgs/msg/detail/jsad_status__type_support.cpp.o[0m
[2.619s] [ 72%] [32mBuilding CXX object CMakeFiles/jw_interface_msgs__rosidl_typesupport_fastrtps_cpp.dir/rosidl_typesupport_fastrtps_cpp/jw_interface_msgs/msg/detail/dds_fastrtps/jsad_status__type_support.cpp.o[0m
[2.651s] [ 73%] [32mBuilding CXX object CMakeFiles/jw_interface_msgs__rosidl_typesupport_fastrtps_cpp.dir/rosidl_typesupport_fastrtps_cpp/jw_interface_msgs/msg/detail/dds_fastrtps/status__type_support.cpp.o[0m
[2.668s] [ 74%] [32mBuilding CXX object CMakeFiles/jw_interface_msgs__rosidl_typesupport_fastrtps_c.dir/rosidl_typesupport_fastrtps_c/jw_interface_msgs/msg/detail/battery_status__type_support_c.cpp.o[0m
[2.711s] [ 75%] [32mBuilding CXX object CMakeFiles/jw_interface_msgs__rosidl_typesupport_introspection_cpp.dir/rosidl_typesupport_introspection_cpp/jw_interface_msgs/msg/detail/status__type_support.cpp.o[0m
[2.715s] [ 75%] [32mBuilding CXX object CMakeFiles/jw_interface_msgs__rosidl_typesupport_fastrtps_cpp.dir/rosidl_typesupport_fastrtps_cpp/jw_interface_msgs/msg/detail/dds_fastrtps/status_stamped__type_support.cpp.o[0m
[2.715s] [ 76%] [32mBuilding CXX object CMakeFiles/jw_interface_msgs__rosidl_typesupport_introspection_cpp.dir/rosidl_typesupport_introspection_cpp/jw_interface_msgs/msg/detail/status_stamped__type_support.cpp.o[0m
[2.715s] [ 77%] [32mBuilding CXX object CMakeFiles/jw_interface_msgs__rosidl_typesupport_fastrtps_c.dir/rosidl_typesupport_fastrtps_c/jw_interface_msgs/msg/detail/speed_setting_status__type_support_c.cpp.o[0m
[2.774s] [ 77%] [32mBuilding CXX object CMakeFiles/jw_interface_msgs__rosidl_typesupport_fastrtps_c.dir/rosidl_typesupport_fastrtps_c/jw_interface_msgs/msg/detail/jsad_command__type_support_c.cpp.o[0m
[2.801s] [ 78%] [32mBuilding CXX object CMakeFiles/jw_interface_msgs__rosidl_typesupport_fastrtps_c.dir/rosidl_typesupport_fastrtps_c/jw_interface_msgs/msg/detail/jsad_status__type_support_c.cpp.o[0m
[2.864s] [ 79%] [32mBuilding CXX object CMakeFiles/jw_interface_msgs__rosidl_typesupport_fastrtps_c.dir/rosidl_typesupport_fastrtps_c/jw_interface_msgs/msg/detail/status__type_support_c.cpp.o[0m
[2.877s] [ 80%] [32mBuilding CXX object CMakeFiles/jw_interface_msgs__rosidl_typesupport_fastrtps_c.dir/rosidl_typesupport_fastrtps_c/jw_interface_msgs/msg/detail/status_stamped__type_support_c.cpp.o[0m
[2.962s] [ 81%] [32m[1mLinking CXX shared library libjw_interface_msgs__rosidl_typesupport_fastrtps_cpp.so[0m
[2.972s] [ 82%] [32m[1mLinking CXX shared library libjw_interface_msgs__rosidl_typesupport_introspection_cpp.so[0m
[3.005s] [ 82%] Built target jw_interface_msgs__rosidl_typesupport_fastrtps_cpp
[3.008s] [ 82%] Built target jw_interface_msgs__rosidl_typesupport_introspection_cpp
[3.049s] [ 83%] [32m[1mLinking CXX shared library libjw_interface_msgs__rosidl_typesupport_fastrtps_c.so[0m
[3.087s] [ 83%] Built target jw_interface_msgs__rosidl_typesupport_fastrtps_c
[3.097s] [ 83%] Built target jw_interface_msgs
[3.106s] [ 84%] [34m[1mGenerating Python code for ROS interfaces[0m
[3.763s] [ 84%] Built target jw_interface_msgs__py
[3.774s] [ 85%] [32mBuilding C object CMakeFiles/jw_interface_msgs__rosidl_generator_py.dir/rosidl_generator_py/jw_interface_msgs/msg/_mode_command_s.c.o[0m
[3.774s] [ 87%] [32mBuilding C object CMakeFiles/jw_interface_msgs__rosidl_generator_py.dir/rosidl_generator_py/jw_interface_msgs/msg/_motor_rpm_status_s.c.o[0m
[3.776s] [ 89%] [32mBuilding C object CMakeFiles/jw_interface_msgs__rosidl_generator_py.dir/rosidl_generator_py/jw_interface_msgs/msg/_battery_status_s.c.o[0m
[3.776s] [ 87%] [32mBuilding C object CMakeFiles/jw_interface_msgs__rosidl_generator_py.dir/rosidl_generator_py/jw_interface_msgs/msg/_time_stamp_status_s.c.o[0m
[3.776s] [ 89%] [32mBuilding C object CMakeFiles/jw_interface_msgs__rosidl_generator_py.dir/rosidl_generator_py/jw_interface_msgs/msg/_motor_rpm_command_s.c.o[0m
[3.776s] [ 89%] [32mBuilding C object CMakeFiles/jw_interface_msgs__rosidl_generator_py.dir/rosidl_generator_py/jw_interface_msgs/msg/_command_s.c.o[0m
[3.776s] [ 90%] [32mBuilding C object CMakeFiles/jw_interface_msgs__rosidl_generator_py.dir/rosidl_generator_py/jw_interface_msgs/msg/_command_stamped_s.c.o[0m
[3.776s] [ 90%] [32mBuilding C object CMakeFiles/jw_interface_msgs__rosidl_generator_py.dir/rosidl_generator_py/jw_interface_msgs/msg/_jsad_status_s.c.o[0m
[3.779s] [ 91%] [32mBuilding C object CMakeFiles/jw_interface_msgs__rosidl_generator_py.dir/rosidl_generator_py/jw_interface_msgs/msg/_speed_setting_status_s.c.o[0m
[3.779s] [ 92%] [32mBuilding C object CMakeFiles/jw_interface_msgs__rosidl_generator_py.dir/rosidl_generator_py/jw_interface_msgs/msg/_jsad_command_s.c.o[0m
[3.844s] [ 94%] [32mBuilding C object CMakeFiles/jw_interface_msgs__rosidl_generator_py.dir/rosidl_generator_py/jw_interface_msgs/msg/_status_s.c.o[0m
[3.844s] [ 94%] [32mBuilding C object CMakeFiles/jw_interface_msgs__rosidl_generator_py.dir/rosidl_generator_py/jw_interface_msgs/msg/_status_stamped_s.c.o[0m
[3.899s] [ 95%] [32m[1mLinking C shared library rosidl_generator_py/jw_interface_msgs/libjw_interface_msgs__rosidl_generator_py.so[0m
[3.919s] [ 95%] Built target jw_interface_msgs__rosidl_generator_py
[3.929s] [ 96%] [32mBuilding C object CMakeFiles/jw_interface_msgs__rosidl_typesupport_c__pyext.dir/rosidl_generator_py/jw_interface_msgs/_jw_interface_msgs_s.ep.rosidl_typesupport_c.c.o[0m
[3.929s] [ 97%] [32mBuilding C object CMakeFiles/jw_interface_msgs__rosidl_typesupport_introspection_c__pyext.dir/rosidl_generator_py/jw_interface_msgs/_jw_interface_msgs_s.ep.rosidl_typesupport_introspection_c.c.o[0m
[3.929s] [ 97%] [32mBuilding C object CMakeFiles/jw_interface_msgs__rosidl_typesupport_fastrtps_c__pyext.dir/rosidl_generator_py/jw_interface_msgs/_jw_interface_msgs_s.ep.rosidl_typesupport_fastrtps_c.c.o[0m
[3.998s] [100%] [32m[1mLinking C shared library rosidl_generator_py/jw_interface_msgs/jw_interface_msgs_s__rosidl_typesupport_introspection_c.cpython-310-aarch64-linux-gnu.so[0m
[3.998s] [100%] [32m[1mLinking C shared library rosidl_generator_py/jw_interface_msgs/jw_interface_msgs_s__rosidl_typesupport_fastrtps_c.cpython-310-aarch64-linux-gnu.so[0m
[3.998s] [100%] [32m[1mLinking C shared library rosidl_generator_py/jw_interface_msgs/jw_interface_msgs_s__rosidl_typesupport_c.cpython-310-aarch64-linux-gnu.so[0m
[4.018s] [100%] Built target jw_interface_msgs__rosidl_typesupport_introspection_c__pyext
[4.018s] [100%] Built target jw_interface_msgs__rosidl_typesupport_c__pyext
[4.018s] [100%] Built target jw_interface_msgs__rosidl_typesupport_fastrtps_c__pyext
[4.024s] Invoked command in '/root/workspace/vehicle_control_ws/build/jw_interface_msgs' returned '0': CMAKE_PREFIX_PATH=/root/workspace/vehicle_control/install/vehicle_control:/opt/ros/humble /usr/bin/cmake --build /root/workspace/vehicle_control_ws/build/jw_interface_msgs -- -j10 -l10
[4.029s] Invoking command in '/root/workspace/vehicle_control_ws/build/jw_interface_msgs': CMAKE_PREFIX_PATH=/root/workspace/vehicle_control/install/vehicle_control:/opt/ros/humble /usr/bin/cmake --install /root/workspace/vehicle_control_ws/build/jw_interface_msgs
[4.033s] -- Install configuration: ""
[4.033s] -- Execute custom install script
[4.033s] -- Symlinking: /root/workspace/vehicle_control_ws/install/jw_interface_msgs/share/ament_index/resource_index/rosidl_interfaces/jw_interface_msgs
[4.038s] -- Symlinking: /root/workspace/vehicle_control_ws/install/jw_interface_msgs/include/jw_interface_msgs/jw_interface_msgs/msg/battery_status.h
[4.042s] -- Symlinking: /root/workspace/vehicle_control_ws/install/jw_interface_msgs/include/jw_interface_msgs/jw_interface_msgs/msg/command.h
[4.045s] -- Symlinking: /root/workspace/vehicle_control_ws/install/jw_interface_msgs/include/jw_interface_msgs/jw_interface_msgs/msg/command_stamped.h
[4.049s] -- Symlinking: /root/workspace/vehicle_control_ws/install/jw_interface_msgs/include/jw_interface_msgs/jw_interface_msgs/msg/detail/battery_status__functions.h
[4.053s] -- Symlinking: /root/workspace/vehicle_control_ws/install/jw_interface_msgs/include/jw_interface_msgs/jw_interface_msgs/msg/detail/battery_status__struct.h
[4.057s] -- Symlinking: /root/workspace/vehicle_control_ws/install/jw_interface_msgs/include/jw_interface_msgs/jw_interface_msgs/msg/detail/battery_status__type_support.h
[4.061s] -- Symlinking: /root/workspace/vehicle_control_ws/install/jw_interface_msgs/include/jw_interface_msgs/jw_interface_msgs/msg/detail/command__functions.h
[4.065s] -- Symlinking: /root/workspace/vehicle_control_ws/install/jw_interface_msgs/include/jw_interface_msgs/jw_interface_msgs/msg/detail/command__struct.h
[4.068s] -- Symlinking: /root/workspace/vehicle_control_ws/install/jw_interface_msgs/include/jw_interface_msgs/jw_interface_msgs/msg/detail/command__type_support.h
[4.072s] -- Symlinking: /root/workspace/vehicle_control_ws/install/jw_interface_msgs/include/jw_interface_msgs/jw_interface_msgs/msg/detail/command_stamped__functions.h
[4.076s] -- Symlinking: /root/workspace/vehicle_control_ws/install/jw_interface_msgs/include/jw_interface_msgs/jw_interface_msgs/msg/detail/command_stamped__struct.h
[4.080s] -- Symlinking: /root/workspace/vehicle_control_ws/install/jw_interface_msgs/include/jw_interface_msgs/jw_interface_msgs/msg/detail/command_stamped__type_support.h
[4.083s] -- Symlinking: /root/workspace/vehicle_control_ws/install/jw_interface_msgs/include/jw_interface_msgs/jw_interface_msgs/msg/detail/jsad_command__functions.h
[4.087s] -- Symlinking: /root/workspace/vehicle_control_ws/install/jw_interface_msgs/include/jw_interface_msgs/jw_interface_msgs/msg/detail/jsad_command__struct.h
[4.091s] -- Symlinking: /root/workspace/vehicle_control_ws/install/jw_interface_msgs/include/jw_interface_msgs/jw_interface_msgs/msg/detail/jsad_command__type_support.h
[4.095s] -- Symlinking: /root/workspace/vehicle_control_ws/install/jw_interface_msgs/include/jw_interface_msgs/jw_interface_msgs/msg/detail/jsad_status__functions.h
[4.099s] -- Symlinking: /root/workspace/vehicle_control_ws/install/jw_interface_msgs/include/jw_interface_msgs/jw_interface_msgs/msg/detail/jsad_status__struct.h
[4.103s] -- Symlinking: /root/workspace/vehicle_control_ws/install/jw_interface_msgs/include/jw_interface_msgs/jw_interface_msgs/msg/detail/jsad_status__type_support.h
[4.106s] -- Symlinking: /root/workspace/vehicle_control_ws/install/jw_interface_msgs/include/jw_interface_msgs/jw_interface_msgs/msg/detail/mode_command__functions.h
[4.110s] -- Symlinking: /root/workspace/vehicle_control_ws/install/jw_interface_msgs/include/jw_interface_msgs/jw_interface_msgs/msg/detail/mode_command__struct.h
[4.114s] -- Symlinking: /root/workspace/vehicle_control_ws/install/jw_interface_msgs/include/jw_interface_msgs/jw_interface_msgs/msg/detail/mode_command__type_support.h
[4.118s] -- Symlinking: /root/workspace/vehicle_control_ws/install/jw_interface_msgs/include/jw_interface_msgs/jw_interface_msgs/msg/detail/motor_rpm_command__functions.h
[4.122s] -- Symlinking: /root/workspace/vehicle_control_ws/install/jw_interface_msgs/include/jw_interface_msgs/jw_interface_msgs/msg/detail/motor_rpm_command__struct.h
[4.125s] -- Symlinking: /root/workspace/vehicle_control_ws/install/jw_interface_msgs/include/jw_interface_msgs/jw_interface_msgs/msg/detail/motor_rpm_command__type_support.h
[4.129s] -- Symlinking: /root/workspace/vehicle_control_ws/install/jw_interface_msgs/include/jw_interface_msgs/jw_interface_msgs/msg/detail/motor_rpm_status__functions.h
[4.133s] -- Symlinking: /root/workspace/vehicle_control_ws/install/jw_interface_msgs/include/jw_interface_msgs/jw_interface_msgs/msg/detail/motor_rpm_status__struct.h
[4.136s] -- Symlinking: /root/workspace/vehicle_control_ws/install/jw_interface_msgs/include/jw_interface_msgs/jw_interface_msgs/msg/detail/motor_rpm_status__type_support.h
[4.140s] -- Symlinking: /root/workspace/vehicle_control_ws/install/jw_interface_msgs/include/jw_interface_msgs/jw_interface_msgs/msg/detail/speed_setting_status__functions.h
[4.144s] -- Symlinking: /root/workspace/vehicle_control_ws/install/jw_interface_msgs/include/jw_interface_msgs/jw_interface_msgs/msg/detail/speed_setting_status__struct.h
[4.147s] -- Symlinking: /root/workspace/vehicle_control_ws/install/jw_interface_msgs/include/jw_interface_msgs/jw_interface_msgs/msg/detail/speed_setting_status__type_support.h
[4.151s] -- Symlinking: /root/workspace/vehicle_control_ws/install/jw_interface_msgs/include/jw_interface_msgs/jw_interface_msgs/msg/detail/status__functions.h
[4.155s] -- Symlinking: /root/workspace/vehicle_control_ws/install/jw_interface_msgs/include/jw_interface_msgs/jw_interface_msgs/msg/detail/status__struct.h
[4.158s] -- Symlinking: /root/workspace/vehicle_control_ws/install/jw_interface_msgs/include/jw_interface_msgs/jw_interface_msgs/msg/detail/status__type_support.h
[4.162s] -- Symlinking: /root/workspace/vehicle_control_ws/install/jw_interface_msgs/include/jw_interface_msgs/jw_interface_msgs/msg/detail/status_stamped__functions.h
[4.166s] -- Symlinking: /root/workspace/vehicle_control_ws/install/jw_interface_msgs/include/jw_interface_msgs/jw_interface_msgs/msg/detail/status_stamped__struct.h
[4.170s] -- Symlinking: /root/workspace/vehicle_control_ws/install/jw_interface_msgs/include/jw_interface_msgs/jw_interface_msgs/msg/detail/status_stamped__type_support.h
[4.174s] -- Symlinking: /root/workspace/vehicle_control_ws/install/jw_interface_msgs/include/jw_interface_msgs/jw_interface_msgs/msg/detail/time_stamp_status__functions.h
[4.177s] -- Symlinking: /root/workspace/vehicle_control_ws/install/jw_interface_msgs/include/jw_interface_msgs/jw_interface_msgs/msg/detail/time_stamp_status__struct.h
[4.181s] -- Symlinking: /root/workspace/vehicle_control_ws/install/jw_interface_msgs/include/jw_interface_msgs/jw_interface_msgs/msg/detail/time_stamp_status__type_support.h
[4.185s] -- Symlinking: /root/workspace/vehicle_control_ws/install/jw_interface_msgs/include/jw_interface_msgs/jw_interface_msgs/msg/jsad_command.h
[4.189s] -- Symlinking: /root/workspace/vehicle_control_ws/install/jw_interface_msgs/include/jw_interface_msgs/jw_interface_msgs/msg/jsad_status.h
[4.192s] -- Symlinking: /root/workspace/vehicle_control_ws/install/jw_interface_msgs/include/jw_interface_msgs/jw_interface_msgs/msg/mode_command.h
[4.196s] -- Symlinking: /root/workspace/vehicle_control_ws/install/jw_interface_msgs/include/jw_interface_msgs/jw_interface_msgs/msg/motor_rpm_command.h
[4.200s] -- Symlinking: /root/workspace/vehicle_control_ws/install/jw_interface_msgs/include/jw_interface_msgs/jw_interface_msgs/msg/motor_rpm_status.h
[4.204s] -- Symlinking: /root/workspace/vehicle_control_ws/install/jw_interface_msgs/include/jw_interface_msgs/jw_interface_msgs/msg/rosidl_generator_c__visibility_control.h
[4.208s] -- Symlinking: /root/workspace/vehicle_control_ws/install/jw_interface_msgs/include/jw_interface_msgs/jw_interface_msgs/msg/speed_setting_status.h
[4.212s] -- Symlinking: /root/workspace/vehicle_control_ws/install/jw_interface_msgs/include/jw_interface_msgs/jw_interface_msgs/msg/status.h
[4.215s] -- Symlinking: /root/workspace/vehicle_control_ws/install/jw_interface_msgs/include/jw_interface_msgs/jw_interface_msgs/msg/status_stamped.h
[4.220s] -- Symlinking: /root/workspace/vehicle_control_ws/install/jw_interface_msgs/include/jw_interface_msgs/jw_interface_msgs/msg/time_stamp_status.h
[4.224s] -- Symlinking: /root/workspace/vehicle_control_ws/install/jw_interface_msgs/share/jw_interface_msgs/environment/library_path.sh
[4.228s] -- Symlinking: /root/workspace/vehicle_control_ws/install/jw_interface_msgs/share/jw_interface_msgs/environment/library_path.dsv
[4.232s] -- Symlinking: /root/workspace/vehicle_control_ws/install/jw_interface_msgs/include/jw_interface_msgs/jw_interface_msgs/msg/detail/battery_status__rosidl_typesupport_fastrtps_c.h
[4.235s] -- Symlinking: /root/workspace/vehicle_control_ws/install/jw_interface_msgs/include/jw_interface_msgs/jw_interface_msgs/msg/detail/command__rosidl_typesupport_fastrtps_c.h
[4.239s] -- Symlinking: /root/workspace/vehicle_control_ws/install/jw_interface_msgs/include/jw_interface_msgs/jw_interface_msgs/msg/detail/command_stamped__rosidl_typesupport_fastrtps_c.h
[4.243s] -- Symlinking: /root/workspace/vehicle_control_ws/install/jw_interface_msgs/include/jw_interface_msgs/jw_interface_msgs/msg/detail/jsad_command__rosidl_typesupport_fastrtps_c.h
[4.246s] -- Symlinking: /root/workspace/vehicle_control_ws/install/jw_interface_msgs/include/jw_interface_msgs/jw_interface_msgs/msg/detail/jsad_status__rosidl_typesupport_fastrtps_c.h
[4.250s] -- Symlinking: /root/workspace/vehicle_control_ws/install/jw_interface_msgs/include/jw_interface_msgs/jw_interface_msgs/msg/detail/mode_command__rosidl_typesupport_fastrtps_c.h
[4.254s] -- Symlinking: /root/workspace/vehicle_control_ws/install/jw_interface_msgs/include/jw_interface_msgs/jw_interface_msgs/msg/detail/motor_rpm_command__rosidl_typesupport_fastrtps_c.h
[4.258s] -- Symlinking: /root/workspace/vehicle_control_ws/install/jw_interface_msgs/include/jw_interface_msgs/jw_interface_msgs/msg/detail/motor_rpm_status__rosidl_typesupport_fastrtps_c.h
[4.261s] -- Symlinking: /root/workspace/vehicle_control_ws/install/jw_interface_msgs/include/jw_interface_msgs/jw_interface_msgs/msg/detail/speed_setting_status__rosidl_typesupport_fastrtps_c.h
[4.265s] -- Symlinking: /root/workspace/vehicle_control_ws/install/jw_interface_msgs/include/jw_interface_msgs/jw_interface_msgs/msg/detail/status__rosidl_typesupport_fastrtps_c.h
[4.269s] -- Symlinking: /root/workspace/vehicle_control_ws/install/jw_interface_msgs/include/jw_interface_msgs/jw_interface_msgs/msg/detail/status_stamped__rosidl_typesupport_fastrtps_c.h
[4.273s] -- Symlinking: /root/workspace/vehicle_control_ws/install/jw_interface_msgs/include/jw_interface_msgs/jw_interface_msgs/msg/detail/time_stamp_status__rosidl_typesupport_fastrtps_c.h
[4.277s] -- Symlinking: /root/workspace/vehicle_control_ws/install/jw_interface_msgs/include/jw_interface_msgs/jw_interface_msgs/msg/rosidl_typesupport_fastrtps_c__visibility_control.h
[4.281s] -- Symlinking: /root/workspace/vehicle_control_ws/install/jw_interface_msgs/include/jw_interface_msgs/jw_interface_msgs/msg/detail/battery_status__rosidl_typesupport_introspection_c.h
[4.285s] -- Symlinking: /root/workspace/vehicle_control_ws/install/jw_interface_msgs/include/jw_interface_msgs/jw_interface_msgs/msg/detail/command__rosidl_typesupport_introspection_c.h
[4.288s] -- Symlinking: /root/workspace/vehicle_control_ws/install/jw_interface_msgs/include/jw_interface_msgs/jw_interface_msgs/msg/detail/command_stamped__rosidl_typesupport_introspection_c.h
[4.292s] -- Symlinking: /root/workspace/vehicle_control_ws/install/jw_interface_msgs/include/jw_interface_msgs/jw_interface_msgs/msg/detail/jsad_command__rosidl_typesupport_introspection_c.h
[4.295s] -- Symlinking: /root/workspace/vehicle_control_ws/install/jw_interface_msgs/include/jw_interface_msgs/jw_interface_msgs/msg/detail/jsad_status__rosidl_typesupport_introspection_c.h
[4.299s] -- Symlinking: /root/workspace/vehicle_control_ws/install/jw_interface_msgs/include/jw_interface_msgs/jw_interface_msgs/msg/detail/mode_command__rosidl_typesupport_introspection_c.h
[4.303s] -- Symlinking: /root/workspace/vehicle_control_ws/install/jw_interface_msgs/include/jw_interface_msgs/jw_interface_msgs/msg/detail/motor_rpm_command__rosidl_typesupport_introspection_c.h
[4.306s] -- Symlinking: /root/workspace/vehicle_control_ws/install/jw_interface_msgs/include/jw_interface_msgs/jw_interface_msgs/msg/detail/motor_rpm_status__rosidl_typesupport_introspection_c.h
[4.310s] -- Symlinking: /root/workspace/vehicle_control_ws/install/jw_interface_msgs/include/jw_interface_msgs/jw_interface_msgs/msg/detail/speed_setting_status__rosidl_typesupport_introspection_c.h
[4.314s] -- Symlinking: /root/workspace/vehicle_control_ws/install/jw_interface_msgs/include/jw_interface_msgs/jw_interface_msgs/msg/detail/status__rosidl_typesupport_introspection_c.h
[4.318s] -- Symlinking: /root/workspace/vehicle_control_ws/install/jw_interface_msgs/include/jw_interface_msgs/jw_interface_msgs/msg/detail/status_stamped__rosidl_typesupport_introspection_c.h
[4.321s] -- Symlinking: /root/workspace/vehicle_control_ws/install/jw_interface_msgs/include/jw_interface_msgs/jw_interface_msgs/msg/detail/time_stamp_status__rosidl_typesupport_introspection_c.h
[4.325s] -- Symlinking: /root/workspace/vehicle_control_ws/install/jw_interface_msgs/include/jw_interface_msgs/jw_interface_msgs/msg/rosidl_typesupport_introspection_c__visibility_control.h
[4.329s] -- Symlinking: /root/workspace/vehicle_control_ws/install/jw_interface_msgs/include/jw_interface_msgs/jw_interface_msgs/msg/battery_status.hpp
[4.333s] -- Symlinking: /root/workspace/vehicle_control_ws/install/jw_interface_msgs/include/jw_interface_msgs/jw_interface_msgs/msg/command.hpp
[4.337s] -- Symlinking: /root/workspace/vehicle_control_ws/install/jw_interface_msgs/include/jw_interface_msgs/jw_interface_msgs/msg/command_stamped.hpp
[4.341s] -- Symlinking: /root/workspace/vehicle_control_ws/install/jw_interface_msgs/include/jw_interface_msgs/jw_interface_msgs/msg/detail/battery_status__builder.hpp
[4.345s] -- Symlinking: /root/workspace/vehicle_control_ws/install/jw_interface_msgs/include/jw_interface_msgs/jw_interface_msgs/msg/detail/battery_status__struct.hpp
[4.349s] -- Symlinking: /root/workspace/vehicle_control_ws/install/jw_interface_msgs/include/jw_interface_msgs/jw_interface_msgs/msg/detail/battery_status__traits.hpp
[4.352s] -- Symlinking: /root/workspace/vehicle_control_ws/install/jw_interface_msgs/include/jw_interface_msgs/jw_interface_msgs/msg/detail/battery_status__type_support.hpp
[4.357s] -- Symlinking: /root/workspace/vehicle_control_ws/install/jw_interface_msgs/include/jw_interface_msgs/jw_interface_msgs/msg/detail/command__builder.hpp
[4.361s] -- Symlinking: /root/workspace/vehicle_control_ws/install/jw_interface_msgs/include/jw_interface_msgs/jw_interface_msgs/msg/detail/command__struct.hpp
[4.364s] -- Symlinking: /root/workspace/vehicle_control_ws/install/jw_interface_msgs/include/jw_interface_msgs/jw_interface_msgs/msg/detail/command__traits.hpp
[4.368s] -- Symlinking: /root/workspace/vehicle_control_ws/install/jw_interface_msgs/include/jw_interface_msgs/jw_interface_msgs/msg/detail/command__type_support.hpp
[4.372s] -- Symlinking: /root/workspace/vehicle_control_ws/install/jw_interface_msgs/include/jw_interface_msgs/jw_interface_msgs/msg/detail/command_stamped__builder.hpp
[4.376s] -- Symlinking: /root/workspace/vehicle_control_ws/install/jw_interface_msgs/include/jw_interface_msgs/jw_interface_msgs/msg/detail/command_stamped__struct.hpp
[4.380s] -- Symlinking: /root/workspace/vehicle_control_ws/install/jw_interface_msgs/include/jw_interface_msgs/jw_interface_msgs/msg/detail/command_stamped__traits.hpp
[4.384s] -- Symlinking: /root/workspace/vehicle_control_ws/install/jw_interface_msgs/include/jw_interface_msgs/jw_interface_msgs/msg/detail/command_stamped__type_support.hpp
[4.388s] -- Symlinking: /root/workspace/vehicle_control_ws/install/jw_interface_msgs/include/jw_interface_msgs/jw_interface_msgs/msg/detail/jsad_command__builder.hpp
[4.392s] -- Symlinking: /root/workspace/vehicle_control_ws/install/jw_interface_msgs/include/jw_interface_msgs/jw_interface_msgs/msg/detail/jsad_command__struct.hpp
[4.396s] -- Symlinking: /root/workspace/vehicle_control_ws/install/jw_interface_msgs/include/jw_interface_msgs/jw_interface_msgs/msg/detail/jsad_command__traits.hpp
[4.400s] -- Symlinking: /root/workspace/vehicle_control_ws/install/jw_interface_msgs/include/jw_interface_msgs/jw_interface_msgs/msg/detail/jsad_command__type_support.hpp
[4.403s] -- Symlinking: /root/workspace/vehicle_control_ws/install/jw_interface_msgs/include/jw_interface_msgs/jw_interface_msgs/msg/detail/jsad_status__builder.hpp
[4.407s] -- Symlinking: /root/workspace/vehicle_control_ws/install/jw_interface_msgs/include/jw_interface_msgs/jw_interface_msgs/msg/detail/jsad_status__struct.hpp
[4.411s] -- Symlinking: /root/workspace/vehicle_control_ws/install/jw_interface_msgs/include/jw_interface_msgs/jw_interface_msgs/msg/detail/jsad_status__traits.hpp
[4.415s] -- Symlinking: /root/workspace/vehicle_control_ws/install/jw_interface_msgs/include/jw_interface_msgs/jw_interface_msgs/msg/detail/jsad_status__type_support.hpp
[4.419s] -- Symlinking: /root/workspace/vehicle_control_ws/install/jw_interface_msgs/include/jw_interface_msgs/jw_interface_msgs/msg/detail/mode_command__builder.hpp
[4.422s] -- Symlinking: /root/workspace/vehicle_control_ws/install/jw_interface_msgs/include/jw_interface_msgs/jw_interface_msgs/msg/detail/mode_command__struct.hpp
[4.426s] -- Symlinking: /root/workspace/vehicle_control_ws/install/jw_interface_msgs/include/jw_interface_msgs/jw_interface_msgs/msg/detail/mode_command__traits.hpp
[4.430s] -- Symlinking: /root/workspace/vehicle_control_ws/install/jw_interface_msgs/include/jw_interface_msgs/jw_interface_msgs/msg/detail/mode_command__type_support.hpp
[4.434s] -- Symlinking: /root/workspace/vehicle_control_ws/install/jw_interface_msgs/include/jw_interface_msgs/jw_interface_msgs/msg/detail/motor_rpm_command__builder.hpp
[4.438s] -- Symlinking: /root/workspace/vehicle_control_ws/install/jw_interface_msgs/include/jw_interface_msgs/jw_interface_msgs/msg/detail/motor_rpm_command__struct.hpp
[4.442s] -- Symlinking: /root/workspace/vehicle_control_ws/install/jw_interface_msgs/include/jw_interface_msgs/jw_interface_msgs/msg/detail/motor_rpm_command__traits.hpp
[4.446s] -- Symlinking: /root/workspace/vehicle_control_ws/install/jw_interface_msgs/include/jw_interface_msgs/jw_interface_msgs/msg/detail/motor_rpm_command__type_support.hpp
[4.450s] -- Symlinking: /root/workspace/vehicle_control_ws/install/jw_interface_msgs/include/jw_interface_msgs/jw_interface_msgs/msg/detail/motor_rpm_status__builder.hpp
[4.453s] -- Symlinking: /root/workspace/vehicle_control_ws/install/jw_interface_msgs/include/jw_interface_msgs/jw_interface_msgs/msg/detail/motor_rpm_status__struct.hpp
[4.457s] -- Symlinking: /root/workspace/vehicle_control_ws/install/jw_interface_msgs/include/jw_interface_msgs/jw_interface_msgs/msg/detail/motor_rpm_status__traits.hpp
[4.461s] -- Symlinking: /root/workspace/vehicle_control_ws/install/jw_interface_msgs/include/jw_interface_msgs/jw_interface_msgs/msg/detail/motor_rpm_status__type_support.hpp
[4.465s] -- Symlinking: /root/workspace/vehicle_control_ws/install/jw_interface_msgs/include/jw_interface_msgs/jw_interface_msgs/msg/detail/speed_setting_status__builder.hpp
[4.468s] -- Symlinking: /root/workspace/vehicle_control_ws/install/jw_interface_msgs/include/jw_interface_msgs/jw_interface_msgs/msg/detail/speed_setting_status__struct.hpp
[4.472s] -- Symlinking: /root/workspace/vehicle_control_ws/install/jw_interface_msgs/include/jw_interface_msgs/jw_interface_msgs/msg/detail/speed_setting_status__traits.hpp
[4.476s] -- Symlinking: /root/workspace/vehicle_control_ws/install/jw_interface_msgs/include/jw_interface_msgs/jw_interface_msgs/msg/detail/speed_setting_status__type_support.hpp
[4.479s] -- Symlinking: /root/workspace/vehicle_control_ws/install/jw_interface_msgs/include/jw_interface_msgs/jw_interface_msgs/msg/detail/status__builder.hpp
[4.484s] -- Symlinking: /root/workspace/vehicle_control_ws/install/jw_interface_msgs/include/jw_interface_msgs/jw_interface_msgs/msg/detail/status__struct.hpp
[4.488s] -- Symlinking: /root/workspace/vehicle_control_ws/install/jw_interface_msgs/include/jw_interface_msgs/jw_interface_msgs/msg/detail/status__traits.hpp
[4.492s] -- Symlinking: /root/workspace/vehicle_control_ws/install/jw_interface_msgs/include/jw_interface_msgs/jw_interface_msgs/msg/detail/status__type_support.hpp
[4.495s] -- Symlinking: /root/workspace/vehicle_control_ws/install/jw_interface_msgs/include/jw_interface_msgs/jw_interface_msgs/msg/detail/status_stamped__builder.hpp
[4.499s] -- Symlinking: /root/workspace/vehicle_control_ws/install/jw_interface_msgs/include/jw_interface_msgs/jw_interface_msgs/msg/detail/status_stamped__struct.hpp
[4.502s] -- Symlinking: /root/workspace/vehicle_control_ws/install/jw_interface_msgs/include/jw_interface_msgs/jw_interface_msgs/msg/detail/status_stamped__traits.hpp
[4.506s] -- Symlinking: /root/workspace/vehicle_control_ws/install/jw_interface_msgs/include/jw_interface_msgs/jw_interface_msgs/msg/detail/status_stamped__type_support.hpp
[4.510s] -- Symlinking: /root/workspace/vehicle_control_ws/install/jw_interface_msgs/include/jw_interface_msgs/jw_interface_msgs/msg/detail/time_stamp_status__builder.hpp
[4.514s] -- Symlinking: /root/workspace/vehicle_control_ws/install/jw_interface_msgs/include/jw_interface_msgs/jw_interface_msgs/msg/detail/time_stamp_status__struct.hpp
[4.517s] -- Symlinking: /root/workspace/vehicle_control_ws/install/jw_interface_msgs/include/jw_interface_msgs/jw_interface_msgs/msg/detail/time_stamp_status__traits.hpp
[4.521s] -- Symlinking: /root/workspace/vehicle_control_ws/install/jw_interface_msgs/include/jw_interface_msgs/jw_interface_msgs/msg/detail/time_stamp_status__type_support.hpp
[4.524s] -- Symlinking: /root/workspace/vehicle_control_ws/install/jw_interface_msgs/include/jw_interface_msgs/jw_interface_msgs/msg/jsad_command.hpp
[4.528s] -- Symlinking: /root/workspace/vehicle_control_ws/install/jw_interface_msgs/include/jw_interface_msgs/jw_interface_msgs/msg/jsad_status.hpp
[4.532s] -- Symlinking: /root/workspace/vehicle_control_ws/install/jw_interface_msgs/include/jw_interface_msgs/jw_interface_msgs/msg/mode_command.hpp
[4.535s] -- Symlinking: /root/workspace/vehicle_control_ws/install/jw_interface_msgs/include/jw_interface_msgs/jw_interface_msgs/msg/motor_rpm_command.hpp
[4.539s] -- Symlinking: /root/workspace/vehicle_control_ws/install/jw_interface_msgs/include/jw_interface_msgs/jw_interface_msgs/msg/motor_rpm_status.hpp
[4.543s] -- Symlinking: /root/workspace/vehicle_control_ws/install/jw_interface_msgs/include/jw_interface_msgs/jw_interface_msgs/msg/rosidl_generator_cpp__visibility_control.hpp
[4.547s] -- Symlinking: /root/workspace/vehicle_control_ws/install/jw_interface_msgs/include/jw_interface_msgs/jw_interface_msgs/msg/speed_setting_status.hpp
[4.550s] -- Symlinking: /root/workspace/vehicle_control_ws/install/jw_interface_msgs/include/jw_interface_msgs/jw_interface_msgs/msg/status.hpp
[4.554s] -- Symlinking: /root/workspace/vehicle_control_ws/install/jw_interface_msgs/include/jw_interface_msgs/jw_interface_msgs/msg/status_stamped.hpp
[4.558s] -- Symlinking: /root/workspace/vehicle_control_ws/install/jw_interface_msgs/include/jw_interface_msgs/jw_interface_msgs/msg/time_stamp_status.hpp
[4.562s] -- Symlinking: /root/workspace/vehicle_control_ws/install/jw_interface_msgs/include/jw_interface_msgs/jw_interface_msgs/msg/detail/battery_status__rosidl_typesupport_fastrtps_cpp.hpp
[4.566s] -- Symlinking: /root/workspace/vehicle_control_ws/install/jw_interface_msgs/include/jw_interface_msgs/jw_interface_msgs/msg/detail/command__rosidl_typesupport_fastrtps_cpp.hpp
[4.569s] -- Symlinking: /root/workspace/vehicle_control_ws/install/jw_interface_msgs/include/jw_interface_msgs/jw_interface_msgs/msg/detail/command_stamped__rosidl_typesupport_fastrtps_cpp.hpp
[4.573s] -- Symlinking: /root/workspace/vehicle_control_ws/install/jw_interface_msgs/include/jw_interface_msgs/jw_interface_msgs/msg/detail/jsad_command__rosidl_typesupport_fastrtps_cpp.hpp
[4.577s] -- Symlinking: /root/workspace/vehicle_control_ws/install/jw_interface_msgs/include/jw_interface_msgs/jw_interface_msgs/msg/detail/jsad_status__rosidl_typesupport_fastrtps_cpp.hpp
[4.581s] -- Symlinking: /root/workspace/vehicle_control_ws/install/jw_interface_msgs/include/jw_interface_msgs/jw_interface_msgs/msg/detail/mode_command__rosidl_typesupport_fastrtps_cpp.hpp
[4.585s] -- Symlinking: /root/workspace/vehicle_control_ws/install/jw_interface_msgs/include/jw_interface_msgs/jw_interface_msgs/msg/detail/motor_rpm_command__rosidl_typesupport_fastrtps_cpp.hpp
[4.588s] -- Symlinking: /root/workspace/vehicle_control_ws/install/jw_interface_msgs/include/jw_interface_msgs/jw_interface_msgs/msg/detail/motor_rpm_status__rosidl_typesupport_fastrtps_cpp.hpp
[4.592s] -- Symlinking: /root/workspace/vehicle_control_ws/install/jw_interface_msgs/include/jw_interface_msgs/jw_interface_msgs/msg/detail/speed_setting_status__rosidl_typesupport_fastrtps_cpp.hpp
[4.596s] -- Symlinking: /root/workspace/vehicle_control_ws/install/jw_interface_msgs/include/jw_interface_msgs/jw_interface_msgs/msg/detail/status__rosidl_typesupport_fastrtps_cpp.hpp
[4.599s] -- Symlinking: /root/workspace/vehicle_control_ws/install/jw_interface_msgs/include/jw_interface_msgs/jw_interface_msgs/msg/detail/status_stamped__rosidl_typesupport_fastrtps_cpp.hpp
[4.603s] -- Symlinking: /root/workspace/vehicle_control_ws/install/jw_interface_msgs/include/jw_interface_msgs/jw_interface_msgs/msg/detail/time_stamp_status__rosidl_typesupport_fastrtps_cpp.hpp
[4.607s] -- Symlinking: /root/workspace/vehicle_control_ws/install/jw_interface_msgs/include/jw_interface_msgs/jw_interface_msgs/msg/rosidl_typesupport_fastrtps_cpp__visibility_control.h
[4.611s] -- Symlinking: /root/workspace/vehicle_control_ws/install/jw_interface_msgs/include/jw_interface_msgs/jw_interface_msgs/msg/detail/battery_status__rosidl_typesupport_introspection_cpp.hpp
[4.615s] -- Symlinking: /root/workspace/vehicle_control_ws/install/jw_interface_msgs/include/jw_interface_msgs/jw_interface_msgs/msg/detail/command__rosidl_typesupport_introspection_cpp.hpp
[4.619s] -- Symlinking: /root/workspace/vehicle_control_ws/install/jw_interface_msgs/include/jw_interface_msgs/jw_interface_msgs/msg/detail/command_stamped__rosidl_typesupport_introspection_cpp.hpp
[4.622s] -- Symlinking: /root/workspace/vehicle_control_ws/install/jw_interface_msgs/include/jw_interface_msgs/jw_interface_msgs/msg/detail/jsad_command__rosidl_typesupport_introspection_cpp.hpp
[4.626s] -- Symlinking: /root/workspace/vehicle_control_ws/install/jw_interface_msgs/include/jw_interface_msgs/jw_interface_msgs/msg/detail/jsad_status__rosidl_typesupport_introspection_cpp.hpp
[4.630s] -- Symlinking: /root/workspace/vehicle_control_ws/install/jw_interface_msgs/include/jw_interface_msgs/jw_interface_msgs/msg/detail/mode_command__rosidl_typesupport_introspection_cpp.hpp
[4.633s] -- Symlinking: /root/workspace/vehicle_control_ws/install/jw_interface_msgs/include/jw_interface_msgs/jw_interface_msgs/msg/detail/motor_rpm_command__rosidl_typesupport_introspection_cpp.hpp
[4.637s] -- Symlinking: /root/workspace/vehicle_control_ws/install/jw_interface_msgs/include/jw_interface_msgs/jw_interface_msgs/msg/detail/motor_rpm_status__rosidl_typesupport_introspection_cpp.hpp
[4.641s] -- Symlinking: /root/workspace/vehicle_control_ws/install/jw_interface_msgs/include/jw_interface_msgs/jw_interface_msgs/msg/detail/speed_setting_status__rosidl_typesupport_introspection_cpp.hpp
[4.645s] -- Symlinking: /root/workspace/vehicle_control_ws/install/jw_interface_msgs/include/jw_interface_msgs/jw_interface_msgs/msg/detail/status__rosidl_typesupport_introspection_cpp.hpp
[4.648s] -- Symlinking: /root/workspace/vehicle_control_ws/install/jw_interface_msgs/include/jw_interface_msgs/jw_interface_msgs/msg/detail/status_stamped__rosidl_typesupport_introspection_cpp.hpp
[4.652s] -- Symlinking: /root/workspace/vehicle_control_ws/install/jw_interface_msgs/include/jw_interface_msgs/jw_interface_msgs/msg/detail/time_stamp_status__rosidl_typesupport_introspection_cpp.hpp
[4.655s] -- Symlinking: /root/workspace/vehicle_control_ws/install/jw_interface_msgs/share/jw_interface_msgs/environment/pythonpath.sh
[4.659s] -- Symlinking: /root/workspace/vehicle_control_ws/install/jw_interface_msgs/share/jw_interface_msgs/environment/pythonpath.dsv
[4.663s] -- Symlinking: /root/workspace/vehicle_control_ws/install/jw_interface_msgs/local/lib/python3.10/dist-packages/jw_interface_msgs-0.0.0-py3.10.egg-info/PKG-INFO
[4.667s] -- Symlinking: /root/workspace/vehicle_control_ws/install/jw_interface_msgs/local/lib/python3.10/dist-packages/jw_interface_msgs-0.0.0-py3.10.egg-info/SOURCES.txt
[4.671s] -- Symlinking: /root/workspace/vehicle_control_ws/install/jw_interface_msgs/local/lib/python3.10/dist-packages/jw_interface_msgs-0.0.0-py3.10.egg-info/dependency_links.txt
[4.674s] -- Symlinking: /root/workspace/vehicle_control_ws/install/jw_interface_msgs/local/lib/python3.10/dist-packages/jw_interface_msgs-0.0.0-py3.10.egg-info/top_level.txt
[4.679s] -- Symlinking: /root/workspace/vehicle_control_ws/install/jw_interface_msgs/local/lib/python3.10/dist-packages/jw_interface_msgs/__init__.py
[4.682s] -- Symlinking: /root/workspace/vehicle_control_ws/install/jw_interface_msgs/local/lib/python3.10/dist-packages/jw_interface_msgs/_jw_interface_msgs_s.ep.rosidl_typesupport_c.c
[4.686s] -- Symlinking: /root/workspace/vehicle_control_ws/install/jw_interface_msgs/local/lib/python3.10/dist-packages/jw_interface_msgs/_jw_interface_msgs_s.ep.rosidl_typesupport_fastrtps_c.c
[4.689s] -- Symlinking: /root/workspace/vehicle_control_ws/install/jw_interface_msgs/local/lib/python3.10/dist-packages/jw_interface_msgs/_jw_interface_msgs_s.ep.rosidl_typesupport_introspection_c.c
[4.693s] -- Symlinking: /root/workspace/vehicle_control_ws/install/jw_interface_msgs/local/lib/python3.10/dist-packages/jw_interface_msgs/jw_interface_msgs_s__rosidl_typesupport_c.cpython-310-aarch64-linux-gnu.so
[4.697s] -- Symlinking: /root/workspace/vehicle_control_ws/install/jw_interface_msgs/local/lib/python3.10/dist-packages/jw_interface_msgs/jw_interface_msgs_s__rosidl_typesupport_fastrtps_c.cpython-310-aarch64-linux-gnu.so
[4.700s] -- Symlinking: /root/workspace/vehicle_control_ws/install/jw_interface_msgs/local/lib/python3.10/dist-packages/jw_interface_msgs/jw_interface_msgs_s__rosidl_typesupport_introspection_c.cpython-310-aarch64-linux-gnu.so
[4.704s] -- Symlinking: /root/workspace/vehicle_control_ws/install/jw_interface_msgs/local/lib/python3.10/dist-packages/jw_interface_msgs/libjw_interface_msgs__rosidl_generator_py.so
[4.709s] -- Symlinking: /root/workspace/vehicle_control_ws/install/jw_interface_msgs/local/lib/python3.10/dist-packages/jw_interface_msgs/msg/__init__.py
[4.712s] -- Symlinking: /root/workspace/vehicle_control_ws/install/jw_interface_msgs/local/lib/python3.10/dist-packages/jw_interface_msgs/msg/_battery_status.py
[4.716s] -- Symlinking: /root/workspace/vehicle_control_ws/install/jw_interface_msgs/local/lib/python3.10/dist-packages/jw_interface_msgs/msg/_battery_status_s.c
[4.720s] -- Symlinking: /root/workspace/vehicle_control_ws/install/jw_interface_msgs/local/lib/python3.10/dist-packages/jw_interface_msgs/msg/_command.py
[4.724s] -- Symlinking: /root/workspace/vehicle_control_ws/install/jw_interface_msgs/local/lib/python3.10/dist-packages/jw_interface_msgs/msg/_command_s.c
[4.728s] -- Symlinking: /root/workspace/vehicle_control_ws/install/jw_interface_msgs/local/lib/python3.10/dist-packages/jw_interface_msgs/msg/_command_stamped.py
[4.733s] -- Symlinking: /root/workspace/vehicle_control_ws/install/jw_interface_msgs/local/lib/python3.10/dist-packages/jw_interface_msgs/msg/_command_stamped_s.c
[4.736s] -- Symlinking: /root/workspace/vehicle_control_ws/install/jw_interface_msgs/local/lib/python3.10/dist-packages/jw_interface_msgs/msg/_jsad_command.py
[4.740s] -- Symlinking: /root/workspace/vehicle_control_ws/install/jw_interface_msgs/local/lib/python3.10/dist-packages/jw_interface_msgs/msg/_jsad_command_s.c
[4.745s] -- Symlinking: /root/workspace/vehicle_control_ws/install/jw_interface_msgs/local/lib/python3.10/dist-packages/jw_interface_msgs/msg/_jsad_status.py
[4.749s] -- Symlinking: /root/workspace/vehicle_control_ws/install/jw_interface_msgs/local/lib/python3.10/dist-packages/jw_interface_msgs/msg/_jsad_status_s.c
[4.753s] -- Symlinking: /root/workspace/vehicle_control_ws/install/jw_interface_msgs/local/lib/python3.10/dist-packages/jw_interface_msgs/msg/_mode_command.py
[4.757s] -- Symlinking: /root/workspace/vehicle_control_ws/install/jw_interface_msgs/local/lib/python3.10/dist-packages/jw_interface_msgs/msg/_mode_command_s.c
[4.761s] -- Symlinking: /root/workspace/vehicle_control_ws/install/jw_interface_msgs/local/lib/python3.10/dist-packages/jw_interface_msgs/msg/_motor_rpm_command.py
[4.765s] -- Symlinking: /root/workspace/vehicle_control_ws/install/jw_interface_msgs/local/lib/python3.10/dist-packages/jw_interface_msgs/msg/_motor_rpm_command_s.c
[4.769s] -- Symlinking: /root/workspace/vehicle_control_ws/install/jw_interface_msgs/local/lib/python3.10/dist-packages/jw_interface_msgs/msg/_motor_rpm_status.py
[4.773s] -- Symlinking: /root/workspace/vehicle_control_ws/install/jw_interface_msgs/local/lib/python3.10/dist-packages/jw_interface_msgs/msg/_motor_rpm_status_s.c
[4.777s] -- Symlinking: /root/workspace/vehicle_control_ws/install/jw_interface_msgs/local/lib/python3.10/dist-packages/jw_interface_msgs/msg/_speed_setting_status.py
[4.781s] -- Symlinking: /root/workspace/vehicle_control_ws/install/jw_interface_msgs/local/lib/python3.10/dist-packages/jw_interface_msgs/msg/_speed_setting_status_s.c
[4.784s] -- Symlinking: /root/workspace/vehicle_control_ws/install/jw_interface_msgs/local/lib/python3.10/dist-packages/jw_interface_msgs/msg/_status.py
[4.788s] -- Symlinking: /root/workspace/vehicle_control_ws/install/jw_interface_msgs/local/lib/python3.10/dist-packages/jw_interface_msgs/msg/_status_s.c
[4.792s] -- Symlinking: /root/workspace/vehicle_control_ws/install/jw_interface_msgs/local/lib/python3.10/dist-packages/jw_interface_msgs/msg/_status_stamped.py
[4.796s] -- Symlinking: /root/workspace/vehicle_control_ws/install/jw_interface_msgs/local/lib/python3.10/dist-packages/jw_interface_msgs/msg/_status_stamped_s.c
[4.800s] -- Symlinking: /root/workspace/vehicle_control_ws/install/jw_interface_msgs/local/lib/python3.10/dist-packages/jw_interface_msgs/msg/_time_stamp_status.py
[4.803s] -- Symlinking: /root/workspace/vehicle_control_ws/install/jw_interface_msgs/local/lib/python3.10/dist-packages/jw_interface_msgs/msg/_time_stamp_status_s.c
[4.808s] -- Up-to-date symlink: /root/workspace/vehicle_control_ws/install/jw_interface_msgs/local/lib/python3.10/dist-packages/jw_interface_msgs/jw_interface_msgs_s__rosidl_typesupport_fastrtps_c.cpython-310-aarch64-linux-gnu.so
[4.808s] -- Up-to-date symlink: /root/workspace/vehicle_control_ws/install/jw_interface_msgs/local/lib/python3.10/dist-packages/jw_interface_msgs/jw_interface_msgs_s__rosidl_typesupport_introspection_c.cpython-310-aarch64-linux-gnu.so
[4.808s] -- Up-to-date symlink: /root/workspace/vehicle_control_ws/install/jw_interface_msgs/local/lib/python3.10/dist-packages/jw_interface_msgs/jw_interface_msgs_s__rosidl_typesupport_c.cpython-310-aarch64-linux-gnu.so
[4.808s] -- Symlinking: /root/workspace/vehicle_control_ws/install/jw_interface_msgs/share/jw_interface_msgs/msg/ModeCommand.idl
[4.813s] -- Symlinking: /root/workspace/vehicle_control_ws/install/jw_interface_msgs/share/jw_interface_msgs/msg/MotorRPMCommand.idl
[4.817s] -- Symlinking: /root/workspace/vehicle_control_ws/install/jw_interface_msgs/share/jw_interface_msgs/msg/Command.idl
[4.821s] -- Symlinking: /root/workspace/vehicle_control_ws/install/jw_interface_msgs/share/jw_interface_msgs/msg/CommandStamped.idl
[4.825s] -- Symlinking: /root/workspace/vehicle_control_ws/install/jw_interface_msgs/share/jw_interface_msgs/msg/TimeStampStatus.idl
[4.829s] -- Symlinking: /root/workspace/vehicle_control_ws/install/jw_interface_msgs/share/jw_interface_msgs/msg/MotorRPMStatus.idl
[4.834s] -- Symlinking: /root/workspace/vehicle_control_ws/install/jw_interface_msgs/share/jw_interface_msgs/msg/BatteryStatus.idl
[4.838s] -- Symlinking: /root/workspace/vehicle_control_ws/install/jw_interface_msgs/share/jw_interface_msgs/msg/SpeedSettingStatus.idl
[4.842s] -- Symlinking: /root/workspace/vehicle_control_ws/install/jw_interface_msgs/share/jw_interface_msgs/msg/JSADCommand.idl
[4.846s] -- Symlinking: /root/workspace/vehicle_control_ws/install/jw_interface_msgs/share/jw_interface_msgs/msg/JSADStatus.idl
[4.850s] -- Symlinking: /root/workspace/vehicle_control_ws/install/jw_interface_msgs/share/jw_interface_msgs/msg/Status.idl
[4.854s] -- Symlinking: /root/workspace/vehicle_control_ws/install/jw_interface_msgs/share/jw_interface_msgs/msg/StatusStamped.idl
[4.858s] -- Symlinking: /root/workspace/vehicle_control_ws/install/jw_interface_msgs/share/jw_interface_msgs/msg/ModeCommand.msg
[4.862s] -- Symlinking: /root/workspace/vehicle_control_ws/install/jw_interface_msgs/share/jw_interface_msgs/msg/MotorRPMCommand.msg
[4.866s] -- Symlinking: /root/workspace/vehicle_control_ws/install/jw_interface_msgs/share/jw_interface_msgs/msg/Command.msg
[4.870s] -- Symlinking: /root/workspace/vehicle_control_ws/install/jw_interface_msgs/share/jw_interface_msgs/msg/CommandStamped.msg
[4.874s] -- Symlinking: /root/workspace/vehicle_control_ws/install/jw_interface_msgs/share/jw_interface_msgs/msg/TimeStampStatus.msg
[4.878s] -- Symlinking: /root/workspace/vehicle_control_ws/install/jw_interface_msgs/share/jw_interface_msgs/msg/MotorRPMStatus.msg
[4.881s] -- Symlinking: /root/workspace/vehicle_control_ws/install/jw_interface_msgs/share/jw_interface_msgs/msg/BatteryStatus.msg
[4.886s] -- Symlinking: /root/workspace/vehicle_control_ws/install/jw_interface_msgs/share/jw_interface_msgs/msg/SpeedSettingStatus.msg
[4.889s] -- Symlinking: /root/workspace/vehicle_control_ws/install/jw_interface_msgs/share/jw_interface_msgs/msg/JSADCommand.msg
[4.894s] -- Symlinking: /root/workspace/vehicle_control_ws/install/jw_interface_msgs/share/jw_interface_msgs/msg/JSADStatus.msg
[4.898s] -- Symlinking: /root/workspace/vehicle_control_ws/install/jw_interface_msgs/share/jw_interface_msgs/msg/Status.msg
[4.901s] -- Symlinking: /root/workspace/vehicle_control_ws/install/jw_interface_msgs/share/jw_interface_msgs/msg/StatusStamped.msg
[4.905s] -- Symlinking: /root/workspace/vehicle_control_ws/install/jw_interface_msgs/share/ament_index/resource_index/package_run_dependencies/jw_interface_msgs
[4.909s] -- Symlinking: /root/workspace/vehicle_control_ws/install/jw_interface_msgs/share/ament_index/resource_index/parent_prefix_path/jw_interface_msgs
[4.913s] -- Symlinking: /root/workspace/vehicle_control_ws/install/jw_interface_msgs/share/jw_interface_msgs/environment/ament_prefix_path.sh
[4.917s] -- Symlinking: /root/workspace/vehicle_control_ws/install/jw_interface_msgs/share/jw_interface_msgs/environment/ament_prefix_path.dsv
[4.921s] -- Symlinking: /root/workspace/vehicle_control_ws/install/jw_interface_msgs/share/jw_interface_msgs/environment/path.sh
[4.925s] -- Symlinking: /root/workspace/vehicle_control_ws/install/jw_interface_msgs/share/jw_interface_msgs/environment/path.dsv
[4.929s] -- Symlinking: /root/workspace/vehicle_control_ws/install/jw_interface_msgs/share/jw_interface_msgs/local_setup.bash
[4.933s] -- Symlinking: /root/workspace/vehicle_control_ws/install/jw_interface_msgs/share/jw_interface_msgs/local_setup.sh
[4.937s] -- Symlinking: /root/workspace/vehicle_control_ws/install/jw_interface_msgs/share/jw_interface_msgs/local_setup.zsh
[4.941s] -- Symlinking: /root/workspace/vehicle_control_ws/install/jw_interface_msgs/share/jw_interface_msgs/local_setup.dsv
[4.945s] -- Symlinking: /root/workspace/vehicle_control_ws/install/jw_interface_msgs/share/jw_interface_msgs/package.dsv
[4.949s] -- Symlinking: /root/workspace/vehicle_control_ws/install/jw_interface_msgs/share/ament_index/resource_index/packages/jw_interface_msgs
[4.953s] -- Symlinking: /root/workspace/vehicle_control_ws/install/jw_interface_msgs/share/jw_interface_msgs/cmake/rosidl_cmake-extras.cmake
[4.957s] -- Symlinking: /root/workspace/vehicle_control_ws/install/jw_interface_msgs/share/jw_interface_msgs/cmake/ament_cmake_export_dependencies-extras.cmake
[4.961s] -- Symlinking: /root/workspace/vehicle_control_ws/install/jw_interface_msgs/share/jw_interface_msgs/cmake/ament_cmake_export_include_directories-extras.cmake
[4.964s] -- Symlinking: /root/workspace/vehicle_control_ws/install/jw_interface_msgs/share/jw_interface_msgs/cmake/ament_cmake_export_libraries-extras.cmake
[4.968s] -- Symlinking: /root/workspace/vehicle_control_ws/install/jw_interface_msgs/share/jw_interface_msgs/cmake/ament_cmake_export_targets-extras.cmake
[4.972s] -- Symlinking: /root/workspace/vehicle_control_ws/install/jw_interface_msgs/share/jw_interface_msgs/cmake/rosidl_cmake_export_typesupport_targets-extras.cmake
[4.976s] -- Symlinking: /root/workspace/vehicle_control_ws/install/jw_interface_msgs/share/jw_interface_msgs/cmake/rosidl_cmake_export_typesupport_libraries-extras.cmake
[4.980s] -- Symlinking: /root/workspace/vehicle_control_ws/install/jw_interface_msgs/share/jw_interface_msgs/cmake/jw_interface_msgsConfig.cmake
[4.983s] -- Symlinking: /root/workspace/vehicle_control_ws/install/jw_interface_msgs/share/jw_interface_msgs/cmake/jw_interface_msgsConfig-version.cmake
[4.987s] -- Symlinking: /root/workspace/vehicle_control_ws/install/jw_interface_msgs/share/jw_interface_msgs/package.xml
[4.992s] -- Installing: /root/workspace/vehicle_control_ws/install/jw_interface_msgs/lib/libjw_interface_msgs__rosidl_generator_c.so
[4.992s] -- Set runtime path of "/root/workspace/vehicle_control_ws/install/jw_interface_msgs/lib/libjw_interface_msgs__rosidl_generator_c.so" to ""
[4.992s] -- Installing: /root/workspace/vehicle_control_ws/install/jw_interface_msgs/lib/libjw_interface_msgs__rosidl_typesupport_fastrtps_c.so
[4.992s] -- Set runtime path of "/root/workspace/vehicle_control_ws/install/jw_interface_msgs/lib/libjw_interface_msgs__rosidl_typesupport_fastrtps_c.so" to ""
[4.992s] -- Installing: /root/workspace/vehicle_control_ws/install/jw_interface_msgs/lib/libjw_interface_msgs__rosidl_typesupport_introspection_c.so
[4.992s] -- Set runtime path of "/root/workspace/vehicle_control_ws/install/jw_interface_msgs/lib/libjw_interface_msgs__rosidl_typesupport_introspection_c.so" to ""
[4.992s] -- Installing: /root/workspace/vehicle_control_ws/install/jw_interface_msgs/lib/libjw_interface_msgs__rosidl_typesupport_c.so
[4.993s] -- Set runtime path of "/root/workspace/vehicle_control_ws/install/jw_interface_msgs/lib/libjw_interface_msgs__rosidl_typesupport_c.so" to ""
[4.993s] -- Installing: /root/workspace/vehicle_control_ws/install/jw_interface_msgs/lib/libjw_interface_msgs__rosidl_typesupport_fastrtps_cpp.so
[4.993s] -- Set runtime path of "/root/workspace/vehicle_control_ws/install/jw_interface_msgs/lib/libjw_interface_msgs__rosidl_typesupport_fastrtps_cpp.so" to ""
[4.993s] -- Installing: /root/workspace/vehicle_control_ws/install/jw_interface_msgs/lib/libjw_interface_msgs__rosidl_typesupport_introspection_cpp.so
[4.993s] -- Set runtime path of "/root/workspace/vehicle_control_ws/install/jw_interface_msgs/lib/libjw_interface_msgs__rosidl_typesupport_introspection_cpp.so" to ""
[4.993s] -- Installing: /root/workspace/vehicle_control_ws/install/jw_interface_msgs/lib/libjw_interface_msgs__rosidl_typesupport_cpp.so
[4.993s] -- Set runtime path of "/root/workspace/vehicle_control_ws/install/jw_interface_msgs/lib/libjw_interface_msgs__rosidl_typesupport_cpp.so" to ""
[5.015s] Listing '/root/workspace/vehicle_control_ws/install/jw_interface_msgs/local/lib/python3.10/dist-packages/jw_interface_msgs'...
[5.015s] Compiling '/root/workspace/vehicle_control_ws/install/jw_interface_msgs/local/lib/python3.10/dist-packages/jw_interface_msgs/__init__.py'...
[5.015s] Listing '/root/workspace/vehicle_control_ws/install/jw_interface_msgs/local/lib/python3.10/dist-packages/jw_interface_msgs/msg'...
[5.015s] Compiling '/root/workspace/vehicle_control_ws/install/jw_interface_msgs/local/lib/python3.10/dist-packages/jw_interface_msgs/msg/__init__.py'...
[5.015s] Compiling '/root/workspace/vehicle_control_ws/install/jw_interface_msgs/local/lib/python3.10/dist-packages/jw_interface_msgs/msg/_battery_status.py'...
[5.015s] Compiling '/root/workspace/vehicle_control_ws/install/jw_interface_msgs/local/lib/python3.10/dist-packages/jw_interface_msgs/msg/_command.py'...
[5.015s] Compiling '/root/workspace/vehicle_control_ws/install/jw_interface_msgs/local/lib/python3.10/dist-packages/jw_interface_msgs/msg/_command_stamped.py'...
[5.015s] Compiling '/root/workspace/vehicle_control_ws/install/jw_interface_msgs/local/lib/python3.10/dist-packages/jw_interface_msgs/msg/_jsad_command.py'...
[5.016s] Compiling '/root/workspace/vehicle_control_ws/install/jw_interface_msgs/local/lib/python3.10/dist-packages/jw_interface_msgs/msg/_jsad_status.py'...
[5.016s] Compiling '/root/workspace/vehicle_control_ws/install/jw_interface_msgs/local/lib/python3.10/dist-packages/jw_interface_msgs/msg/_mode_command.py'...
[5.016s] Compiling '/root/workspace/vehicle_control_ws/install/jw_interface_msgs/local/lib/python3.10/dist-packages/jw_interface_msgs/msg/_motor_rpm_command.py'...
[5.016s] Compiling '/root/workspace/vehicle_control_ws/install/jw_interface_msgs/local/lib/python3.10/dist-packages/jw_interface_msgs/msg/_motor_rpm_status.py'...
[5.016s] Compiling '/root/workspace/vehicle_control_ws/install/jw_interface_msgs/local/lib/python3.10/dist-packages/jw_interface_msgs/msg/_speed_setting_status.py'...
[5.016s] Compiling '/root/workspace/vehicle_control_ws/install/jw_interface_msgs/local/lib/python3.10/dist-packages/jw_interface_msgs/msg/_status.py'...
[5.016s] Compiling '/root/workspace/vehicle_control_ws/install/jw_interface_msgs/local/lib/python3.10/dist-packages/jw_interface_msgs/msg/_status_stamped.py'...
[5.016s] Compiling '/root/workspace/vehicle_control_ws/install/jw_interface_msgs/local/lib/python3.10/dist-packages/jw_interface_msgs/msg/_time_stamp_status.py'...
[5.018s] -- Installing: /root/workspace/vehicle_control_ws/install/jw_interface_msgs/lib/libjw_interface_msgs__rosidl_generator_py.so
[5.018s] -- Set runtime path of "/root/workspace/vehicle_control_ws/install/jw_interface_msgs/lib/libjw_interface_msgs__rosidl_generator_py.so" to ""
[5.018s] -- Installing: /root/workspace/vehicle_control_ws/install/jw_interface_msgs/share/jw_interface_msgs/cmake/export_jw_interface_msgs__rosidl_generator_cExport.cmake
[5.019s] -- Installing: /root/workspace/vehicle_control_ws/install/jw_interface_msgs/share/jw_interface_msgs/cmake/export_jw_interface_msgs__rosidl_generator_cExport-noconfig.cmake
[5.019s] -- Installing: /root/workspace/vehicle_control_ws/install/jw_interface_msgs/share/jw_interface_msgs/cmake/export_jw_interface_msgs__rosidl_typesupport_fastrtps_cExport.cmake
[5.019s] -- Installing: /root/workspace/vehicle_control_ws/install/jw_interface_msgs/share/jw_interface_msgs/cmake/export_jw_interface_msgs__rosidl_typesupport_fastrtps_cExport-noconfig.cmake
[5.019s] -- Installing: /root/workspace/vehicle_control_ws/install/jw_interface_msgs/share/jw_interface_msgs/cmake/jw_interface_msgs__rosidl_typesupport_introspection_cExport.cmake
[5.019s] -- Installing: /root/workspace/vehicle_control_ws/install/jw_interface_msgs/share/jw_interface_msgs/cmake/jw_interface_msgs__rosidl_typesupport_introspection_cExport-noconfig.cmake
[5.019s] -- Installing: /root/workspace/vehicle_control_ws/install/jw_interface_msgs/share/jw_interface_msgs/cmake/jw_interface_msgs__rosidl_typesupport_cExport.cmake
[5.019s] -- Installing: /root/workspace/vehicle_control_ws/install/jw_interface_msgs/share/jw_interface_msgs/cmake/jw_interface_msgs__rosidl_typesupport_cExport-noconfig.cmake
[5.019s] -- Installing: /root/workspace/vehicle_control_ws/install/jw_interface_msgs/share/jw_interface_msgs/cmake/export_jw_interface_msgs__rosidl_generator_cppExport.cmake
[5.019s] -- Installing: /root/workspace/vehicle_control_ws/install/jw_interface_msgs/share/jw_interface_msgs/cmake/export_jw_interface_msgs__rosidl_typesupport_fastrtps_cppExport.cmake
[5.019s] -- Installing: /root/workspace/vehicle_control_ws/install/jw_interface_msgs/share/jw_interface_msgs/cmake/export_jw_interface_msgs__rosidl_typesupport_fastrtps_cppExport-noconfig.cmake
[5.019s] -- Installing: /root/workspace/vehicle_control_ws/install/jw_interface_msgs/share/jw_interface_msgs/cmake/jw_interface_msgs__rosidl_typesupport_introspection_cppExport.cmake
[5.019s] -- Installing: /root/workspace/vehicle_control_ws/install/jw_interface_msgs/share/jw_interface_msgs/cmake/jw_interface_msgs__rosidl_typesupport_introspection_cppExport-noconfig.cmake
[5.019s] -- Installing: /root/workspace/vehicle_control_ws/install/jw_interface_msgs/share/jw_interface_msgs/cmake/jw_interface_msgs__rosidl_typesupport_cppExport.cmake
[5.019s] -- Installing: /root/workspace/vehicle_control_ws/install/jw_interface_msgs/share/jw_interface_msgs/cmake/jw_interface_msgs__rosidl_typesupport_cppExport-noconfig.cmake
[5.019s] -- Installing: /root/workspace/vehicle_control_ws/install/jw_interface_msgs/share/jw_interface_msgs/cmake/export_jw_interface_msgs__rosidl_generator_pyExport.cmake
[5.020s] -- Installing: /root/workspace/vehicle_control_ws/install/jw_interface_msgs/share/jw_interface_msgs/cmake/export_jw_interface_msgs__rosidl_generator_pyExport-noconfig.cmake
[5.021s] Invoked command in '/root/workspace/vehicle_control_ws/build/jw_interface_msgs' returned '0': CMAKE_PREFIX_PATH=/root/workspace/vehicle_control/install/vehicle_control:/opt/ros/humble /usr/bin/cmake --install /root/workspace/vehicle_control_ws/build/jw_interface_msgs
