-- Found ament_cmake_auto: 1.3.11 (/opt/ros/humble/share/ament_cmake_auto/cmake)
-- Override CMake install command with custom implementation using symlinks instead of copying resources
-- Found autoware_auto_control_msgs: 1.0.0 (/root/workspace/vehicle_control_ws/install/autoware_auto_control_msgs/share/autoware_auto_control_msgs/cmake)
-- Found rosidl_generator_c: 3.1.6 (/opt/ros/humble/share/rosidl_generator_c/cmake)
-- Found rosidl_adapter: 3.1.6 (/opt/ros/humble/share/rosidl_adapter/cmake)
-- Found rosidl_generator_cpp: 3.1.6 (/opt/ros/humble/share/rosidl_generator_cpp/cmake)
-- Using all available rosidl_typesupport_c: rosidl_typesupport_fastrtps_c;rosidl_typesupport_introspection_c
-- Using all available rosidl_typesupport_cpp: rosidl_typesupport_fastrtps_cpp;rosidl_typesupport_introspection_cpp
-- Found rmw_implementation_cmake: 6.1.2 (/opt/ros/humble/share/rmw_implementation_cmake/cmake)
-- Found rmw_fastrtps_cpp: 6.2.7 (/opt/ros/humble/share/rmw_fastrtps_cpp/cmake)
-- Found OpenSSL: /usr/lib/aarch64-linux-gnu/libcrypto.so (found version "3.0.2")  
-- Found FastRTPS: /opt/ros/humble/include  
-- Using RMW implementation 'rmw_fastrtps_cpp' as default
-- Looking for pthread.h
-- Looking for pthread.h - found
-- Performing Test CMAKE_HAVE_LIBC_PTHREAD
-- Performing Test CMAKE_HAVE_LIBC_PTHREAD - Success
-- Found Threads: TRUE  
-- Found ament_lint_auto: 0.12.11 (/opt/ros/humble/share/ament_lint_auto/cmake)
-- Configuring done
-- Generating done
-- Build files have been written to: /root/workspace/vehicle_control_ws/build/jw_interface_awiv_adapter
[ 25%] [32mBuilding CXX object CMakeFiles/jw_interface_awiv_adapt_receiver_node.dir/rclcpp_components/node_main_jw_interface_awiv_adapt_receiver_node.cpp.o[0m
[ 25%] [32mBuilding CXX object CMakeFiles/jw_interface_awiv_adapt_sender_node.dir/rclcpp_components/node_main_jw_interface_awiv_adapt_sender_node.cpp.o[0m
[ 37%] [32mBuilding CXX object CMakeFiles/jw_interface_awiv_adapt_sender.dir/node/jw_interface_awiv_adapt_sender/jw_interface_awiv_adapt_sender.cpp.o[0m
[ 62%] [32m[1mLinking CXX executable jw_interface_awiv_adapt_sender_node[0m
[ 62%] [32m[1mLinking CXX executable jw_interface_awiv_adapt_receiver_node[0m
[ 62%] Built target jw_interface_awiv_adapt_sender_node
[ 62%] Built target jw_interface_awiv_adapt_receiver_node
