running develop
running egg_info
creating src/vehicle_control.egg-info
writing src/vehicle_control.egg-info/PKG-INFO
writing dependency_links to src/vehicle_control.egg-info/dependency_links.txt
writing entry points to src/vehicle_control.egg-info/entry_points.txt
writing requirements to src/vehicle_control.egg-info/requires.txt
writing top-level names to src/vehicle_control.egg-info/top_level.txt
writing manifest file 'src/vehicle_control.egg-info/SOURCES.txt'
reading manifest file 'src/vehicle_control.egg-info/SOURCES.txt'
writing manifest file 'src/vehicle_control.egg-info/SOURCES.txt'
running build_ext
Creating /root/workspace/vehicle_control_ws/install/vehicle_control/lib/python3.10/site-packages/vehicle-control.egg-link (link to src)
Installing vehicle_controller script to /root/workspace/vehicle_control_ws/install/vehicle_control/bin

Installed /root/workspace/vehicle_control_ws/build/vehicle_control/src
running symlink_data
symbolically linking /root/workspace/vehicle_control_ws/build/vehicle_control/package.xml -> /root/workspace/vehicle_control_ws/install/vehicle_control/share/vehicle_control
creating /root/workspace/vehicle_control_ws/install/vehicle_control/share/vehicle_control/launch
symbolically linking /root/workspace/vehicle_control_ws/build/vehicle_control/launch/vehicle_control.launch.py -> /root/workspace/vehicle_control_ws/install/vehicle_control/share/vehicle_control/launch
symbolically linking /root/workspace/vehicle_control_ws/build/vehicle_control/launch/vehicle_system.launch.py -> /root/workspace/vehicle_control_ws/install/vehicle_control/share/vehicle_control/launch
