[0.306s] Invoking command in '/root/workspace/vehicle_control_ws/build/vehicle_control': CMAKE_PREFIX_PATH=/root/workspace/vehicle_control_ws/install/vehicle_interface:/root/workspace/vehicle_control_ws/install/jw_interface_msgs:/opt/ros/humble PYTHONPATH=/root/workspace/vehicle_control_ws/build/vehicle_control/prefix_override:/usr/lib/python3/dist-packages/colcon_core/task/python/colcon_distutils_commands:/root/workspace/vehicle_control_ws/install/vehicle_control/lib/python3.10/site-packages:${PYTHONPATH} /usr/bin/python3 -W ignore:setup.py install is deprecated -W ignore:easy_install command is deprecated setup.py develop --editable --build-directory /root/workspace/vehicle_control_ws/build/vehicle_control/build --no-deps symlink_data
[0.437s] running develop
[0.490s] running egg_info
[0.490s] creating src/vehicle_control.egg-info
[0.490s] writing src/vehicle_control.egg-info/PKG-INFO
[0.491s] writing dependency_links to src/vehicle_control.egg-info/dependency_links.txt
[0.491s] writing entry points to src/vehicle_control.egg-info/entry_points.txt
[0.491s] writing requirements to src/vehicle_control.egg-info/requires.txt
[0.491s] writing top-level names to src/vehicle_control.egg-info/top_level.txt
[0.491s] writing manifest file 'src/vehicle_control.egg-info/SOURCES.txt'
[0.492s] reading manifest file 'src/vehicle_control.egg-info/SOURCES.txt'
[0.493s] writing manifest file 'src/vehicle_control.egg-info/SOURCES.txt'
[0.493s] running build_ext
[0.493s] Creating /root/workspace/vehicle_control_ws/install/vehicle_control/lib/python3.10/site-packages/vehicle-control.egg-link (link to src)
[0.493s] Installing vehicle_controller script to /root/workspace/vehicle_control_ws/install/vehicle_control/bin
[0.493s] 
[0.494s] Installed /root/workspace/vehicle_control_ws/build/vehicle_control/src
[0.494s] running symlink_data
[0.494s] symbolically linking /root/workspace/vehicle_control_ws/build/vehicle_control/package.xml -> /root/workspace/vehicle_control_ws/install/vehicle_control/share/vehicle_control
[0.494s] creating /root/workspace/vehicle_control_ws/install/vehicle_control/share/vehicle_control/launch
[0.494s] symbolically linking /root/workspace/vehicle_control_ws/build/vehicle_control/launch/vehicle_control.launch.py -> /root/workspace/vehicle_control_ws/install/vehicle_control/share/vehicle_control/launch
[0.494s] symbolically linking /root/workspace/vehicle_control_ws/build/vehicle_control/launch/vehicle_system.launch.py -> /root/workspace/vehicle_control_ws/install/vehicle_control/share/vehicle_control/launch
[0.512s] Invoked command in '/root/workspace/vehicle_control_ws/build/vehicle_control' returned '0': CMAKE_PREFIX_PATH=/root/workspace/vehicle_control_ws/install/vehicle_interface:/root/workspace/vehicle_control_ws/install/jw_interface_msgs:/opt/ros/humble PYTHONPATH=/root/workspace/vehicle_control_ws/build/vehicle_control/prefix_override:/usr/lib/python3/dist-packages/colcon_core/task/python/colcon_distutils_commands:/root/workspace/vehicle_control_ws/install/vehicle_control/lib/python3.10/site-packages:${PYTHONPATH} /usr/bin/python3 -W ignore:setup.py install is deprecated -W ignore:easy_install command is deprecated setup.py develop --editable --build-directory /root/workspace/vehicle_control_ws/build/vehicle_control/build --no-deps symlink_data
