[0.006s] Invoking command in '/root/workspace/vehicle_control_ws/build/vehicle_interface': CMAKE_PREFIX_PATH=/root/workspace/vehicle_control/install/vehicle_control:/opt/ros/humble /usr/bin/cmake /root/workspace/vehicle_control_ws/src/vehicle_interface -DAMENT_CMAKE_SYMLINK_INSTALL=1 -DCMAKE_INSTALL_PREFIX=/root/workspace/vehicle_control_ws/install/vehicle_interface
[0.032s] -- The C compiler identification is GNU 11.4.0
[0.063s] -- The CXX compiler identification is GNU 11.4.0
[0.068s] -- Detecting C compiler ABI info
[0.102s] -- Detecting C compiler ABI info - done
[0.107s] -- Check for working C compiler: /usr/bin/cc - skipped
[0.108s] -- Detecting C compile features
[0.108s] -- Detecting C compile features - done
[0.110s] -- Detecting CXX compiler ABI info
[0.152s] -- Detecting CXX compiler ABI info - done
[0.157s] -- Check for working CXX compiler: /usr/bin/c++ - skipped
[0.158s] -- Detecting CXX compile features
[0.158s] -- Detecting CXX compile features - done
[0.159s] -- Found ament_cmake: 1.3.11 (/opt/ros/humble/share/ament_cmake/cmake)
[0.236s] -- Found Python3: /usr/bin/python3 (found version "3.10.12") found components: Interpreter 
[0.270s] -- Override CMake install command with custom implementation using symlinks instead of copying resources
[0.286s] -- Found rclcpp: 16.0.11 (/opt/ros/humble/share/rclcpp/cmake)
[0.310s] -- Found rosidl_generator_c: 3.1.6 (/opt/ros/humble/share/rosidl_generator_c/cmake)
[0.313s] -- Found rosidl_adapter: 3.1.6 (/opt/ros/humble/share/rosidl_adapter/cmake)
[0.318s] -- Found rosidl_generator_cpp: 3.1.6 (/opt/ros/humble/share/rosidl_generator_cpp/cmake)
[0.325s] -- Using all available rosidl_typesupport_c: rosidl_typesupport_fastrtps_c;rosidl_typesupport_introspection_c
[0.335s] -- Using all available rosidl_typesupport_cpp: rosidl_typesupport_fastrtps_cpp;rosidl_typesupport_introspection_cpp
[0.361s] -- Found rmw_implementation_cmake: 6.1.2 (/opt/ros/humble/share/rmw_implementation_cmake/cmake)
[0.362s] -- Found rmw_fastrtps_cpp: 6.2.7 (/opt/ros/humble/share/rmw_fastrtps_cpp/cmake)
[0.403s] -- Found OpenSSL: /usr/lib/aarch64-linux-gnu/libcrypto.so (found version "3.0.2")  
[0.419s] -- Found FastRTPS: /opt/ros/humble/include  
[0.445s] -- Using RMW implementation 'rmw_fastrtps_cpp' as default
[0.450s] -- Looking for pthread.h
[0.485s] -- Looking for pthread.h - found
[0.486s] -- Performing Test CMAKE_HAVE_LIBC_PTHREAD
[0.523s] -- Performing Test CMAKE_HAVE_LIBC_PTHREAD - Success
[0.524s] -- Found Threads: TRUE  
[0.559s] -- Found geometry_msgs: 4.2.4 (/opt/ros/humble/share/geometry_msgs/cmake)
[0.603s] -- Configuring done
[0.608s] -- Generating done
[0.611s] -- Build files have been written to: /root/workspace/vehicle_control_ws/build/vehicle_interface
[0.615s] Invoked command in '/root/workspace/vehicle_control_ws/build/vehicle_interface' returned '0': CMAKE_PREFIX_PATH=/root/workspace/vehicle_control/install/vehicle_control:/opt/ros/humble /usr/bin/cmake /root/workspace/vehicle_control_ws/src/vehicle_interface -DAMENT_CMAKE_SYMLINK_INSTALL=1 -DCMAKE_INSTALL_PREFIX=/root/workspace/vehicle_control_ws/install/vehicle_interface
[0.616s] Invoking command in '/root/workspace/vehicle_control_ws/build/vehicle_interface': CMAKE_PREFIX_PATH=/root/workspace/vehicle_control/install/vehicle_control:/opt/ros/humble /usr/bin/cmake --build /root/workspace/vehicle_control_ws/build/vehicle_interface -- -j10 -l10
[0.639s] [ 66%] [32mBuilding CXX object CMakeFiles/vehicle_interface_node.dir/src/vehicle_interface_node.cpp.o[0m
[0.639s] [ 66%] [32mBuilding CXX object CMakeFiles/vehicle_interface_node.dir/src/serial_communication.cpp.o[0m
[4.856s] [100%] [32m[1mLinking CXX executable vehicle_interface_node[0m
[5.094s] [100%] Built target vehicle_interface_node
[5.099s] Invoked command in '/root/workspace/vehicle_control_ws/build/vehicle_interface' returned '0': CMAKE_PREFIX_PATH=/root/workspace/vehicle_control/install/vehicle_control:/opt/ros/humble /usr/bin/cmake --build /root/workspace/vehicle_control_ws/build/vehicle_interface -- -j10 -l10
[5.100s] Invoking command in '/root/workspace/vehicle_control_ws/build/vehicle_interface': CMAKE_PREFIX_PATH=/root/workspace/vehicle_control/install/vehicle_control:/opt/ros/humble /usr/bin/cmake --install /root/workspace/vehicle_control_ws/build/vehicle_interface
[5.103s] -- Install configuration: ""
[5.104s] -- Execute custom install script
[5.104s] -- Symlinking: /root/workspace/vehicle_control_ws/install/vehicle_interface/lib/vehicle_interface/vehicle_interface_node
[5.109s] -- Symlinking: /root/workspace/vehicle_control_ws/install/vehicle_interface/share/ament_index/resource_index/package_run_dependencies/vehicle_interface
[5.112s] -- Symlinking: /root/workspace/vehicle_control_ws/install/vehicle_interface/share/ament_index/resource_index/parent_prefix_path/vehicle_interface
[5.117s] -- Symlinking: /root/workspace/vehicle_control_ws/install/vehicle_interface/share/vehicle_interface/environment/ament_prefix_path.sh
[5.121s] -- Symlinking: /root/workspace/vehicle_control_ws/install/vehicle_interface/share/vehicle_interface/environment/ament_prefix_path.dsv
[5.124s] -- Symlinking: /root/workspace/vehicle_control_ws/install/vehicle_interface/share/vehicle_interface/environment/path.sh
[5.128s] -- Symlinking: /root/workspace/vehicle_control_ws/install/vehicle_interface/share/vehicle_interface/environment/path.dsv
[5.132s] -- Symlinking: /root/workspace/vehicle_control_ws/install/vehicle_interface/share/vehicle_interface/local_setup.bash
[5.136s] -- Symlinking: /root/workspace/vehicle_control_ws/install/vehicle_interface/share/vehicle_interface/local_setup.sh
[5.140s] -- Symlinking: /root/workspace/vehicle_control_ws/install/vehicle_interface/share/vehicle_interface/local_setup.zsh
[5.144s] -- Symlinking: /root/workspace/vehicle_control_ws/install/vehicle_interface/share/vehicle_interface/local_setup.dsv
[5.148s] -- Symlinking: /root/workspace/vehicle_control_ws/install/vehicle_interface/share/vehicle_interface/package.dsv
[5.152s] -- Symlinking: /root/workspace/vehicle_control_ws/install/vehicle_interface/share/ament_index/resource_index/packages/vehicle_interface
[5.156s] -- Symlinking: /root/workspace/vehicle_control_ws/install/vehicle_interface/share/vehicle_interface/cmake/vehicle_interfaceConfig.cmake
[5.160s] -- Symlinking: /root/workspace/vehicle_control_ws/install/vehicle_interface/share/vehicle_interface/cmake/vehicle_interfaceConfig-version.cmake
[5.165s] -- Symlinking: /root/workspace/vehicle_control_ws/install/vehicle_interface/share/vehicle_interface/package.xml
[5.170s] Invoked command in '/root/workspace/vehicle_control_ws/build/vehicle_interface' returned '0': CMAKE_PREFIX_PATH=/root/workspace/vehicle_control/install/vehicle_control:/opt/ros/humble /usr/bin/cmake --install /root/workspace/vehicle_control_ws/build/vehicle_interface
