[0.015s] Invoking command in '/root/workspace/vehicle_control_ws/build/vehicle_interface': CMAKE_PREFIX_PATH=${CMAKE_PREFIX_PATH}:/root/workspace/vehicle_control/install/vehicle_control /usr/bin/cmake --build /root/workspace/vehicle_control_ws/build/vehicle_interface -- -j10 -l10
[0.037s] [35m[1mConsolidate compiler generated dependencies of target vehicle_interface_node[0m
[0.051s] [100%] Built target vehicle_interface_node
[0.058s] Invoked command in '/root/workspace/vehicle_control_ws/build/vehicle_interface' returned '0': CMAKE_PREFIX_PATH=${CMAKE_PREFIX_PATH}:/root/workspace/vehicle_control/install/vehicle_control /usr/bin/cmake --build /root/workspace/vehicle_control_ws/build/vehicle_interface -- -j10 -l10
[0.065s] Invoking command in '/root/workspace/vehicle_control_ws/build/vehicle_interface': CMAKE_PREFIX_PATH=${CMAKE_PREFIX_PATH}:/root/workspace/vehicle_control/install/vehicle_control /usr/bin/cmake --install /root/workspace/vehicle_control_ws/build/vehicle_interface
[0.078s] -- Install configuration: ""
[0.079s] -- Execute custom install script
[0.079s] -- Up-to-date symlink: /root/workspace/vehicle_control_ws/install/vehicle_interface/lib/vehicle_interface/vehicle_interface_node
[0.080s] -- Up-to-date symlink: /root/workspace/vehicle_control_ws/install/vehicle_interface/share/ament_index/resource_index/package_run_dependencies/vehicle_interface
[0.080s] -- Up-to-date symlink: /root/workspace/vehicle_control_ws/install/vehicle_interface/share/ament_index/resource_index/parent_prefix_path/vehicle_interface
[0.080s] -- Up-to-date symlink: /root/workspace/vehicle_control_ws/install/vehicle_interface/share/vehicle_interface/environment/ament_prefix_path.sh
[0.080s] -- Up-to-date symlink: /root/workspace/vehicle_control_ws/install/vehicle_interface/share/vehicle_interface/environment/ament_prefix_path.dsv
[0.080s] -- Up-to-date symlink: /root/workspace/vehicle_control_ws/install/vehicle_interface/share/vehicle_interface/environment/path.sh
[0.080s] -- Up-to-date symlink: /root/workspace/vehicle_control_ws/install/vehicle_interface/share/vehicle_interface/environment/path.dsv
[0.080s] -- Up-to-date symlink: /root/workspace/vehicle_control_ws/install/vehicle_interface/share/vehicle_interface/local_setup.bash
[0.080s] -- Up-to-date symlink: /root/workspace/vehicle_control_ws/install/vehicle_interface/share/vehicle_interface/local_setup.sh
[0.080s] -- Up-to-date symlink: /root/workspace/vehicle_control_ws/install/vehicle_interface/share/vehicle_interface/local_setup.zsh
[0.080s] -- Up-to-date symlink: /root/workspace/vehicle_control_ws/install/vehicle_interface/share/vehicle_interface/local_setup.dsv
[0.080s] -- Symlinking: /root/workspace/vehicle_control_ws/install/vehicle_interface/share/vehicle_interface/package.dsv
[0.084s] -- Up-to-date symlink: /root/workspace/vehicle_control_ws/install/vehicle_interface/share/ament_index/resource_index/packages/vehicle_interface
[0.084s] -- Up-to-date symlink: /root/workspace/vehicle_control_ws/install/vehicle_interface/share/vehicle_interface/cmake/vehicle_interfaceConfig.cmake
[0.087s] -- Up-to-date symlink: /root/workspace/vehicle_control_ws/install/vehicle_interface/share/vehicle_interface/cmake/vehicle_interfaceConfig-version.cmake
[0.087s] -- Up-to-date symlink: /root/workspace/vehicle_control_ws/install/vehicle_interface/share/vehicle_interface/package.xml
[0.089s] Invoked command in '/root/workspace/vehicle_control_ws/build/vehicle_interface' returned '0': CMAKE_PREFIX_PATH=${CMAKE_PREFIX_PATH}:/root/workspace/vehicle_control/install/vehicle_control /usr/bin/cmake --install /root/workspace/vehicle_control_ws/build/vehicle_interface
