[0.005s] Invoking command in '/root/workspace/vehicle_control_ws/build/jw_interface_awiv_adapter': AMENT_PREFIX_PATH=/root/workspace/vehicle_control_ws/install/jw_interface_msgs:${AMENT_PREFIX_PATH} CMAKE_PREFIX_PATH=/root/workspace/vehicle_control_ws/install/jw_interface_msgs:/root/workspace/vehicle_control/install/vehicle_control:/opt/ros/humble LD_LIBRARY_PATH=/root/workspace/vehicle_control_ws/install/jw_interface_msgs/lib:${LD_LIBRARY_PATH} PYTHONPATH=/root/workspace/vehicle_control_ws/install/jw_interface_msgs/local/lib/python3.10/dist-packages:${PYTHONPATH} /usr/bin/cmake /root/workspace/vehicle_control_ws/src/jw_interface_awiv_adapter -DAMENT_CMAKE_SYMLINK_INSTALL=1 -DCMAKE_INSTALL_PREFIX=/root/workspace/vehicle_control_ws/install/jw_interface_awiv_adapter
[0.034s] -- The C compiler identification is GNU 11.4.0
[0.067s] -- The CXX compiler identification is GNU 11.4.0
[0.071s] -- Detecting C compiler ABI info
[0.108s] -- Detecting C compiler ABI info - done
[0.113s] -- Check for working C compiler: /usr/bin/cc - skipped
[0.113s] -- Detecting C compile features
[0.114s] -- Detecting C compile features - done
[0.116s] -- Detecting CXX compiler ABI info
[0.159s] -- Detecting CXX compiler ABI info - done
[0.165s] -- Check for working CXX compiler: /usr/bin/c++ - skipped
[0.165s] -- Detecting CXX compile features
[0.165s] -- Detecting CXX compile features - done
[0.166s] -- Found ament_cmake_auto: 1.3.11 (/opt/ros/humble/share/ament_cmake_auto/cmake)
[0.245s] -- Found Python3: /usr/bin/python3 (found version "3.10.12") found components: Interpreter 
[0.279s] -- Override CMake install command with custom implementation using symlinks instead of copying resources
[0.301s] [31mCMake Error at CMakeLists.txt:14 (find_package):
[0.301s]   By not providing "Findautoware_auto_control_msgs.cmake" in
[0.301s]   CMAKE_MODULE_PATH this project has asked CMake to find a package
[0.301s]   configuration file provided by "autoware_auto_control_msgs", but CMake did
[0.301s]   not find one.
[0.301s] 
[0.301s]   Could not find a package configuration file provided by
[0.301s]   "autoware_auto_control_msgs" with any of the following names:
[0.301s] 
[0.301s]     autoware_auto_control_msgsConfig.cmake
[0.302s]     autoware_auto_control_msgs-config.cmake
[0.302s] 
[0.302s]   Add the installation prefix of "autoware_auto_control_msgs" to
[0.302s]   CMAKE_PREFIX_PATH or set "autoware_auto_control_msgs_DIR" to a directory
[0.302s]   containing one of the above files.  If "autoware_auto_control_msgs"
[0.302s]   provides a separate development package or SDK, be sure it has been
[0.302s]   installed.
[0.302s] 
[0.302s] [0m
[0.302s] -- Configuring incomplete, errors occurred!
[0.302s] See also "/root/workspace/vehicle_control_ws/build/jw_interface_awiv_adapter/CMakeFiles/CMakeOutput.log".
[0.304s] Invoked command in '/root/workspace/vehicle_control_ws/build/jw_interface_awiv_adapter' returned '1': AMENT_PREFIX_PATH=/root/workspace/vehicle_control_ws/install/jw_interface_msgs:${AMENT_PREFIX_PATH} CMAKE_PREFIX_PATH=/root/workspace/vehicle_control_ws/install/jw_interface_msgs:/root/workspace/vehicle_control/install/vehicle_control:/opt/ros/humble LD_LIBRARY_PATH=/root/workspace/vehicle_control_ws/install/jw_interface_msgs/lib:${LD_LIBRARY_PATH} PYTHONPATH=/root/workspace/vehicle_control_ws/install/jw_interface_msgs/local/lib/python3.10/dist-packages:${PYTHONPATH} /usr/bin/cmake /root/workspace/vehicle_control_ws/src/jw_interface_awiv_adapter -DAMENT_CMAKE_SYMLINK_INSTALL=1 -DCMAKE_INSTALL_PREFIX=/root/workspace/vehicle_control_ws/install/jw_interface_awiv_adapter
