[35m[1mConsolidate compiler generated dependencies of target jw_interface_msgs__rosidl_generator_c[0m
[  0%] Built target ament_cmake_python_symlink_jw_interface_msgs
[  0%] Built target jw_interface_msgs__cpp
[ 12%] Built target jw_interface_msgs__rosidl_generator_c
[35m[1mConsolidate compiler generated dependencies of target jw_interface_msgs__rosidl_typesupport_cpp[0m
[35m[1mConsolidate compiler generated dependencies of target jw_interface_msgs__rosidl_typesupport_fastrtps_cpp[0m
[35m[1mConsolidate compiler generated dependencies of target jw_interface_msgs__rosidl_typesupport_introspection_cpp[0m
[35m[1mConsolidate compiler generated dependencies of target jw_interface_msgs__rosidl_typesupport_c[0m
[35m[1mConsolidate compiler generated dependencies of target jw_interface_msgs__rosidl_typesupport_fastrtps_c[0m
[35m[1mConsolidate compiler generated dependencies of target jw_interface_msgs__rosidl_typesupport_introspection_c[0m
[ 24%] Built target jw_interface_msgs__rosidl_typesupport_cpp
[ 35%] Built target jw_interface_msgs__rosidl_typesupport_fastrtps_cpp
[ 47%] Built target jw_interface_msgs__rosidl_typesupport_introspection_cpp
[ 59%] Built target jw_interface_msgs__rosidl_typesupport_c
[ 71%] Built target jw_interface_msgs__rosidl_typesupport_fastrtps_c
[ 83%] Built target jw_interface_msgs__rosidl_typesupport_introspection_c
[ 83%] Built target jw_interface_msgs
[ 84%] Built target jw_interface_msgs__py
[35m[1mConsolidate compiler generated dependencies of target jw_interface_msgs__rosidl_generator_py[0m
[ 95%] Built target jw_interface_msgs__rosidl_generator_py
[35m[1mConsolidate compiler generated dependencies of target jw_interface_msgs__rosidl_typesupport_fastrtps_c__pyext[0m
[35m[1mConsolidate compiler generated dependencies of target jw_interface_msgs__rosidl_typesupport_c__pyext[0m
[35m[1mConsolidate compiler generated dependencies of target jw_interface_msgs__rosidl_typesupport_introspection_c__pyext[0m
[ 98%] Built target jw_interface_msgs__rosidl_typesupport_c__pyext
[ 98%] Built target jw_interface_msgs__rosidl_typesupport_fastrtps_c__pyext
[100%] Built target jw_interface_msgs__rosidl_typesupport_introspection_c__pyext
running egg_info
writing jw_interface_msgs.egg-info/PKG-INFO
writing dependency_links to jw_interface_msgs.egg-info/dependency_links.txt
writing top-level names to jw_interface_msgs.egg-info/top_level.txt
reading manifest file 'jw_interface_msgs.egg-info/SOURCES.txt'
writing manifest file 'jw_interface_msgs.egg-info/SOURCES.txt'
[100%] Built target ament_cmake_python_build_jw_interface_msgs_egg
-- Install configuration: ""
-- Execute custom install script
-- Up-to-date symlink: /root/workspace/vehicle_control_ws/install/jw_interface_msgs/share/ament_index/resource_index/rosidl_interfaces/jw_interface_msgs
-- Up-to-date symlink: /root/workspace/vehicle_control_ws/install/jw_interface_msgs/include/jw_interface_msgs/jw_interface_msgs/msg/battery_status.h
-- Up-to-date symlink: /root/workspace/vehicle_control_ws/install/jw_interface_msgs/include/jw_interface_msgs/jw_interface_msgs/msg/command.h
-- Up-to-date symlink: /root/workspace/vehicle_control_ws/install/jw_interface_msgs/include/jw_interface_msgs/jw_interface_msgs/msg/command_stamped.h
-- Up-to-date symlink: /root/workspace/vehicle_control_ws/install/jw_interface_msgs/include/jw_interface_msgs/jw_interface_msgs/msg/detail/battery_status__functions.h
-- Up-to-date symlink: /root/workspace/vehicle_control_ws/install/jw_interface_msgs/include/jw_interface_msgs/jw_interface_msgs/msg/detail/battery_status__struct.h
-- Up-to-date symlink: /root/workspace/vehicle_control_ws/install/jw_interface_msgs/include/jw_interface_msgs/jw_interface_msgs/msg/detail/battery_status__type_support.h
-- Up-to-date symlink: /root/workspace/vehicle_control_ws/install/jw_interface_msgs/include/jw_interface_msgs/jw_interface_msgs/msg/detail/command__functions.h
-- Up-to-date symlink: /root/workspace/vehicle_control_ws/install/jw_interface_msgs/include/jw_interface_msgs/jw_interface_msgs/msg/detail/command__struct.h
-- Up-to-date symlink: /root/workspace/vehicle_control_ws/install/jw_interface_msgs/include/jw_interface_msgs/jw_interface_msgs/msg/detail/command__type_support.h
-- Up-to-date symlink: /root/workspace/vehicle_control_ws/install/jw_interface_msgs/include/jw_interface_msgs/jw_interface_msgs/msg/detail/command_stamped__functions.h
-- Up-to-date symlink: /root/workspace/vehicle_control_ws/install/jw_interface_msgs/include/jw_interface_msgs/jw_interface_msgs/msg/detail/command_stamped__struct.h
-- Up-to-date symlink: /root/workspace/vehicle_control_ws/install/jw_interface_msgs/include/jw_interface_msgs/jw_interface_msgs/msg/detail/command_stamped__type_support.h
-- Up-to-date symlink: /root/workspace/vehicle_control_ws/install/jw_interface_msgs/include/jw_interface_msgs/jw_interface_msgs/msg/detail/jsad_command__functions.h
-- Up-to-date symlink: /root/workspace/vehicle_control_ws/install/jw_interface_msgs/include/jw_interface_msgs/jw_interface_msgs/msg/detail/jsad_command__struct.h
-- Up-to-date symlink: /root/workspace/vehicle_control_ws/install/jw_interface_msgs/include/jw_interface_msgs/jw_interface_msgs/msg/detail/jsad_command__type_support.h
-- Up-to-date symlink: /root/workspace/vehicle_control_ws/install/jw_interface_msgs/include/jw_interface_msgs/jw_interface_msgs/msg/detail/jsad_status__functions.h
-- Up-to-date symlink: /root/workspace/vehicle_control_ws/install/jw_interface_msgs/include/jw_interface_msgs/jw_interface_msgs/msg/detail/jsad_status__struct.h
-- Up-to-date symlink: /root/workspace/vehicle_control_ws/install/jw_interface_msgs/include/jw_interface_msgs/jw_interface_msgs/msg/detail/jsad_status__type_support.h
-- Up-to-date symlink: /root/workspace/vehicle_control_ws/install/jw_interface_msgs/include/jw_interface_msgs/jw_interface_msgs/msg/detail/mode_command__functions.h
-- Up-to-date symlink: /root/workspace/vehicle_control_ws/install/jw_interface_msgs/include/jw_interface_msgs/jw_interface_msgs/msg/detail/mode_command__struct.h
-- Up-to-date symlink: /root/workspace/vehicle_control_ws/install/jw_interface_msgs/include/jw_interface_msgs/jw_interface_msgs/msg/detail/mode_command__type_support.h
-- Up-to-date symlink: /root/workspace/vehicle_control_ws/install/jw_interface_msgs/include/jw_interface_msgs/jw_interface_msgs/msg/detail/motor_rpm_command__functions.h
-- Up-to-date symlink: /root/workspace/vehicle_control_ws/install/jw_interface_msgs/include/jw_interface_msgs/jw_interface_msgs/msg/detail/motor_rpm_command__struct.h
-- Up-to-date symlink: /root/workspace/vehicle_control_ws/install/jw_interface_msgs/include/jw_interface_msgs/jw_interface_msgs/msg/detail/motor_rpm_command__type_support.h
-- Up-to-date symlink: /root/workspace/vehicle_control_ws/install/jw_interface_msgs/include/jw_interface_msgs/jw_interface_msgs/msg/detail/motor_rpm_status__functions.h
-- Up-to-date symlink: /root/workspace/vehicle_control_ws/install/jw_interface_msgs/include/jw_interface_msgs/jw_interface_msgs/msg/detail/motor_rpm_status__struct.h
-- Up-to-date symlink: /root/workspace/vehicle_control_ws/install/jw_interface_msgs/include/jw_interface_msgs/jw_interface_msgs/msg/detail/motor_rpm_status__type_support.h
-- Up-to-date symlink: /root/workspace/vehicle_control_ws/install/jw_interface_msgs/include/jw_interface_msgs/jw_interface_msgs/msg/detail/speed_setting_status__functions.h
-- Up-to-date symlink: /root/workspace/vehicle_control_ws/install/jw_interface_msgs/include/jw_interface_msgs/jw_interface_msgs/msg/detail/speed_setting_status__struct.h
-- Up-to-date symlink: /root/workspace/vehicle_control_ws/install/jw_interface_msgs/include/jw_interface_msgs/jw_interface_msgs/msg/detail/speed_setting_status__type_support.h
-- Up-to-date symlink: /root/workspace/vehicle_control_ws/install/jw_interface_msgs/include/jw_interface_msgs/jw_interface_msgs/msg/detail/status__functions.h
-- Up-to-date symlink: /root/workspace/vehicle_control_ws/install/jw_interface_msgs/include/jw_interface_msgs/jw_interface_msgs/msg/detail/status__struct.h
-- Up-to-date symlink: /root/workspace/vehicle_control_ws/install/jw_interface_msgs/include/jw_interface_msgs/jw_interface_msgs/msg/detail/status__type_support.h
-- Up-to-date symlink: /root/workspace/vehicle_control_ws/install/jw_interface_msgs/include/jw_interface_msgs/jw_interface_msgs/msg/detail/status_stamped__functions.h
-- Up-to-date symlink: /root/workspace/vehicle_control_ws/install/jw_interface_msgs/include/jw_interface_msgs/jw_interface_msgs/msg/detail/status_stamped__struct.h
-- Up-to-date symlink: /root/workspace/vehicle_control_ws/install/jw_interface_msgs/include/jw_interface_msgs/jw_interface_msgs/msg/detail/status_stamped__type_support.h
-- Up-to-date symlink: /root/workspace/vehicle_control_ws/install/jw_interface_msgs/include/jw_interface_msgs/jw_interface_msgs/msg/detail/time_stamp_status__functions.h
-- Up-to-date symlink: /root/workspace/vehicle_control_ws/install/jw_interface_msgs/include/jw_interface_msgs/jw_interface_msgs/msg/detail/time_stamp_status__struct.h
-- Up-to-date symlink: /root/workspace/vehicle_control_ws/install/jw_interface_msgs/include/jw_interface_msgs/jw_interface_msgs/msg/detail/time_stamp_status__type_support.h
-- Up-to-date symlink: /root/workspace/vehicle_control_ws/install/jw_interface_msgs/include/jw_interface_msgs/jw_interface_msgs/msg/jsad_command.h
-- Up-to-date symlink: /root/workspace/vehicle_control_ws/install/jw_interface_msgs/include/jw_interface_msgs/jw_interface_msgs/msg/jsad_status.h
-- Up-to-date symlink: /root/workspace/vehicle_control_ws/install/jw_interface_msgs/include/jw_interface_msgs/jw_interface_msgs/msg/mode_command.h
-- Up-to-date symlink: /root/workspace/vehicle_control_ws/install/jw_interface_msgs/include/jw_interface_msgs/jw_interface_msgs/msg/motor_rpm_command.h
-- Up-to-date symlink: /root/workspace/vehicle_control_ws/install/jw_interface_msgs/include/jw_interface_msgs/jw_interface_msgs/msg/motor_rpm_status.h
-- Up-to-date symlink: /root/workspace/vehicle_control_ws/install/jw_interface_msgs/include/jw_interface_msgs/jw_interface_msgs/msg/rosidl_generator_c__visibility_control.h
-- Up-to-date symlink: /root/workspace/vehicle_control_ws/install/jw_interface_msgs/include/jw_interface_msgs/jw_interface_msgs/msg/speed_setting_status.h
-- Up-to-date symlink: /root/workspace/vehicle_control_ws/install/jw_interface_msgs/include/jw_interface_msgs/jw_interface_msgs/msg/status.h
-- Up-to-date symlink: /root/workspace/vehicle_control_ws/install/jw_interface_msgs/include/jw_interface_msgs/jw_interface_msgs/msg/status_stamped.h
-- Up-to-date symlink: /root/workspace/vehicle_control_ws/install/jw_interface_msgs/include/jw_interface_msgs/jw_interface_msgs/msg/time_stamp_status.h
-- Up-to-date symlink: /root/workspace/vehicle_control_ws/install/jw_interface_msgs/share/jw_interface_msgs/environment/library_path.sh
-- Up-to-date symlink: /root/workspace/vehicle_control_ws/install/jw_interface_msgs/share/jw_interface_msgs/environment/library_path.dsv
-- Up-to-date symlink: /root/workspace/vehicle_control_ws/install/jw_interface_msgs/include/jw_interface_msgs/jw_interface_msgs/msg/detail/battery_status__rosidl_typesupport_fastrtps_c.h
-- Up-to-date symlink: /root/workspace/vehicle_control_ws/install/jw_interface_msgs/include/jw_interface_msgs/jw_interface_msgs/msg/detail/command__rosidl_typesupport_fastrtps_c.h
-- Up-to-date symlink: /root/workspace/vehicle_control_ws/install/jw_interface_msgs/include/jw_interface_msgs/jw_interface_msgs/msg/detail/command_stamped__rosidl_typesupport_fastrtps_c.h
-- Up-to-date symlink: /root/workspace/vehicle_control_ws/install/jw_interface_msgs/include/jw_interface_msgs/jw_interface_msgs/msg/detail/jsad_command__rosidl_typesupport_fastrtps_c.h
-- Up-to-date symlink: /root/workspace/vehicle_control_ws/install/jw_interface_msgs/include/jw_interface_msgs/jw_interface_msgs/msg/detail/jsad_status__rosidl_typesupport_fastrtps_c.h
-- Up-to-date symlink: /root/workspace/vehicle_control_ws/install/jw_interface_msgs/include/jw_interface_msgs/jw_interface_msgs/msg/detail/mode_command__rosidl_typesupport_fastrtps_c.h
-- Up-to-date symlink: /root/workspace/vehicle_control_ws/install/jw_interface_msgs/include/jw_interface_msgs/jw_interface_msgs/msg/detail/motor_rpm_command__rosidl_typesupport_fastrtps_c.h
-- Up-to-date symlink: /root/workspace/vehicle_control_ws/install/jw_interface_msgs/include/jw_interface_msgs/jw_interface_msgs/msg/detail/motor_rpm_status__rosidl_typesupport_fastrtps_c.h
-- Up-to-date symlink: /root/workspace/vehicle_control_ws/install/jw_interface_msgs/include/jw_interface_msgs/jw_interface_msgs/msg/detail/speed_setting_status__rosidl_typesupport_fastrtps_c.h
-- Up-to-date symlink: /root/workspace/vehicle_control_ws/install/jw_interface_msgs/include/jw_interface_msgs/jw_interface_msgs/msg/detail/status__rosidl_typesupport_fastrtps_c.h
-- Up-to-date symlink: /root/workspace/vehicle_control_ws/install/jw_interface_msgs/include/jw_interface_msgs/jw_interface_msgs/msg/detail/status_stamped__rosidl_typesupport_fastrtps_c.h
-- Up-to-date symlink: /root/workspace/vehicle_control_ws/install/jw_interface_msgs/include/jw_interface_msgs/jw_interface_msgs/msg/detail/time_stamp_status__rosidl_typesupport_fastrtps_c.h
-- Up-to-date symlink: /root/workspace/vehicle_control_ws/install/jw_interface_msgs/include/jw_interface_msgs/jw_interface_msgs/msg/rosidl_typesupport_fastrtps_c__visibility_control.h
-- Up-to-date symlink: /root/workspace/vehicle_control_ws/install/jw_interface_msgs/include/jw_interface_msgs/jw_interface_msgs/msg/detail/battery_status__rosidl_typesupport_introspection_c.h
-- Up-to-date symlink: /root/workspace/vehicle_control_ws/install/jw_interface_msgs/include/jw_interface_msgs/jw_interface_msgs/msg/detail/command__rosidl_typesupport_introspection_c.h
-- Up-to-date symlink: /root/workspace/vehicle_control_ws/install/jw_interface_msgs/include/jw_interface_msgs/jw_interface_msgs/msg/detail/command_stamped__rosidl_typesupport_introspection_c.h
-- Up-to-date symlink: /root/workspace/vehicle_control_ws/install/jw_interface_msgs/include/jw_interface_msgs/jw_interface_msgs/msg/detail/jsad_command__rosidl_typesupport_introspection_c.h
-- Up-to-date symlink: /root/workspace/vehicle_control_ws/install/jw_interface_msgs/include/jw_interface_msgs/jw_interface_msgs/msg/detail/jsad_status__rosidl_typesupport_introspection_c.h
-- Up-to-date symlink: /root/workspace/vehicle_control_ws/install/jw_interface_msgs/include/jw_interface_msgs/jw_interface_msgs/msg/detail/mode_command__rosidl_typesupport_introspection_c.h
-- Up-to-date symlink: /root/workspace/vehicle_control_ws/install/jw_interface_msgs/include/jw_interface_msgs/jw_interface_msgs/msg/detail/motor_rpm_command__rosidl_typesupport_introspection_c.h
-- Up-to-date symlink: /root/workspace/vehicle_control_ws/install/jw_interface_msgs/include/jw_interface_msgs/jw_interface_msgs/msg/detail/motor_rpm_status__rosidl_typesupport_introspection_c.h
-- Up-to-date symlink: /root/workspace/vehicle_control_ws/install/jw_interface_msgs/include/jw_interface_msgs/jw_interface_msgs/msg/detail/speed_setting_status__rosidl_typesupport_introspection_c.h
-- Up-to-date symlink: /root/workspace/vehicle_control_ws/install/jw_interface_msgs/include/jw_interface_msgs/jw_interface_msgs/msg/detail/status__rosidl_typesupport_introspection_c.h
-- Up-to-date symlink: /root/workspace/vehicle_control_ws/install/jw_interface_msgs/include/jw_interface_msgs/jw_interface_msgs/msg/detail/status_stamped__rosidl_typesupport_introspection_c.h
-- Up-to-date symlink: /root/workspace/vehicle_control_ws/install/jw_interface_msgs/include/jw_interface_msgs/jw_interface_msgs/msg/detail/time_stamp_status__rosidl_typesupport_introspection_c.h
-- Up-to-date symlink: /root/workspace/vehicle_control_ws/install/jw_interface_msgs/include/jw_interface_msgs/jw_interface_msgs/msg/rosidl_typesupport_introspection_c__visibility_control.h
-- Up-to-date symlink: /root/workspace/vehicle_control_ws/install/jw_interface_msgs/include/jw_interface_msgs/jw_interface_msgs/msg/battery_status.hpp
-- Up-to-date symlink: /root/workspace/vehicle_control_ws/install/jw_interface_msgs/include/jw_interface_msgs/jw_interface_msgs/msg/command.hpp
-- Up-to-date symlink: /root/workspace/vehicle_control_ws/install/jw_interface_msgs/include/jw_interface_msgs/jw_interface_msgs/msg/command_stamped.hpp
-- Up-to-date symlink: /root/workspace/vehicle_control_ws/install/jw_interface_msgs/include/jw_interface_msgs/jw_interface_msgs/msg/detail/battery_status__builder.hpp
-- Up-to-date symlink: /root/workspace/vehicle_control_ws/install/jw_interface_msgs/include/jw_interface_msgs/jw_interface_msgs/msg/detail/battery_status__struct.hpp
-- Up-to-date symlink: /root/workspace/vehicle_control_ws/install/jw_interface_msgs/include/jw_interface_msgs/jw_interface_msgs/msg/detail/battery_status__traits.hpp
-- Up-to-date symlink: /root/workspace/vehicle_control_ws/install/jw_interface_msgs/include/jw_interface_msgs/jw_interface_msgs/msg/detail/battery_status__type_support.hpp
-- Up-to-date symlink: /root/workspace/vehicle_control_ws/install/jw_interface_msgs/include/jw_interface_msgs/jw_interface_msgs/msg/detail/command__builder.hpp
-- Up-to-date symlink: /root/workspace/vehicle_control_ws/install/jw_interface_msgs/include/jw_interface_msgs/jw_interface_msgs/msg/detail/command__struct.hpp
-- Up-to-date symlink: /root/workspace/vehicle_control_ws/install/jw_interface_msgs/include/jw_interface_msgs/jw_interface_msgs/msg/detail/command__traits.hpp
-- Up-to-date symlink: /root/workspace/vehicle_control_ws/install/jw_interface_msgs/include/jw_interface_msgs/jw_interface_msgs/msg/detail/command__type_support.hpp
-- Up-to-date symlink: /root/workspace/vehicle_control_ws/install/jw_interface_msgs/include/jw_interface_msgs/jw_interface_msgs/msg/detail/command_stamped__builder.hpp
-- Up-to-date symlink: /root/workspace/vehicle_control_ws/install/jw_interface_msgs/include/jw_interface_msgs/jw_interface_msgs/msg/detail/command_stamped__struct.hpp
-- Up-to-date symlink: /root/workspace/vehicle_control_ws/install/jw_interface_msgs/include/jw_interface_msgs/jw_interface_msgs/msg/detail/command_stamped__traits.hpp
-- Up-to-date symlink: /root/workspace/vehicle_control_ws/install/jw_interface_msgs/include/jw_interface_msgs/jw_interface_msgs/msg/detail/command_stamped__type_support.hpp
-- Up-to-date symlink: /root/workspace/vehicle_control_ws/install/jw_interface_msgs/include/jw_interface_msgs/jw_interface_msgs/msg/detail/jsad_command__builder.hpp
-- Up-to-date symlink: /root/workspace/vehicle_control_ws/install/jw_interface_msgs/include/jw_interface_msgs/jw_interface_msgs/msg/detail/jsad_command__struct.hpp
-- Up-to-date symlink: /root/workspace/vehicle_control_ws/install/jw_interface_msgs/include/jw_interface_msgs/jw_interface_msgs/msg/detail/jsad_command__traits.hpp
-- Up-to-date symlink: /root/workspace/vehicle_control_ws/install/jw_interface_msgs/include/jw_interface_msgs/jw_interface_msgs/msg/detail/jsad_command__type_support.hpp
-- Up-to-date symlink: /root/workspace/vehicle_control_ws/install/jw_interface_msgs/include/jw_interface_msgs/jw_interface_msgs/msg/detail/jsad_status__builder.hpp
-- Up-to-date symlink: /root/workspace/vehicle_control_ws/install/jw_interface_msgs/include/jw_interface_msgs/jw_interface_msgs/msg/detail/jsad_status__struct.hpp
-- Up-to-date symlink: /root/workspace/vehicle_control_ws/install/jw_interface_msgs/include/jw_interface_msgs/jw_interface_msgs/msg/detail/jsad_status__traits.hpp
-- Up-to-date symlink: /root/workspace/vehicle_control_ws/install/jw_interface_msgs/include/jw_interface_msgs/jw_interface_msgs/msg/detail/jsad_status__type_support.hpp
-- Up-to-date symlink: /root/workspace/vehicle_control_ws/install/jw_interface_msgs/include/jw_interface_msgs/jw_interface_msgs/msg/detail/mode_command__builder.hpp
-- Up-to-date symlink: /root/workspace/vehicle_control_ws/install/jw_interface_msgs/include/jw_interface_msgs/jw_interface_msgs/msg/detail/mode_command__struct.hpp
-- Up-to-date symlink: /root/workspace/vehicle_control_ws/install/jw_interface_msgs/include/jw_interface_msgs/jw_interface_msgs/msg/detail/mode_command__traits.hpp
-- Up-to-date symlink: /root/workspace/vehicle_control_ws/install/jw_interface_msgs/include/jw_interface_msgs/jw_interface_msgs/msg/detail/mode_command__type_support.hpp
-- Up-to-date symlink: /root/workspace/vehicle_control_ws/install/jw_interface_msgs/include/jw_interface_msgs/jw_interface_msgs/msg/detail/motor_rpm_command__builder.hpp
-- Up-to-date symlink: /root/workspace/vehicle_control_ws/install/jw_interface_msgs/include/jw_interface_msgs/jw_interface_msgs/msg/detail/motor_rpm_command__struct.hpp
-- Up-to-date symlink: /root/workspace/vehicle_control_ws/install/jw_interface_msgs/include/jw_interface_msgs/jw_interface_msgs/msg/detail/motor_rpm_command__traits.hpp
-- Up-to-date symlink: /root/workspace/vehicle_control_ws/install/jw_interface_msgs/include/jw_interface_msgs/jw_interface_msgs/msg/detail/motor_rpm_command__type_support.hpp
-- Up-to-date symlink: /root/workspace/vehicle_control_ws/install/jw_interface_msgs/include/jw_interface_msgs/jw_interface_msgs/msg/detail/motor_rpm_status__builder.hpp
-- Up-to-date symlink: /root/workspace/vehicle_control_ws/install/jw_interface_msgs/include/jw_interface_msgs/jw_interface_msgs/msg/detail/motor_rpm_status__struct.hpp
-- Up-to-date symlink: /root/workspace/vehicle_control_ws/install/jw_interface_msgs/include/jw_interface_msgs/jw_interface_msgs/msg/detail/motor_rpm_status__traits.hpp
-- Up-to-date symlink: /root/workspace/vehicle_control_ws/install/jw_interface_msgs/include/jw_interface_msgs/jw_interface_msgs/msg/detail/motor_rpm_status__type_support.hpp
-- Up-to-date symlink: /root/workspace/vehicle_control_ws/install/jw_interface_msgs/include/jw_interface_msgs/jw_interface_msgs/msg/detail/speed_setting_status__builder.hpp
-- Up-to-date symlink: /root/workspace/vehicle_control_ws/install/jw_interface_msgs/include/jw_interface_msgs/jw_interface_msgs/msg/detail/speed_setting_status__struct.hpp
-- Up-to-date symlink: /root/workspace/vehicle_control_ws/install/jw_interface_msgs/include/jw_interface_msgs/jw_interface_msgs/msg/detail/speed_setting_status__traits.hpp
-- Up-to-date symlink: /root/workspace/vehicle_control_ws/install/jw_interface_msgs/include/jw_interface_msgs/jw_interface_msgs/msg/detail/speed_setting_status__type_support.hpp
-- Up-to-date symlink: /root/workspace/vehicle_control_ws/install/jw_interface_msgs/include/jw_interface_msgs/jw_interface_msgs/msg/detail/status__builder.hpp
-- Up-to-date symlink: /root/workspace/vehicle_control_ws/install/jw_interface_msgs/include/jw_interface_msgs/jw_interface_msgs/msg/detail/status__struct.hpp
-- Up-to-date symlink: /root/workspace/vehicle_control_ws/install/jw_interface_msgs/include/jw_interface_msgs/jw_interface_msgs/msg/detail/status__traits.hpp
-- Up-to-date symlink: /root/workspace/vehicle_control_ws/install/jw_interface_msgs/include/jw_interface_msgs/jw_interface_msgs/msg/detail/status__type_support.hpp
-- Up-to-date symlink: /root/workspace/vehicle_control_ws/install/jw_interface_msgs/include/jw_interface_msgs/jw_interface_msgs/msg/detail/status_stamped__builder.hpp
-- Up-to-date symlink: /root/workspace/vehicle_control_ws/install/jw_interface_msgs/include/jw_interface_msgs/jw_interface_msgs/msg/detail/status_stamped__struct.hpp
-- Up-to-date symlink: /root/workspace/vehicle_control_ws/install/jw_interface_msgs/include/jw_interface_msgs/jw_interface_msgs/msg/detail/status_stamped__traits.hpp
-- Up-to-date symlink: /root/workspace/vehicle_control_ws/install/jw_interface_msgs/include/jw_interface_msgs/jw_interface_msgs/msg/detail/status_stamped__type_support.hpp
-- Up-to-date symlink: /root/workspace/vehicle_control_ws/install/jw_interface_msgs/include/jw_interface_msgs/jw_interface_msgs/msg/detail/time_stamp_status__builder.hpp
-- Up-to-date symlink: /root/workspace/vehicle_control_ws/install/jw_interface_msgs/include/jw_interface_msgs/jw_interface_msgs/msg/detail/time_stamp_status__struct.hpp
-- Up-to-date symlink: /root/workspace/vehicle_control_ws/install/jw_interface_msgs/include/jw_interface_msgs/jw_interface_msgs/msg/detail/time_stamp_status__traits.hpp
-- Up-to-date symlink: /root/workspace/vehicle_control_ws/install/jw_interface_msgs/include/jw_interface_msgs/jw_interface_msgs/msg/detail/time_stamp_status__type_support.hpp
-- Up-to-date symlink: /root/workspace/vehicle_control_ws/install/jw_interface_msgs/include/jw_interface_msgs/jw_interface_msgs/msg/jsad_command.hpp
-- Up-to-date symlink: /root/workspace/vehicle_control_ws/install/jw_interface_msgs/include/jw_interface_msgs/jw_interface_msgs/msg/jsad_status.hpp
-- Up-to-date symlink: /root/workspace/vehicle_control_ws/install/jw_interface_msgs/include/jw_interface_msgs/jw_interface_msgs/msg/mode_command.hpp
-- Up-to-date symlink: /root/workspace/vehicle_control_ws/install/jw_interface_msgs/include/jw_interface_msgs/jw_interface_msgs/msg/motor_rpm_command.hpp
-- Up-to-date symlink: /root/workspace/vehicle_control_ws/install/jw_interface_msgs/include/jw_interface_msgs/jw_interface_msgs/msg/motor_rpm_status.hpp
-- Up-to-date symlink: /root/workspace/vehicle_control_ws/install/jw_interface_msgs/include/jw_interface_msgs/jw_interface_msgs/msg/rosidl_generator_cpp__visibility_control.hpp
-- Up-to-date symlink: /root/workspace/vehicle_control_ws/install/jw_interface_msgs/include/jw_interface_msgs/jw_interface_msgs/msg/speed_setting_status.hpp
-- Up-to-date symlink: /root/workspace/vehicle_control_ws/install/jw_interface_msgs/include/jw_interface_msgs/jw_interface_msgs/msg/status.hpp
-- Up-to-date symlink: /root/workspace/vehicle_control_ws/install/jw_interface_msgs/include/jw_interface_msgs/jw_interface_msgs/msg/status_stamped.hpp
-- Up-to-date symlink: /root/workspace/vehicle_control_ws/install/jw_interface_msgs/include/jw_interface_msgs/jw_interface_msgs/msg/time_stamp_status.hpp
-- Up-to-date symlink: /root/workspace/vehicle_control_ws/install/jw_interface_msgs/include/jw_interface_msgs/jw_interface_msgs/msg/detail/battery_status__rosidl_typesupport_fastrtps_cpp.hpp
-- Up-to-date symlink: /root/workspace/vehicle_control_ws/install/jw_interface_msgs/include/jw_interface_msgs/jw_interface_msgs/msg/detail/command__rosidl_typesupport_fastrtps_cpp.hpp
-- Up-to-date symlink: /root/workspace/vehicle_control_ws/install/jw_interface_msgs/include/jw_interface_msgs/jw_interface_msgs/msg/detail/command_stamped__rosidl_typesupport_fastrtps_cpp.hpp
-- Up-to-date symlink: /root/workspace/vehicle_control_ws/install/jw_interface_msgs/include/jw_interface_msgs/jw_interface_msgs/msg/detail/jsad_command__rosidl_typesupport_fastrtps_cpp.hpp
-- Up-to-date symlink: /root/workspace/vehicle_control_ws/install/jw_interface_msgs/include/jw_interface_msgs/jw_interface_msgs/msg/detail/jsad_status__rosidl_typesupport_fastrtps_cpp.hpp
-- Up-to-date symlink: /root/workspace/vehicle_control_ws/install/jw_interface_msgs/include/jw_interface_msgs/jw_interface_msgs/msg/detail/mode_command__rosidl_typesupport_fastrtps_cpp.hpp
-- Up-to-date symlink: /root/workspace/vehicle_control_ws/install/jw_interface_msgs/include/jw_interface_msgs/jw_interface_msgs/msg/detail/motor_rpm_command__rosidl_typesupport_fastrtps_cpp.hpp
-- Up-to-date symlink: /root/workspace/vehicle_control_ws/install/jw_interface_msgs/include/jw_interface_msgs/jw_interface_msgs/msg/detail/motor_rpm_status__rosidl_typesupport_fastrtps_cpp.hpp
-- Up-to-date symlink: /root/workspace/vehicle_control_ws/install/jw_interface_msgs/include/jw_interface_msgs/jw_interface_msgs/msg/detail/speed_setting_status__rosidl_typesupport_fastrtps_cpp.hpp
-- Up-to-date symlink: /root/workspace/vehicle_control_ws/install/jw_interface_msgs/include/jw_interface_msgs/jw_interface_msgs/msg/detail/status__rosidl_typesupport_fastrtps_cpp.hpp
-- Up-to-date symlink: /root/workspace/vehicle_control_ws/install/jw_interface_msgs/include/jw_interface_msgs/jw_interface_msgs/msg/detail/status_stamped__rosidl_typesupport_fastrtps_cpp.hpp
-- Up-to-date symlink: /root/workspace/vehicle_control_ws/install/jw_interface_msgs/include/jw_interface_msgs/jw_interface_msgs/msg/detail/time_stamp_status__rosidl_typesupport_fastrtps_cpp.hpp
-- Up-to-date symlink: /root/workspace/vehicle_control_ws/install/jw_interface_msgs/include/jw_interface_msgs/jw_interface_msgs/msg/rosidl_typesupport_fastrtps_cpp__visibility_control.h
-- Up-to-date symlink: /root/workspace/vehicle_control_ws/install/jw_interface_msgs/include/jw_interface_msgs/jw_interface_msgs/msg/detail/battery_status__rosidl_typesupport_introspection_cpp.hpp
-- Up-to-date symlink: /root/workspace/vehicle_control_ws/install/jw_interface_msgs/include/jw_interface_msgs/jw_interface_msgs/msg/detail/command__rosidl_typesupport_introspection_cpp.hpp
-- Up-to-date symlink: /root/workspace/vehicle_control_ws/install/jw_interface_msgs/include/jw_interface_msgs/jw_interface_msgs/msg/detail/command_stamped__rosidl_typesupport_introspection_cpp.hpp
-- Up-to-date symlink: /root/workspace/vehicle_control_ws/install/jw_interface_msgs/include/jw_interface_msgs/jw_interface_msgs/msg/detail/jsad_command__rosidl_typesupport_introspection_cpp.hpp
-- Up-to-date symlink: /root/workspace/vehicle_control_ws/install/jw_interface_msgs/include/jw_interface_msgs/jw_interface_msgs/msg/detail/jsad_status__rosidl_typesupport_introspection_cpp.hpp
-- Up-to-date symlink: /root/workspace/vehicle_control_ws/install/jw_interface_msgs/include/jw_interface_msgs/jw_interface_msgs/msg/detail/mode_command__rosidl_typesupport_introspection_cpp.hpp
-- Up-to-date symlink: /root/workspace/vehicle_control_ws/install/jw_interface_msgs/include/jw_interface_msgs/jw_interface_msgs/msg/detail/motor_rpm_command__rosidl_typesupport_introspection_cpp.hpp
-- Up-to-date symlink: /root/workspace/vehicle_control_ws/install/jw_interface_msgs/include/jw_interface_msgs/jw_interface_msgs/msg/detail/motor_rpm_status__rosidl_typesupport_introspection_cpp.hpp
-- Up-to-date symlink: /root/workspace/vehicle_control_ws/install/jw_interface_msgs/include/jw_interface_msgs/jw_interface_msgs/msg/detail/speed_setting_status__rosidl_typesupport_introspection_cpp.hpp
-- Up-to-date symlink: /root/workspace/vehicle_control_ws/install/jw_interface_msgs/include/jw_interface_msgs/jw_interface_msgs/msg/detail/status__rosidl_typesupport_introspection_cpp.hpp
-- Up-to-date symlink: /root/workspace/vehicle_control_ws/install/jw_interface_msgs/include/jw_interface_msgs/jw_interface_msgs/msg/detail/status_stamped__rosidl_typesupport_introspection_cpp.hpp
-- Up-to-date symlink: /root/workspace/vehicle_control_ws/install/jw_interface_msgs/include/jw_interface_msgs/jw_interface_msgs/msg/detail/time_stamp_status__rosidl_typesupport_introspection_cpp.hpp
-- Up-to-date symlink: /root/workspace/vehicle_control_ws/install/jw_interface_msgs/share/jw_interface_msgs/environment/pythonpath.sh
-- Up-to-date symlink: /root/workspace/vehicle_control_ws/install/jw_interface_msgs/share/jw_interface_msgs/environment/pythonpath.dsv
-- Up-to-date symlink: /root/workspace/vehicle_control_ws/install/jw_interface_msgs/local/lib/python3.10/dist-packages/jw_interface_msgs-0.0.0-py3.10.egg-info/PKG-INFO
-- Up-to-date symlink: /root/workspace/vehicle_control_ws/install/jw_interface_msgs/local/lib/python3.10/dist-packages/jw_interface_msgs-0.0.0-py3.10.egg-info/SOURCES.txt
-- Up-to-date symlink: /root/workspace/vehicle_control_ws/install/jw_interface_msgs/local/lib/python3.10/dist-packages/jw_interface_msgs-0.0.0-py3.10.egg-info/dependency_links.txt
-- Up-to-date symlink: /root/workspace/vehicle_control_ws/install/jw_interface_msgs/local/lib/python3.10/dist-packages/jw_interface_msgs-0.0.0-py3.10.egg-info/top_level.txt
-- Up-to-date symlink: /root/workspace/vehicle_control_ws/install/jw_interface_msgs/local/lib/python3.10/dist-packages/jw_interface_msgs/__init__.py
-- Up-to-date symlink: /root/workspace/vehicle_control_ws/install/jw_interface_msgs/local/lib/python3.10/dist-packages/jw_interface_msgs/_jw_interface_msgs_s.ep.rosidl_typesupport_c.c
-- Up-to-date symlink: /root/workspace/vehicle_control_ws/install/jw_interface_msgs/local/lib/python3.10/dist-packages/jw_interface_msgs/_jw_interface_msgs_s.ep.rosidl_typesupport_fastrtps_c.c
-- Up-to-date symlink: /root/workspace/vehicle_control_ws/install/jw_interface_msgs/local/lib/python3.10/dist-packages/jw_interface_msgs/_jw_interface_msgs_s.ep.rosidl_typesupport_introspection_c.c
-- Up-to-date symlink: /root/workspace/vehicle_control_ws/install/jw_interface_msgs/local/lib/python3.10/dist-packages/jw_interface_msgs/jw_interface_msgs_s__rosidl_typesupport_c.cpython-310-aarch64-linux-gnu.so
-- Up-to-date symlink: /root/workspace/vehicle_control_ws/install/jw_interface_msgs/local/lib/python3.10/dist-packages/jw_interface_msgs/jw_interface_msgs_s__rosidl_typesupport_fastrtps_c.cpython-310-aarch64-linux-gnu.so
-- Up-to-date symlink: /root/workspace/vehicle_control_ws/install/jw_interface_msgs/local/lib/python3.10/dist-packages/jw_interface_msgs/jw_interface_msgs_s__rosidl_typesupport_introspection_c.cpython-310-aarch64-linux-gnu.so
-- Up-to-date symlink: /root/workspace/vehicle_control_ws/install/jw_interface_msgs/local/lib/python3.10/dist-packages/jw_interface_msgs/libjw_interface_msgs__rosidl_generator_py.so
-- Up-to-date symlink: /root/workspace/vehicle_control_ws/install/jw_interface_msgs/local/lib/python3.10/dist-packages/jw_interface_msgs/msg/__init__.py
-- Up-to-date symlink: /root/workspace/vehicle_control_ws/install/jw_interface_msgs/local/lib/python3.10/dist-packages/jw_interface_msgs/msg/_battery_status.py
-- Up-to-date symlink: /root/workspace/vehicle_control_ws/install/jw_interface_msgs/local/lib/python3.10/dist-packages/jw_interface_msgs/msg/_battery_status_s.c
-- Up-to-date symlink: /root/workspace/vehicle_control_ws/install/jw_interface_msgs/local/lib/python3.10/dist-packages/jw_interface_msgs/msg/_command.py
-- Up-to-date symlink: /root/workspace/vehicle_control_ws/install/jw_interface_msgs/local/lib/python3.10/dist-packages/jw_interface_msgs/msg/_command_s.c
-- Up-to-date symlink: /root/workspace/vehicle_control_ws/install/jw_interface_msgs/local/lib/python3.10/dist-packages/jw_interface_msgs/msg/_command_stamped.py
-- Up-to-date symlink: /root/workspace/vehicle_control_ws/install/jw_interface_msgs/local/lib/python3.10/dist-packages/jw_interface_msgs/msg/_command_stamped_s.c
-- Up-to-date symlink: /root/workspace/vehicle_control_ws/install/jw_interface_msgs/local/lib/python3.10/dist-packages/jw_interface_msgs/msg/_jsad_command.py
-- Up-to-date symlink: /root/workspace/vehicle_control_ws/install/jw_interface_msgs/local/lib/python3.10/dist-packages/jw_interface_msgs/msg/_jsad_command_s.c
-- Up-to-date symlink: /root/workspace/vehicle_control_ws/install/jw_interface_msgs/local/lib/python3.10/dist-packages/jw_interface_msgs/msg/_jsad_status.py
-- Up-to-date symlink: /root/workspace/vehicle_control_ws/install/jw_interface_msgs/local/lib/python3.10/dist-packages/jw_interface_msgs/msg/_jsad_status_s.c
-- Up-to-date symlink: /root/workspace/vehicle_control_ws/install/jw_interface_msgs/local/lib/python3.10/dist-packages/jw_interface_msgs/msg/_mode_command.py
-- Up-to-date symlink: /root/workspace/vehicle_control_ws/install/jw_interface_msgs/local/lib/python3.10/dist-packages/jw_interface_msgs/msg/_mode_command_s.c
-- Up-to-date symlink: /root/workspace/vehicle_control_ws/install/jw_interface_msgs/local/lib/python3.10/dist-packages/jw_interface_msgs/msg/_motor_rpm_command.py
-- Up-to-date symlink: /root/workspace/vehicle_control_ws/install/jw_interface_msgs/local/lib/python3.10/dist-packages/jw_interface_msgs/msg/_motor_rpm_command_s.c
-- Up-to-date symlink: /root/workspace/vehicle_control_ws/install/jw_interface_msgs/local/lib/python3.10/dist-packages/jw_interface_msgs/msg/_motor_rpm_status.py
-- Up-to-date symlink: /root/workspace/vehicle_control_ws/install/jw_interface_msgs/local/lib/python3.10/dist-packages/jw_interface_msgs/msg/_motor_rpm_status_s.c
-- Up-to-date symlink: /root/workspace/vehicle_control_ws/install/jw_interface_msgs/local/lib/python3.10/dist-packages/jw_interface_msgs/msg/_speed_setting_status.py
-- Up-to-date symlink: /root/workspace/vehicle_control_ws/install/jw_interface_msgs/local/lib/python3.10/dist-packages/jw_interface_msgs/msg/_speed_setting_status_s.c
-- Up-to-date symlink: /root/workspace/vehicle_control_ws/install/jw_interface_msgs/local/lib/python3.10/dist-packages/jw_interface_msgs/msg/_status.py
-- Up-to-date symlink: /root/workspace/vehicle_control_ws/install/jw_interface_msgs/local/lib/python3.10/dist-packages/jw_interface_msgs/msg/_status_s.c
-- Up-to-date symlink: /root/workspace/vehicle_control_ws/install/jw_interface_msgs/local/lib/python3.10/dist-packages/jw_interface_msgs/msg/_status_stamped.py
-- Up-to-date symlink: /root/workspace/vehicle_control_ws/install/jw_interface_msgs/local/lib/python3.10/dist-packages/jw_interface_msgs/msg/_status_stamped_s.c
-- Up-to-date symlink: /root/workspace/vehicle_control_ws/install/jw_interface_msgs/local/lib/python3.10/dist-packages/jw_interface_msgs/msg/_time_stamp_status.py
-- Up-to-date symlink: /root/workspace/vehicle_control_ws/install/jw_interface_msgs/local/lib/python3.10/dist-packages/jw_interface_msgs/msg/_time_stamp_status_s.c
-- Up-to-date symlink: /root/workspace/vehicle_control_ws/install/jw_interface_msgs/local/lib/python3.10/dist-packages/jw_interface_msgs/jw_interface_msgs_s__rosidl_typesupport_fastrtps_c.cpython-310-aarch64-linux-gnu.so
-- Up-to-date symlink: /root/workspace/vehicle_control_ws/install/jw_interface_msgs/local/lib/python3.10/dist-packages/jw_interface_msgs/jw_interface_msgs_s__rosidl_typesupport_introspection_c.cpython-310-aarch64-linux-gnu.so
-- Up-to-date symlink: /root/workspace/vehicle_control_ws/install/jw_interface_msgs/local/lib/python3.10/dist-packages/jw_interface_msgs/jw_interface_msgs_s__rosidl_typesupport_c.cpython-310-aarch64-linux-gnu.so
-- Up-to-date symlink: /root/workspace/vehicle_control_ws/install/jw_interface_msgs/share/jw_interface_msgs/msg/ModeCommand.idl
-- Up-to-date symlink: /root/workspace/vehicle_control_ws/install/jw_interface_msgs/share/jw_interface_msgs/msg/MotorRPMCommand.idl
-- Up-to-date symlink: /root/workspace/vehicle_control_ws/install/jw_interface_msgs/share/jw_interface_msgs/msg/Command.idl
-- Up-to-date symlink: /root/workspace/vehicle_control_ws/install/jw_interface_msgs/share/jw_interface_msgs/msg/CommandStamped.idl
-- Up-to-date symlink: /root/workspace/vehicle_control_ws/install/jw_interface_msgs/share/jw_interface_msgs/msg/TimeStampStatus.idl
-- Up-to-date symlink: /root/workspace/vehicle_control_ws/install/jw_interface_msgs/share/jw_interface_msgs/msg/MotorRPMStatus.idl
-- Up-to-date symlink: /root/workspace/vehicle_control_ws/install/jw_interface_msgs/share/jw_interface_msgs/msg/BatteryStatus.idl
-- Up-to-date symlink: /root/workspace/vehicle_control_ws/install/jw_interface_msgs/share/jw_interface_msgs/msg/SpeedSettingStatus.idl
-- Up-to-date symlink: /root/workspace/vehicle_control_ws/install/jw_interface_msgs/share/jw_interface_msgs/msg/JSADCommand.idl
-- Up-to-date symlink: /root/workspace/vehicle_control_ws/install/jw_interface_msgs/share/jw_interface_msgs/msg/JSADStatus.idl
-- Up-to-date symlink: /root/workspace/vehicle_control_ws/install/jw_interface_msgs/share/jw_interface_msgs/msg/Status.idl
-- Up-to-date symlink: /root/workspace/vehicle_control_ws/install/jw_interface_msgs/share/jw_interface_msgs/msg/StatusStamped.idl
-- Up-to-date symlink: /root/workspace/vehicle_control_ws/install/jw_interface_msgs/share/jw_interface_msgs/msg/ModeCommand.msg
-- Up-to-date symlink: /root/workspace/vehicle_control_ws/install/jw_interface_msgs/share/jw_interface_msgs/msg/MotorRPMCommand.msg
-- Up-to-date symlink: /root/workspace/vehicle_control_ws/install/jw_interface_msgs/share/jw_interface_msgs/msg/Command.msg
-- Up-to-date symlink: /root/workspace/vehicle_control_ws/install/jw_interface_msgs/share/jw_interface_msgs/msg/CommandStamped.msg
-- Up-to-date symlink: /root/workspace/vehicle_control_ws/install/jw_interface_msgs/share/jw_interface_msgs/msg/TimeStampStatus.msg
-- Up-to-date symlink: /root/workspace/vehicle_control_ws/install/jw_interface_msgs/share/jw_interface_msgs/msg/MotorRPMStatus.msg
-- Up-to-date symlink: /root/workspace/vehicle_control_ws/install/jw_interface_msgs/share/jw_interface_msgs/msg/BatteryStatus.msg
-- Up-to-date symlink: /root/workspace/vehicle_control_ws/install/jw_interface_msgs/share/jw_interface_msgs/msg/SpeedSettingStatus.msg
-- Up-to-date symlink: /root/workspace/vehicle_control_ws/install/jw_interface_msgs/share/jw_interface_msgs/msg/JSADCommand.msg
-- Up-to-date symlink: /root/workspace/vehicle_control_ws/install/jw_interface_msgs/share/jw_interface_msgs/msg/JSADStatus.msg
-- Up-to-date symlink: /root/workspace/vehicle_control_ws/install/jw_interface_msgs/share/jw_interface_msgs/msg/Status.msg
-- Up-to-date symlink: /root/workspace/vehicle_control_ws/install/jw_interface_msgs/share/jw_interface_msgs/msg/StatusStamped.msg
-- Up-to-date symlink: /root/workspace/vehicle_control_ws/install/jw_interface_msgs/share/ament_index/resource_index/package_run_dependencies/jw_interface_msgs
-- Up-to-date symlink: /root/workspace/vehicle_control_ws/install/jw_interface_msgs/share/ament_index/resource_index/parent_prefix_path/jw_interface_msgs
-- Up-to-date symlink: /root/workspace/vehicle_control_ws/install/jw_interface_msgs/share/jw_interface_msgs/environment/ament_prefix_path.sh
-- Up-to-date symlink: /root/workspace/vehicle_control_ws/install/jw_interface_msgs/share/jw_interface_msgs/environment/ament_prefix_path.dsv
-- Up-to-date symlink: /root/workspace/vehicle_control_ws/install/jw_interface_msgs/share/jw_interface_msgs/environment/path.sh
-- Up-to-date symlink: /root/workspace/vehicle_control_ws/install/jw_interface_msgs/share/jw_interface_msgs/environment/path.dsv
-- Up-to-date symlink: /root/workspace/vehicle_control_ws/install/jw_interface_msgs/share/jw_interface_msgs/local_setup.bash
-- Up-to-date symlink: /root/workspace/vehicle_control_ws/install/jw_interface_msgs/share/jw_interface_msgs/local_setup.sh
-- Up-to-date symlink: /root/workspace/vehicle_control_ws/install/jw_interface_msgs/share/jw_interface_msgs/local_setup.zsh
-- Up-to-date symlink: /root/workspace/vehicle_control_ws/install/jw_interface_msgs/share/jw_interface_msgs/local_setup.dsv
-- Symlinking: /root/workspace/vehicle_control_ws/install/jw_interface_msgs/share/jw_interface_msgs/package.dsv
-- Up-to-date symlink: /root/workspace/vehicle_control_ws/install/jw_interface_msgs/share/ament_index/resource_index/packages/jw_interface_msgs
-- Up-to-date symlink: /root/workspace/vehicle_control_ws/install/jw_interface_msgs/share/jw_interface_msgs/cmake/rosidl_cmake-extras.cmake
-- Up-to-date symlink: /root/workspace/vehicle_control_ws/install/jw_interface_msgs/share/jw_interface_msgs/cmake/ament_cmake_export_dependencies-extras.cmake
-- Up-to-date symlink: /root/workspace/vehicle_control_ws/install/jw_interface_msgs/share/jw_interface_msgs/cmake/ament_cmake_export_include_directories-extras.cmake
-- Up-to-date symlink: /root/workspace/vehicle_control_ws/install/jw_interface_msgs/share/jw_interface_msgs/cmake/ament_cmake_export_libraries-extras.cmake
-- Up-to-date symlink: /root/workspace/vehicle_control_ws/install/jw_interface_msgs/share/jw_interface_msgs/cmake/ament_cmake_export_targets-extras.cmake
-- Up-to-date symlink: /root/workspace/vehicle_control_ws/install/jw_interface_msgs/share/jw_interface_msgs/cmake/rosidl_cmake_export_typesupport_targets-extras.cmake
-- Up-to-date symlink: /root/workspace/vehicle_control_ws/install/jw_interface_msgs/share/jw_interface_msgs/cmake/rosidl_cmake_export_typesupport_libraries-extras.cmake
-- Up-to-date symlink: /root/workspace/vehicle_control_ws/install/jw_interface_msgs/share/jw_interface_msgs/cmake/jw_interface_msgsConfig.cmake
-- Up-to-date symlink: /root/workspace/vehicle_control_ws/install/jw_interface_msgs/share/jw_interface_msgs/cmake/jw_interface_msgsConfig-version.cmake
-- Up-to-date symlink: /root/workspace/vehicle_control_ws/install/jw_interface_msgs/share/jw_interface_msgs/package.xml
-- Up-to-date: /root/workspace/vehicle_control_ws/install/jw_interface_msgs/lib/libjw_interface_msgs__rosidl_generator_c.so
-- Up-to-date: /root/workspace/vehicle_control_ws/install/jw_interface_msgs/lib/libjw_interface_msgs__rosidl_typesupport_fastrtps_c.so
-- Up-to-date: /root/workspace/vehicle_control_ws/install/jw_interface_msgs/lib/libjw_interface_msgs__rosidl_typesupport_introspection_c.so
-- Up-to-date: /root/workspace/vehicle_control_ws/install/jw_interface_msgs/lib/libjw_interface_msgs__rosidl_typesupport_c.so
-- Up-to-date: /root/workspace/vehicle_control_ws/install/jw_interface_msgs/lib/libjw_interface_msgs__rosidl_typesupport_fastrtps_cpp.so
-- Up-to-date: /root/workspace/vehicle_control_ws/install/jw_interface_msgs/lib/libjw_interface_msgs__rosidl_typesupport_introspection_cpp.so
-- Up-to-date: /root/workspace/vehicle_control_ws/install/jw_interface_msgs/lib/libjw_interface_msgs__rosidl_typesupport_cpp.so
Listing '/root/workspace/vehicle_control_ws/install/jw_interface_msgs/local/lib/python3.10/dist-packages/jw_interface_msgs'...
Listing '/root/workspace/vehicle_control_ws/install/jw_interface_msgs/local/lib/python3.10/dist-packages/jw_interface_msgs/msg'...
-- Up-to-date: /root/workspace/vehicle_control_ws/install/jw_interface_msgs/lib/libjw_interface_msgs__rosidl_generator_py.so
-- Up-to-date: /root/workspace/vehicle_control_ws/install/jw_interface_msgs/share/jw_interface_msgs/cmake/export_jw_interface_msgs__rosidl_generator_cExport.cmake
-- Up-to-date: /root/workspace/vehicle_control_ws/install/jw_interface_msgs/share/jw_interface_msgs/cmake/export_jw_interface_msgs__rosidl_generator_cExport-noconfig.cmake
-- Up-to-date: /root/workspace/vehicle_control_ws/install/jw_interface_msgs/share/jw_interface_msgs/cmake/export_jw_interface_msgs__rosidl_typesupport_fastrtps_cExport.cmake
-- Up-to-date: /root/workspace/vehicle_control_ws/install/jw_interface_msgs/share/jw_interface_msgs/cmake/export_jw_interface_msgs__rosidl_typesupport_fastrtps_cExport-noconfig.cmake
-- Up-to-date: /root/workspace/vehicle_control_ws/install/jw_interface_msgs/share/jw_interface_msgs/cmake/jw_interface_msgs__rosidl_typesupport_introspection_cExport.cmake
-- Up-to-date: /root/workspace/vehicle_control_ws/install/jw_interface_msgs/share/jw_interface_msgs/cmake/jw_interface_msgs__rosidl_typesupport_introspection_cExport-noconfig.cmake
-- Up-to-date: /root/workspace/vehicle_control_ws/install/jw_interface_msgs/share/jw_interface_msgs/cmake/jw_interface_msgs__rosidl_typesupport_cExport.cmake
-- Up-to-date: /root/workspace/vehicle_control_ws/install/jw_interface_msgs/share/jw_interface_msgs/cmake/jw_interface_msgs__rosidl_typesupport_cExport-noconfig.cmake
-- Up-to-date: /root/workspace/vehicle_control_ws/install/jw_interface_msgs/share/jw_interface_msgs/cmake/export_jw_interface_msgs__rosidl_generator_cppExport.cmake
-- Up-to-date: /root/workspace/vehicle_control_ws/install/jw_interface_msgs/share/jw_interface_msgs/cmake/export_jw_interface_msgs__rosidl_typesupport_fastrtps_cppExport.cmake
-- Up-to-date: /root/workspace/vehicle_control_ws/install/jw_interface_msgs/share/jw_interface_msgs/cmake/export_jw_interface_msgs__rosidl_typesupport_fastrtps_cppExport-noconfig.cmake
-- Up-to-date: /root/workspace/vehicle_control_ws/install/jw_interface_msgs/share/jw_interface_msgs/cmake/jw_interface_msgs__rosidl_typesupport_introspection_cppExport.cmake
-- Up-to-date: /root/workspace/vehicle_control_ws/install/jw_interface_msgs/share/jw_interface_msgs/cmake/jw_interface_msgs__rosidl_typesupport_introspection_cppExport-noconfig.cmake
-- Up-to-date: /root/workspace/vehicle_control_ws/install/jw_interface_msgs/share/jw_interface_msgs/cmake/jw_interface_msgs__rosidl_typesupport_cppExport.cmake
-- Up-to-date: /root/workspace/vehicle_control_ws/install/jw_interface_msgs/share/jw_interface_msgs/cmake/jw_interface_msgs__rosidl_typesupport_cppExport-noconfig.cmake
-- Up-to-date: /root/workspace/vehicle_control_ws/install/jw_interface_msgs/share/jw_interface_msgs/cmake/export_jw_interface_msgs__rosidl_generator_pyExport.cmake
-- Up-to-date: /root/workspace/vehicle_control_ws/install/jw_interface_msgs/share/jw_interface_msgs/cmake/export_jw_interface_msgs__rosidl_generator_pyExport-noconfig.cmake
